
Processing examples: 0it [00:00, ?it/s]

Processed prompts:   0%|          | 0/2 [00:00<?, ?it/s][A

Processed prompts:  50%|█████     | 1/2 [00:02<00:02,  2.98s/it][A
Processed prompts: 100%|██████████| 2/2 [00:02<00:00,  1.49s/it]

Processing examples: 1it [00:02,  2.98s/it]

Processed prompts:   0%|          | 0/2 [00:00<?, ?it/s][A

Processed prompts:  50%|█████     | 1/2 [00:02<00:02,  2.96s/it][A
Processed prompts: 100%|██████████| 2/2 [00:02<00:00,  1.48s/it]

Processing examples: 2it [00:05,  2.97s/it]

Processed prompts:   0%|          | 0/2 [00:00<?, ?it/s][A

Processed prompts:  50%|█████     | 1/2 [00:02<00:02,  2.97s/it][A
Processed prompts: 100%|██████████| 2/2 [00:02<00:00,  1.48s/it]

Processing examples: 3it [00:08,  2.97s/it]

Processed prompts:   0%|          | 0/2 [00:00<?, ?it/s][A

Processed prompts:  50%|█████     | 1/2 [00:02<00:02,  2.96s/it][A
Processed prompts: 100%|██████████| 2/2 [00:02<00:00,  1.48s/it]

Processing examples: 4it [00:11,  2.97s/it]

Processed prompts:   0%|          | 0/2 [00:00<?, ?it/s][A

Processed prompts:  50%|█████     | 1/2 [00:02<00:02,  2.96s/it][A
Processed prompts: 100%|██████████| 2/2 [00:02<00:00,  1.48s/it]

Processing examples: 5it [00:14,  2.96s/it]

Processed prompts:   0%|          | 0/2 [00:00<?, ?it/s][A

Processed prompts:  50%|█████     | 1/2 [00:02<00:02,  2.96s/it][A
Processed prompts: 100%|██████████| 2/2 [00:02<00:00,  1.48s/it]

Processing examples: 6it [00:17,  2.96s/it]

Processed prompts:   0%|          | 0/2 [00:00<?, ?it/s][A

Processed prompts:  50%|█████     | 1/2 [00:02<00:02,  2.95s/it][A
Processed prompts: 100%|██████████| 2/2 [00:02<00:00,  1.48s/it]

Processing examples: 7it [00:20,  2.96s/it]

Processed prompts:   0%|          | 0/2 [00:00<?, ?it/s][A

Processed prompts:  50%|█████     | 1/2 [00:02<00:02,  2.95s/it][A
Processed prompts: 100%|██████████| 2/2 [00:02<00:00,  1.48s/it]

Processing examples: 8it [00:23,  2.96s/it]

Processed prompts:   0%|          | 0/2 [00:00<?, ?it/s][A

Processed prompts:  50%|█████     | 1/2 [00:02<00:02,  2.96s/it][A
Processed prompts: 100%|██████████| 2/2 [00:02<00:00,  1.48s/it]

Processing examples: 9it [00:26,  2.96s/it]

Processed prompts:   0%|          | 0/2 [00:00<?, ?it/s][A

Processed prompts:  50%|█████     | 1/2 [00:02<00:02,  2.95s/it][A
Processed prompts: 100%|██████████| 2/2 [00:02<00:00,  1.48s/it]

Processing examples: 10it [00:29,  2.96s/it]

Processed prompts:   0%|          | 0/2 [00:00<?, ?it/s][A

Processed prompts:  50%|█████     | 1/2 [00:02<00:02,  2.95s/it][A
Processed prompts: 100%|██████████| 2/2 [00:02<00:00,  1.48s/it]

Processing examples: 11it [00:32,  2.96s/it]

Processed prompts:   0%|          | 0/2 [00:00<?, ?it/s][A

Processed prompts:  50%|█████     | 1/2 [00:02<00:02,  2.96s/it][A
Processed prompts: 100%|██████████| 2/2 [00:02<00:00,  1.48s/it]

Processing examples: 12it [00:35,  2.96s/it]

Processed prompts:   0%|          | 0/2 [00:00<?, ?it/s][A

Processed prompts:  50%|█████     | 1/2 [00:02<00:02,  2.95s/it][A
Processed prompts: 100%|██████████| 2/2 [00:02<00:00,  1.48s/it]

Processing examples: 13it [00:38,  2.96s/it]

Processed prompts:   0%|          | 0/2 [00:00<?, ?it/s][A

Processed prompts:  50%|█████     | 1/2 [00:02<00:02,  2.95s/it][A
Processed prompts: 100%|██████████| 2/2 [00:02<00:00,  1.48s/it]

Processing examples: 14it [00:41,  2.96s/it]

Processed prompts:   0%|          | 0/2 [00:00<?, ?it/s][A

Processed prompts:  50%|█████     | 1/2 [00:02<00:02,  2.96s/it][A
Processed prompts: 100%|██████████| 2/2 [00:02<00:00,  1.48s/it]

Processing examples: 15it [00:44,  2.96s/it]

Processed prompts:   0%|          | 0/2 [00:00<?, ?it/s][A

Processed prompts:  50%|█████     | 1/2 [00:02<00:02,  2.96s/it][A
Processed prompts: 100%|██████████| 2/2 [00:02<00:00,  1.48s/it]

Processing examples: 16it [00:47,  2.96s/it]

Processed prompts:   0%|          | 0/2 [00:00<?, ?it/s][A

Processed prompts:  50%|█████     | 1/2 [00:02<00:02,  2.97s/it][A
Processed prompts: 100%|██████████| 2/2 [00:02<00:00,  1.48s/it]

Processing examples: 17it [00:50,  2.96s/it]

Processed prompts:   0%|          | 0/2 [00:00<?, ?it/s][A

Processed prompts:  50%|█████     | 1/2 [00:02<00:02,  2.96s/it][A
Processed prompts: 100%|██████████| 2/2 [00:02<00:00,  1.48s/it]

Processing examples: 18it [00:53,  2.96s/it]

Processed prompts:   0%|          | 0/2 [00:00<?, ?it/s][A

Processed prompts:  50%|█████     | 1/2 [00:02<00:02,  2.96s/it][A
Processed prompts: 100%|██████████| 2/2 [00:02<00:00,  1.48s/it]

Processing examples: 19it [00:56,  2.96s/it]

Processed prompts:   0%|          | 0/2 [00:00<?, ?it/s][A

Processed prompts:  50%|█████     | 1/2 [00:02<00:02,  2.96s/it][A
Processed prompts: 100%|██████████| 2/2 [00:02<00:00,  1.48s/it]

Processing examples: 20it [00:59,  2.96s/it]

Processed prompts:   0%|          | 0/2 [00:00<?, ?it/s][A

Processed prompts:  50%|█████     | 1/2 [00:02<00:02,  2.96s/it][A
Processed prompts: 100%|██████████| 2/2 [00:02<00:00,  1.48s/it]

Processing examples: 21it [01:02,  2.96s/it]

Processed prompts:   0%|          | 0/2 [00:00<?, ?it/s][A

Processed prompts:  50%|█████     | 1/2 [00:02<00:02,  2.98s/it][A
Processed prompts: 100%|██████████| 2/2 [00:02<00:00,  1.49s/it]

Processing examples: 22it [01:05,  2.97s/it]

Processed prompts:   0%|          | 0/2 [00:00<?, ?it/s][A

Processed prompts:  50%|█████     | 1/2 [00:02<00:02,  2.95s/it][A
Processed prompts: 100%|██████████| 2/2 [00:02<00:00,  1.48s/it]

Processing examples: 23it [01:08,  2.97s/it]

Processed prompts:   0%|          | 0/2 [00:00<?, ?it/s][A

Processed prompts:  50%|█████     | 1/2 [00:02<00:02,  2.95s/it][A
Processed prompts: 100%|██████████| 2/2 [00:02<00:00,  1.48s/it]

Processing examples: 24it [01:11,  2.96s/it]

Processed prompts:   0%|          | 0/2 [00:00<?, ?it/s][A

Processed prompts:  50%|█████     | 1/2 [00:02<00:02,  2.96s/it][A
Processed prompts: 100%|██████████| 2/2 [00:02<00:00,  1.48s/it]

Processing examples: 25it [01:14,  2.96s/it]

Processed prompts:   0%|          | 0/2 [00:00<?, ?it/s][A

Processed prompts:  50%|█████     | 1/2 [00:02<00:02,  2.96s/it][A
Processed prompts: 100%|██████████| 2/2 [00:02<00:00,  1.48s/it]

Processing examples: 26it [01:17,  2.96s/it]

Processed prompts:   0%|          | 0/2 [00:00<?, ?it/s][A

Processed prompts:  50%|█████     | 1/2 [00:02<00:02,  2.96s/it][A
Processed prompts: 100%|██████████| 2/2 [00:02<00:00,  1.48s/it]

Processing examples: 27it [01:19,  2.96s/it]

Processed prompts:   0%|          | 0/2 [00:00<?, ?it/s][A

Processed prompts:  50%|█████     | 1/2 [00:02<00:02,  2.96s/it][A
Processed prompts: 100%|██████████| 2/2 [00:02<00:00,  1.48s/it]

Processing examples: 28it [01:22,  2.96s/it]

Processed prompts:   0%|          | 0/2 [00:00<?, ?it/s][A

Processed prompts:  50%|█████     | 1/2 [00:02<00:02,  2.96s/it][A
Processed prompts: 100%|██████████| 2/2 [00:02<00:00,  1.48s/it]

Processing examples: 29it [01:25,  2.96s/it]

Processed prompts:   0%|          | 0/2 [00:00<?, ?it/s][A

Processed prompts:  50%|█████     | 1/2 [00:02<00:02,  2.95s/it][A
Processed prompts: 100%|██████████| 2/2 [00:02<00:00,  1.48s/it]

Processing examples: 30it [01:28,  2.96s/it]

Processed prompts:   0%|          | 0/2 [00:00<?, ?it/s][A

Processed prompts:  50%|█████     | 1/2 [00:02<00:02,  2.96s/it][A
Processed prompts: 100%|██████████| 2/2 [00:02<00:00,  1.48s/it]

Processing examples: 31it [01:31,  2.96s/it]

Processed prompts:   0%|          | 0/2 [00:00<?, ?it/s][A

Processed prompts:  50%|█████     | 1/2 [00:02<00:02,  2.96s/it][A
Processed prompts: 100%|██████████| 2/2 [00:02<00:00,  1.48s/it]

Processing examples: 32it [01:34,  2.96s/it]

Processed prompts:   0%|          | 0/2 [00:00<?, ?it/s][A

Processed prompts:  50%|█████     | 1/2 [00:02<00:02,  2.96s/it][A
Processed prompts: 100%|██████████| 2/2 [00:02<00:00,  1.48s/it]

Processing examples: 33it [01:37,  2.96s/it]

Processed prompts:   0%|          | 0/2 [00:00<?, ?it/s][A

Processed prompts:  50%|█████     | 1/2 [00:02<00:02,  2.96s/it][A
Processed prompts: 100%|██████████| 2/2 [00:02<00:00,  1.48s/it]

Processing examples: 34it [01:40,  2.96s/it]

Processed prompts:   0%|          | 0/2 [00:00<?, ?it/s][A

Processed prompts:  50%|█████     | 1/2 [00:02<00:02,  2.95s/it][A
Processed prompts: 100%|██████████| 2/2 [00:02<00:00,  1.48s/it]

Processing examples: 35it [01:43,  2.96s/it]

Processed prompts:   0%|          | 0/2 [00:00<?, ?it/s][A

Processed prompts:  50%|█████     | 1/2 [00:02<00:02,  2.96s/it][A
Processed prompts: 100%|██████████| 2/2 [00:02<00:00,  1.48s/it]

Processing examples: 36it [01:46,  2.96s/it]

Processed prompts:   0%|          | 0/2 [00:00<?, ?it/s][A

Processed prompts:  50%|█████     | 1/2 [00:02<00:02,  2.96s/it][A
Processed prompts: 100%|██████████| 2/2 [00:02<00:00,  1.48s/it]

Processing examples: 37it [01:49,  2.96s/it]

Processed prompts:   0%|          | 0/2 [00:00<?, ?it/s][A

Processed prompts:  50%|█████     | 1/2 [00:02<00:02,  2.95s/it][A
Processed prompts: 100%|██████████| 2/2 [00:02<00:00,  1.48s/it]

Processing examples: 38it [01:52,  2.96s/it]

Processed prompts:   0%|          | 0/2 [00:00<?, ?it/s][A

Processed prompts:  50%|█████     | 1/2 [00:02<00:02,  2.99s/it][A
Processed prompts: 100%|██████████| 2/2 [00:02<00:00,  1.50s/it]

Processing examples: 39it [01:55,  2.97s/it]

Processed prompts:   0%|          | 0/2 [00:00<?, ?it/s][A

Processed prompts:  50%|█████     | 1/2 [00:02<00:02,  2.96s/it][A
Processed prompts: 100%|██████████| 2/2 [00:02<00:00,  1.48s/it]

Processing examples: 40it [01:58,  2.97s/it]

Processed prompts:   0%|          | 0/2 [00:00<?, ?it/s][A

Processed prompts:  50%|█████     | 1/2 [00:02<00:02,  2.96s/it][A
Processed prompts: 100%|██████████| 2/2 [00:02<00:00,  1.48s/it]

Processing examples: 41it [02:01,  2.97s/it]

Processed prompts:   0%|          | 0/2 [00:00<?, ?it/s][A

Processed prompts:  50%|█████     | 1/2 [00:02<00:02,  2.96s/it][A
Processed prompts: 100%|██████████| 2/2 [00:02<00:00,  1.48s/it]

Processing examples: 42it [02:04,  2.96s/it]

Processed prompts:   0%|          | 0/2 [00:00<?, ?it/s][A

Processed prompts:  50%|█████     | 1/2 [00:02<00:02,  2.95s/it][A
Processed prompts: 100%|██████████| 2/2 [00:02<00:00,  1.48s/it]

Processing examples: 43it [02:07,  2.96s/it]

Processed prompts:   0%|          | 0/2 [00:00<?, ?it/s][A

Processed prompts:  50%|█████     | 1/2 [00:02<00:02,  2.95s/it][A
Processed prompts: 100%|██████████| 2/2 [00:02<00:00,  1.48s/it]

Processing examples: 44it [02:10,  2.96s/it]

Processed prompts:   0%|          | 0/2 [00:00<?, ?it/s][A

Processed prompts:  50%|█████     | 1/2 [00:02<00:02,  2.95s/it][A
Processed prompts: 100%|██████████| 2/2 [00:02<00:00,  1.48s/it]

Processing examples: 45it [02:13,  2.96s/it]

Processed prompts:   0%|          | 0/2 [00:00<?, ?it/s][A

Processed prompts:  50%|█████     | 1/2 [00:02<00:02,  2.96s/it][A
Processed prompts: 100%|██████████| 2/2 [00:02<00:00,  1.48s/it]

Processing examples: 46it [02:16,  2.96s/it]

Processed prompts:   0%|          | 0/2 [00:00<?, ?it/s][A

Processed prompts:  50%|█████     | 1/2 [00:02<00:02,  2.96s/it][A
Processed prompts: 100%|██████████| 2/2 [00:02<00:00,  1.48s/it]

Processing examples: 47it [02:19,  2.96s/it]

Processed prompts:   0%|          | 0/2 [00:00<?, ?it/s][A

Processed prompts:  50%|█████     | 1/2 [00:02<00:02,  2.96s/it][A
Processed prompts: 100%|██████████| 2/2 [00:02<00:00,  1.48s/it]

Processing examples: 48it [02:22,  2.96s/it]

Processed prompts:   0%|          | 0/2 [00:00<?, ?it/s][A

Processed prompts:  50%|█████     | 1/2 [00:02<00:02,  2.95s/it][A
Processed prompts: 100%|██████████| 2/2 [00:02<00:00,  1.48s/it]

Processing examples: 49it [02:25,  2.96s/it]

Processed prompts:   0%|          | 0/2 [00:00<?, ?it/s][A

Processed prompts:  50%|█████     | 1/2 [00:02<00:02,  2.95s/it][A
Processed prompts: 100%|██████████| 2/2 [00:02<00:00,  1.48s/it]

Processing examples: 50it [02:28,  2.96s/it]

Processed prompts:   0%|          | 0/2 [00:00<?, ?it/s][A

Processed prompts:  50%|█████     | 1/2 [00:02<00:02,  2.96s/it][A
Processed prompts: 100%|██████████| 2/2 [00:02<00:00,  1.48s/it]

Processing examples: 51it [02:31,  2.96s/it]

Processed prompts:   0%|          | 0/2 [00:00<?, ?it/s][A

Processed prompts:  50%|█████     | 1/2 [00:02<00:02,  2.96s/it][A
Processed prompts: 100%|██████████| 2/2 [00:02<00:00,  1.48s/it]

Processing examples: 52it [02:33,  2.96s/it]

Processed prompts:   0%|          | 0/2 [00:00<?, ?it/s][A

Processed prompts:  50%|█████     | 1/2 [00:02<00:02,  2.95s/it][A
Processed prompts: 100%|██████████| 2/2 [00:02<00:00,  1.48s/it]

Processing examples: 53it [02:36,  2.96s/it]

Processed prompts:   0%|          | 0/2 [00:00<?, ?it/s][A

Processed prompts:  50%|█████     | 1/2 [00:02<00:02,  2.96s/it][A
Processed prompts: 100%|██████████| 2/2 [00:02<00:00,  1.48s/it]

Processing examples: 54it [02:39,  2.96s/it]

Processed prompts:   0%|          | 0/2 [00:00<?, ?it/s][A

Processed prompts:  50%|█████     | 1/2 [00:02<00:02,  2.96s/it][A
Processed prompts: 100%|██████████| 2/2 [00:02<00:00,  1.48s/it]

Processing examples: 55it [02:42,  2.96s/it]

Processed prompts:   0%|          | 0/2 [00:00<?, ?it/s][A

Processed prompts:  50%|█████     | 1/2 [00:02<00:02,  2.96s/it][A
Processed prompts: 100%|██████████| 2/2 [00:02<00:00,  1.48s/it]

Processing examples: 56it [02:45,  2.96s/it]

Processed prompts:   0%|          | 0/2 [00:00<?, ?it/s][A

Processed prompts:  50%|█████     | 1/2 [00:02<00:02,  2.96s/it][A
Processed prompts: 100%|██████████| 2/2 [00:02<00:00,  1.48s/it]

Processing examples: 57it [02:48,  2.96s/it]

Processed prompts:   0%|          | 0/2 [00:00<?, ?it/s][A

Processed prompts:  50%|█████     | 1/2 [00:02<00:02,  2.96s/it][A
Processed prompts: 100%|██████████| 2/2 [00:02<00:00,  1.48s/it]

Processing examples: 58it [02:51,  2.96s/it]

Processed prompts:   0%|          | 0/2 [00:00<?, ?it/s][A

Processed prompts:  50%|█████     | 1/2 [00:02<00:02,  2.96s/it][A
Processed prompts: 100%|██████████| 2/2 [00:02<00:00,  1.48s/it]

Processing examples: 59it [02:54,  2.96s/it]

Processed prompts:   0%|          | 0/2 [00:00<?, ?it/s][A

Processed prompts:  50%|█████     | 1/2 [00:02<00:02,  2.96s/it][A
Processed prompts: 100%|██████████| 2/2 [00:02<00:00,  1.48s/it]

Processing examples: 60it [02:57,  2.96s/it]

Processed prompts:   0%|          | 0/2 [00:00<?, ?it/s][A

Processed prompts:  50%|█████     | 1/2 [00:02<00:02,  2.96s/it][A
Processed prompts: 100%|██████████| 2/2 [00:02<00:00,  1.48s/it]

Processing examples: 61it [03:00,  2.96s/it]

Processed prompts:   0%|          | 0/2 [00:00<?, ?it/s][A

Processed prompts:  50%|█████     | 1/2 [00:03<00:03,  3.03s/it][A
Processed prompts: 100%|██████████| 2/2 [00:03<00:00,  1.51s/it]

Processing examples: 62it [03:03,  2.98s/it]

Processed prompts:   0%|          | 0/2 [00:00<?, ?it/s][A

Processed prompts:  50%|█████     | 1/2 [00:02<00:02,  2.96s/it][A
Processed prompts: 100%|██████████| 2/2 [00:02<00:00,  1.48s/it]

Processing examples: 63it [03:06,  2.97s/it]

Processed prompts:   0%|          | 0/2 [00:00<?, ?it/s][A

Processed prompts:  50%|█████     | 1/2 [00:02<00:02,  2.96s/it][A
Processed prompts: 100%|██████████| 2/2 [00:02<00:00,  1.48s/it]

Processing examples: 64it [03:09,  2.97s/it]

Processed prompts:   0%|          | 0/2 [00:00<?, ?it/s][A

Processed prompts:  50%|█████     | 1/2 [00:02<00:02,  2.96s/it][A
Processed prompts: 100%|██████████| 2/2 [00:02<00:00,  1.48s/it]

Processing examples: 65it [03:12,  2.97s/it]

Processed prompts:   0%|          | 0/2 [00:00<?, ?it/s][A

Processed prompts:  50%|█████     | 1/2 [00:02<00:02,  2.96s/it][A
Processed prompts: 100%|██████████| 2/2 [00:02<00:00,  1.48s/it]

Processing examples: 66it [03:15,  2.96s/it]

Processed prompts:   0%|          | 0/2 [00:00<?, ?it/s][A

Processed prompts:  50%|█████     | 1/2 [00:02<00:02,  2.96s/it][A
Processed prompts: 100%|██████████| 2/2 [00:02<00:00,  1.48s/it]

Processing examples: 67it [03:18,  2.96s/it]

Processed prompts:   0%|          | 0/2 [00:00<?, ?it/s][A

Processed prompts:  50%|█████     | 1/2 [00:02<00:02,  2.96s/it][A
Processed prompts: 100%|██████████| 2/2 [00:02<00:00,  1.48s/it]

Processing examples: 68it [03:21,  2.96s/it]

Processed prompts:   0%|          | 0/2 [00:00<?, ?it/s][A

Processed prompts:  50%|█████     | 1/2 [00:02<00:02,  2.95s/it][A
Processed prompts: 100%|██████████| 2/2 [00:02<00:00,  1.48s/it]

Processing examples: 69it [03:24,  2.96s/it]

Processed prompts:   0%|          | 0/2 [00:00<?, ?it/s][A

Processed prompts:  50%|█████     | 1/2 [00:02<00:02,  2.95s/it][A
Processed prompts: 100%|██████████| 2/2 [00:02<00:00,  1.48s/it]

Processing examples: 70it [03:27,  2.96s/it]

Processed prompts:   0%|          | 0/2 [00:00<?, ?it/s][A

Processed prompts:  50%|█████     | 1/2 [00:02<00:02,  2.95s/it][A
Processed prompts: 100%|██████████| 2/2 [00:02<00:00,  1.48s/it]

Processing examples: 71it [03:30,  2.96s/it]

Processed prompts:   0%|          | 0/2 [00:00<?, ?it/s][A

Processed prompts:  50%|█████     | 1/2 [00:02<00:02,  2.96s/it][A
Processed prompts: 100%|██████████| 2/2 [00:02<00:00,  1.48s/it]

Processing examples: 72it [03:33,  2.96s/it]

Processed prompts:   0%|          | 0/2 [00:00<?, ?it/s][A

Processed prompts:  50%|█████     | 1/2 [00:02<00:02,  2.95s/it][A
Processed prompts: 100%|██████████| 2/2 [00:02<00:00,  1.48s/it]

Processing examples: 73it [03:36,  2.96s/it]

Processed prompts:   0%|          | 0/2 [00:00<?, ?it/s][A

Processed prompts:  50%|█████     | 1/2 [00:02<00:02,  2.95s/it][A
Processed prompts: 100%|██████████| 2/2 [00:02<00:00,  1.48s/it]

Processing examples: 74it [03:39,  2.96s/it]

Processed prompts:   0%|          | 0/2 [00:00<?, ?it/s][A

Processed prompts:  50%|█████     | 1/2 [00:02<00:02,  2.96s/it][A
Processed prompts: 100%|██████████| 2/2 [00:02<00:00,  1.48s/it]

Processing examples: 75it [03:42,  2.96s/it]

Processed prompts:   0%|          | 0/2 [00:00<?, ?it/s][A

Processed prompts:  50%|█████     | 1/2 [00:02<00:02,  2.96s/it][A
Processed prompts: 100%|██████████| 2/2 [00:02<00:00,  1.48s/it]

Processing examples: 76it [03:45,  2.96s/it]

Processed prompts:   0%|          | 0/2 [00:00<?, ?it/s][A

Processed prompts:  50%|█████     | 1/2 [00:02<00:02,  2.96s/it][A
Processed prompts: 100%|██████████| 2/2 [00:02<00:00,  1.48s/it]

Processing examples: 77it [03:48,  2.96s/it]

Processed prompts:   0%|          | 0/2 [00:00<?, ?it/s][A

Processed prompts:  50%|█████     | 1/2 [00:02<00:02,  2.96s/it][A
Processed prompts: 100%|██████████| 2/2 [00:02<00:00,  1.48s/it]

Processing examples: 78it [03:51,  2.96s/it]

Processed prompts:   0%|          | 0/2 [00:00<?, ?it/s][A

Processed prompts:  50%|█████     | 1/2 [00:02<00:02,  2.96s/it][A
Processed prompts: 100%|██████████| 2/2 [00:02<00:00,  1.48s/it]

Processing examples: 79it [03:53,  2.96s/it]

Processed prompts:   0%|          | 0/2 [00:00<?, ?it/s][A

Processed prompts:  50%|█████     | 1/2 [00:02<00:02,  2.96s/it][A
Processed prompts: 100%|██████████| 2/2 [00:02<00:00,  1.48s/it]

Processing examples: 80it [03:56,  2.96s/it]

Processed prompts:   0%|          | 0/2 [00:00<?, ?it/s][A

Processed prompts:  50%|█████     | 1/2 [00:02<00:02,  2.96s/it][A
Processed prompts: 100%|██████████| 2/2 [00:02<00:00,  1.48s/it]

Processing examples: 81it [03:59,  2.96s/it]

Processed prompts:   0%|          | 0/2 [00:00<?, ?it/s][A

Processed prompts:  50%|█████     | 1/2 [00:02<00:02,  2.96s/it][A
Processed prompts: 100%|██████████| 2/2 [00:02<00:00,  1.48s/it]

Processing examples: 82it [04:02,  2.96s/it]

Processed prompts:   0%|          | 0/2 [00:00<?, ?it/s][A

Processed prompts:  50%|█████     | 1/2 [00:02<00:02,  2.96s/it][A
Processed prompts: 100%|██████████| 2/2 [00:02<00:00,  1.48s/it]

Processing examples: 83it [04:05,  2.96s/it]

Processed prompts:   0%|          | 0/2 [00:00<?, ?it/s][A

Processed prompts:  50%|█████     | 1/2 [00:02<00:02,  2.96s/it][A
Processed prompts: 100%|██████████| 2/2 [00:02<00:00,  1.48s/it]

Processing examples: 84it [04:08,  2.96s/it]

Processed prompts:   0%|          | 0/2 [00:00<?, ?it/s][A

Processed prompts:  50%|█████     | 1/2 [00:02<00:02,  2.96s/it][A
Processed prompts: 100%|██████████| 2/2 [00:02<00:00,  1.48s/it]

Processing examples: 85it [04:11,  2.96s/it]

Processed prompts:   0%|          | 0/2 [00:00<?, ?it/s][A

Processed prompts:  50%|█████     | 1/2 [00:02<00:02,  2.96s/it][A
Processed prompts: 100%|██████████| 2/2 [00:02<00:00,  1.48s/it]

Processing examples: 86it [04:14,  2.96s/it]

Processed prompts:   0%|          | 0/2 [00:00<?, ?it/s][A

Processed prompts:  50%|█████     | 1/2 [00:02<00:02,  2.96s/it][A
Processed prompts: 100%|██████████| 2/2 [00:02<00:00,  1.48s/it]

Processing examples: 87it [04:17,  2.96s/it]

Processed prompts:   0%|          | 0/2 [00:00<?, ?it/s][A

Processed prompts:  50%|█████     | 1/2 [00:02<00:02,  2.96s/it][A
Processed prompts: 100%|██████████| 2/2 [00:02<00:00,  1.48s/it]

Processing examples: 88it [04:20,  2.96s/it]

Processed prompts:   0%|          | 0/2 [00:00<?, ?it/s][A

Processed prompts:  50%|█████     | 1/2 [00:02<00:02,  2.97s/it][A
Processed prompts: 100%|██████████| 2/2 [00:02<00:00,  1.48s/it]

Processing examples: 89it [04:23,  2.96s/it]

Processed prompts:   0%|          | 0/2 [00:00<?, ?it/s][A

Processed prompts:  50%|█████     | 1/2 [00:02<00:02,  2.96s/it][A
Processed prompts: 100%|██████████| 2/2 [00:02<00:00,  1.48s/it]

Processing examples: 90it [04:26,  2.96s/it]

Processed prompts:   0%|          | 0/2 [00:00<?, ?it/s][A

Processed prompts:  50%|█████     | 1/2 [00:02<00:02,  2.95s/it][A
Processed prompts: 100%|██████████| 2/2 [00:02<00:00,  1.48s/it]

Processing examples: 91it [04:29,  2.96s/it]

Processed prompts:   0%|          | 0/2 [00:00<?, ?it/s][A

Processed prompts:  50%|█████     | 1/2 [00:02<00:02,  2.96s/it][A
Processed prompts: 100%|██████████| 2/2 [00:02<00:00,  1.48s/it]

Processing examples: 92it [04:32,  2.96s/it]

Processed prompts:   0%|          | 0/2 [00:00<?, ?it/s][A

Processed prompts:  50%|█████     | 1/2 [00:02<00:02,  2.95s/it][A
Processed prompts: 100%|██████████| 2/2 [00:02<00:00,  1.48s/it]

Processing examples: 93it [04:35,  2.96s/it]

Processed prompts:   0%|          | 0/2 [00:00<?, ?it/s][A

Processed prompts:  50%|█████     | 1/2 [00:02<00:02,  2.98s/it][A
Processed prompts: 100%|██████████| 2/2 [00:02<00:00,  1.49s/it]

Processing examples: 94it [04:38,  2.97s/it]

Processed prompts:   0%|          | 0/2 [00:00<?, ?it/s][A

Processed prompts:  50%|█████     | 1/2 [00:02<00:02,  2.96s/it][A
Processed prompts: 100%|██████████| 2/2 [00:02<00:00,  1.48s/it]

Processing examples: 95it [04:41,  2.97s/it]

Processed prompts:   0%|          | 0/2 [00:00<?, ?it/s][A

Processed prompts:  50%|█████     | 1/2 [00:02<00:02,  2.97s/it][A
Processed prompts: 100%|██████████| 2/2 [00:02<00:00,  1.49s/it]

Processing examples: 96it [04:44,  2.97s/it]

Processed prompts:   0%|          | 0/2 [00:00<?, ?it/s][A

Processed prompts:  50%|█████     | 1/2 [00:02<00:02,  2.96s/it][A
Processed prompts: 100%|██████████| 2/2 [00:02<00:00,  1.48s/it]

Processing examples: 97it [04:47,  2.97s/it]

Processed prompts:   0%|          | 0/2 [00:00<?, ?it/s][A

Processed prompts:  50%|█████     | 1/2 [00:02<00:02,  2.97s/it][A
Processed prompts: 100%|██████████| 2/2 [00:02<00:00,  1.48s/it]

Processing examples: 98it [04:50,  2.97s/it]

Processed prompts:   0%|          | 0/2 [00:00<?, ?it/s][A

Processed prompts:  50%|█████     | 1/2 [00:02<00:02,  2.96s/it][A
Processed prompts: 100%|██████████| 2/2 [00:02<00:00,  1.48s/it]

Processing examples: 99it [04:53,  2.96s/it]

Processed prompts:   0%|          | 0/2 [00:00<?, ?it/s][A

Processed prompts:  50%|█████     | 1/2 [00:02<00:02,  2.96s/it][A
Processed prompts: 100%|██████████| 2/2 [00:02<00:00,  1.48s/it]

Processing examples: 100it [04:56,  2.96s/it]

Processed prompts:   0%|          | 0/2 [00:00<?, ?it/s][A

Processed prompts:  50%|█████     | 1/2 [00:02<00:02,  2.97s/it][A
Processed prompts: 100%|██████████| 2/2 [00:02<00:00,  1.49s/it]

Processing examples: 101it [04:59,  2.97s/it]

Processed prompts:   0%|          | 0/2 [00:00<?, ?it/s][A

Processed prompts:  50%|█████     | 1/2 [00:02<00:02,  2.96s/it][A
Processed prompts: 100%|██████████| 2/2 [00:02<00:00,  1.48s/it]

Processing examples: 102it [05:02,  2.97s/it]

Processed prompts:   0%|          | 0/2 [00:00<?, ?it/s][A

Processed prompts:  50%|█████     | 1/2 [00:02<00:02,  2.96s/it][A
Processed prompts: 100%|██████████| 2/2 [00:02<00:00,  1.48s/it]

Processing examples: 103it [05:05,  2.96s/it]

Processed prompts:   0%|          | 0/2 [00:00<?, ?it/s][A

Processed prompts:  50%|█████     | 1/2 [00:02<00:02,  2.96s/it][A
Processed prompts: 100%|██████████| 2/2 [00:02<00:00,  1.48s/it]

Processing examples: 104it [05:08,  2.96s/it]

Processed prompts:   0%|          | 0/2 [00:00<?, ?it/s][A

Processed prompts:  50%|█████     | 1/2 [00:02<00:02,  2.96s/it][A
Processed prompts: 100%|██████████| 2/2 [00:02<00:00,  1.48s/it]

Processing examples: 105it [05:11,  2.96s/it]

Processed prompts:   0%|          | 0/2 [00:00<?, ?it/s][A

Processed prompts:  50%|█████     | 1/2 [00:02<00:02,  2.96s/it][A
Processed prompts: 100%|██████████| 2/2 [00:02<00:00,  1.48s/it]

Processing examples: 106it [05:13,  2.96s/it]

Processed prompts:   0%|          | 0/2 [00:00<?, ?it/s][A

Processed prompts:  50%|█████     | 1/2 [00:02<00:02,  2.96s/it][A
Processed prompts: 100%|██████████| 2/2 [00:02<00:00,  1.48s/it]

Processing examples: 107it [05:16,  2.96s/it]

Processed prompts:   0%|          | 0/2 [00:00<?, ?it/s][A

Processed prompts:  50%|█████     | 1/2 [00:02<00:02,  2.96s/it][A
Processed prompts: 100%|██████████| 2/2 [00:02<00:00,  1.48s/it]

Processing examples: 108it [05:19,  2.96s/it]

Processed prompts:   0%|          | 0/2 [00:00<?, ?it/s][A

Processed prompts:  50%|█████     | 1/2 [00:02<00:02,  2.96s/it][A
Processed prompts: 100%|██████████| 2/2 [00:02<00:00,  1.48s/it]

Processing examples: 109it [05:22,  2.96s/it]

Processed prompts:   0%|          | 0/2 [00:00<?, ?it/s][A

Processed prompts:  50%|█████     | 1/2 [00:02<00:02,  2.96s/it][A
Processed prompts: 100%|██████████| 2/2 [00:02<00:00,  1.48s/it]

Processing examples: 110it [05:25,  2.96s/it]

Processed prompts:   0%|          | 0/2 [00:00<?, ?it/s][A

Processed prompts:  50%|█████     | 1/2 [00:02<00:02,  2.96s/it][A
Processed prompts: 100%|██████████| 2/2 [00:02<00:00,  1.48s/it]

Processing examples: 111it [05:28,  2.96s/it]

Processed prompts:   0%|          | 0/2 [00:00<?, ?it/s][A

Processed prompts:  50%|█████     | 1/2 [00:02<00:02,  2.96s/it][A
Processed prompts: 100%|██████████| 2/2 [00:02<00:00,  1.48s/it]

Processing examples: 112it [05:31,  2.96s/it]

Processed prompts:   0%|          | 0/2 [00:00<?, ?it/s][A

Processed prompts:  50%|█████     | 1/2 [00:02<00:02,  2.96s/it][A
Processed prompts: 100%|██████████| 2/2 [00:02<00:00,  1.48s/it]

Processing examples: 113it [05:34,  2.96s/it]

Processed prompts:   0%|          | 0/2 [00:00<?, ?it/s][A

Processed prompts:  50%|█████     | 1/2 [00:02<00:02,  2.96s/it][A
Processed prompts: 100%|██████████| 2/2 [00:02<00:00,  1.48s/it]

Processing examples: 114it [05:37,  2.96s/it]

Processed prompts:   0%|          | 0/2 [00:00<?, ?it/s][A

Processed prompts:  50%|█████     | 1/2 [00:02<00:02,  2.96s/it][A
Processed prompts: 100%|██████████| 2/2 [00:02<00:00,  1.48s/it]

Processing examples: 115it [05:40,  2.96s/it]

Processed prompts:   0%|          | 0/2 [00:00<?, ?it/s][A

Processed prompts:  50%|█████     | 1/2 [00:02<00:02,  2.96s/it][A
Processed prompts: 100%|██████████| 2/2 [00:02<00:00,  1.48s/it]

Processing examples: 116it [05:43,  2.96s/it]

Processed prompts:   0%|          | 0/2 [00:00<?, ?it/s][A

Processed prompts:  50%|█████     | 1/2 [00:02<00:02,  2.96s/it][A
Processed prompts: 100%|██████████| 2/2 [00:02<00:00,  1.48s/it]

Processing examples: 117it [05:46,  2.96s/it]

Processed prompts:   0%|          | 0/2 [00:00<?, ?it/s][A

Processed prompts:  50%|█████     | 1/2 [00:02<00:02,  2.96s/it][A
Processed prompts: 100%|██████████| 2/2 [00:02<00:00,  1.48s/it]

Processing examples: 118it [05:49,  2.96s/it]

Processed prompts:   0%|          | 0/2 [00:00<?, ?it/s][A

Processed prompts:  50%|█████     | 1/2 [00:02<00:02,  2.96s/it][A
Processed prompts: 100%|██████████| 2/2 [00:02<00:00,  1.48s/it]

Processing examples: 119it [05:52,  2.96s/it]

Processed prompts:   0%|          | 0/2 [00:00<?, ?it/s][A

Processed prompts:  50%|█████     | 1/2 [00:02<00:02,  2.97s/it][A
Processed prompts: 100%|██████████| 2/2 [00:02<00:00,  1.48s/it]

Processing examples: 120it [05:55,  2.96s/it]

Processed prompts:   0%|          | 0/2 [00:00<?, ?it/s][A

Processed prompts:  50%|█████     | 1/2 [00:02<00:02,  2.96s/it][A
Processed prompts: 100%|██████████| 2/2 [00:02<00:00,  1.48s/it]

Processing examples: 121it [05:58,  2.96s/it]

Processed prompts:   0%|          | 0/2 [00:00<?, ?it/s][A

Processed prompts:  50%|█████     | 1/2 [00:02<00:02,  2.96s/it][A
Processed prompts: 100%|██████████| 2/2 [00:02<00:00,  1.48s/it]

Processing examples: 122it [06:01,  2.96s/it]

Processed prompts:   0%|          | 0/2 [00:00<?, ?it/s][A

Processed prompts:  50%|█████     | 1/2 [00:02<00:02,  2.96s/it][A
Processed prompts: 100%|██████████| 2/2 [00:02<00:00,  1.48s/it]

Processing examples: 123it [06:04,  2.96s/it]

Processed prompts:   0%|          | 0/2 [00:00<?, ?it/s][A

Processed prompts:  50%|█████     | 1/2 [00:02<00:02,  2.96s/it][A
Processed prompts: 100%|██████████| 2/2 [00:02<00:00,  1.48s/it]

Processing examples: 124it [06:07,  2.96s/it]

Processed prompts:   0%|          | 0/2 [00:00<?, ?it/s][A

Processed prompts:  50%|█████     | 1/2 [00:02<00:02,  2.96s/it][A
Processed prompts: 100%|██████████| 2/2 [00:02<00:00,  1.48s/it]

Processing examples: 125it [06:10,  2.96s/it]

Processed prompts:   0%|          | 0/2 [00:00<?, ?it/s][A

Processed prompts:  50%|█████     | 1/2 [00:02<00:02,  2.97s/it][A
Processed prompts: 100%|██████████| 2/2 [00:02<00:00,  1.48s/it]

Processing examples: 126it [06:13,  2.97s/it]

Processed prompts:   0%|          | 0/2 [00:00<?, ?it/s][A

Processed prompts:  50%|█████     | 1/2 [00:02<00:02,  2.96s/it][A
Processed prompts: 100%|██████████| 2/2 [00:02<00:00,  1.48s/it]

Processing examples: 127it [06:16,  2.96s/it]

Processed prompts:   0%|          | 0/2 [00:00<?, ?it/s][A

Processed prompts:  50%|█████     | 1/2 [00:02<00:02,  2.97s/it][A
Processed prompts: 100%|██████████| 2/2 [00:02<00:00,  1.49s/it]

Processing examples: 128it [06:19,  2.97s/it]

Processed prompts:   0%|          | 0/2 [00:00<?, ?it/s][A

Processed prompts:  50%|█████     | 1/2 [00:02<00:02,  2.96s/it][A
Processed prompts: 100%|██████████| 2/2 [00:02<00:00,  1.48s/it]

Processing examples: 129it [06:22,  2.97s/it]

Processed prompts:   0%|          | 0/2 [00:00<?, ?it/s][A

Processed prompts:  50%|█████     | 1/2 [00:02<00:02,  2.96s/it][A
Processed prompts: 100%|██████████| 2/2 [00:02<00:00,  1.48s/it]

Processing examples: 130it [06:25,  2.97s/it]

Processed prompts:   0%|          | 0/2 [00:00<?, ?it/s][A

Processed prompts:  50%|█████     | 1/2 [00:02<00:02,  2.96s/it][A
Processed prompts: 100%|██████████| 2/2 [00:02<00:00,  1.48s/it]

Processing examples: 131it [06:28,  2.96s/it]

Processed prompts:   0%|          | 0/2 [00:00<?, ?it/s][A

Processed prompts:  50%|█████     | 1/2 [00:02<00:02,  2.97s/it][A
Processed prompts: 100%|██████████| 2/2 [00:02<00:00,  1.48s/it]

Processing examples: 132it [06:31,  2.97s/it]

Processed prompts:   0%|          | 0/2 [00:00<?, ?it/s][A

Processed prompts:  50%|█████     | 1/2 [00:02<00:02,  2.95s/it][A
Processed prompts: 100%|██████████| 2/2 [00:02<00:00,  1.48s/it]

Processing examples: 133it [06:34,  2.96s/it]

Processed prompts:   0%|          | 0/2 [00:00<?, ?it/s][A

Processed prompts:  50%|█████     | 1/2 [00:02<00:02,  2.96s/it][A
Processed prompts: 100%|██████████| 2/2 [00:02<00:00,  1.48s/it]

Processing examples: 134it [06:36,  2.96s/it]

Processed prompts:   0%|          | 0/2 [00:00<?, ?it/s][A

Processed prompts:  50%|█████     | 1/2 [00:02<00:02,  2.96s/it][A
Processed prompts: 100%|██████████| 2/2 [00:02<00:00,  1.48s/it]

Processing examples: 135it [06:39,  2.96s/it]

Processed prompts:   0%|          | 0/2 [00:00<?, ?it/s][A

Processed prompts:  50%|█████     | 1/2 [00:02<00:02,  2.97s/it][A
Processed prompts: 100%|██████████| 2/2 [00:02<00:00,  1.48s/it]

Processing examples: 136it [06:42,  2.97s/it]

Processed prompts:   0%|          | 0/2 [00:00<?, ?it/s][A

Processed prompts:  50%|█████     | 1/2 [00:02<00:02,  2.97s/it][A
Processed prompts: 100%|██████████| 2/2 [00:02<00:00,  1.48s/it]

Processing examples: 137it [06:45,  2.97s/it]

Processed prompts:   0%|          | 0/2 [00:00<?, ?it/s][A

Processed prompts:  50%|█████     | 1/2 [00:02<00:02,  2.95s/it][A
Processed prompts: 100%|██████████| 2/2 [00:02<00:00,  1.48s/it]

Processing examples: 138it [06:48,  2.96s/it]

Processed prompts:   0%|          | 0/2 [00:00<?, ?it/s][A

Processed prompts:  50%|█████     | 1/2 [00:02<00:02,  2.96s/it][A
Processed prompts: 100%|██████████| 2/2 [00:02<00:00,  1.48s/it]

Processing examples: 139it [06:51,  2.96s/it]

Processed prompts:   0%|          | 0/2 [00:00<?, ?it/s][A

Processed prompts:  50%|█████     | 1/2 [00:02<00:02,  2.95s/it][A
Processed prompts: 100%|██████████| 2/2 [00:02<00:00,  1.48s/it]

Processing examples: 140it [06:54,  2.96s/it]

Processed prompts:   0%|          | 0/2 [00:00<?, ?it/s][A

Processed prompts:  50%|█████     | 1/2 [00:02<00:02,  2.96s/it][A
Processed prompts: 100%|██████████| 2/2 [00:02<00:00,  1.48s/it]

Processing examples: 141it [06:57,  2.96s/it]

Processed prompts:   0%|          | 0/2 [00:00<?, ?it/s][A

Processed prompts:  50%|█████     | 1/2 [00:02<00:02,  2.96s/it][A
Processed prompts: 100%|██████████| 2/2 [00:02<00:00,  1.48s/it]

Processing examples: 142it [07:00,  2.96s/it]

Processed prompts:   0%|          | 0/2 [00:00<?, ?it/s][A

Processed prompts:  50%|█████     | 1/2 [00:02<00:02,  2.96s/it][A
Processed prompts: 100%|██████████| 2/2 [00:02<00:00,  1.48s/it]

Processing examples: 143it [07:03,  2.96s/it]

Processed prompts:   0%|          | 0/2 [00:00<?, ?it/s][A

Processed prompts:  50%|█████     | 1/2 [00:02<00:02,  2.96s/it][A
Processed prompts: 100%|██████████| 2/2 [00:02<00:00,  1.48s/it]

Processing examples: 144it [07:06,  2.96s/it]

Processed prompts:   0%|          | 0/2 [00:00<?, ?it/s][A

Processed prompts:  50%|█████     | 1/2 [00:02<00:02,  2.96s/it][A
Processed prompts: 100%|██████████| 2/2 [00:02<00:00,  1.48s/it]

Processing examples: 145it [07:09,  2.96s/it]

Processed prompts:   0%|          | 0/2 [00:00<?, ?it/s][A

Processed prompts:  50%|█████     | 1/2 [00:02<00:02,  2.96s/it][A
Processed prompts: 100%|██████████| 2/2 [00:02<00:00,  1.48s/it]

Processing examples: 146it [07:12,  2.96s/it]

Processed prompts:   0%|          | 0/2 [00:00<?, ?it/s][A

Processed prompts:  50%|█████     | 1/2 [00:02<00:02,  2.98s/it][A
Processed prompts: 100%|██████████| 2/2 [00:02<00:00,  1.49s/it]

Processing examples: 147it [07:15,  2.97s/it]

Processed prompts:   0%|          | 0/2 [00:00<?, ?it/s][A

Processed prompts:  50%|█████     | 1/2 [00:02<00:02,  2.96s/it][A
Processed prompts: 100%|██████████| 2/2 [00:02<00:00,  1.48s/it]

Processing examples: 148it [07:18,  2.97s/it]

Processed prompts:   0%|          | 0/2 [00:00<?, ?it/s][A

Processed prompts:  50%|█████     | 1/2 [00:02<00:02,  2.96s/it][A
Processed prompts: 100%|██████████| 2/2 [00:02<00:00,  1.48s/it]

Processing examples: 149it [07:21,  2.97s/it]

Processed prompts:   0%|          | 0/2 [00:00<?, ?it/s][A

Processed prompts:  50%|█████     | 1/2 [00:02<00:02,  2.96s/it][A
Processed prompts: 100%|██████████| 2/2 [00:02<00:00,  1.48s/it]

Processing examples: 150it [07:24,  2.96s/it]

Processed prompts:   0%|          | 0/2 [00:00<?, ?it/s][A

Processed prompts:  50%|█████     | 1/2 [00:02<00:02,  2.96s/it][A
Processed prompts: 100%|██████████| 2/2 [00:02<00:00,  1.48s/it]

Processing examples: 151it [07:27,  2.96s/it]

Processed prompts:   0%|          | 0/2 [00:00<?, ?it/s][A

Processed prompts:  50%|█████     | 1/2 [00:02<00:02,  2.95s/it][A
Processed prompts: 100%|██████████| 2/2 [00:02<00:00,  1.48s/it]

Processing examples: 152it [07:30,  2.96s/it]

Processed prompts:   0%|          | 0/2 [00:00<?, ?it/s][A

Processed prompts:  50%|█████     | 1/2 [00:02<00:02,  2.95s/it][A
Processed prompts: 100%|██████████| 2/2 [00:02<00:00,  1.48s/it]

Processing examples: 153it [07:33,  2.96s/it]

Processed prompts:   0%|          | 0/2 [00:00<?, ?it/s][A

Processed prompts:  50%|█████     | 1/2 [00:02<00:02,  2.96s/it][A
Processed prompts: 100%|██████████| 2/2 [00:02<00:00,  1.48s/it]

Processing examples: 154it [07:36,  2.96s/it]

Processed prompts:   0%|          | 0/2 [00:00<?, ?it/s][A

Processed prompts:  50%|█████     | 1/2 [00:02<00:02,  2.96s/it][A
Processed prompts: 100%|██████████| 2/2 [00:02<00:00,  1.48s/it]

Processing examples: 155it [07:39,  2.96s/it]

Processed prompts:   0%|          | 0/2 [00:00<?, ?it/s][A

Processed prompts:  50%|█████     | 1/2 [00:02<00:02,  2.96s/it][A
Processed prompts: 100%|██████████| 2/2 [00:02<00:00,  1.48s/it]

Processing examples: 156it [07:42,  2.96s/it]

Processed prompts:   0%|          | 0/2 [00:00<?, ?it/s][A

Processed prompts:  50%|█████     | 1/2 [00:02<00:02,  2.96s/it][A
Processed prompts: 100%|██████████| 2/2 [00:02<00:00,  1.48s/it]

Processing examples: 157it [07:45,  2.96s/it]

Processed prompts:   0%|          | 0/2 [00:00<?, ?it/s][A

Processed prompts:  50%|█████     | 1/2 [00:02<00:02,  2.96s/it][A
Processed prompts: 100%|██████████| 2/2 [00:02<00:00,  1.48s/it]

Processing examples: 158it [07:48,  2.96s/it]

Processed prompts:   0%|          | 0/2 [00:00<?, ?it/s][A

Processed prompts:  50%|█████     | 1/2 [00:02<00:02,  2.95s/it][A
Processed prompts: 100%|██████████| 2/2 [00:02<00:00,  1.48s/it]

Processing examples: 159it [07:51,  2.96s/it]

Processed prompts:   0%|          | 0/2 [00:00<?, ?it/s][A

Processed prompts:  50%|█████     | 1/2 [00:02<00:02,  2.95s/it][A
Processed prompts: 100%|██████████| 2/2 [00:02<00:00,  1.48s/it]

Processing examples: 160it [07:54,  2.96s/it]

Processed prompts:   0%|          | 0/2 [00:00<?, ?it/s][A

Processed prompts:  50%|█████     | 1/2 [00:02<00:02,  2.97s/it][A
Processed prompts: 100%|██████████| 2/2 [00:02<00:00,  1.49s/it]

Processing examples: 161it [07:56,  2.96s/it]

Processed prompts:   0%|          | 0/2 [00:00<?, ?it/s][A

Processed prompts:  50%|█████     | 1/2 [00:02<00:02,  2.96s/it][A
Processed prompts: 100%|██████████| 2/2 [00:02<00:00,  1.48s/it]

Processing examples: 162it [07:59,  2.96s/it]

Processed prompts:   0%|          | 0/2 [00:00<?, ?it/s][A

Processed prompts:  50%|█████     | 1/2 [00:02<00:02,  2.96s/it][A
Processed prompts: 100%|██████████| 2/2 [00:02<00:00,  1.48s/it]

Processing examples: 163it [08:02,  2.97s/it]

Processed prompts:   0%|          | 0/2 [00:00<?, ?it/s][A

Processed prompts:  50%|█████     | 1/2 [00:02<00:02,  2.96s/it][A
Processed prompts: 100%|██████████| 2/2 [00:02<00:00,  1.48s/it]

Processing examples: 164it [08:05,  2.96s/it]

Processed prompts:   0%|          | 0/2 [00:00<?, ?it/s][A

Processed prompts:  50%|█████     | 1/2 [00:02<00:02,  2.96s/it][A
Processed prompts: 100%|██████████| 2/2 [00:02<00:00,  1.48s/it]

Processing examples: 165it [08:08,  2.96s/it]

Processed prompts:   0%|          | 0/2 [00:00<?, ?it/s][A

Processed prompts:  50%|█████     | 1/2 [00:02<00:02,  2.95s/it][A
Processed prompts: 100%|██████████| 2/2 [00:02<00:00,  1.48s/it]

Processing examples: 166it [08:11,  2.96s/it]

Processed prompts:   0%|          | 0/2 [00:00<?, ?it/s][A

Processed prompts:  50%|█████     | 1/2 [00:02<00:02,  2.95s/it][A
Processed prompts: 100%|██████████| 2/2 [00:02<00:00,  1.48s/it]

Processing examples: 167it [08:14,  2.96s/it]

Processed prompts:   0%|          | 0/2 [00:00<?, ?it/s][A

Processed prompts:  50%|█████     | 1/2 [00:02<00:02,  2.96s/it][A
Processed prompts: 100%|██████████| 2/2 [00:02<00:00,  1.48s/it]

Processing examples: 168it [08:17,  2.96s/it]

Processed prompts:   0%|          | 0/2 [00:00<?, ?it/s][A

Processed prompts:  50%|█████     | 1/2 [00:02<00:02,  2.96s/it][A
Processed prompts: 100%|██████████| 2/2 [00:02<00:00,  1.48s/it]

Processing examples: 169it [08:20,  2.96s/it]

Processed prompts:   0%|          | 0/2 [00:00<?, ?it/s][A

Processed prompts:  50%|█████     | 1/2 [00:02<00:02,  2.96s/it][A
Processed prompts: 100%|██████████| 2/2 [00:02<00:00,  1.48s/it]

Processing examples: 170it [08:23,  2.96s/it]

Processed prompts:   0%|          | 0/2 [00:00<?, ?it/s][A

Processed prompts:  50%|█████     | 1/2 [00:02<00:02,  2.97s/it][A
Processed prompts: 100%|██████████| 2/2 [00:02<00:00,  1.48s/it]

Processing examples: 171it [08:26,  2.97s/it]

Processed prompts:   0%|          | 0/2 [00:00<?, ?it/s][A

Processed prompts:  50%|█████     | 1/2 [00:02<00:02,  2.95s/it][A
Processed prompts: 100%|██████████| 2/2 [00:02<00:00,  1.48s/it]

Processing examples: 172it [08:29,  2.96s/it]

Processed prompts:   0%|          | 0/2 [00:00<?, ?it/s][A

Processed prompts:  50%|█████     | 1/2 [00:02<00:02,  2.95s/it][A
Processed prompts: 100%|██████████| 2/2 [00:02<00:00,  1.48s/it]

Processing examples: 173it [08:32,  2.96s/it]

Processed prompts:   0%|          | 0/2 [00:00<?, ?it/s][A

Processed prompts:  50%|█████     | 1/2 [00:02<00:02,  2.95s/it][A
Processed prompts: 100%|██████████| 2/2 [00:02<00:00,  1.48s/it]

Processing examples: 174it [08:35,  2.96s/it]

Processed prompts:   0%|          | 0/2 [00:00<?, ?it/s][A

Processed prompts:  50%|█████     | 1/2 [00:02<00:02,  2.96s/it][A
Processed prompts: 100%|██████████| 2/2 [00:02<00:00,  1.48s/it]

Processing examples: 175it [08:38,  2.96s/it]

Processed prompts:   0%|          | 0/2 [00:00<?, ?it/s][A

Processed prompts:  50%|█████     | 1/2 [00:02<00:02,  2.96s/it][A
Processed prompts: 100%|██████████| 2/2 [00:02<00:00,  1.48s/it]

Processing examples: 176it [08:41,  2.96s/it]

Processed prompts:   0%|          | 0/2 [00:00<?, ?it/s][A

Processed prompts:  50%|█████     | 1/2 [00:02<00:02,  2.96s/it][A
Processed prompts: 100%|██████████| 2/2 [00:02<00:00,  1.48s/it]

Processing examples: 177it [08:44,  2.96s/it]

Processed prompts:   0%|          | 0/2 [00:00<?, ?it/s][A

Processed prompts:  50%|█████     | 1/2 [00:02<00:02,  2.95s/it][A
Processed prompts: 100%|██████████| 2/2 [00:02<00:00,  1.48s/it]

Processing examples: 178it [08:47,  2.96s/it]

Processed prompts:   0%|          | 0/2 [00:00<?, ?it/s][A

Processed prompts:  50%|█████     | 1/2 [00:02<00:02,  2.95s/it][A
Processed prompts: 100%|██████████| 2/2 [00:02<00:00,  1.48s/it]

Processing examples: 179it [08:50,  2.96s/it]

Processed prompts:   0%|          | 0/2 [00:00<?, ?it/s][A

Processed prompts:  50%|█████     | 1/2 [00:02<00:02,  2.95s/it][A
Processed prompts: 100%|██████████| 2/2 [00:02<00:00,  1.48s/it]

Processing examples: 180it [08:53,  2.96s/it]

Processed prompts:   0%|          | 0/2 [00:00<?, ?it/s][A

Processed prompts:  50%|█████     | 1/2 [00:02<00:02,  2.96s/it][A
Processed prompts: 100%|██████████| 2/2 [00:02<00:00,  1.48s/it]

Processing examples: 181it [08:56,  2.96s/it]

Processed prompts:   0%|          | 0/2 [00:00<?, ?it/s][A

Processed prompts:  50%|█████     | 1/2 [00:02<00:02,  2.95s/it][A
Processed prompts: 100%|██████████| 2/2 [00:02<00:00,  1.48s/it]

Processing examples: 182it [08:59,  2.96s/it]

Processed prompts:   0%|          | 0/2 [00:00<?, ?it/s][A

Processed prompts:  50%|█████     | 1/2 [00:02<00:02,  2.95s/it][A
Processed prompts: 100%|██████████| 2/2 [00:02<00:00,  1.48s/it]

Processing examples: 183it [09:02,  2.96s/it]

Processed prompts:   0%|          | 0/2 [00:00<?, ?it/s][A

Processed prompts:  50%|█████     | 1/2 [00:02<00:02,  2.95s/it][A
Processed prompts: 100%|██████████| 2/2 [00:02<00:00,  1.48s/it]

Processing examples: 184it [09:05,  2.96s/it]

Processed prompts:   0%|          | 0/2 [00:00<?, ?it/s][A

Processed prompts:  50%|█████     | 1/2 [00:02<00:02,  3.00s/it][A
Processed prompts: 100%|██████████| 2/2 [00:02<00:00,  1.50s/it]

Processing examples: 185it [09:08,  2.97s/it]

Processed prompts:   0%|          | 0/2 [00:00<?, ?it/s][A

Processed prompts:  50%|█████     | 1/2 [00:02<00:02,  2.96s/it][A
Processed prompts: 100%|██████████| 2/2 [00:02<00:00,  1.48s/it]

Processing examples: 186it [09:11,  2.97s/it]

Processed prompts:   0%|          | 0/2 [00:00<?, ?it/s][A

Processed prompts:  50%|█████     | 1/2 [00:02<00:02,  2.95s/it][A
Processed prompts: 100%|██████████| 2/2 [00:02<00:00,  1.48s/it]

Processing examples: 187it [09:14,  2.97s/it]

Processed prompts:   0%|          | 0/2 [00:00<?, ?it/s][A

Processed prompts:  50%|█████     | 1/2 [00:02<00:02,  2.96s/it][A
Processed prompts: 100%|██████████| 2/2 [00:02<00:00,  1.48s/it]

Processing examples: 188it [09:16,  2.97s/it]

Processed prompts:   0%|          | 0/2 [00:00<?, ?it/s][A

Processed prompts:  50%|█████     | 1/2 [00:02<00:02,  2.96s/it][A
Processed prompts: 100%|██████████| 2/2 [00:02<00:00,  1.48s/it]

Processing examples: 189it [09:19,  2.97s/it]

Processed prompts:   0%|          | 0/2 [00:00<?, ?it/s][A

Processed prompts:  50%|█████     | 1/2 [00:02<00:02,  2.96s/it][A
Processed prompts: 100%|██████████| 2/2 [00:02<00:00,  1.48s/it]

Processing examples: 190it [09:22,  2.97s/it]

Processed prompts:   0%|          | 0/2 [00:00<?, ?it/s][A

Processed prompts:  50%|█████     | 1/2 [00:02<00:02,  2.95s/it][A
Processed prompts: 100%|██████████| 2/2 [00:02<00:00,  1.48s/it]

Processing examples: 191it [09:25,  2.96s/it]

Processed prompts:   0%|          | 0/2 [00:00<?, ?it/s][A

Processed prompts:  50%|█████     | 1/2 [00:02<00:02,  2.97s/it][A
Processed prompts: 100%|██████████| 2/2 [00:02<00:00,  1.48s/it]

Processing examples: 192it [09:28,  2.97s/it]

Processed prompts:   0%|          | 0/2 [00:00<?, ?it/s][A

Processed prompts:  50%|█████     | 1/2 [00:02<00:02,  2.98s/it][A
Processed prompts: 100%|██████████| 2/2 [00:02<00:00,  1.49s/it]

Processing examples: 193it [09:31,  2.97s/it]

Processed prompts:   0%|          | 0/2 [00:00<?, ?it/s][A

Processed prompts:  50%|█████     | 1/2 [00:02<00:02,  2.96s/it][A
Processed prompts: 100%|██████████| 2/2 [00:02<00:00,  1.48s/it]

Processing examples: 194it [09:34,  2.97s/it]

Processed prompts:   0%|          | 0/2 [00:00<?, ?it/s][A

Processed prompts:  50%|█████     | 1/2 [00:02<00:02,  2.96s/it][A
Processed prompts: 100%|██████████| 2/2 [00:02<00:00,  1.48s/it]

Processing examples: 195it [09:37,  2.97s/it]

Processed prompts:   0%|          | 0/2 [00:00<?, ?it/s][A

Processed prompts:  50%|█████     | 1/2 [00:02<00:02,  2.96s/it][A
Processed prompts: 100%|██████████| 2/2 [00:02<00:00,  1.48s/it]

Processing examples: 196it [09:40,  2.97s/it]

Processed prompts:   0%|          | 0/2 [00:00<?, ?it/s][A

Processed prompts:  50%|█████     | 1/2 [00:02<00:02,  2.95s/it][A
Processed prompts: 100%|██████████| 2/2 [00:02<00:00,  1.48s/it]

Processing examples: 197it [09:43,  2.96s/it]

Processed prompts:   0%|          | 0/2 [00:00<?, ?it/s][A

Processed prompts:  50%|█████     | 1/2 [00:02<00:02,  2.95s/it][A
Processed prompts: 100%|██████████| 2/2 [00:02<00:00,  1.48s/it]

Processing examples: 198it [09:46,  2.96s/it]

Processed prompts:   0%|          | 0/2 [00:00<?, ?it/s][A

Processed prompts:  50%|█████     | 1/2 [00:02<00:02,  2.96s/it][A
Processed prompts: 100%|██████████| 2/2 [00:02<00:00,  1.48s/it]

Processing examples: 199it [09:49,  2.96s/it]

Processed prompts:   0%|          | 0/2 [00:00<?, ?it/s][A

Processed prompts:  50%|█████     | 1/2 [00:02<00:02,  2.95s/it][A
Processed prompts: 100%|██████████| 2/2 [00:02<00:00,  1.48s/it]

Processing examples: 200it [09:52,  2.96s/it]

Processed prompts:   0%|          | 0/2 [00:00<?, ?it/s][A

Processed prompts:  50%|█████     | 1/2 [00:02<00:02,  2.95s/it][A
Processed prompts: 100%|██████████| 2/2 [00:02<00:00,  1.48s/it]

Processing examples: 201it [09:55,  2.96s/it]

Processed prompts:   0%|          | 0/2 [00:00<?, ?it/s][A

Processed prompts:  50%|█████     | 1/2 [00:02<00:02,  2.96s/it][A
Processed prompts: 100%|██████████| 2/2 [00:02<00:00,  1.48s/it]

Processing examples: 202it [09:58,  2.96s/it]

Processed prompts:   0%|          | 0/2 [00:00<?, ?it/s][A

Processed prompts:  50%|█████     | 1/2 [00:02<00:02,  2.96s/it][A
Processed prompts: 100%|██████████| 2/2 [00:02<00:00,  1.48s/it]

Processing examples: 203it [10:01,  2.96s/it]

Processed prompts:   0%|          | 0/2 [00:00<?, ?it/s][A

Processed prompts:  50%|█████     | 1/2 [00:02<00:02,  2.96s/it][A
Processed prompts: 100%|██████████| 2/2 [00:02<00:00,  1.48s/it]

Processing examples: 204it [10:04,  2.96s/it]

Processed prompts:   0%|          | 0/2 [00:00<?, ?it/s][A

Processed prompts:  50%|█████     | 1/2 [00:02<00:02,  2.96s/it][A
Processed prompts: 100%|██████████| 2/2 [00:02<00:00,  1.48s/it]

Processing examples: 205it [10:07,  2.96s/it]

Processed prompts:   0%|          | 0/2 [00:00<?, ?it/s][A

Processed prompts:  50%|█████     | 1/2 [00:02<00:02,  2.96s/it][A
Processed prompts: 100%|██████████| 2/2 [00:02<00:00,  1.48s/it]

Processing examples: 206it [10:10,  2.96s/it]

Processed prompts:   0%|          | 0/2 [00:00<?, ?it/s][A

Processed prompts:  50%|█████     | 1/2 [00:02<00:02,  2.95s/it][A
Processed prompts: 100%|██████████| 2/2 [00:02<00:00,  1.48s/it]

Processing examples: 207it [10:13,  2.96s/it]

Processed prompts:   0%|          | 0/2 [00:00<?, ?it/s][A

Processed prompts:  50%|█████     | 1/2 [00:02<00:02,  2.96s/it][A
Processed prompts: 100%|██████████| 2/2 [00:02<00:00,  1.48s/it]

Processing examples: 208it [10:16,  2.96s/it]

Processed prompts:   0%|          | 0/2 [00:00<?, ?it/s][A

Processed prompts:  50%|█████     | 1/2 [00:02<00:02,  2.95s/it][A
Processed prompts: 100%|██████████| 2/2 [00:02<00:00,  1.48s/it]

Processing examples: 209it [10:19,  2.96s/it]

Processed prompts:   0%|          | 0/2 [00:00<?, ?it/s][A

Processed prompts:  50%|█████     | 1/2 [00:02<00:02,  2.96s/it][A
Processed prompts: 100%|██████████| 2/2 [00:02<00:00,  1.48s/it]

Processing examples: 210it [10:22,  2.96s/it]

Processed prompts:   0%|          | 0/2 [00:00<?, ?it/s][A

Processed prompts:  50%|█████     | 1/2 [00:02<00:02,  2.95s/it][A
Processed prompts: 100%|██████████| 2/2 [00:02<00:00,  1.48s/it]

Processing examples: 211it [10:25,  2.96s/it]

Processed prompts:   0%|          | 0/2 [00:00<?, ?it/s][A

Processed prompts:  50%|█████     | 1/2 [00:02<00:02,  2.95s/it][A
Processed prompts: 100%|██████████| 2/2 [00:02<00:00,  1.48s/it]

Processing examples: 212it [10:28,  2.96s/it]

Processed prompts:   0%|          | 0/2 [00:00<?, ?it/s][A

Processed prompts:  50%|█████     | 1/2 [00:02<00:02,  2.95s/it][A
Processed prompts: 100%|██████████| 2/2 [00:02<00:00,  1.48s/it]

Processing examples: 213it [10:31,  2.96s/it]

Processed prompts:   0%|          | 0/2 [00:00<?, ?it/s][A

Processed prompts:  50%|█████     | 1/2 [00:02<00:02,  2.96s/it][A
Processed prompts: 100%|██████████| 2/2 [00:02<00:00,  1.48s/it]

Processing examples: 214it [10:34,  2.96s/it]

Processed prompts:   0%|          | 0/2 [00:00<?, ?it/s][A

Processed prompts:  50%|█████     | 1/2 [00:02<00:02,  2.96s/it][A
Processed prompts: 100%|██████████| 2/2 [00:02<00:00,  1.48s/it]

Processing examples: 215it [10:36,  2.96s/it]

Processed prompts:   0%|          | 0/2 [00:00<?, ?it/s][A

Processed prompts:  50%|█████     | 1/2 [00:02<00:02,  2.96s/it][A
Processed prompts: 100%|██████████| 2/2 [00:02<00:00,  1.48s/it]

Processing examples: 216it [10:39,  2.96s/it]

Processed prompts:   0%|          | 0/2 [00:00<?, ?it/s][A

Processed prompts:  50%|█████     | 1/2 [00:02<00:02,  2.96s/it][A
Processed prompts: 100%|██████████| 2/2 [00:02<00:00,  1.48s/it]

Processing examples: 217it [10:42,  2.96s/it]

Processed prompts:   0%|          | 0/2 [00:00<?, ?it/s][A

Processed prompts:  50%|█████     | 1/2 [00:02<00:02,  2.96s/it][A
Processed prompts: 100%|██████████| 2/2 [00:02<00:00,  1.48s/it]

Processing examples: 218it [10:45,  2.96s/it]

Processed prompts:   0%|          | 0/2 [00:00<?, ?it/s][A

Processed prompts:  50%|█████     | 1/2 [00:02<00:02,  2.96s/it][A
Processed prompts: 100%|██████████| 2/2 [00:02<00:00,  1.48s/it]

Processing examples: 219it [10:48,  2.96s/it]

Processed prompts:   0%|          | 0/2 [00:00<?, ?it/s][A

Processed prompts:  50%|█████     | 1/2 [00:02<00:02,  2.96s/it][A
Processed prompts: 100%|██████████| 2/2 [00:02<00:00,  1.48s/it]

Processing examples: 220it [10:51,  2.96s/it]

Processed prompts:   0%|          | 0/2 [00:00<?, ?it/s][A

Processed prompts:  50%|█████     | 1/2 [00:02<00:02,  2.95s/it][A
Processed prompts: 100%|██████████| 2/2 [00:02<00:00,  1.48s/it]

Processing examples: 221it [10:54,  2.96s/it]

Processed prompts:   0%|          | 0/2 [00:00<?, ?it/s][A

Processed prompts:  50%|█████     | 1/2 [00:02<00:02,  2.96s/it][A
Processed prompts: 100%|██████████| 2/2 [00:02<00:00,  1.48s/it]

Processing examples: 222it [10:57,  2.96s/it]

Processed prompts:   0%|          | 0/2 [00:00<?, ?it/s][A

Processed prompts:  50%|█████     | 1/2 [00:02<00:02,  2.95s/it][A
Processed prompts: 100%|██████████| 2/2 [00:02<00:00,  1.48s/it]

Processing examples: 223it [11:00,  2.96s/it]

Processed prompts:   0%|          | 0/2 [00:00<?, ?it/s][A

Processed prompts:  50%|█████     | 1/2 [00:02<00:02,  2.96s/it][A
Processed prompts: 100%|██████████| 2/2 [00:02<00:00,  1.48s/it]

Processing examples: 224it [11:03,  2.96s/it]

Processed prompts:   0%|          | 0/2 [00:00<?, ?it/s][A

Processed prompts:  50%|█████     | 1/2 [00:02<00:02,  2.96s/it][A
Processed prompts: 100%|██████████| 2/2 [00:02<00:00,  1.48s/it]

Processing examples: 225it [11:06,  2.96s/it]

Processed prompts:   0%|          | 0/2 [00:00<?, ?it/s][A

Processed prompts:  50%|█████     | 1/2 [00:02<00:02,  2.95s/it][A
Processed prompts: 100%|██████████| 2/2 [00:02<00:00,  1.48s/it]

Processing examples: 226it [11:09,  2.96s/it]

Processed prompts:   0%|          | 0/2 [00:00<?, ?it/s][A

Processed prompts:  50%|█████     | 1/2 [00:02<00:02,  2.96s/it][A
Processed prompts: 100%|██████████| 2/2 [00:02<00:00,  1.48s/it]

Processing examples: 227it [11:12,  2.96s/it]

Processed prompts:   0%|          | 0/2 [00:00<?, ?it/s][A

Processed prompts:  50%|█████     | 1/2 [00:02<00:02,  2.96s/it][A
Processed prompts: 100%|██████████| 2/2 [00:02<00:00,  1.48s/it]

Processing examples: 228it [11:15,  2.96s/it]

Processed prompts:   0%|          | 0/2 [00:00<?, ?it/s][A

Processed prompts:  50%|█████     | 1/2 [00:02<00:02,  2.96s/it][A
Processed prompts: 100%|██████████| 2/2 [00:02<00:00,  1.48s/it]

Processing examples: 229it [11:18,  2.96s/it]

Processed prompts:   0%|          | 0/2 [00:00<?, ?it/s][A

Processed prompts:  50%|█████     | 1/2 [00:02<00:02,  2.95s/it][A
Processed prompts: 100%|██████████| 2/2 [00:02<00:00,  1.48s/it]

Processing examples: 230it [11:21,  2.96s/it]

Processed prompts:   0%|          | 0/2 [00:00<?, ?it/s][A

Processed prompts:  50%|█████     | 1/2 [00:02<00:02,  2.95s/it][A
Processed prompts: 100%|██████████| 2/2 [00:02<00:00,  1.48s/it]

Processing examples: 231it [11:24,  2.96s/it]

Processed prompts:   0%|          | 0/2 [00:00<?, ?it/s][A

Processed prompts:  50%|█████     | 1/2 [00:02<00:02,  2.97s/it][A
Processed prompts: 100%|██████████| 2/2 [00:02<00:00,  1.48s/it]

Processing examples: 232it [11:27,  2.96s/it]

Processed prompts:   0%|          | 0/2 [00:00<?, ?it/s][A

Processed prompts:  50%|█████     | 1/2 [00:02<00:02,  2.96s/it][A
Processed prompts: 100%|██████████| 2/2 [00:02<00:00,  1.48s/it]

Processing examples: 233it [11:30,  2.96s/it]

Processed prompts:   0%|          | 0/2 [00:00<?, ?it/s][A

Processed prompts:  50%|█████     | 1/2 [00:02<00:02,  2.95s/it][A
Processed prompts: 100%|██████████| 2/2 [00:02<00:00,  1.48s/it]

Processing examples: 234it [11:33,  2.96s/it]

Processed prompts:   0%|          | 0/2 [00:00<?, ?it/s][A

Processed prompts:  50%|█████     | 1/2 [00:02<00:02,  2.96s/it][A
Processed prompts: 100%|██████████| 2/2 [00:02<00:00,  1.48s/it]

Processing examples: 235it [11:36,  2.96s/it]

Processed prompts:   0%|          | 0/2 [00:00<?, ?it/s][A

Processed prompts:  50%|█████     | 1/2 [00:02<00:02,  2.96s/it][A
Processed prompts: 100%|██████████| 2/2 [00:02<00:00,  1.48s/it]

Processing examples: 236it [11:39,  2.96s/it]

Processed prompts:   0%|          | 0/2 [00:00<?, ?it/s][A

Processed prompts:  50%|█████     | 1/2 [00:02<00:02,  2.95s/it][A
Processed prompts: 100%|██████████| 2/2 [00:02<00:00,  1.48s/it]

Processing examples: 237it [11:42,  2.96s/it]

Processed prompts:   0%|          | 0/2 [00:00<?, ?it/s][A

Processed prompts:  50%|█████     | 1/2 [00:02<00:02,  2.95s/it][A
Processed prompts: 100%|██████████| 2/2 [00:02<00:00,  1.48s/it]

Processing examples: 238it [11:45,  2.96s/it]

Processed prompts:   0%|          | 0/2 [00:00<?, ?it/s][A

Processed prompts:  50%|█████     | 1/2 [00:02<00:02,  2.96s/it][A
Processed prompts: 100%|██████████| 2/2 [00:02<00:00,  1.48s/it]

Processing examples: 239it [11:48,  2.96s/it]

Processed prompts:   0%|          | 0/2 [00:00<?, ?it/s][A

Processed prompts:  50%|█████     | 1/2 [00:02<00:02,  2.96s/it][A
Processed prompts: 100%|██████████| 2/2 [00:02<00:00,  1.48s/it]

Processing examples: 240it [11:51,  2.96s/it]

Processed prompts:   0%|          | 0/2 [00:00<?, ?it/s][A

Processed prompts:  50%|█████     | 1/2 [00:02<00:02,  2.96s/it][A
Processed prompts: 100%|██████████| 2/2 [00:02<00:00,  1.48s/it]

Processing examples: 241it [11:53,  2.96s/it]

Processed prompts:   0%|          | 0/2 [00:00<?, ?it/s][A

Processed prompts:  50%|█████     | 1/2 [00:02<00:02,  2.97s/it][A
Processed prompts: 100%|██████████| 2/2 [00:02<00:00,  1.49s/it]

Processing examples: 242it [11:56,  2.97s/it]

Processed prompts:   0%|          | 0/2 [00:00<?, ?it/s][A

Processed prompts:  50%|█████     | 1/2 [00:02<00:02,  2.96s/it][A
Processed prompts: 100%|██████████| 2/2 [00:02<00:00,  1.48s/it]

Processing examples: 243it [11:59,  2.96s/it]

Processed prompts:   0%|          | 0/2 [00:00<?, ?it/s][A

Processed prompts:  50%|█████     | 1/2 [00:02<00:02,  2.97s/it][A
Processed prompts: 100%|██████████| 2/2 [00:02<00:00,  1.48s/it]

Processing examples: 244it [12:02,  2.97s/it]

Processed prompts:   0%|          | 0/2 [00:00<?, ?it/s][A

Processed prompts:  50%|█████     | 1/2 [00:02<00:02,  2.96s/it][A
Processed prompts: 100%|██████████| 2/2 [00:02<00:00,  1.48s/it]

Processing examples: 245it [12:05,  2.97s/it]

Processed prompts:   0%|          | 0/2 [00:00<?, ?it/s][A

Processed prompts:  50%|█████     | 1/2 [00:02<00:02,  2.96s/it][A
Processed prompts: 100%|██████████| 2/2 [00:02<00:00,  1.48s/it]

Processing examples: 246it [12:08,  2.97s/it]

Processed prompts:   0%|          | 0/2 [00:00<?, ?it/s][A

Processed prompts:  50%|█████     | 1/2 [00:02<00:02,  2.97s/it][A
Processed prompts: 100%|██████████| 2/2 [00:02<00:00,  1.49s/it]

Processing examples: 247it [12:11,  2.97s/it]

Processed prompts:   0%|          | 0/2 [00:00<?, ?it/s][A

Processed prompts:  50%|█████     | 1/2 [00:02<00:02,  2.96s/it][A
Processed prompts: 100%|██████████| 2/2 [00:02<00:00,  1.48s/it]

Processing examples: 248it [12:14,  2.97s/it]

Processed prompts:   0%|          | 0/2 [00:00<?, ?it/s][A

Processed prompts:  50%|█████     | 1/2 [00:02<00:02,  2.96s/it][A
Processed prompts: 100%|██████████| 2/2 [00:02<00:00,  1.48s/it]

Processing examples: 249it [12:17,  2.97s/it]

Processed prompts:   0%|          | 0/2 [00:00<?, ?it/s][A

Processed prompts:  50%|█████     | 1/2 [00:02<00:02,  2.97s/it][A
Processed prompts: 100%|██████████| 2/2 [00:02<00:00,  1.48s/it]

Processing examples: 250it [12:20,  2.97s/it]

Processed prompts:   0%|          | 0/2 [00:00<?, ?it/s][A

Processed prompts:  50%|█████     | 1/2 [00:02<00:02,  2.96s/it][A
Processed prompts: 100%|██████████| 2/2 [00:02<00:00,  1.48s/it]

Processing examples: 251it [12:23,  2.97s/it]

Processed prompts:   0%|          | 0/2 [00:00<?, ?it/s][A

Processed prompts:  50%|█████     | 1/2 [00:02<00:02,  2.96s/it][A
Processed prompts: 100%|██████████| 2/2 [00:02<00:00,  1.48s/it]

Processing examples: 252it [12:26,  2.97s/it]

Processed prompts:   0%|          | 0/2 [00:00<?, ?it/s][A

Processed prompts:  50%|█████     | 1/2 [00:02<00:02,  2.96s/it][A
Processed prompts: 100%|██████████| 2/2 [00:02<00:00,  1.48s/it]

Processing examples: 253it [12:29,  2.97s/it]

Processed prompts:   0%|          | 0/2 [00:00<?, ?it/s][A

Processed prompts:  50%|█████     | 1/2 [00:02<00:02,  2.96s/it][A
Processed prompts: 100%|██████████| 2/2 [00:02<00:00,  1.48s/it]

Processing examples: 254it [12:32,  2.97s/it]

Processed prompts:   0%|          | 0/2 [00:00<?, ?it/s][A

Processed prompts:  50%|█████     | 1/2 [00:02<00:02,  2.96s/it][A
Processed prompts: 100%|██████████| 2/2 [00:02<00:00,  1.48s/it]

Processing examples: 255it [12:35,  2.97s/it]

Processed prompts:   0%|          | 0/2 [00:00<?, ?it/s][A

Processed prompts:  50%|█████     | 1/2 [00:02<00:02,  2.96s/it][A
Processed prompts: 100%|██████████| 2/2 [00:02<00:00,  1.48s/it]

Processing examples: 256it [12:38,  2.97s/it]

Processed prompts:   0%|          | 0/2 [00:00<?, ?it/s][A

Processed prompts:  50%|█████     | 1/2 [00:02<00:02,  2.96s/it][A
Processed prompts: 100%|██████████| 2/2 [00:02<00:00,  1.48s/it]

Processing examples: 257it [12:41,  2.97s/it]

Processed prompts:   0%|          | 0/2 [00:00<?, ?it/s][A

Processed prompts:  50%|█████     | 1/2 [00:02<00:02,  2.96s/it][A
Processed prompts: 100%|██████████| 2/2 [00:02<00:00,  1.48s/it]

Processing examples: 258it [12:44,  2.97s/it]

Processed prompts:   0%|          | 0/2 [00:00<?, ?it/s][A

Processed prompts:  50%|█████     | 1/2 [00:02<00:02,  2.96s/it][A
Processed prompts: 100%|██████████| 2/2 [00:02<00:00,  1.48s/it]

Processing examples: 259it [12:47,  2.96s/it]

Processed prompts:   0%|          | 0/2 [00:00<?, ?it/s][A

Processed prompts:  50%|█████     | 1/2 [00:02<00:02,  2.96s/it][A
Processed prompts: 100%|██████████| 2/2 [00:02<00:00,  1.48s/it]

Processing examples: 260it [12:50,  2.97s/it]

Processed prompts:   0%|          | 0/2 [00:00<?, ?it/s][A

Processed prompts:  50%|█████     | 1/2 [00:02<00:02,  2.97s/it][A
Processed prompts: 100%|██████████| 2/2 [00:02<00:00,  1.48s/it]

Processing examples: 261it [12:53,  2.97s/it]

Processed prompts:   0%|          | 0/2 [00:00<?, ?it/s][A

Processed prompts:  50%|█████     | 1/2 [00:02<00:02,  2.97s/it][A
Processed prompts: 100%|██████████| 2/2 [00:02<00:00,  1.49s/it]

Processing examples: 262it [12:56,  2.97s/it]

Processed prompts:   0%|          | 0/2 [00:00<?, ?it/s][A

Processed prompts:  50%|█████     | 1/2 [00:02<00:02,  2.98s/it][A
Processed prompts: 100%|██████████| 2/2 [00:02<00:00,  1.49s/it]

Processing examples: 263it [12:59,  2.98s/it]

Processed prompts:   0%|          | 0/2 [00:00<?, ?it/s][A

Processed prompts:  50%|█████     | 1/2 [00:02<00:02,  2.96s/it][A
Processed prompts: 100%|██████████| 2/2 [00:02<00:00,  1.48s/it]

Processing examples: 264it [13:02,  2.97s/it]

Processed prompts:   0%|          | 0/2 [00:00<?, ?it/s][A

Processed prompts:  50%|█████     | 1/2 [00:02<00:02,  2.97s/it][A
Processed prompts: 100%|██████████| 2/2 [00:02<00:00,  1.48s/it]

Processing examples: 265it [13:05,  2.97s/it]

Processed prompts:   0%|          | 0/2 [00:00<?, ?it/s][A

Processed prompts:  50%|█████     | 1/2 [00:02<00:02,  2.96s/it][A
Processed prompts: 100%|██████████| 2/2 [00:02<00:00,  1.48s/it]

Processing examples: 266it [13:08,  2.97s/it]

Processed prompts:   0%|          | 0/2 [00:00<?, ?it/s][A

Processed prompts:  50%|█████     | 1/2 [00:02<00:02,  2.96s/it][A
Processed prompts: 100%|██████████| 2/2 [00:02<00:00,  1.48s/it]

Processing examples: 267it [13:11,  2.97s/it]

Processed prompts:   0%|          | 0/2 [00:00<?, ?it/s][A

Processed prompts:  50%|█████     | 1/2 [00:02<00:02,  2.96s/it][A
Processed prompts: 100%|██████████| 2/2 [00:02<00:00,  1.48s/it]

Processing examples: 268it [13:14,  2.97s/it]

Processed prompts:   0%|          | 0/2 [00:00<?, ?it/s][A

Processed prompts:  50%|█████     | 1/2 [00:02<00:02,  2.96s/it][A
Processed prompts: 100%|██████████| 2/2 [00:02<00:00,  1.48s/it]

Processing examples: 269it [13:17,  2.97s/it]

Processed prompts:   0%|          | 0/2 [00:00<?, ?it/s][A

Processed prompts:  50%|█████     | 1/2 [00:02<00:02,  2.96s/it][A
Processed prompts: 100%|██████████| 2/2 [00:02<00:00,  1.48s/it]

Processing examples: 270it [13:20,  2.97s/it]

Processed prompts:   0%|          | 0/2 [00:00<?, ?it/s][A

Processed prompts:  50%|█████     | 1/2 [00:02<00:02,  2.96s/it][A
Processed prompts: 100%|██████████| 2/2 [00:02<00:00,  1.48s/it]

Processing examples: 271it [13:23,  2.97s/it]

Processed prompts:   0%|          | 0/2 [00:00<?, ?it/s][A

Processed prompts:  50%|█████     | 1/2 [00:02<00:02,  2.96s/it][A
Processed prompts: 100%|██████████| 2/2 [00:02<00:00,  1.48s/it]

Processing examples: 272it [13:26,  2.97s/it]

Processed prompts:   0%|          | 0/2 [00:00<?, ?it/s][A

Processed prompts:  50%|█████     | 1/2 [00:02<00:02,  2.96s/it][A
Processed prompts: 100%|██████████| 2/2 [00:02<00:00,  1.48s/it]

Processing examples: 273it [13:28,  2.96s/it]

Processed prompts:   0%|          | 0/2 [00:00<?, ?it/s][A

Processed prompts:  50%|█████     | 1/2 [00:02<00:02,  2.97s/it][A
Processed prompts: 100%|██████████| 2/2 [00:02<00:00,  1.49s/it]

Processing examples: 274it [13:31,  2.97s/it]

Processed prompts:   0%|          | 0/2 [00:00<?, ?it/s][A

Processed prompts:  50%|█████     | 1/2 [00:02<00:02,  2.97s/it][A
Processed prompts: 100%|██████████| 2/2 [00:02<00:00,  1.49s/it]

Processing examples: 275it [13:34,  2.97s/it]

Processed prompts:   0%|          | 0/2 [00:00<?, ?it/s][A

Processed prompts:  50%|█████     | 1/2 [00:02<00:02,  2.96s/it][A
Processed prompts: 100%|██████████| 2/2 [00:02<00:00,  1.48s/it]

Processing examples: 276it [13:37,  2.97s/it]

Processed prompts:   0%|          | 0/2 [00:00<?, ?it/s][A

Processed prompts:  50%|█████     | 1/2 [00:02<00:02,  2.96s/it][A
Processed prompts: 100%|██████████| 2/2 [00:02<00:00,  1.48s/it]

Processing examples: 277it [13:40,  2.97s/it]

Processed prompts:   0%|          | 0/2 [00:00<?, ?it/s][A

Processed prompts:  50%|█████     | 1/2 [00:02<00:02,  2.96s/it][A
Processed prompts: 100%|██████████| 2/2 [00:02<00:00,  1.48s/it]

Processing examples: 278it [13:43,  2.97s/it]

Processed prompts:   0%|          | 0/2 [00:00<?, ?it/s][A

Processed prompts:  50%|█████     | 1/2 [00:02<00:02,  2.96s/it][A
Processed prompts: 100%|██████████| 2/2 [00:02<00:00,  1.48s/it]

Processing examples: 279it [13:46,  2.97s/it]

Processed prompts:   0%|          | 0/2 [00:00<?, ?it/s][A

Processed prompts:  50%|█████     | 1/2 [00:02<00:02,  2.96s/it][A
Processed prompts: 100%|██████████| 2/2 [00:02<00:00,  1.48s/it]

Processing examples: 280it [13:49,  2.97s/it]

Processed prompts:   0%|          | 0/2 [00:00<?, ?it/s][A

Processed prompts:  50%|█████     | 1/2 [00:02<00:02,  2.96s/it][A
Processed prompts: 100%|██████████| 2/2 [00:02<00:00,  1.48s/it]

Processing examples: 281it [13:52,  2.97s/it]

Processed prompts:   0%|          | 0/2 [00:00<?, ?it/s][A

Processed prompts:  50%|█████     | 1/2 [00:02<00:02,  2.96s/it][A
Processed prompts: 100%|██████████| 2/2 [00:02<00:00,  1.48s/it]

Processing examples: 282it [13:55,  2.97s/it]

Processed prompts:   0%|          | 0/2 [00:00<?, ?it/s][A

Processed prompts:  50%|█████     | 1/2 [00:02<00:02,  2.97s/it][A
Processed prompts: 100%|██████████| 2/2 [00:02<00:00,  1.48s/it]

Processing examples: 283it [13:58,  2.97s/it]

Processed prompts:   0%|          | 0/2 [00:00<?, ?it/s][A

Processed prompts:  50%|█████     | 1/2 [00:02<00:02,  2.96s/it][A
Processed prompts: 100%|██████████| 2/2 [00:02<00:00,  1.48s/it]

Processing examples: 284it [14:01,  2.97s/it]

Processed prompts:   0%|          | 0/2 [00:00<?, ?it/s][A

Processed prompts:  50%|█████     | 1/2 [00:02<00:02,  2.97s/it][A
Processed prompts: 100%|██████████| 2/2 [00:02<00:00,  1.48s/it]

Processing examples: 285it [14:04,  2.97s/it]

Processed prompts:   0%|          | 0/2 [00:00<?, ?it/s][A

Processed prompts:  50%|█████     | 1/2 [00:02<00:02,  2.96s/it][A
Processed prompts: 100%|██████████| 2/2 [00:02<00:00,  1.48s/it]

Processing examples: 286it [14:07,  2.97s/it]

Processed prompts:   0%|          | 0/2 [00:00<?, ?it/s][A

Processed prompts:  50%|█████     | 1/2 [00:02<00:02,  2.96s/it][A
Processed prompts: 100%|██████████| 2/2 [00:02<00:00,  1.48s/it]

Processing examples: 287it [14:10,  2.97s/it]

Processed prompts:   0%|          | 0/2 [00:00<?, ?it/s][A

Processed prompts:  50%|█████     | 1/2 [00:02<00:02,  2.97s/it][A
Processed prompts: 100%|██████████| 2/2 [00:02<00:00,  1.48s/it]

Processing examples: 288it [14:13,  2.97s/it]

Processed prompts:   0%|          | 0/2 [00:00<?, ?it/s][A

Processed prompts:  50%|█████     | 1/2 [00:02<00:02,  2.96s/it][A
Processed prompts: 100%|██████████| 2/2 [00:02<00:00,  1.48s/it]

Processing examples: 289it [14:16,  2.97s/it]

Processed prompts:   0%|          | 0/2 [00:00<?, ?it/s][A

Processed prompts:  50%|█████     | 1/2 [00:02<00:02,  2.98s/it][A
Processed prompts: 100%|██████████| 2/2 [00:02<00:00,  1.49s/it]

Processing examples: 290it [14:19,  2.97s/it]

Processed prompts:   0%|          | 0/2 [00:00<?, ?it/s][A

Processed prompts:  50%|█████     | 1/2 [00:02<00:02,  2.96s/it][A
Processed prompts: 100%|██████████| 2/2 [00:02<00:00,  1.48s/it]

Processing examples: 291it [14:22,  2.97s/it]

Processed prompts:   0%|          | 0/2 [00:00<?, ?it/s][A

Processed prompts:  50%|█████     | 1/2 [00:02<00:02,  2.96s/it][A
Processed prompts: 100%|██████████| 2/2 [00:02<00:00,  1.48s/it]

Processing examples: 292it [14:25,  2.97s/it]

Processed prompts:   0%|          | 0/2 [00:00<?, ?it/s][A

Processed prompts:  50%|█████     | 1/2 [00:02<00:02,  2.96s/it][A
Processed prompts: 100%|██████████| 2/2 [00:02<00:00,  1.48s/it]

Processing examples: 293it [14:28,  2.97s/it]

Processed prompts:   0%|          | 0/2 [00:00<?, ?it/s][A

Processed prompts:  50%|█████     | 1/2 [00:02<00:02,  2.98s/it][A
Processed prompts: 100%|██████████| 2/2 [00:02<00:00,  1.49s/it]

Processing examples: 294it [14:31,  2.97s/it]

Processed prompts:   0%|          | 0/2 [00:00<?, ?it/s][A

Processed prompts:  50%|█████     | 1/2 [00:02<00:02,  2.98s/it][A
Processed prompts: 100%|██████████| 2/2 [00:02<00:00,  1.49s/it]

Processing examples: 295it [14:34,  2.98s/it]

Processed prompts:   0%|          | 0/2 [00:00<?, ?it/s][A

Processed prompts:  50%|█████     | 1/2 [00:02<00:02,  2.97s/it][A
Processed prompts: 100%|██████████| 2/2 [00:02<00:00,  1.48s/it]

Processing examples: 296it [14:37,  2.98s/it]

Processed prompts:   0%|          | 0/2 [00:00<?, ?it/s][A

Processed prompts:  50%|█████     | 1/2 [00:02<00:02,  2.96s/it][A
Processed prompts: 100%|██████████| 2/2 [00:02<00:00,  1.48s/it]

Processing examples: 297it [14:40,  2.97s/it]

Processed prompts:   0%|          | 0/2 [00:00<?, ?it/s][A

Processed prompts:  50%|█████     | 1/2 [00:02<00:02,  2.97s/it][A
Processed prompts: 100%|██████████| 2/2 [00:02<00:00,  1.49s/it]

Processing examples: 298it [14:43,  2.97s/it]

Processed prompts:   0%|          | 0/2 [00:00<?, ?it/s][A

Processed prompts:  50%|█████     | 1/2 [00:02<00:02,  2.97s/it][A
Processed prompts: 100%|██████████| 2/2 [00:02<00:00,  1.48s/it]

Processing examples: 299it [14:46,  2.97s/it]

Processed prompts:   0%|          | 0/2 [00:00<?, ?it/s][A

Processed prompts:  50%|█████     | 1/2 [00:02<00:02,  2.96s/it][A
Processed prompts: 100%|██████████| 2/2 [00:02<00:00,  1.48s/it]

Processing examples: 300it [14:49,  2.97s/it]

Processed prompts:   0%|          | 0/2 [00:00<?, ?it/s][A

Processed prompts:  50%|█████     | 1/2 [00:02<00:02,  2.96s/it][A
Processed prompts: 100%|██████████| 2/2 [00:02<00:00,  1.48s/it]

Processing examples: 301it [14:52,  2.97s/it]

Processed prompts:   0%|          | 0/2 [00:00<?, ?it/s][A

Processed prompts:  50%|█████     | 1/2 [00:02<00:02,  2.97s/it][A
Processed prompts: 100%|██████████| 2/2 [00:02<00:00,  1.48s/it]

Processing examples: 302it [14:55,  2.97s/it]

Processed prompts:   0%|          | 0/2 [00:00<?, ?it/s][A

Processed prompts:  50%|█████     | 1/2 [00:02<00:02,  2.95s/it][A
Processed prompts: 100%|██████████| 2/2 [00:02<00:00,  1.48s/it]

Processing examples: 303it [14:58,  2.97s/it]

Processed prompts:   0%|          | 0/2 [00:00<?, ?it/s][A

Processed prompts:  50%|█████     | 1/2 [00:02<00:02,  2.97s/it][A
Processed prompts: 100%|██████████| 2/2 [00:02<00:00,  1.48s/it]

Processing examples: 304it [15:01,  2.97s/it]

Processed prompts:   0%|          | 0/2 [00:00<?, ?it/s][A

Processed prompts:  50%|█████     | 1/2 [00:02<00:02,  2.96s/it][A
Processed prompts: 100%|██████████| 2/2 [00:02<00:00,  1.48s/it]

Processing examples: 305it [15:04,  2.97s/it]

Processed prompts:   0%|          | 0/2 [00:00<?, ?it/s][A

Processed prompts:  50%|█████     | 1/2 [00:02<00:02,  2.96s/it][A
Processed prompts: 100%|██████████| 2/2 [00:02<00:00,  1.48s/it]

Processing examples: 306it [15:07,  2.97s/it]

Processed prompts:   0%|          | 0/2 [00:00<?, ?it/s][A

Processed prompts:  50%|█████     | 1/2 [00:02<00:02,  2.96s/it][A
Processed prompts: 100%|██████████| 2/2 [00:02<00:00,  1.48s/it]

Processing examples: 307it [15:09,  2.97s/it]

Processed prompts:   0%|          | 0/2 [00:00<?, ?it/s][A

Processed prompts:  50%|█████     | 1/2 [00:02<00:02,  2.96s/it][A
Processed prompts: 100%|██████████| 2/2 [00:02<00:00,  1.48s/it]

Processing examples: 308it [15:12,  2.97s/it]

Processed prompts:   0%|          | 0/2 [00:00<?, ?it/s][A

Processed prompts:  50%|█████     | 1/2 [00:02<00:02,  2.96s/it][A
Processed prompts: 100%|██████████| 2/2 [00:02<00:00,  1.48s/it]

Processing examples: 309it [15:15,  2.97s/it]

Processed prompts:   0%|          | 0/2 [00:00<?, ?it/s][A

Processed prompts:  50%|█████     | 1/2 [00:02<00:02,  2.96s/it][A
Processed prompts: 100%|██████████| 2/2 [00:02<00:00,  1.48s/it]

Processing examples: 310it [15:18,  2.97s/it]

Processed prompts:   0%|          | 0/2 [00:00<?, ?it/s][A

Processed prompts:  50%|█████     | 1/2 [00:02<00:02,  2.96s/it][A
Processed prompts: 100%|██████████| 2/2 [00:02<00:00,  1.48s/it]

Processing examples: 311it [15:21,  2.97s/it]

Processed prompts:   0%|          | 0/2 [00:00<?, ?it/s][A