
Processing examples: 0it [00:00, ?it/s]

Processed prompts:   0%|          | 0/2 [00:00<?, ?it/s][A

Processed prompts:  50%|█████     | 1/2 [00:05<00:05,  5.68s/it][A
Processed prompts: 100%|██████████| 2/2 [00:05<00:00,  2.84s/it]

Processing examples: 1it [00:05,  5.68s/it]

Processed prompts:   0%|          | 0/2 [00:00<?, ?it/s][A

Processed prompts:  50%|█████     | 1/2 [00:05<00:05,  5.62s/it][A
Processed prompts: 100%|██████████| 2/2 [00:05<00:00,  2.81s/it]

Processing examples: 2it [00:11,  5.65s/it]

Processed prompts:   0%|          | 0/2 [00:00<?, ?it/s][A

Processed prompts:  50%|█████     | 1/2 [00:05<00:05,  5.61s/it][A
Processed prompts: 100%|██████████| 2/2 [00:05<00:00,  2.81s/it]

Processing examples: 3it [00:16,  5.63s/it]

Processed prompts:   0%|          | 0/2 [00:00<?, ?it/s][A

Processed prompts:  50%|█████     | 1/2 [00:05<00:05,  5.63s/it][A
Processed prompts: 100%|██████████| 2/2 [00:05<00:00,  2.81s/it]

Processing examples: 4it [00:22,  5.63s/it]

Processed prompts:   0%|          | 0/2 [00:00<?, ?it/s][A

Processed prompts:  50%|█████     | 1/2 [00:05<00:05,  5.72s/it][A
Processed prompts: 100%|██████████| 2/2 [00:05<00:00,  2.86s/it]

Processing examples: 5it [00:28,  5.66s/it]

Processed prompts:   0%|          | 0/2 [00:00<?, ?it/s][A

Processed prompts:  50%|█████     | 1/2 [00:05<00:05,  5.55s/it][A
Processed prompts: 100%|██████████| 2/2 [00:05<00:00,  2.78s/it]

Processing examples: 6it [00:33,  5.63s/it]

Processed prompts:   0%|          | 0/2 [00:00<?, ?it/s][A

Processed prompts:  50%|█████     | 1/2 [00:05<00:05,  5.63s/it][A
Processed prompts: 100%|██████████| 2/2 [00:05<00:00,  2.81s/it]

Processing examples: 7it [00:39,  5.63s/it]

Processed prompts:   0%|          | 0/2 [00:00<?, ?it/s][A

Processed prompts:  50%|█████     | 1/2 [00:05<00:05,  5.59s/it][A
Processed prompts: 100%|██████████| 2/2 [00:05<00:00,  2.79s/it]

Processing examples: 8it [00:45,  5.62s/it]

Processed prompts:   0%|          | 0/2 [00:00<?, ?it/s][A

Processed prompts:  50%|█████     | 1/2 [00:05<00:05,  5.57s/it][A
Processed prompts: 100%|██████████| 2/2 [00:05<00:00,  2.78s/it]

Processing examples: 9it [00:50,  5.60s/it]

Processed prompts:   0%|          | 0/2 [00:00<?, ?it/s][A

Processed prompts:  50%|█████     | 1/2 [00:05<00:05,  5.59s/it][A
Processed prompts: 100%|██████████| 2/2 [00:05<00:00,  2.79s/it]

Processing examples: 10it [00:56,  5.60s/it]

Processed prompts:   0%|          | 0/2 [00:00<?, ?it/s][A

Processed prompts:  50%|█████     | 1/2 [00:05<00:05,  5.62s/it][A
Processed prompts: 100%|██████████| 2/2 [00:05<00:00,  2.81s/it]

Processing examples: 11it [01:01,  5.61s/it]

Processed prompts:   0%|          | 0/2 [00:00<?, ?it/s][A

Processed prompts:  50%|█████     | 1/2 [00:05<00:05,  5.58s/it][A
Processed prompts: 100%|██████████| 2/2 [00:05<00:00,  2.79s/it]

Processing examples: 12it [01:07,  5.60s/it]

Processed prompts:   0%|          | 0/2 [00:00<?, ?it/s][A

Processed prompts:  50%|█████     | 1/2 [00:05<00:05,  5.62s/it][A
Processed prompts: 100%|██████████| 2/2 [00:05<00:00,  2.81s/it]

Processing examples: 13it [01:13,  5.61s/it]

Processed prompts:   0%|          | 0/2 [00:00<?, ?it/s][A

Processed prompts:  50%|█████     | 1/2 [00:05<00:05,  5.55s/it][A
Processed prompts: 100%|██████████| 2/2 [00:05<00:00,  2.78s/it]

Processing examples: 14it [01:18,  5.59s/it]

Processed prompts:   0%|          | 0/2 [00:00<?, ?it/s][A

Processed prompts:  50%|█████     | 1/2 [00:05<00:05,  5.68s/it][A
Processed prompts: 100%|██████████| 2/2 [00:05<00:00,  2.84s/it]

Processing examples: 15it [01:24,  5.62s/it]

Processed prompts:   0%|          | 0/2 [00:00<?, ?it/s][A

Processed prompts:  50%|█████     | 1/2 [00:05<00:05,  5.57s/it][A
Processed prompts: 100%|██████████| 2/2 [00:05<00:00,  2.79s/it]

Processing examples: 16it [01:29,  5.61s/it]

Processed prompts:   0%|          | 0/2 [00:00<?, ?it/s][A

Processed prompts:  50%|█████     | 1/2 [00:05<00:05,  5.61s/it][A
Processed prompts: 100%|██████████| 2/2 [00:05<00:00,  2.81s/it]

Processing examples: 17it [01:35,  5.61s/it]

Processed prompts:   0%|          | 0/2 [00:00<?, ?it/s][A

Processed prompts:  50%|█████     | 1/2 [00:05<00:05,  5.56s/it][A
Processed prompts: 100%|██████████| 2/2 [00:05<00:00,  2.78s/it]

Processing examples: 18it [01:41,  5.59s/it]

Processed prompts:   0%|          | 0/2 [00:00<?, ?it/s][A

Processed prompts:  50%|█████     | 1/2 [00:05<00:05,  5.62s/it][A
Processed prompts: 100%|██████████| 2/2 [00:05<00:00,  2.81s/it]

Processing examples: 19it [01:46,  5.60s/it]

Processed prompts:   0%|          | 0/2 [00:00<?, ?it/s][A

Processed prompts:  50%|█████     | 1/2 [00:05<00:05,  5.62s/it][A
Processed prompts: 100%|██████████| 2/2 [00:05<00:00,  2.81s/it]

Processing examples: 20it [01:52,  5.61s/it]

Processed prompts:   0%|          | 0/2 [00:00<?, ?it/s][A

Processed prompts:  50%|█████     | 1/2 [00:05<00:05,  5.58s/it][A
Processed prompts: 100%|██████████| 2/2 [00:05<00:00,  2.79s/it]

Processing examples: 21it [01:57,  5.60s/it]

Processed prompts:   0%|          | 0/2 [00:00<?, ?it/s][A

Processed prompts:  50%|█████     | 1/2 [00:05<00:05,  5.61s/it][A
Processed prompts: 100%|██████████| 2/2 [00:05<00:00,  2.81s/it]

Processing examples: 22it [02:03,  5.61s/it]

Processed prompts:   0%|          | 0/2 [00:00<?, ?it/s][A

Processed prompts:  50%|█████     | 1/2 [00:05<00:05,  5.61s/it][A
Processed prompts: 100%|██████████| 2/2 [00:05<00:00,  2.80s/it]

Processing examples: 23it [02:09,  5.61s/it]

Processed prompts:   0%|          | 0/2 [00:00<?, ?it/s][A

Processed prompts:  50%|█████     | 1/2 [00:05<00:05,  5.65s/it][A
Processed prompts: 100%|██████████| 2/2 [00:05<00:00,  2.82s/it]

Processing examples: 24it [02:14,  5.62s/it]

Processed prompts:   0%|          | 0/2 [00:00<?, ?it/s][A

Processed prompts:  50%|█████     | 1/2 [00:05<00:05,  5.62s/it][A
Processed prompts: 100%|██████████| 2/2 [00:05<00:00,  2.81s/it]

Processing examples: 25it [02:20,  5.62s/it]

Processed prompts:   0%|          | 0/2 [00:00<?, ?it/s][A

Processed prompts:  50%|█████     | 1/2 [00:05<00:05,  5.58s/it][A
Processed prompts: 100%|██████████| 2/2 [00:05<00:00,  2.79s/it]

Processing examples: 26it [02:25,  5.61s/it]

Processed prompts:   0%|          | 0/2 [00:00<?, ?it/s][A

Processed prompts:  50%|█████     | 1/2 [00:05<00:05,  5.62s/it][A
Processed prompts: 100%|██████████| 2/2 [00:05<00:00,  2.81s/it]

Processing examples: 27it [02:31,  5.62s/it]

Processed prompts:   0%|          | 0/2 [00:00<?, ?it/s][A

Processed prompts:  50%|█████     | 1/2 [00:05<00:05,  5.59s/it][A
Processed prompts: 100%|██████████| 2/2 [00:05<00:00,  2.80s/it]

Processing examples: 28it [02:37,  5.61s/it]

Processed prompts:   0%|          | 0/2 [00:00<?, ?it/s][A

Processed prompts:  50%|█████     | 1/2 [00:05<00:05,  5.61s/it][A
Processed prompts: 100%|██████████| 2/2 [00:05<00:00,  2.81s/it]

Processing examples: 29it [02:42,  5.61s/it]

Processed prompts:   0%|          | 0/2 [00:00<?, ?it/s][A

Processed prompts:  50%|█████     | 1/2 [00:05<00:05,  5.56s/it][A
Processed prompts: 100%|██████████| 2/2 [00:05<00:00,  2.78s/it]

Processing examples: 30it [02:48,  5.60s/it]

Processed prompts:   0%|          | 0/2 [00:00<?, ?it/s][A

Processed prompts:  50%|█████     | 1/2 [00:05<00:05,  5.62s/it][A
Processed prompts: 100%|██████████| 2/2 [00:05<00:00,  2.81s/it]

Processing examples: 31it [02:53,  5.60s/it]

Processed prompts:   0%|          | 0/2 [00:00<?, ?it/s][A

Processed prompts:  50%|█████     | 1/2 [00:05<00:05,  5.63s/it][A
Processed prompts: 100%|██████████| 2/2 [00:05<00:00,  2.81s/it]

Processing examples: 32it [02:59,  5.61s/it]

Processed prompts:   0%|          | 0/2 [00:00<?, ?it/s][A

Processed prompts:  50%|█████     | 1/2 [00:05<00:05,  5.60s/it][A
Processed prompts: 100%|██████████| 2/2 [00:05<00:00,  2.80s/it]

Processing examples: 33it [03:05,  5.61s/it]

Processed prompts:   0%|          | 0/2 [00:00<?, ?it/s][A

Processed prompts:  50%|█████     | 1/2 [00:05<00:05,  5.62s/it][A
Processed prompts: 100%|██████████| 2/2 [00:05<00:00,  2.81s/it]

Processing examples: 34it [03:10,  5.62s/it]

Processed prompts:   0%|          | 0/2 [00:00<?, ?it/s][A

Processed prompts:  50%|█████     | 1/2 [00:05<00:05,  5.59s/it][A
Processed prompts: 100%|██████████| 2/2 [00:05<00:00,  2.80s/it]

Processing examples: 35it [03:16,  5.61s/it]

Processed prompts:   0%|          | 0/2 [00:00<?, ?it/s][A

Processed prompts:  50%|█████     | 1/2 [00:05<00:05,  5.60s/it][A
Processed prompts: 100%|██████████| 2/2 [00:05<00:00,  2.80s/it]

Processing examples: 36it [03:22,  5.61s/it]

Processed prompts:   0%|          | 0/2 [00:00<?, ?it/s][A

Processed prompts:  50%|█████     | 1/2 [00:05<00:05,  5.62s/it][A
Processed prompts: 100%|██████████| 2/2 [00:05<00:00,  2.81s/it]

Processing examples: 37it [03:27,  5.61s/it]

Processed prompts:   0%|          | 0/2 [00:00<?, ?it/s][A

Processed prompts:  50%|█████     | 1/2 [00:05<00:05,  5.59s/it][A
Processed prompts: 100%|██████████| 2/2 [00:05<00:00,  2.79s/it]

Processing examples: 38it [03:33,  5.61s/it]

Processed prompts:   0%|          | 0/2 [00:00<?, ?it/s][A

Processed prompts:  50%|█████     | 1/2 [00:05<00:05,  5.57s/it][A
Processed prompts: 100%|██████████| 2/2 [00:05<00:00,  2.79s/it]

Processing examples: 39it [03:38,  5.60s/it]

Processed prompts:   0%|          | 0/2 [00:00<?, ?it/s][A

Processed prompts:  50%|█████     | 1/2 [00:05<00:05,  5.63s/it][A
Processed prompts: 100%|██████████| 2/2 [00:05<00:00,  2.82s/it]

Processing examples: 40it [03:44,  5.61s/it]

Processed prompts:   0%|          | 0/2 [00:00<?, ?it/s][A

Processed prompts:  50%|█████     | 1/2 [00:05<00:05,  5.63s/it][A
Processed prompts: 100%|██████████| 2/2 [00:05<00:00,  2.82s/it]

Processing examples: 41it [03:50,  5.62s/it]

Processed prompts:   0%|          | 0/2 [00:00<?, ?it/s][A

Processed prompts:  50%|█████     | 1/2 [00:05<00:05,  5.59s/it][A
Processed prompts: 100%|██████████| 2/2 [00:05<00:00,  2.80s/it]

Processing examples: 42it [03:55,  5.61s/it]

Processed prompts:   0%|          | 0/2 [00:00<?, ?it/s][A

Processed prompts:  50%|█████     | 1/2 [00:05<00:05,  5.61s/it][A
Processed prompts: 100%|██████████| 2/2 [00:05<00:00,  2.80s/it]

Processing examples: 43it [04:01,  5.61s/it]

Processed prompts:   0%|          | 0/2 [00:00<?, ?it/s][A

Processed prompts:  50%|█████     | 1/2 [00:05<00:05,  5.60s/it][A
Processed prompts: 100%|██████████| 2/2 [00:05<00:00,  2.80s/it]

Processing examples: 44it [04:06,  5.61s/it]

Processed prompts:   0%|          | 0/2 [00:00<?, ?it/s][A

Processed prompts:  50%|█████     | 1/2 [00:05<00:05,  5.61s/it][A
Processed prompts: 100%|██████████| 2/2 [00:05<00:00,  2.80s/it]

Processing examples: 45it [04:12,  5.61s/it]

Processed prompts:   0%|          | 0/2 [00:00<?, ?it/s][A

Processed prompts:  50%|█████     | 1/2 [00:05<00:05,  5.61s/it][A
Processed prompts: 100%|██████████| 2/2 [00:05<00:00,  2.81s/it]

Processing examples: 46it [04:18,  5.61s/it]

Processed prompts:   0%|          | 0/2 [00:00<?, ?it/s][A

Processed prompts:  50%|█████     | 1/2 [00:05<00:05,  5.59s/it][A
Processed prompts: 100%|██████████| 2/2 [00:05<00:00,  2.79s/it]

Processing examples: 47it [04:23,  5.61s/it]

Processed prompts:   0%|          | 0/2 [00:00<?, ?it/s][A

Processed prompts:  50%|█████     | 1/2 [00:05<00:05,  5.62s/it][A
Processed prompts: 100%|██████████| 2/2 [00:05<00:00,  2.81s/it]

Processing examples: 48it [04:29,  5.61s/it]

Processed prompts:   0%|          | 0/2 [00:00<?, ?it/s][A

Processed prompts:  50%|█████     | 1/2 [00:05<00:05,  5.61s/it][A
Processed prompts: 100%|██████████| 2/2 [00:05<00:00,  2.81s/it]

Processing examples: 49it [04:34,  5.61s/it]

Processed prompts:   0%|          | 0/2 [00:00<?, ?it/s][A

Processed prompts:  50%|█████     | 1/2 [00:05<00:05,  5.60s/it][A
Processed prompts: 100%|██████████| 2/2 [00:05<00:00,  2.80s/it]

Processing examples: 50it [04:40,  5.61s/it]

Processed prompts:   0%|          | 0/2 [00:00<?, ?it/s][A

Processed prompts:  50%|█████     | 1/2 [00:05<00:05,  5.72s/it][A
Processed prompts: 100%|██████████| 2/2 [00:05<00:00,  2.86s/it]

Processing examples: 51it [04:46,  5.64s/it]

Processed prompts:   0%|          | 0/2 [00:00<?, ?it/s][A

Processed prompts:  50%|█████     | 1/2 [00:05<00:05,  5.62s/it][A
Processed prompts: 100%|██████████| 2/2 [00:05<00:00,  2.81s/it]

Processing examples: 52it [04:51,  5.64s/it]

Processed prompts:   0%|          | 0/2 [00:00<?, ?it/s][A

Processed prompts:  50%|█████     | 1/2 [00:05<00:05,  5.61s/it][A
Processed prompts: 100%|██████████| 2/2 [00:05<00:00,  2.81s/it]

Processing examples: 53it [04:57,  5.63s/it]

Processed prompts:   0%|          | 0/2 [00:00<?, ?it/s][A

Processed prompts:  50%|█████     | 1/2 [00:05<00:05,  5.64s/it][A
Processed prompts: 100%|██████████| 2/2 [00:05<00:00,  2.82s/it]

Processing examples: 54it [05:03,  5.64s/it]

Processed prompts:   0%|          | 0/2 [00:00<?, ?it/s][A

Processed prompts:  50%|█████     | 1/2 [00:05<00:05,  5.62s/it][A
Processed prompts: 100%|██████████| 2/2 [00:05<00:00,  2.81s/it]

Processing examples: 55it [05:08,  5.63s/it]

Processed prompts:   0%|          | 0/2 [00:00<?, ?it/s][A

Processed prompts:  50%|█████     | 1/2 [00:05<00:05,  5.61s/it][A
Processed prompts: 100%|██████████| 2/2 [00:05<00:00,  2.80s/it]

Processing examples: 56it [05:14,  5.63s/it]

Processed prompts:   0%|          | 0/2 [00:00<?, ?it/s][A

Processed prompts:  50%|█████     | 1/2 [00:05<00:05,  5.59s/it][A
Processed prompts: 100%|██████████| 2/2 [00:05<00:00,  2.80s/it]

Processing examples: 57it [05:20,  5.62s/it]

Processed prompts:   0%|          | 0/2 [00:00<?, ?it/s][A

Processed prompts:  50%|█████     | 1/2 [00:05<00:05,  5.63s/it][A
Processed prompts: 100%|██████████| 2/2 [00:05<00:00,  2.82s/it]

Processing examples: 58it [05:25,  5.62s/it]

Processed prompts:   0%|          | 0/2 [00:00<?, ?it/s][A

Processed prompts:  50%|█████     | 1/2 [00:05<00:05,  5.61s/it][A
Processed prompts: 100%|██████████| 2/2 [00:05<00:00,  2.81s/it]

Processing examples: 59it [05:31,  5.62s/it]

Processed prompts:   0%|          | 0/2 [00:00<?, ?it/s][A

Processed prompts:  50%|█████     | 1/2 [00:05<00:05,  5.61s/it][A
Processed prompts: 100%|██████████| 2/2 [00:05<00:00,  2.81s/it]

Processing examples: 60it [05:36,  5.62s/it]

Processed prompts:   0%|          | 0/2 [00:00<?, ?it/s][A

Processed prompts:  50%|█████     | 1/2 [00:05<00:05,  5.61s/it][A
Processed prompts: 100%|██████████| 2/2 [00:05<00:00,  2.80s/it]

Processing examples: 61it [05:42,  5.62s/it]

Processed prompts:   0%|          | 0/2 [00:00<?, ?it/s][A

Processed prompts:  50%|█████     | 1/2 [00:05<00:05,  5.26s/it][A
Processed prompts: 100%|██████████| 2/2 [00:05<00:00,  2.63s/it]

Processing examples: 62it [05:47,  5.51s/it]

Processed prompts:   0%|          | 0/2 [00:00<?, ?it/s][A

Processed prompts:  50%|█████     | 1/2 [00:05<00:05,  5.60s/it][A
Processed prompts: 100%|██████████| 2/2 [00:05<00:00,  2.80s/it]

Processing examples: 63it [05:53,  5.54s/it]

Processed prompts:   0%|          | 0/2 [00:00<?, ?it/s][A

Processed prompts:  50%|█████     | 1/2 [00:05<00:05,  5.64s/it][A
Processed prompts: 100%|██████████| 2/2 [00:05<00:00,  2.82s/it]

Processing examples: 64it [05:59,  5.57s/it]

Processed prompts:   0%|          | 0/2 [00:00<?, ?it/s][A

Processed prompts:  50%|█████     | 1/2 [00:05<00:05,  5.61s/it][A
Processed prompts: 100%|██████████| 2/2 [00:05<00:00,  2.80s/it]

Processing examples: 65it [06:04,  5.58s/it]

Processed prompts:   0%|          | 0/2 [00:00<?, ?it/s][A

Processed prompts:  50%|█████     | 1/2 [00:05<00:05,  5.55s/it][A
Processed prompts: 100%|██████████| 2/2 [00:05<00:00,  2.78s/it]

Processing examples: 66it [06:10,  5.57s/it]

Processed prompts:   0%|          | 0/2 [00:00<?, ?it/s][A

Processed prompts:  50%|█████     | 1/2 [00:05<00:05,  5.61s/it][A
Processed prompts: 100%|██████████| 2/2 [00:05<00:00,  2.81s/it]

Processing examples: 67it [06:15,  5.59s/it]

Processed prompts:   0%|          | 0/2 [00:00<?, ?it/s][A

Processed prompts:  50%|█████     | 1/2 [00:05<00:05,  5.60s/it][A
Processed prompts: 100%|██████████| 2/2 [00:05<00:00,  2.80s/it]

Processing examples: 68it [06:21,  5.59s/it]

Processed prompts:   0%|          | 0/2 [00:00<?, ?it/s][A

Processed prompts:  50%|█████     | 1/2 [00:05<00:05,  5.60s/it][A
Processed prompts: 100%|██████████| 2/2 [00:05<00:00,  2.80s/it]

Processing examples: 69it [06:26,  5.60s/it]

Processed prompts:   0%|          | 0/2 [00:00<?, ?it/s][A

Processed prompts:  50%|█████     | 1/2 [00:05<00:05,  5.61s/it][A
Processed prompts: 100%|██████████| 2/2 [00:05<00:00,  2.80s/it]

Processing examples: 70it [06:32,  5.60s/it]

Processed prompts:   0%|          | 0/2 [00:00<?, ?it/s][A

Processed prompts:  50%|█████     | 1/2 [00:05<00:05,  5.58s/it][A
Processed prompts: 100%|██████████| 2/2 [00:05<00:00,  2.79s/it]

Processing examples: 71it [06:38,  5.60s/it]

Processed prompts:   0%|          | 0/2 [00:00<?, ?it/s][A

Processed prompts:  50%|█████     | 1/2 [00:05<00:05,  5.61s/it][A
Processed prompts: 100%|██████████| 2/2 [00:05<00:00,  2.80s/it]

Processing examples: 72it [06:43,  5.60s/it]

Processed prompts:   0%|          | 0/2 [00:00<?, ?it/s][A

Processed prompts:  50%|█████     | 1/2 [00:05<00:05,  5.55s/it][A
Processed prompts: 100%|██████████| 2/2 [00:05<00:00,  2.77s/it]

Processing examples: 73it [06:49,  5.59s/it]

Processed prompts:   0%|          | 0/2 [00:00<?, ?it/s][A

Processed prompts:  50%|█████     | 1/2 [00:05<00:05,  5.64s/it][A
Processed prompts: 100%|██████████| 2/2 [00:05<00:00,  2.82s/it]

Processing examples: 74it [06:54,  5.60s/it]

Processed prompts:   0%|          | 0/2 [00:00<?, ?it/s][A

Processed prompts:  50%|█████     | 1/2 [00:05<00:05,  5.62s/it][A
Processed prompts: 100%|██████████| 2/2 [00:05<00:00,  2.81s/it]

Processing examples: 75it [07:00,  5.61s/it]

Processed prompts:   0%|          | 0/2 [00:00<?, ?it/s][A

Processed prompts:  50%|█████     | 1/2 [00:05<00:05,  5.58s/it][A
Processed prompts: 100%|██████████| 2/2 [00:05<00:00,  2.79s/it]

Processing examples: 76it [07:06,  5.60s/it]

Processed prompts:   0%|          | 0/2 [00:00<?, ?it/s][A

Processed prompts:  50%|█████     | 1/2 [00:05<00:05,  5.58s/it][A
Processed prompts: 100%|██████████| 2/2 [00:05<00:00,  2.79s/it]

Processing examples: 77it [07:11,  5.60s/it]

Processed prompts:   0%|          | 0/2 [00:00<?, ?it/s][A

Processed prompts:  50%|█████     | 1/2 [00:05<00:05,  5.61s/it][A
Processed prompts: 100%|██████████| 2/2 [00:05<00:00,  2.80s/it]

Processing examples: 78it [07:17,  5.60s/it]

Processed prompts:   0%|          | 0/2 [00:00<?, ?it/s][A

Processed prompts:  50%|█████     | 1/2 [00:05<00:05,  5.61s/it][A
Processed prompts: 100%|██████████| 2/2 [00:05<00:00,  2.81s/it]

Processing examples: 79it [07:23,  5.61s/it]

Processed prompts:   0%|          | 0/2 [00:00<?, ?it/s][A

Processed prompts:  50%|█████     | 1/2 [00:05<00:05,  5.61s/it][A
Processed prompts: 100%|██████████| 2/2 [00:05<00:00,  2.80s/it]

Processing examples: 80it [07:28,  5.61s/it]

Processed prompts:   0%|          | 0/2 [00:00<?, ?it/s][A

Processed prompts:  50%|█████     | 1/2 [00:05<00:05,  5.62s/it][A
Processed prompts: 100%|██████████| 2/2 [00:05<00:00,  2.81s/it]

Processing examples: 81it [07:34,  5.61s/it]

Processed prompts:   0%|          | 0/2 [00:00<?, ?it/s][A

Processed prompts:  50%|█████     | 1/2 [00:05<00:05,  5.62s/it][A
Processed prompts: 100%|██████████| 2/2 [00:05<00:00,  2.81s/it]

Processing examples: 82it [07:39,  5.61s/it]

Processed prompts:   0%|          | 0/2 [00:00<?, ?it/s][A

Processed prompts:  50%|█████     | 1/2 [00:05<00:05,  5.62s/it][A
Processed prompts: 100%|██████████| 2/2 [00:05<00:00,  2.81s/it]

Processing examples: 83it [07:45,  5.62s/it]

Processed prompts:   0%|          | 0/2 [00:00<?, ?it/s][A

Processed prompts:  50%|█████     | 1/2 [00:05<00:05,  5.65s/it][A
Processed prompts: 100%|██████████| 2/2 [00:05<00:00,  2.82s/it]

Processing examples: 84it [07:51,  5.63s/it]

Processed prompts:   0%|          | 0/2 [00:00<?, ?it/s][A

Processed prompts:  50%|█████     | 1/2 [00:05<00:05,  5.62s/it][A
Processed prompts: 100%|██████████| 2/2 [00:05<00:00,  2.81s/it]

Processing examples: 85it [07:56,  5.63s/it]

Processed prompts:   0%|          | 0/2 [00:00<?, ?it/s][A

Processed prompts:  50%|█████     | 1/2 [00:05<00:05,  5.62s/it][A
Processed prompts: 100%|██████████| 2/2 [00:05<00:00,  2.81s/it]

Processing examples: 86it [08:02,  5.62s/it]

Processed prompts:   0%|          | 0/2 [00:00<?, ?it/s][A

Processed prompts:  50%|█████     | 1/2 [00:05<00:05,  5.61s/it][A
Processed prompts: 100%|██████████| 2/2 [00:05<00:00,  2.80s/it]

Processing examples: 87it [08:07,  5.62s/it]

Processed prompts:   0%|          | 0/2 [00:00<?, ?it/s][A

Processed prompts:  50%|█████     | 1/2 [00:05<00:05,  5.62s/it][A
Processed prompts: 100%|██████████| 2/2 [00:05<00:00,  2.81s/it]

Processing examples: 88it [08:13,  5.62s/it]

Processed prompts:   0%|          | 0/2 [00:00<?, ?it/s][A

Processed prompts:  50%|█████     | 1/2 [00:05<00:05,  5.57s/it][A
Processed prompts: 100%|██████████| 2/2 [00:05<00:00,  2.79s/it]

Processing examples: 89it [08:19,  5.61s/it]

Processed prompts:   0%|          | 0/2 [00:00<?, ?it/s][A

Processed prompts:  50%|█████     | 1/2 [00:05<00:05,  5.64s/it][A
Processed prompts: 100%|██████████| 2/2 [00:05<00:00,  2.82s/it]

Processing examples: 90it [08:24,  5.62s/it]

Processed prompts:   0%|          | 0/2 [00:00<?, ?it/s][A

Processed prompts:  50%|█████     | 1/2 [00:05<00:05,  5.61s/it][A
Processed prompts: 100%|██████████| 2/2 [00:05<00:00,  2.80s/it]

Processing examples: 91it [08:30,  5.62s/it]

Processed prompts:   0%|          | 0/2 [00:00<?, ?it/s][A

Processed prompts:  50%|█████     | 1/2 [00:05<00:05,  5.59s/it][A
Processed prompts: 100%|██████████| 2/2 [00:05<00:00,  2.80s/it]

Processing examples: 92it [08:36,  5.61s/it]

Processed prompts:   0%|          | 0/2 [00:00<?, ?it/s][A

Processed prompts:  50%|█████     | 1/2 [00:05<00:05,  5.60s/it][A
Processed prompts: 100%|██████████| 2/2 [00:05<00:00,  2.80s/it]

Processing examples: 93it [08:41,  5.61s/it]

Processed prompts:   0%|          | 0/2 [00:00<?, ?it/s][A

Processed prompts:  50%|█████     | 1/2 [00:05<00:05,  5.61s/it][A
Processed prompts: 100%|██████████| 2/2 [00:05<00:00,  2.81s/it]

Processing examples: 94it [08:47,  5.61s/it]

Processed prompts:   0%|          | 0/2 [00:00<?, ?it/s][A

Processed prompts:  50%|█████     | 1/2 [00:05<00:05,  5.62s/it][A
Processed prompts: 100%|██████████| 2/2 [00:05<00:00,  2.81s/it]

Processing examples: 95it [08:52,  5.61s/it]

Processed prompts:   0%|          | 0/2 [00:00<?, ?it/s][A

Processed prompts:  50%|█████     | 1/2 [00:05<00:05,  5.71s/it][A
Processed prompts: 100%|██████████| 2/2 [00:05<00:00,  2.85s/it]

Processing examples: 96it [08:58,  5.64s/it]

Processed prompts:   0%|          | 0/2 [00:00<?, ?it/s][A

Processed prompts:  50%|█████     | 1/2 [00:05<00:05,  5.62s/it][A
Processed prompts: 100%|██████████| 2/2 [00:05<00:00,  2.81s/it]

Processing examples: 97it [09:04,  5.64s/it]

Processed prompts:   0%|          | 0/2 [00:00<?, ?it/s][A

Processed prompts:  50%|█████     | 1/2 [00:05<00:05,  5.60s/it][A
Processed prompts: 100%|██████████| 2/2 [00:05<00:00,  2.80s/it]

Processing examples: 98it [09:09,  5.63s/it]

Processed prompts:   0%|          | 0/2 [00:00<?, ?it/s][A

Processed prompts:  50%|█████     | 1/2 [00:05<00:05,  5.59s/it][A
Processed prompts: 100%|██████████| 2/2 [00:05<00:00,  2.80s/it]

Processing examples: 99it [09:15,  5.62s/it]

Processed prompts:   0%|          | 0/2 [00:00<?, ?it/s][A

Processed prompts:  50%|█████     | 1/2 [00:05<00:05,  5.62s/it][A
Processed prompts: 100%|██████████| 2/2 [00:05<00:00,  2.81s/it]

Processing examples: 100it [09:21,  5.62s/it]

Processed prompts:   0%|          | 0/2 [00:00<?, ?it/s][A

Processed prompts:  50%|█████     | 1/2 [00:05<00:05,  5.59s/it][A
Processed prompts: 100%|██████████| 2/2 [00:05<00:00,  2.80s/it]

Processing examples: 101it [09:26,  5.61s/it]

Processed prompts:   0%|          | 0/2 [00:00<?, ?it/s][A

Processed prompts:  50%|█████     | 1/2 [00:05<00:05,  5.62s/it][A
Processed prompts: 100%|██████████| 2/2 [00:05<00:00,  2.81s/it]

Processing examples: 102it [09:32,  5.62s/it]

Processed prompts:   0%|          | 0/2 [00:00<?, ?it/s][A

Processed prompts:  50%|█████     | 1/2 [00:05<00:05,  5.54s/it][A
Processed prompts: 100%|██████████| 2/2 [00:05<00:00,  2.77s/it]

Processing examples: 103it [09:37,  5.60s/it]

Processed prompts:   0%|          | 0/2 [00:00<?, ?it/s][A

Processed prompts:  50%|█████     | 1/2 [00:05<00:05,  5.61s/it][A
Processed prompts: 100%|██████████| 2/2 [00:05<00:00,  2.81s/it]

Processing examples: 104it [09:43,  5.60s/it]

Processed prompts:   0%|          | 0/2 [00:00<?, ?it/s][A

Processed prompts:  50%|█████     | 1/2 [00:05<00:05,  5.62s/it][A
Processed prompts: 100%|██████████| 2/2 [00:05<00:00,  2.81s/it]

Processing examples: 105it [09:49,  5.61s/it]

Processed prompts:   0%|          | 0/2 [00:00<?, ?it/s][A

Processed prompts:  50%|█████     | 1/2 [00:05<00:05,  5.60s/it][A
Processed prompts: 100%|██████████| 2/2 [00:05<00:00,  2.80s/it]

Processing examples: 106it [09:54,  5.61s/it]

Processed prompts:   0%|          | 0/2 [00:00<?, ?it/s][A

Processed prompts:  50%|█████     | 1/2 [00:05<00:05,  5.62s/it][A
Processed prompts: 100%|██████████| 2/2 [00:05<00:00,  2.81s/it]

Processing examples: 107it [10:00,  5.61s/it]

Processed prompts:   0%|          | 0/2 [00:00<?, ?it/s][A

Processed prompts:  50%|█████     | 1/2 [00:05<00:05,  5.57s/it][A
Processed prompts: 100%|██████████| 2/2 [00:05<00:00,  2.79s/it]

Processing examples: 108it [10:05,  5.60s/it]

Processed prompts:   0%|          | 0/2 [00:00<?, ?it/s][A

Processed prompts:  50%|█████     | 1/2 [00:05<00:05,  5.61s/it][A
Processed prompts: 100%|██████████| 2/2 [00:05<00:00,  2.80s/it]

Processing examples: 109it [10:11,  5.61s/it]

Processed prompts:   0%|          | 0/2 [00:00<?, ?it/s][A

Processed prompts:  50%|█████     | 1/2 [00:05<00:05,  5.61s/it][A
Processed prompts: 100%|██████████| 2/2 [00:05<00:00,  2.80s/it]

Processing examples: 110it [10:17,  5.61s/it]

Processed prompts:   0%|          | 0/2 [00:00<?, ?it/s][A

Processed prompts:  50%|█████     | 1/2 [00:05<00:05,  5.60s/it][A
Processed prompts: 100%|██████████| 2/2 [00:05<00:00,  2.80s/it]

Processing examples: 111it [10:22,  5.61s/it]

Processed prompts:   0%|          | 0/2 [00:00<?, ?it/s][A

Processed prompts:  50%|█████     | 1/2 [00:05<00:05,  5.62s/it][A
Processed prompts: 100%|██████████| 2/2 [00:05<00:00,  2.81s/it]

Processing examples: 112it [10:28,  5.61s/it]

Processed prompts:   0%|          | 0/2 [00:00<?, ?it/s][A

Processed prompts:  50%|█████     | 1/2 [00:05<00:05,  5.61s/it][A
Processed prompts: 100%|██████████| 2/2 [00:05<00:00,  2.81s/it]

Processing examples: 113it [10:33,  5.61s/it]

Processed prompts:   0%|          | 0/2 [00:00<?, ?it/s][A

Processed prompts:  50%|█████     | 1/2 [00:05<00:05,  5.66s/it][A
Processed prompts: 100%|██████████| 2/2 [00:05<00:00,  2.83s/it]

Processing examples: 114it [10:39,  5.63s/it]

Processed prompts:   0%|          | 0/2 [00:00<?, ?it/s][A

Processed prompts:  50%|█████     | 1/2 [00:05<00:05,  5.61s/it][A
Processed prompts: 100%|██████████| 2/2 [00:05<00:00,  2.81s/it]

Processing examples: 115it [10:45,  5.63s/it]

Processed prompts:   0%|          | 0/2 [00:00<?, ?it/s][A

Processed prompts:  50%|█████     | 1/2 [00:05<00:05,  5.57s/it][A
Processed prompts: 100%|██████████| 2/2 [00:05<00:00,  2.78s/it]

Processing examples: 116it [10:50,  5.61s/it]

Processed prompts:   0%|          | 0/2 [00:00<?, ?it/s][A

Processed prompts:  50%|█████     | 1/2 [00:05<00:05,  5.61s/it][A
Processed prompts: 100%|██████████| 2/2 [00:05<00:00,  2.81s/it]

Processing examples: 117it [10:56,  5.61s/it]

Processed prompts:   0%|          | 0/2 [00:00<?, ?it/s][A

Processed prompts:  50%|█████     | 1/2 [00:05<00:05,  5.64s/it][A
Processed prompts: 100%|██████████| 2/2 [00:05<00:00,  2.82s/it]

Processing examples: 118it [11:02,  5.62s/it]

Processed prompts:   0%|          | 0/2 [00:00<?, ?it/s][A

Processed prompts:  50%|█████     | 1/2 [00:05<00:05,  5.62s/it][A
Processed prompts: 100%|██████████| 2/2 [00:05<00:00,  2.81s/it]

Processing examples: 119it [11:07,  5.62s/it]

Processed prompts:   0%|          | 0/2 [00:00<?, ?it/s][A

Processed prompts:  50%|█████     | 1/2 [00:05<00:05,  5.59s/it][A
Processed prompts: 100%|██████████| 2/2 [00:05<00:00,  2.79s/it]

Processing examples: 120it [11:13,  5.61s/it]

Processed prompts:   0%|          | 0/2 [00:00<?, ?it/s][A

Processed prompts:  50%|█████     | 1/2 [00:05<00:05,  5.58s/it][A
Processed prompts: 100%|██████████| 2/2 [00:05<00:00,  2.79s/it]

Processing examples: 121it [11:18,  5.61s/it]

Processed prompts:   0%|          | 0/2 [00:00<?, ?it/s][A

Processed prompts:  50%|█████     | 1/2 [00:05<00:05,  5.61s/it][A
Processed prompts: 100%|██████████| 2/2 [00:05<00:00,  2.80s/it]

Processing examples: 122it [11:24,  5.61s/it]

Processed prompts:   0%|          | 0/2 [00:00<?, ?it/s][A

Processed prompts:  50%|█████     | 1/2 [00:05<00:05,  5.62s/it][A
Processed prompts: 100%|██████████| 2/2 [00:05<00:00,  2.81s/it]

Processing examples: 123it [11:30,  5.61s/it]

Processed prompts:   0%|          | 0/2 [00:00<?, ?it/s][A

Processed prompts:  50%|█████     | 1/2 [00:05<00:05,  5.61s/it][A
Processed prompts: 100%|██████████| 2/2 [00:05<00:00,  2.80s/it]

Processing examples: 124it [11:35,  5.61s/it]

Processed prompts:   0%|          | 0/2 [00:00<?, ?it/s][A

Processed prompts:  50%|█████     | 1/2 [00:05<00:05,  5.62s/it][A
Processed prompts: 100%|██████████| 2/2 [00:05<00:00,  2.81s/it]

Processing examples: 125it [11:41,  5.61s/it]

Processed prompts:   0%|          | 0/2 [00:00<?, ?it/s][A

Processed prompts:  50%|█████     | 1/2 [00:05<00:05,  5.63s/it][A
Processed prompts: 100%|██████████| 2/2 [00:05<00:00,  2.81s/it]

Processing examples: 126it [11:46,  5.62s/it]

Processed prompts:   0%|          | 0/2 [00:00<?, ?it/s][A

Processed prompts:  50%|█████     | 1/2 [00:05<00:05,  5.62s/it][A
Processed prompts: 100%|██████████| 2/2 [00:05<00:00,  2.81s/it]

Processing examples: 127it [11:52,  5.62s/it]

Processed prompts:   0%|          | 0/2 [00:00<?, ?it/s][A

Processed prompts:  50%|█████     | 1/2 [00:05<00:05,  5.60s/it][A
Processed prompts: 100%|██████████| 2/2 [00:05<00:00,  2.80s/it]

Processing examples: 128it [11:58,  5.62s/it]

Processed prompts:   0%|          | 0/2 [00:00<?, ?it/s][A

Processed prompts:  50%|█████     | 1/2 [00:05<00:05,  5.62s/it][A
Processed prompts: 100%|██████████| 2/2 [00:05<00:00,  2.81s/it]

Processing examples: 129it [12:03,  5.62s/it]

Processed prompts:   0%|          | 0/2 [00:00<?, ?it/s][A

Processed prompts:  50%|█████     | 1/2 [00:05<00:05,  5.61s/it][A
Processed prompts: 100%|██████████| 2/2 [00:05<00:00,  2.80s/it]

Processing examples: 130it [12:09,  5.62s/it]

Processed prompts:   0%|          | 0/2 [00:00<?, ?it/s][A

Processed prompts:  50%|█████     | 1/2 [00:05<00:05,  5.59s/it][A
Processed prompts: 100%|██████████| 2/2 [00:05<00:00,  2.79s/it]

Processing examples: 131it [12:15,  5.61s/it]

Processed prompts:   0%|          | 0/2 [00:00<?, ?it/s][A

Processed prompts:  50%|█████     | 1/2 [00:05<00:05,  5.62s/it][A
Processed prompts: 100%|██████████| 2/2 [00:05<00:00,  2.81s/it]

Processing examples: 132it [12:20,  5.62s/it]

Processed prompts:   0%|          | 0/2 [00:00<?, ?it/s][A

Processed prompts:  50%|█████     | 1/2 [00:05<00:05,  5.61s/it][A
Processed prompts: 100%|██████████| 2/2 [00:05<00:00,  2.81s/it]

Processing examples: 133it [12:26,  5.62s/it]

Processed prompts:   0%|          | 0/2 [00:00<?, ?it/s][A

Processed prompts:  50%|█████     | 1/2 [00:05<00:05,  5.60s/it][A
Processed prompts: 100%|██████████| 2/2 [00:05<00:00,  2.80s/it]

Processing examples: 134it [12:31,  5.61s/it]

Processed prompts:   0%|          | 0/2 [00:00<?, ?it/s][A

Processed prompts:  50%|█████     | 1/2 [00:05<00:05,  5.63s/it][A
Processed prompts: 100%|██████████| 2/2 [00:05<00:00,  2.82s/it]

Processing examples: 135it [12:37,  5.62s/it]

Processed prompts:   0%|          | 0/2 [00:00<?, ?it/s][A

Processed prompts:  50%|█████     | 1/2 [00:05<00:05,  5.61s/it][A
Processed prompts: 100%|██████████| 2/2 [00:05<00:00,  2.81s/it]

Processing examples: 136it [12:43,  5.62s/it]

Processed prompts:   0%|          | 0/2 [00:00<?, ?it/s][A

Processed prompts:  50%|█████     | 1/2 [00:05<00:05,  5.65s/it][A
Processed prompts: 100%|██████████| 2/2 [00:05<00:00,  2.82s/it]

Processing examples: 137it [12:48,  5.63s/it]

Processed prompts:   0%|          | 0/2 [00:00<?, ?it/s][A

Processed prompts:  50%|█████     | 1/2 [00:05<00:05,  5.63s/it][A
Processed prompts: 100%|██████████| 2/2 [00:05<00:00,  2.81s/it]

Processing examples: 138it [12:54,  5.63s/it]

Processed prompts:   0%|          | 0/2 [00:00<?, ?it/s][A

Processed prompts:  50%|█████     | 1/2 [00:05<00:05,  5.59s/it][A
Processed prompts: 100%|██████████| 2/2 [00:05<00:00,  2.80s/it]

Processing examples: 139it [13:00,  5.62s/it]

Processed prompts:   0%|          | 0/2 [00:00<?, ?it/s][A

Processed prompts:  50%|█████     | 1/2 [00:05<00:05,  5.61s/it][A
Processed prompts: 100%|██████████| 2/2 [00:05<00:00,  2.81s/it]

Processing examples: 140it [13:05,  5.62s/it]

Processed prompts:   0%|          | 0/2 [00:00<?, ?it/s][A

Processed prompts:  50%|█████     | 1/2 [00:05<00:05,  5.61s/it][A
Processed prompts: 100%|██████████| 2/2 [00:05<00:00,  2.80s/it]

Processing examples: 141it [13:11,  5.62s/it]

Processed prompts:   0%|          | 0/2 [00:00<?, ?it/s][A

Processed prompts:  50%|█████     | 1/2 [00:05<00:05,  5.73s/it][A
Processed prompts: 100%|██████████| 2/2 [00:05<00:00,  2.87s/it]

Processing examples: 142it [13:16,  5.65s/it]

Processed prompts:   0%|          | 0/2 [00:00<?, ?it/s][A

Processed prompts:  50%|█████     | 1/2 [00:05<00:05,  5.61s/it][A
Processed prompts: 100%|██████████| 2/2 [00:05<00:00,  2.81s/it]

Processing examples: 143it [13:22,  5.64s/it]

Processed prompts:   0%|          | 0/2 [00:00<?, ?it/s][A

Processed prompts:  50%|█████     | 1/2 [00:05<00:05,  5.59s/it][A
Processed prompts: 100%|██████████| 2/2 [00:05<00:00,  2.79s/it]

Processing examples: 144it [13:28,  5.63s/it]

Processed prompts:   0%|          | 0/2 [00:00<?, ?it/s][A

Processed prompts:  50%|█████     | 1/2 [00:05<00:05,  5.64s/it][A
Processed prompts: 100%|██████████| 2/2 [00:05<00:00,  2.82s/it]

Processing examples: 145it [13:33,  5.63s/it]

Processed prompts:   0%|          | 0/2 [00:00<?, ?it/s][A

Processed prompts:  50%|█████     | 1/2 [00:05<00:05,  5.63s/it][A
Processed prompts: 100%|██████████| 2/2 [00:05<00:00,  2.81s/it]

Processing examples: 146it [13:39,  5.63s/it]

Processed prompts:   0%|          | 0/2 [00:00<?, ?it/s][A

Processed prompts:  50%|█████     | 1/2 [00:05<00:05,  5.46s/it][A
Processed prompts: 100%|██████████| 2/2 [00:05<00:00,  2.73s/it]

Processing examples: 147it [13:44,  5.58s/it]

Processed prompts:   0%|          | 0/2 [00:00<?, ?it/s][A

Processed prompts:  50%|█████     | 1/2 [00:05<00:05,  5.62s/it][A
Processed prompts: 100%|██████████| 2/2 [00:05<00:00,  2.81s/it]

Processing examples: 148it [13:50,  5.60s/it]

Processed prompts:   0%|          | 0/2 [00:00<?, ?it/s][A

Processed prompts:  50%|█████     | 1/2 [00:05<00:05,  5.60s/it][A
Processed prompts: 100%|██████████| 2/2 [00:05<00:00,  2.80s/it]

Processing examples: 149it [13:56,  5.60s/it]

Processed prompts:   0%|          | 0/2 [00:00<?, ?it/s][A

Processed prompts:  50%|█████     | 1/2 [00:05<00:05,  5.61s/it][A
Processed prompts: 100%|██████████| 2/2 [00:05<00:00,  2.81s/it]

Processing examples: 150it [14:01,  5.60s/it]

Processed prompts:   0%|          | 0/2 [00:00<?, ?it/s][A

Processed prompts:  50%|█████     | 1/2 [00:05<00:05,  5.62s/it][A
Processed prompts: 100%|██████████| 2/2 [00:05<00:00,  2.81s/it]

Processing examples: 151it [14:07,  5.61s/it]

Processed prompts:   0%|          | 0/2 [00:00<?, ?it/s][A

Processed prompts:  50%|█████     | 1/2 [00:05<00:05,  5.60s/it][A
Processed prompts: 100%|██████████| 2/2 [00:05<00:00,  2.80s/it]

Processing examples: 152it [14:13,  5.61s/it]

Processed prompts:   0%|          | 0/2 [00:00<?, ?it/s][A

Processed prompts:  50%|█████     | 1/2 [00:05<00:05,  5.60s/it][A
Processed prompts: 100%|██████████| 2/2 [00:05<00:00,  2.80s/it]

Processing examples: 153it [14:18,  5.61s/it]

Processed prompts:   0%|          | 0/2 [00:00<?, ?it/s][A

Processed prompts:  50%|█████     | 1/2 [00:05<00:05,  5.58s/it][A
Processed prompts: 100%|██████████| 2/2 [00:05<00:00,  2.79s/it]

Processing examples: 154it [14:24,  5.60s/it]

Processed prompts:   0%|          | 0/2 [00:00<?, ?it/s][A

Processed prompts:  50%|█████     | 1/2 [00:05<00:05,  5.57s/it][A
Processed prompts: 100%|██████████| 2/2 [00:05<00:00,  2.78s/it]

Processing examples: 155it [14:29,  5.59s/it]

Processed prompts:   0%|          | 0/2 [00:00<?, ?it/s][A

Processed prompts:  50%|█████     | 1/2 [00:05<00:05,  5.64s/it][A
Processed prompts: 100%|██████████| 2/2 [00:05<00:00,  2.82s/it]

Processing examples: 156it [14:35,  5.61s/it]

Processed prompts:   0%|          | 0/2 [00:00<?, ?it/s][A

Processed prompts:  50%|█████     | 1/2 [00:05<00:05,  5.58s/it][A
Processed prompts: 100%|██████████| 2/2 [00:05<00:00,  2.79s/it]

Processing examples: 157it [14:41,  5.60s/it]

Processed prompts:   0%|          | 0/2 [00:00<?, ?it/s][A

Processed prompts:  50%|█████     | 1/2 [00:05<00:05,  5.57s/it][A
Processed prompts: 100%|██████████| 2/2 [00:05<00:00,  2.78s/it]

Processing examples: 158it [14:46,  5.59s/it]

Processed prompts:   0%|          | 0/2 [00:00<?, ?it/s][A

Processed prompts:  50%|█████     | 1/2 [00:05<00:05,  5.57s/it][A
Processed prompts: 100%|██████████| 2/2 [00:05<00:00,  2.79s/it]

Processing examples: 159it [14:52,  5.59s/it]

Processed prompts:   0%|          | 0/2 [00:00<?, ?it/s][A

Processed prompts:  50%|█████     | 1/2 [00:05<00:05,  5.62s/it][A
Processed prompts: 100%|██████████| 2/2 [00:05<00:00,  2.81s/it]

Processing examples: 160it [14:57,  5.60s/it]

Processed prompts:   0%|          | 0/2 [00:00<?, ?it/s][A

Processed prompts:  50%|█████     | 1/2 [00:05<00:05,  5.61s/it][A
Processed prompts: 100%|██████████| 2/2 [00:05<00:00,  2.80s/it]

Processing examples: 161it [15:03,  5.60s/it]

Processed prompts:   0%|          | 0/2 [00:00<?, ?it/s][A

Processed prompts:  50%|█████     | 1/2 [00:05<00:05,  5.61s/it][A
Processed prompts: 100%|██████████| 2/2 [00:05<00:00,  2.80s/it]

Processing examples: 162it [15:09,  5.61s/it]

Processed prompts:   0%|          | 0/2 [00:00<?, ?it/s][A

Processed prompts:  50%|█████     | 1/2 [00:05<00:05,  5.58s/it][A
Processed prompts: 100%|██████████| 2/2 [00:05<00:00,  2.79s/it]

Processing examples: 163it [15:14,  5.60s/it]

Processed prompts:   0%|          | 0/2 [00:00<?, ?it/s][A

Processed prompts:  50%|█████     | 1/2 [00:05<00:05,  5.62s/it][A
Processed prompts: 100%|██████████| 2/2 [00:05<00:00,  2.81s/it]

Processing examples: 164it [15:20,  5.61s/it]

Processed prompts:   0%|          | 0/2 [00:00<?, ?it/s][A

Processed prompts:  50%|█████     | 1/2 [00:05<00:05,  5.48s/it][A
Processed prompts: 100%|██████████| 2/2 [00:05<00:00,  2.74s/it]

Processing examples: 165it [15:25,  5.57s/it]

Processed prompts:   0%|          | 0/2 [00:00<?, ?it/s][A

Processed prompts:  50%|█████     | 1/2 [00:05<00:05,  5.61s/it][A
Processed prompts: 100%|██████████| 2/2 [00:05<00:00,  2.80s/it]

Processing examples: 166it [15:31,  5.58s/it]

Processed prompts:   0%|          | 0/2 [00:00<?, ?it/s][A

Processed prompts:  50%|█████     | 1/2 [00:05<00:05,  5.56s/it][A
Processed prompts: 100%|██████████| 2/2 [00:05<00:00,  2.78s/it]

Processing examples: 167it [15:36,  5.58s/it]

Processed prompts:   0%|          | 0/2 [00:00<?, ?it/s][A

Processed prompts:  50%|█████     | 1/2 [00:05<00:05,  5.61s/it][A
Processed prompts: 100%|██████████| 2/2 [00:05<00:00,  2.81s/it]

Processing examples: 168it [15:42,  5.59s/it]

Processed prompts:   0%|          | 0/2 [00:00<?, ?it/s][A

Processed prompts:  50%|█████     | 1/2 [00:05<00:05,  5.62s/it][A
Processed prompts: 100%|██████████| 2/2 [00:05<00:00,  2.81s/it]

Processing examples: 169it [15:48,  5.60s/it]

Processed prompts:   0%|          | 0/2 [00:00<?, ?it/s][A

Processed prompts:  50%|█████     | 1/2 [00:05<00:05,  5.58s/it][A
Processed prompts: 100%|██████████| 2/2 [00:05<00:00,  2.79s/it]

Processing examples: 170it [15:53,  5.60s/it]

Processed prompts:   0%|          | 0/2 [00:00<?, ?it/s][A

Processed prompts:  50%|█████     | 1/2 [00:05<00:05,  5.64s/it][A
Processed prompts: 100%|██████████| 2/2 [00:05<00:00,  2.82s/it]

Processing examples: 171it [15:59,  5.61s/it]

Processed prompts:   0%|          | 0/2 [00:00<?, ?it/s][A

Processed prompts:  50%|█████     | 1/2 [00:05<00:05,  5.61s/it][A
Processed prompts: 100%|██████████| 2/2 [00:05<00:00,  2.81s/it]

Processing examples: 172it [16:04,  5.61s/it]

Processed prompts:   0%|          | 0/2 [00:00<?, ?it/s][A

Processed prompts:  50%|█████     | 1/2 [00:05<00:05,  5.62s/it][A
Processed prompts: 100%|██████████| 2/2 [00:05<00:00,  2.81s/it]

Processing examples: 173it [16:10,  5.62s/it]

Processed prompts:   0%|          | 0/2 [00:00<?, ?it/s][A

Processed prompts:  50%|█████     | 1/2 [00:05<00:05,  5.62s/it][A
Processed prompts: 100%|██████████| 2/2 [00:05<00:00,  2.81s/it]

Processing examples: 174it [16:16,  5.62s/it]

Processed prompts:   0%|          | 0/2 [00:00<?, ?it/s][A

Processed prompts:  50%|█████     | 1/2 [00:05<00:05,  5.57s/it][A
Processed prompts: 100%|██████████| 2/2 [00:05<00:00,  2.79s/it]

Processing examples: 175it [16:21,  5.61s/it]

Processed prompts:   0%|          | 0/2 [00:00<?, ?it/s][A

Processed prompts:  50%|█████     | 1/2 [00:05<00:05,  5.53s/it][A
Processed prompts: 100%|██████████| 2/2 [00:05<00:00,  2.77s/it]

Processing examples: 176it [16:27,  5.59s/it]

Processed prompts:   0%|          | 0/2 [00:00<?, ?it/s][A

Processed prompts:  50%|█████     | 1/2 [00:05<00:05,  5.55s/it][A
Processed prompts: 100%|██████████| 2/2 [00:05<00:00,  2.78s/it]

Processing examples: 177it [16:32,  5.58s/it]

Processed prompts:   0%|          | 0/2 [00:00<?, ?it/s][A

Processed prompts:  50%|█████     | 1/2 [00:05<00:05,  5.62s/it][A
Processed prompts: 100%|██████████| 2/2 [00:05<00:00,  2.81s/it]

Processing examples: 178it [16:38,  5.59s/it]

Processed prompts:   0%|          | 0/2 [00:00<?, ?it/s][A

Processed prompts:  50%|█████     | 1/2 [00:05<00:05,  5.62s/it][A
Processed prompts: 100%|██████████| 2/2 [00:05<00:00,  2.81s/it]

Processing examples: 179it [16:44,  5.60s/it]

Processed prompts:   0%|          | 0/2 [00:00<?, ?it/s][A

Processed prompts:  50%|█████     | 1/2 [00:05<00:05,  5.62s/it][A
Processed prompts: 100%|██████████| 2/2 [00:05<00:00,  2.81s/it]

Processing examples: 180it [16:49,  5.61s/it]

Processed prompts:   0%|          | 0/2 [00:00<?, ?it/s][A

Processed prompts:  50%|█████     | 1/2 [00:05<00:05,  5.57s/it][A
Processed prompts: 100%|██████████| 2/2 [00:05<00:00,  2.78s/it]

Processing examples: 181it [16:55,  5.60s/it]

Processed prompts:   0%|          | 0/2 [00:00<?, ?it/s][A

Processed prompts:  50%|█████     | 1/2 [00:05<00:05,  5.60s/it][A
Processed prompts: 100%|██████████| 2/2 [00:05<00:00,  2.80s/it]

Processing examples: 182it [17:00,  5.60s/it]

Processed prompts:   0%|          | 0/2 [00:00<?, ?it/s][A

Processed prompts:  50%|█████     | 1/2 [00:05<00:05,  5.61s/it][A
Processed prompts: 100%|██████████| 2/2 [00:05<00:00,  2.81s/it]

Processing examples: 183it [17:06,  5.61s/it]

Processed prompts:   0%|          | 0/2 [00:00<?, ?it/s][A

Processed prompts:  50%|█████     | 1/2 [00:05<00:05,  5.62s/it][A
Processed prompts: 100%|██████████| 2/2 [00:05<00:00,  2.81s/it]

Processing examples: 184it [17:12,  5.61s/it]

Processed prompts:   0%|          | 0/2 [00:00<?, ?it/s][A

Processed prompts:  50%|█████     | 1/2 [00:05<00:05,  5.61s/it][A
Processed prompts: 100%|██████████| 2/2 [00:05<00:00,  2.81s/it]

Processing examples: 185it [17:17,  5.61s/it]

Processed prompts:   0%|          | 0/2 [00:00<?, ?it/s][A

Processed prompts:  50%|█████     | 1/2 [00:05<00:05,  5.61s/it][A
Processed prompts: 100%|██████████| 2/2 [00:05<00:00,  2.81s/it]

Processing examples: 186it [17:23,  5.61s/it]

Processed prompts:   0%|          | 0/2 [00:00<?, ?it/s][A

Processed prompts:  50%|█████     | 1/2 [00:05<00:05,  5.61s/it][A
Processed prompts: 100%|██████████| 2/2 [00:05<00:00,  2.80s/it]

Processing examples: 187it [17:29,  5.61s/it]

Processed prompts:   0%|          | 0/2 [00:00<?, ?it/s][A

Processed prompts:  50%|█████     | 1/2 [00:05<00:05,  5.61s/it][A
Processed prompts: 100%|██████████| 2/2 [00:05<00:00,  2.81s/it]

Processing examples: 188it [17:34,  5.62s/it]

Processed prompts:   0%|          | 0/2 [00:00<?, ?it/s][A

Processed prompts:  50%|█████     | 1/2 [00:05<00:05,  5.69s/it][A
Processed prompts: 100%|██████████| 2/2 [00:05<00:00,  2.84s/it]

Processing examples: 189it [17:40,  5.64s/it]

Processed prompts:   0%|          | 0/2 [00:00<?, ?it/s][A

Processed prompts:  50%|█████     | 1/2 [00:05<00:05,  5.61s/it][A
Processed prompts: 100%|██████████| 2/2 [00:05<00:00,  2.81s/it]

Processing examples: 190it [17:45,  5.63s/it]

Processed prompts:   0%|          | 0/2 [00:00<?, ?it/s][A

Processed prompts:  50%|█████     | 1/2 [00:05<00:05,  5.61s/it][A
Processed prompts: 100%|██████████| 2/2 [00:05<00:00,  2.81s/it]

Processing examples: 191it [17:51,  5.63s/it]

Processed prompts:   0%|          | 0/2 [00:00<?, ?it/s][A

Processed prompts:  50%|█████     | 1/2 [00:05<00:05,  5.61s/it][A
Processed prompts: 100%|██████████| 2/2 [00:05<00:00,  2.81s/it]

Processing examples: 192it [17:57,  5.63s/it]

Processed prompts:   0%|          | 0/2 [00:00<?, ?it/s][A

Processed prompts:  50%|█████     | 1/2 [00:05<00:05,  5.57s/it][A
Processed prompts: 100%|██████████| 2/2 [00:05<00:00,  2.78s/it]

Processing examples: 193it [18:02,  5.61s/it]

Processed prompts:   0%|          | 0/2 [00:00<?, ?it/s][A

Processed prompts:  50%|█████     | 1/2 [00:05<00:05,  5.58s/it][A
Processed prompts: 100%|██████████| 2/2 [00:05<00:00,  2.79s/it]

Processing examples: 194it [18:08,  5.60s/it]

Processed prompts:   0%|          | 0/2 [00:00<?, ?it/s][A

Processed prompts:  50%|█████     | 1/2 [00:05<00:05,  5.61s/it][A
Processed prompts: 100%|██████████| 2/2 [00:05<00:00,  2.80s/it]

Processing examples: 195it [18:13,  5.61s/it]

Processed prompts:   0%|          | 0/2 [00:00<?, ?it/s][A

Processed prompts:  50%|█████     | 1/2 [00:05<00:05,  5.60s/it][A
Processed prompts: 100%|██████████| 2/2 [00:05<00:00,  2.80s/it]

Processing examples: 196it [18:19,  5.61s/it]

Processed prompts:   0%|          | 0/2 [00:00<?, ?it/s][A

Processed prompts:  50%|█████     | 1/2 [00:05<00:05,  5.59s/it][A
Processed prompts: 100%|██████████| 2/2 [00:05<00:00,  2.80s/it]

Processing examples: 197it [18:25,  5.60s/it]

Processed prompts:   0%|          | 0/2 [00:00<?, ?it/s][A

Processed prompts:  50%|█████     | 1/2 [00:05<00:05,  5.69s/it][A
Processed prompts: 100%|██████████| 2/2 [00:05<00:00,  2.84s/it]

Processing examples: 198it [18:30,  5.63s/it]

Processed prompts:   0%|          | 0/2 [00:00<?, ?it/s][A

Processed prompts:  50%|█████     | 1/2 [00:05<00:05,  5.63s/it][A
Processed prompts: 100%|██████████| 2/2 [00:05<00:00,  2.82s/it]

Processing examples: 199it [18:36,  5.63s/it]

Processed prompts:   0%|          | 0/2 [00:00<?, ?it/s][A

Processed prompts:  50%|█████     | 1/2 [00:05<00:05,  5.61s/it][A
Processed prompts: 100%|██████████| 2/2 [00:05<00:00,  2.80s/it]

Processing examples: 200it [18:42,  5.63s/it]

Processed prompts:   0%|          | 0/2 [00:00<?, ?it/s][A

Processed prompts:  50%|█████     | 1/2 [00:05<00:05,  5.59s/it][A
Processed prompts: 100%|██████████| 2/2 [00:05<00:00,  2.80s/it]

Processing examples: 201it [18:47,  5.62s/it]

Processed prompts:   0%|          | 0/2 [00:00<?, ?it/s][A

Processed prompts:  50%|█████     | 1/2 [00:05<00:05,  5.61s/it][A
Processed prompts: 100%|██████████| 2/2 [00:05<00:00,  2.81s/it]

Processing examples: 202it [18:53,  5.62s/it]

Processed prompts:   0%|          | 0/2 [00:00<?, ?it/s][A

Processed prompts:  50%|█████     | 1/2 [00:05<00:05,  5.61s/it][A
Processed prompts: 100%|██████████| 2/2 [00:05<00:00,  2.81s/it]

Processing examples: 203it [18:58,  5.62s/it]

Processed prompts:   0%|          | 0/2 [00:00<?, ?it/s][A

Processed prompts:  50%|█████     | 1/2 [00:05<00:05,  5.35s/it][A
Processed prompts: 100%|██████████| 2/2 [00:05<00:00,  2.68s/it]

Processing examples: 204it [19:04,  5.54s/it]

Processed prompts:   0%|          | 0/2 [00:00<?, ?it/s][A

Processed prompts:  50%|█████     | 1/2 [00:05<00:05,  5.21s/it][A
Processed prompts: 100%|██████████| 2/2 [00:05<00:00,  2.60s/it]

Processing examples: 205it [19:09,  5.44s/it]

Processed prompts:   0%|          | 0/2 [00:00<?, ?it/s][A

Processed prompts:  50%|█████     | 1/2 [00:05<00:05,  5.62s/it][A
Processed prompts: 100%|██████████| 2/2 [00:05<00:00,  2.81s/it]

Processing examples: 206it [19:15,  5.50s/it]

Processed prompts:   0%|          | 0/2 [00:00<?, ?it/s][A

Processed prompts:  50%|█████     | 1/2 [00:05<00:05,  5.60s/it][A
Processed prompts: 100%|██████████| 2/2 [00:05<00:00,  2.80s/it]

Processing examples: 207it [19:20,  5.53s/it]

Processed prompts:   0%|          | 0/2 [00:00<?, ?it/s][A

Processed prompts:  50%|█████     | 1/2 [00:05<00:05,  5.61s/it][A
Processed prompts: 100%|██████████| 2/2 [00:05<00:00,  2.81s/it]

Processing examples: 208it [19:26,  5.56s/it]

Processed prompts:   0%|          | 0/2 [00:00<?, ?it/s][A

Processed prompts:  50%|█████     | 1/2 [00:05<00:05,  5.59s/it][A
Processed prompts: 100%|██████████| 2/2 [00:05<00:00,  2.79s/it]

Processing examples: 209it [19:31,  5.57s/it]

Processed prompts:   0%|          | 0/2 [00:00<?, ?it/s][A

Processed prompts:  50%|█████     | 1/2 [00:05<00:05,  5.59s/it][A
Processed prompts: 100%|██████████| 2/2 [00:05<00:00,  2.80s/it]

Processing examples: 210it [19:37,  5.58s/it]

Processed prompts:   0%|          | 0/2 [00:00<?, ?it/s][A

Processed prompts:  50%|█████     | 1/2 [00:05<00:05,  5.63s/it][A
Processed prompts: 100%|██████████| 2/2 [00:05<00:00,  2.81s/it]

Processing examples: 211it [19:43,  5.59s/it]

Processed prompts:   0%|          | 0/2 [00:00<?, ?it/s][A

Processed prompts:  50%|█████     | 1/2 [00:05<00:05,  5.62s/it][A
Processed prompts: 100%|██████████| 2/2 [00:05<00:00,  2.81s/it]

Processing examples: 212it [19:48,  5.60s/it]

Processed prompts:   0%|          | 0/2 [00:00<?, ?it/s][A

Processed prompts:  50%|█████     | 1/2 [00:05<00:05,  5.61s/it][A
Processed prompts: 100%|██████████| 2/2 [00:05<00:00,  2.81s/it]

Processing examples: 213it [19:54,  5.61s/it]

Processed prompts:   0%|          | 0/2 [00:00<?, ?it/s][A

Processed prompts:  50%|█████     | 1/2 [00:05<00:05,  5.59s/it][A
Processed prompts: 100%|██████████| 2/2 [00:05<00:00,  2.79s/it]

Processing examples: 214it [20:00,  5.60s/it]

Processed prompts:   0%|          | 0/2 [00:00<?, ?it/s][A

Processed prompts:  50%|█████     | 1/2 [00:05<00:05,  5.62s/it][A
Processed prompts: 100%|██████████| 2/2 [00:05<00:00,  2.81s/it]

Processing examples: 215it [20:05,  5.61s/it]

Processed prompts:   0%|          | 0/2 [00:00<?, ?it/s][A

Processed prompts:  50%|█████     | 1/2 [00:05<00:05,  5.60s/it][A
Processed prompts: 100%|██████████| 2/2 [00:05<00:00,  2.80s/it]

Processing examples: 216it [20:11,  5.61s/it]

Processed prompts:   0%|          | 0/2 [00:00<?, ?it/s][A

Processed prompts:  50%|█████     | 1/2 [00:05<00:05,  5.61s/it][A
Processed prompts: 100%|██████████| 2/2 [00:05<00:00,  2.81s/it]

Processing examples: 217it [20:16,  5.61s/it]

Processed prompts:   0%|          | 0/2 [00:00<?, ?it/s][A

Processed prompts:  50%|█████     | 1/2 [00:05<00:05,  5.63s/it][A
Processed prompts: 100%|██████████| 2/2 [00:05<00:00,  2.81s/it]

Processing examples: 218it [20:22,  5.62s/it]

Processed prompts:   0%|          | 0/2 [00:00<?, ?it/s][A

Processed prompts:  50%|█████     | 1/2 [00:05<00:05,  5.60s/it][A
Processed prompts: 100%|██████████| 2/2 [00:05<00:00,  2.80s/it]

Processing examples: 219it [20:28,  5.61s/it]

Processed prompts:   0%|          | 0/2 [00:00<?, ?it/s][A

Processed prompts:  50%|█████     | 1/2 [00:05<00:05,  5.61s/it][A
Processed prompts: 100%|██████████| 2/2 [00:05<00:00,  2.81s/it]

Processing examples: 220it [20:33,  5.62s/it]

Processed prompts:   0%|          | 0/2 [00:00<?, ?it/s][A

Processed prompts:  50%|█████     | 1/2 [00:05<00:05,  5.61s/it][A
Processed prompts: 100%|██████████| 2/2 [00:05<00:00,  2.81s/it]

Processing examples: 221it [20:39,  5.62s/it]

Processed prompts:   0%|          | 0/2 [00:00<?, ?it/s][A

Processed prompts:  50%|█████     | 1/2 [00:05<00:05,  5.59s/it][A
Processed prompts: 100%|██████████| 2/2 [00:05<00:00,  2.79s/it]

Processing examples: 222it [20:44,  5.61s/it]

Processed prompts:   0%|          | 0/2 [00:00<?, ?it/s][A

Processed prompts:  50%|█████     | 1/2 [00:05<00:05,  5.58s/it][A
Processed prompts: 100%|██████████| 2/2 [00:05<00:00,  2.79s/it]

Processing examples: 223it [20:50,  5.60s/it]

Processed prompts:   0%|          | 0/2 [00:00<?, ?it/s][A

Processed prompts:  50%|█████     | 1/2 [00:05<00:05,  5.36s/it][A
Processed prompts: 100%|██████████| 2/2 [00:05<00:00,  2.68s/it]

Processing examples: 224it [20:55,  5.53s/it]

Processed prompts:   0%|          | 0/2 [00:00<?, ?it/s][A

Processed prompts:  50%|█████     | 1/2 [00:05<00:05,  5.62s/it][A
Processed prompts: 100%|██████████| 2/2 [00:05<00:00,  2.81s/it]

Processing examples: 225it [21:01,  5.56s/it]

Processed prompts:   0%|          | 0/2 [00:00<?, ?it/s][A

Processed prompts:  50%|█████     | 1/2 [00:05<00:05,  5.61s/it][A
Processed prompts: 100%|██████████| 2/2 [00:05<00:00,  2.81s/it]

Processing examples: 226it [21:07,  5.58s/it]

Processed prompts:   0%|          | 0/2 [00:00<?, ?it/s][A

Processed prompts:  50%|█████     | 1/2 [00:05<00:05,  5.63s/it][A
Processed prompts: 100%|██████████| 2/2 [00:05<00:00,  2.81s/it]

Processing examples: 227it [21:12,  5.59s/it]

Processed prompts:   0%|          | 0/2 [00:00<?, ?it/s][A

Processed prompts:  50%|█████     | 1/2 [00:05<00:05,  5.49s/it][A
Processed prompts: 100%|██████████| 2/2 [00:05<00:00,  2.75s/it]

Processing examples: 228it [21:18,  5.57s/it]

Processed prompts:   0%|          | 0/2 [00:00<?, ?it/s][A

Processed prompts:  50%|█████     | 1/2 [00:05<00:05,  5.60s/it][A
Processed prompts: 100%|██████████| 2/2 [00:05<00:00,  2.80s/it]

Processing examples: 229it [21:23,  5.58s/it]

Processed prompts:   0%|          | 0/2 [00:00<?, ?it/s][A

Processed prompts:  50%|█████     | 1/2 [00:05<00:05,  5.61s/it][A
Processed prompts: 100%|██████████| 2/2 [00:05<00:00,  2.80s/it]

Processing examples: 230it [21:29,  5.59s/it]

Processed prompts:   0%|          | 0/2 [00:00<?, ?it/s][A

Processed prompts:  50%|█████     | 1/2 [00:05<00:05,  5.60s/it][A
Processed prompts: 100%|██████████| 2/2 [00:05<00:00,  2.80s/it]

Processing examples: 231it [21:35,  5.59s/it]

Processed prompts:   0%|          | 0/2 [00:00<?, ?it/s][A

Processed prompts:  50%|█████     | 1/2 [00:05<00:05,  5.62s/it][A
Processed prompts: 100%|██████████| 2/2 [00:05<00:00,  2.81s/it]

Processing examples: 232it [21:40,  5.61s/it]

Processed prompts:   0%|          | 0/2 [00:00<?, ?it/s][A

Processed prompts:  50%|█████     | 1/2 [00:05<00:05,  5.29s/it][A
Processed prompts: 100%|██████████| 2/2 [00:05<00:00,  2.65s/it]

Processing examples: 233it [21:46,  5.51s/it]

Processed prompts:   0%|          | 0/2 [00:00<?, ?it/s][A

Processed prompts:  50%|█████     | 1/2 [00:05<00:05,  5.59s/it][A
Processed prompts: 100%|██████████| 2/2 [00:05<00:00,  2.80s/it]

Processing examples: 234it [21:51,  5.54s/it]

Processed prompts:   0%|          | 0/2 [00:00<?, ?it/s][A

Processed prompts:  50%|█████     | 1/2 [00:05<00:05,  5.72s/it][A
Processed prompts: 100%|██████████| 2/2 [00:05<00:00,  2.86s/it]

Processing examples: 235it [21:57,  5.59s/it]

Processed prompts:   0%|          | 0/2 [00:00<?, ?it/s][A

Processed prompts:  50%|█████     | 1/2 [00:05<00:05,  5.61s/it][A
Processed prompts: 100%|██████████| 2/2 [00:05<00:00,  2.80s/it]

Processing examples: 236it [22:02,  5.60s/it]

Processed prompts:   0%|          | 0/2 [00:00<?, ?it/s][A

Processed prompts:  50%|█████     | 1/2 [00:05<00:05,  5.62s/it][A
Processed prompts: 100%|██████████| 2/2 [00:05<00:00,  2.81s/it]

Processing examples: 237it [22:08,  5.61s/it]

Processed prompts:   0%|          | 0/2 [00:00<?, ?it/s][A

Processed prompts:  50%|█████     | 1/2 [00:05<00:05,  5.61s/it][A
Processed prompts: 100%|██████████| 2/2 [00:05<00:00,  2.81s/it]

Processing examples: 238it [22:14,  5.61s/it]

Processed prompts:   0%|          | 0/2 [00:00<?, ?it/s][A

Processed prompts:  50%|█████     | 1/2 [00:05<00:05,  5.61s/it][A
Processed prompts: 100%|██████████| 2/2 [00:05<00:00,  2.81s/it]

Processing examples: 239it [22:19,  5.61s/it]

Processed prompts:   0%|          | 0/2 [00:00<?, ?it/s][A

Processed prompts:  50%|█████     | 1/2 [00:05<00:05,  5.62s/it][A
Processed prompts: 100%|██████████| 2/2 [00:05<00:00,  2.81s/it]

Processing examples: 240it [22:25,  5.62s/it]

Processed prompts:   0%|          | 0/2 [00:00<?, ?it/s][A

Processed prompts:  50%|█████     | 1/2 [00:05<00:05,  5.59s/it][A
Processed prompts: 100%|██████████| 2/2 [00:05<00:00,  2.80s/it]

Processing examples: 241it [22:31,  5.61s/it]

Processed prompts:   0%|          | 0/2 [00:00<?, ?it/s][A

Processed prompts:  50%|█████     | 1/2 [00:05<00:05,  5.61s/it][A
Processed prompts: 100%|██████████| 2/2 [00:05<00:00,  2.81s/it]

Processing examples: 242it [22:36,  5.61s/it]

Processed prompts:   0%|          | 0/2 [00:00<?, ?it/s][A

Processed prompts:  50%|█████     | 1/2 [00:05<00:05,  5.61s/it][A
Processed prompts: 100%|██████████| 2/2 [00:05<00:00,  2.80s/it]

Processing examples: 243it [22:42,  5.61s/it]

Processed prompts:   0%|          | 0/2 [00:00<?, ?it/s][A

Processed prompts:  50%|█████     | 1/2 [00:05<00:05,  5.61s/it][A
Processed prompts: 100%|██████████| 2/2 [00:05<00:00,  2.80s/it]

Processing examples: 244it [22:47,  5.62s/it]

Processed prompts:   0%|          | 0/2 [00:00<?, ?it/s][A

Processed prompts:  50%|█████     | 1/2 [00:05<00:05,  5.54s/it][A
Processed prompts: 100%|██████████| 2/2 [00:05<00:00,  2.77s/it]

Processing examples: 245it [22:53,  5.59s/it]

Processed prompts:   0%|          | 0/2 [00:00<?, ?it/s][A

Processed prompts:  50%|█████     | 1/2 [00:05<00:05,  5.55s/it][A
Processed prompts: 100%|██████████| 2/2 [00:05<00:00,  2.78s/it]

Processing examples: 246it [22:59,  5.58s/it]

Processed prompts:   0%|          | 0/2 [00:00<?, ?it/s][A

Processed prompts:  50%|█████     | 1/2 [00:05<00:05,  5.64s/it][A
Processed prompts: 100%|██████████| 2/2 [00:05<00:00,  2.82s/it]

Processing examples: 247it [23:04,  5.60s/it]

Processed prompts:   0%|          | 0/2 [00:00<?, ?it/s][A

Processed prompts:  50%|█████     | 1/2 [00:05<00:05,  5.62s/it][A
Processed prompts: 100%|██████████| 2/2 [00:05<00:00,  2.81s/it]

Processing examples: 248it [23:10,  5.61s/it]

Processed prompts:   0%|          | 0/2 [00:00<?, ?it/s][A

Processed prompts:  50%|█████     | 1/2 [00:05<00:05,  5.64s/it][A
Processed prompts: 100%|██████████| 2/2 [00:05<00:00,  2.82s/it]

Processing examples: 249it [23:15,  5.62s/it]

Processed prompts:   0%|          | 0/2 [00:00<?, ?it/s][A

Processed prompts:  50%|█████     | 1/2 [00:05<00:05,  5.59s/it][A
Processed prompts: 100%|██████████| 2/2 [00:05<00:00,  2.80s/issed prompts:  50%|█████     | 1/2 [00:05<00:05,  5.61s/it][AProcessed prompts: 100%|██████████| 2/2 [00:05<00:00,  2.80s/it]
Processing examples: 257it [24:00,  5.62s/it]
Processed prompts:   0%|          | 0/2 [00:00<?, ?it/s][A
Processed prompts:  50%|█████     | 1/2 [00:05<00:05,  5.57s/it][AProcessed prompts: 100%|██████████| 2/2 [00:05<00:00,  2.79s/it]
Processing examples: 258it [24:06,  5.61s/it]
Processed prompts:   0%|          | 0/2 [00:00<?, ?it/s][A
Processed prompts:  50%|█████     | 1/2 [00:05<00:05,  5.62s/it][AProcessed prompts: 100%|██████████| 2/2 [00:05<00:00,  2.81s/it]
Processing examples: 259it [24:12,  5.61s/it]
Processed prompts:   0%|          | 0/2 [00:00<?, ?it/s][A
Processed prompts:  50%|█████     | 1/2 [00:05<00:05,  5.58s/it][AProcessed prompts: 100%|██████████| 2/2 [00:05<00:00,  2.79s/it]
Processing examples: 260it [24:17,  5.60s/it]
Processed prompts:   0%|          | 0/2 [00:00<?, ?it/s][A
Processed prompts:  50%|█████     | 1/2 [00:05<00:05,  5.60s/it][AProcessed prompts: 100%|██████████| 2/2 [00:05<00:00,  2.80s/it]
Processing examples: 261it [24:23,  5.61s/it]
Processed prompts:   0%|          | 0/2 [00:00<?, ?it/s][A
Processed prompts:  50%|█████     | 1/2 [00:05<00:05,  5.59s/it][AProcessed prompts: 100%|██████████| 2/2 [00:05<00:00,  2.80s/it]
Processing examples: 262it [24:28,  5.61s/it]
Processed prompts:   0%|          | 0/2 [00:00<?, ?it/s][A
Processed prompts:  50%|█████     | 1/2 [00:05<00:05,  5.50s/it][AProcessed prompts: 100%|██████████| 2/2 [00:05<00:00,  2.75s/it]
Processing examples: 263it [24:34,  5.58s/it]
Processed prompts:   0%|          | 0/2 [00:00<?, ?it/s][A                                                                                                                                                                          
Processed prompts:  50%|█████     | 1/2 [00:05<00:05,  5.61s/it][AProcessed prompts: 100%|██████████| 2/2 [00:05<00:00,  2.80s/it]
Processing examples: 264it [24:39,  5.59s/it]
Processed prompts:   0%|          | 0/2 [00:00<?, ?it/s][A
Processed prompts:  50%|█████     | 1/2 [00:05<00:05,  5.61s/it][AProcessed prompts: 100%|██████████| 2/2 [00:05<00:00,  2.81s/it]
Processing examples: 265it [24:45,  5.60s/it]
Processed prompts:   0%|          | 0/2 [00:00<?, ?it/s][A
Processed prompts:  50%|█████     | 1/2 [00:05<00:05,  5.59s/it][AProcessed prompts: 100%|██████████| 2/2 [00:05<00:00,  2.80s/it]
Processing examples: 266it [24:51,  5.60s/it]
Processed prompts:   0%|          | 0/2 [00:00<?, ?it/s][A
Processed prompts:  50%|█████     | 1/2 [00:05<00:05,  5.58s/it][AProcessed prompts: 100%|██████████| 2/2 [00:05<00:00,  2.79s/it]
Processing examples: 267it [24:56,  5.59s/it]
Processed prompts:   0%|          | 0/2 [00:00<?, ?it/s][A
Processed prompts:  50%|█████     | 1/2 [00:05<00:05,  5.59s/it][AProcessed prompts: 100%|██████████| 2/2 [00:05<00:00,  2.80s/it]
Processing examples: 268it [25:02,  5.60s/it]
Processed prompts:   0%|          | 0/2 [00:00<?, ?it/s][A
Processed prompts:  50%|█████     | 1/2 [00:05<00:05,  5.66s/it][AProcessed prompts: 100%|██████████| 2/2 [00:05<00:00,  2.83s/it]
Processing examples: 269it [25:08,  5.62s/it]
Processed prompts:   0%|          | 0/2 [00:00<?, ?it/s][A
Processed prompts:  50%|█████     | 1/2 [00:05<00:05,  5.58s/it][AProcessed prompts: 100%|██████████| 2/2 [00:05<00:00,  2.79s/it]
Processing examples: 270it [25:13,  5.61s/it]
Processed prompts:   0%|          | 0/2 [00:00<?, ?it/s][A
Processed prompts:  50%|█████     | 1/2 [00:05<00:05,  5.61s/it][AProcessed prompts: 100%|██████████| 2/2 [00:05<00:00,  2.80s/it]
Processing examples: 271it [25:19,  5.61s/it]
Processed prompts:   0%|          | 0/2 [00:00<?, ?it/s][A
Processed prompts:  50%|█████     | 1/2 [00:05<00:05,  5.56s/it][AProcessed prompts: 100%|██████████| 2/2 [00:05<00:00,  2.78s/it]
Processing examples: 272it [25:24,  5.60s/it]
Processed prompts:   0%|          | 0/2 [00:00<?, ?it/s][A
Processed prompts:  50%|█████     | 1/2 [00:05<00:05,  5.61s/it][AProcessed prompts: 100%|██████████| 2/2 [00:05<00:00,  2.81s/it]
Processing examples: 273it [25:30,  5.60s/it]
Processed prompts:   0%|          | 0/2 [00:00<?, ?it/s][A
Processed prompts:  50%|█████     | 1/2 [00:05<00:05,  5.58s/it][AProcessed prompts: 100%|██████████| 2/2 [00:05<00:00,  2.79s/it]
Processing examples: 274it [25:35,  5.60s/it]
Processed prompts:   0%|          | 0/2 [00:00<?, ?it/s][A
Processed prompts:  50%|█████     | 1/2 [00:05<00:05,  5.59s/it][AProcessed prompts: 100%|██████████| 2/2 [00:05<00:00,  2.80s/it]
Processing examples: 275it [25:41,  5.60s/it]
Processed prompts:   0%|          | 0/2 [00:00<?, ?it/s][A
Processed prompts:  50%|█████     | 1/2 [00:05<00:05,  5.61s/it][AProcessed prompts: 100%|██████████| 2/2 [00:05<00:00,  2.81s/it]
Processing examples: 276it [25:47,  5.61s/it]
Processed prompts:   0%|          | 0/2 [00:00<?, ?it/s][A
Processed prompts:  50%|█████     | 1/2 [00:05<00:05,  5.57s/it][AProcessed prompts: 100%|██████████| 2/2 [00:05<00:00,  2.79s/it]
Processing examples: 277it [25:52,  5.60s/it]
Processed prompts:   0%|          | 0/2 [00:00<?, ?it/s][A
Processed prompts:  50%|█████     | 1/2 [00:05<00:05,  5.61s/it][AProcessed prompts: 100%|██████████| 2/2 [00:05<00:00,  2.80s/it]
Processing examples: 278it [25:58,  5.60s/it]
Processed prompts:   0%|          | 0/2 [00:00<?, ?it/s][A
Processed prompts:  50%|█████     | 1/2 [00:05<00:05,  5.61s/it][AProcessed prompts: 100%|██████████| 2/2 [00:05<00:00,  2.81s/it]
Processing examples: 279it [26:04,  5.61s/it]
Processed prompts:   0%|          | 0/2 [00:00<?, ?it/s][A
Processed prompts:  50%|█████     | 1/2 [00:05<00:05,  5.73s/it][AProcessed prompts: 100%|██████████| 2/2 [00:05<00:00,  2.86s/it]
Processing examples: 280it [26:09,  5.65s/it]
Processed prompts:   0%|          | 0/2 [00:00<?, ?it/s][A
Processed prompts:  50%|█████     | 1/2 [00:05<00:05,  5.57s/it][AProcessed prompts: 100%|██████████| 2/2 [00:05<00:00,  2.79s/it]
Processing examples: 281it [26:15,  5.63s/it]
Processed prompts:   0%|          | 0/2 [00:00<?, ?it/s][A
Processed prompts:  50%|█████     | 1/2 [00:05<00:05,  5.57s/it][AProcessed prompts: 100%|██████████| 2/2 [00:05<00:00,  2.78s/it]
Processing examples: 282it [26:20,  5.61s/it]
Processed prompts:   0%|          | 0/2 [00:00<?, ?it/s][A
Processed prompts:  50%|█████     | 1/2 [00:05<00:05,  5.59s/it][AProcessed prompts: 100%|██████████| 2/2 [00:05<00:00,  2.79s/it]
Processing examples: 283it [26:26,  5.61s/it]
Processed prompts:   0%|          | 0/2 [00:00<?, ?it/s][A
Processed prompts:  50%|█████     | 1/2 [00:05<00:05,  5.61s/it][AProcessed prompts: 100%|██████████| 2/2 [00:05<00:00,  2.81s/it]
Processing examples: 284it [26:32,  5.61s/it]
Processed prompts:   0%|          | 0/2 [00:00<?, ?it/s][A
Processed prompts:  50%|█████     | 1/2 [00:05<00:05,  5.68s/it][AProcessed prompts: 100%|██████████| 2/2 [00:05<00:00,  2.84s/it]
Processing examples: 285it [26:37,  5.63s/it]
Processed prompts:   0%|          | 0/2 [00:00<?, ?it/s][A
Processed prompts:  50%|█████     | 1/2 [00:05<00:05,  5.66s/it][AProcessed prompts: 100%|██████████| 2/2 [00:05<00:00,  2.83s/it]
Processing examples: 286it [26:43,  5.64s/it]
Processed prompts:   0%|          | 0/2 [00:00<?, ?it/s][A
Processed prompts:  50%|█████     | 1/2 [00:05<00:05,  5.61s/it][AProcessed prompts: 100%|██████████| 2/2 [00:05<00:00,  2.80s/it]
Processing examples: 287it [26:49,  5.63s/it]
Processed prompts:   0%|          | 0/2 [00:00<?, ?it/s][A
Processed prompts:  50%|█████     | 1/2 [00:05<00:05,  5.60s/it][AProcessed prompts: 100%|██████████| 2/2 [00:05<00:00,  2.80s/it]
Processing examples: 288it [26:54,  5.62s/it]
Processed prompts:   0%|          | 0/2 [00:00<?, ?it/s][A
Processed prompts:  50%|█████     | 1/2 [00:05<00:05,  5.61s/it][AProcessed prompts: 100%|██████████| 2/2 [00:05<00:00,  2.81s/it]
Processing examples: 289it [27:00,  5.62s/it]
Processed prompts:   0%|          | 0/2 [00:00<?, ?it/s][A
Processed prompts:  50%|█████     | 1/2 [00:05<00:05,  5.58s/it][AProcessed prompts: 100%|██████████| 2/2 [00:05<00:00,  2.79s/it]
Processing examples: 290it [27:05,  5.61s/it]
Processed prompts:   0%|          | 0/2 [00:00<?, ?it/s][A
Processed prompts:  50%|█████     | 1/2 [00:05<00:05,  5.63s/it][AProcessed prompts: 100%|██████████| 2/2 [00:05<00:00,  2.82s/it]
Processing examples: 291it [27:11,  5.62s/it]
Processed prompts:   0%|          | 0/2 [00:00<?, ?it/s][A
Processed prompts:  50%|█████     | 1/2 [00:05<00:05,  5.64s/it][AProcessed prompts: 100%|██████████| 2/2 [00:05<00:00,  2.82s/it]
Processing examples: 292it [27:17,  5.63s/it]
Processed prompts:   0%|          | 0/2 [00:00<?, ?it/s][A
Processed prompts:  50%|█████     | 1/2 [00:05<00:05,  5.61s/it][AProcessed prompts: 100%|██████████| 2/2 [00:05<00:00,  2.80s/it]
Processing examples: 293it [27:22,  5.62s/it]
Processed prompts:   0%|          | 0/2 [00:00<?, ?it/s][A
Processed prompts:  50%|█████     | 1/2 [00:05<00:05,  5.59s/it][AProcessed prompts: 100%|██████████| 2/2 [00:05<00:00,  2.80s/it]
Processing examples: 294it [27:28,  5.62s/it]
Processed prompts:   0%|          | 0/2 [00:00<?, ?it/s][A
Processed prompts:  50%|█████     | 1/2 [00:05<00:05,  5.62s/it][AProcessed prompts: 100%|██████████| 2/2 [00:05<00:00,  2.81s/it]
Processing examples: 295it [27:34,  5.62s/it]
Processed prompts:   0%|          | 0/2 [00:00<?, ?it/s][A
Processed prompts:  50%|█████     | 1/2 [00:05<00:05,  5.60s/it][AProcessed prompts: 100%|██████████| 2/2 [00:05<00:00,  2.80s/it]
Processing examples: 296it [27:39,  5.62s/it]
Processed prompts:   0%|          | 0/2 [00:00<?, ?it/s][A
Processed prompts:  50%|█████     | 1/2 [00:05<00:05,  5.60s/it][AProcessed prompts: 100%|██████████| 2/2 [00:05<00:00,  2.80s/it]
Processing examples: 297it [27:45,  5.61s/it]
Processed prompts:   0%|          | 0/2 [00:00<?, ?it/s][A
Processed prompts:  50%|█████     | 1/2 [00:05<00:05,  5.61s/it][AProcessed prompts: 100%|██████████| 2/2 [00:05<00:00,  2.80s/it]
Processing examples: 298it [27:50,  5.61s/it]
Processed prompts:   0%|          | 0/2 [00:00<?, ?it/s][A
Processed prompts:  50%|█████     | 1/2 [00:05<00:05,  5.60s/it][AProcessed prompts: 100%|██████████| 2/2 [00:05<00:00,  2.80s/it]
Processing examples: 299it [27:56,  5.61s/it]
Processed prompts:   0%|          | 0/2 [00:00<?, ?it/s][A
Processed prompts:  50%|█████     | 1/2 [00:05<00:05,  5.57s/it][AProcessed prompts: 100%|██████████| 2/2 [00:05<00:00,  2.79s/it]
Processing examples: 300it [28:02,  5.60s/it]
Processed prompts:   0%|          | 0/2 [00:00<?, ?it/s][A
Processed prompts:  50%|█████     | 1/2 [00:05<00:05,  5.61s/it][AProcessed prompts: 100%|██████████| 2/2 [00:05<00:00,  2.81s/it]
Processing examples: 301it [28:07,  5.61s/it]
Processed prompts:   0%|          | 0/2 [00:00<?, ?it/s][A
Processed prompts:  50%|█████     | 1/2 [00:05<00:05,  5.57s/it][AProcessed prompts: 100%|██████████| 2/2 [00:05<00:00,  2.79s/it]
Processing examples: 302it [28:13,  5.60s/it]
Processed prompts:   0%|          | 0/2 [00:00<?, ?it/s][A
Processed prompts:  50%|█████     | 1/2 [00:05<00:05,  5.65s/it][AProcessed prompts: 100%|██████████| 2/2 [00:05<00:00,  2.83s/it]
Processing examples: 303it [28:18,  5.62s/it]
Processed prompts:   0%|          | 0/2 [00:00<?, ?it/s][A
Processed prompts:  50%|█████     | 1/2 [00:05<00:05,  5.63s/it][AProcessed prompts: 100%|██████████| 2/2 [00:05<00:00,  2.82s/it]
Processing examples: 304it [28:24,  5.62s/it]
Processed prompts:   0%|          | 0/2 [00:00<?, ?it/s][A
Processed prompts:  50%|█████     | 1/2 [00:05<00:05,  5.60s/it][AProcessed prompts: 100%|██████████| 2/2 [00:05<00:00,  2.80s/it]
Processing examples: 305it [28:30,  5.62s/it]
Processed prompts:   0%|          | 0/2 [00:00<?, ?it/s][A
Processed prompts:  50%|█████     | 1/2 [00:05<00:05,  5.61s/it][AProcessed prompts: 100%|██████████| 2/2 [00:05<00:00,  2.80s/it]
Processing examples: 306it [28:35,  5.62s/it]
Processed prompts:   0%|          | 0/2 [00:00<?, ?it/s][A
Processed prompts:  50%|█████     | 1/2 [00:05<00:05,  5.60s/it][AProcessed prompts: 100%|██████████| 2/2 [00:05<00:00,  2.80s/it]
Processing examples: 307it [28:41,  5.62s/it]
Processed prompts:   0%|          | 0/2 [00:00<?, ?it/s][A
Processed prompts:  50%|█████     | 1/2 [00:05<00:05,  5.63s/it][AProcessed prompts: 100%|██████████| 2/2 [00:05<00:00,  2.82s/it]
Processing examples: 308it [28:47,  5.62s/it]
Processed prompts:   0%|          | 0/2 [00:00<?, ?it/s][A
Processed prompts:  50%|█████     | 1/2 [00:05<00:05,  5.57s/it][AProcessed prompts: 100%|██████████| 2/2 [00:05<00:00,  2.78s/it]
Processing examples: 309it [28:52,  5.61s/it]
Processed prompts:   0%|          | 0/2 [00:00<?, ?it/s][A
Processed prompts:  50%|█████     | 1/2 [00:05<00:05,  5.63s/it][AProcessed prompts: 100%|██████████| 2/2 [00:05<00:00,  2.82s/it]
Processing examples: 310it [28:58,  5.62s/it]
Processed prompts:   0%|          | 0/2 [00:00<?, ?it/s][A
Processed prompts:  50%|█████     | 1/2 [00:05<00:05,  5.62s/it][AProcessed prompts: 100%|██████████| 2/2 [00:05<00:00,  2.81s/it]
Processing examples: 311it [29:03,  5.62s/it]
Processed prompts:   0%|          | 0/2 [00:00<?, ?it/s][A
Processed prompts:  50%|█████     | 1/2 [00:05<00:05,  5.61s/it][AProcessed prompts: 100%|██████████| 2/2 [00:05<00:00,  2.80s/it]
Processing examples: 312it [29:09,  5.62s/it]
Processed prompts:   0%|          | 0/2 [00:00<?, ?it/s][A
Processed prompts:  50%|█████     | 1/2 [00:05<00:05,  5.61s/it][AProcessed prompts: 100%|██████████| 2/2 [00:05<00:00,  2.80s/it]
Processing examples: 313it [29:15,  5.62s/it]
Processed prompts:   0%|          | 0/2 [00:00<?, ?it/s][A
Processed prompts:  50%|█████     | 1/2 [00:05<00:05,  5.60s/it][AProcessed prompts: 100%|██████████| 2/2 [00:05<00:00,  2.80s/it]
Processing examples: 314it [29:20,  5.62s/it]
Processed prompts:   0%|          | 0/2 [00:00<?, ?it/s][A
Processed prompts:  50%|█████     | 1/2 [00:05<00:05,  5.55s/it][AProcessed prompts: 100%|██████████| 2/2 [00:05<00:00,  2.78s/it]
Processing examples: 315it [29:26,  5.60s/it]
Processed prompts:   0%|          | 0/2 [00:00<?, ?it/s][A
Processed prompts:  50%|█████     | 1/2 [00:05<00:05,  5.61s/it][AProcessed prompts: 100%|██████████| 2/2 [00:05<00:00,  2.80s/it]
Processing examples: 316it [29:31,  5.60s/it]
Processed prompts:   0%|          | 0/2 [00:00<?, ?it/s][A
Processed prompts:  50%|█████     | 1/2 [00:05<00:05,  5.64s/it][AProcessed prompts: 100%|██████████| 2/2 [00:05<00:00,  2.82s/it]
Processing examples: 317it [29:37,  5.62s/it]
Processed prompts:   0%|          | 0/2 [00:00<?, ?it/s][A
Processed prompts:  50%|█████     | 1/2 [00:05<00:05,  5.59s/it][AProcessed prompts: 100%|██████████| 2/2 [00:05<00:00,  2.80s/it]
Processing examples: 318it [29:43,  5.61s/it]
Processed prompts:   0%|          | 0/2 [00:00<?, ?it/s][A
Processed prompts:  50%|█████     | 1/2 [00:05<00:05,  5.60s/it][AProcessed prompts: 100%|██████████| 2/2 [00:05<00:00,  2.80s/it]
Processing examples: 319it [29:48,  5.61s/it]
Processed prompts:   0%|          | 0/2 [00:00<?, ?it/s][A
Processed prompts:  50%|█████     | 1/2 [00:05<00:05,  5.59s/it][AProcessed prompts: 100%|██████████| 2/2 [00:05<00:00,  2.79s/it]
Processing examples: 320it [29:54,  5.61s/it]
Processed prompts:   0%|          | 0/2 [00:00<?, ?it/s][A
Processed prompts:  50%|█████     | 1/2 [00:05<00:05,  5.62s/it][AProcessed prompts: 100%|██████████| 2/2 [00:05<00:00,  2.81s/it]
Processing examples: 321it [29:59,  5.61s/it]
Processed prompts:   0%|          | 0/2 [00:00<?, ?it/s][A
Processed prompts:  50%|█████     | 1/2 [00:05<00:05,  5.60s/it][AProcessed prompts: 100%|██████████| 2/2 [00:05<00:00,  2.80s/it]
Processing examples: 322it [30:05,  5.61s/it]
Processed prompts:   0%|          | 0/2 [00:00<?, ?it/s][A
Processed prompts:  50%|█████     | 1/2 [00:05<00:05,  5.58s/it][AProcessed prompts: 100%|██████████| 2/2 [00:05<00:00,  2.79s/it]
Processing examples: 323it [30:11,  5.61s/it]
Processed prompts:   0%|          | 0/2 [00:00<?, ?it/s][A
Processed prompts:  50%|█████     | 1/2 [00:05<00:05,  5.73s/it][AProcessed prompts: 100%|██████████| 2/2 [00:05<00:00,  2.86s/it]
Processing examples: 324it [30:16,  5.64s/it]
Processed prompts:   0%|          | 0/2 [00:00<?, ?it/s][A
Processed prompts:  50%|█████     | 1/2 [00:05<00:05,  5.60s/it][AProcessed prompts: 100%|██████████| 2/2 [00:05<00:00,  2.80s/it]
Processing examples: 325it [30:22,  5.63s/it]
Processed prompts:   0%|          | 0/2 [00:00<?, ?it/s][A
Processed prompts:  50%|█████     | 1/2 [00:05<00:05,  5.63s/it][AProcessed prompts: 100%|██████████| 2/2 [00:05<00:00,  2.81s/it]
Processing examples: 326it [30:28,  5.63s/it]
Processed prompts:   0%|          | 0/2 [00:00<?, ?it/s][A
Processed prompts:  50%|█████     | 1/2 [00:05<00:05,  5.62s/it][AProcessed prompts: 100%|██████████| 2/2 [00:05<00:00,  2.81s/it]
Processing examples: 327it [30:33,  5.63s/it]
Processed prompts:   0%|          | 0/2 [00:00<?, ?it/s][A
Processed prompts:  50%|█████     | 1/2 [00:05<00:05,  5.61s/it][AProcessed prompts: 100%|██████████| 2/2 [00:05<00:00,  2.81s/it]
Processing examples: 328it [30:39,  5.63s/it]
Processed prompts:   0%|          | 0/2 [00:00<?, ?it/s][A
Processed prompts:  50%|█████     | 1/2 [00:05<00:05,  5.61s/it][AProcessed prompts: 100%|██████████| 2/2 [00:05<00:00,  2.80s/it]
Processing examples: 329it [30:45,  5.63s/it]
Processed prompts:   0%|          | 0/2 [00:00<?, ?it/s][A