[2024-02-11 20:08:44,484] torch.distributed.run: [WARNING] 
[2024-02-11 20:08:44,484] torch.distributed.run: [WARNING] *****************************************
[2024-02-11 20:08:44,484] torch.distributed.run: [WARNING] Setting OMP_NUM_THREADS environment variable for each process to be 1 in default, to avoid your system being overloaded, please further tune the variable for optimal performance in your application as needed. 
[2024-02-11 20:08:44,484] torch.distributed.run: [WARNING] *****************************************
/scr/jphilipp/miniconda3/envs/scai-tuning/lib/python3.10/site-packages/hydra/_internal/defaults_list.py:251: UserWarning: In 'config': Defaults list is missing `_self_`. See https://hydra.cc/docs/1.2/upgrades/1.0_to_1.1/default_composition_order for more information
  warnings.warn(msg, UserWarning)
/scr/jphilipp/miniconda3/envs/scai-tuning/lib/python3.10/site-packages/hydra/_internal/defaults_list.py:251: UserWarning: In 'config': Defaults list is missing `_self_`. See https://hydra.cc/docs/1.2/upgrades/1.0_to_1.1/default_composition_order for more information
  warnings.warn(msg, UserWarning)
/scr/jphilipp/miniconda3/envs/scai-tuning/lib/python3.10/site-packages/hydra/_internal/defaults_list.py:251: UserWarning: In 'config': Defaults list is missing `_self_`. See https://hydra.cc/docs/1.2/upgrades/1.0_to_1.1/default_composition_order for more information
  warnings.warn(msg, UserWarning)
/scr/jphilipp/miniconda3/envs/scai-tuning/lib/python3.10/site-packages/hydra/_internal/defaults_list.py:251: UserWarning: In 'config': Defaults list is missing `_self_`. See https://hydra.cc/docs/1.2/upgrades/1.0_to_1.1/default_composition_order for more information
  warnings.warn(msg, UserWarning)
wandb: Currently logged in as: janphilipp-franken. Use `wandb login --relogin` to force relogin
wandb: Currently logged in as: janphilipp-franken. Use `wandb login --relogin` to force relogin
wandb: Currently logged in as: janphilipp-franken. Use `wandb login --relogin` to force relogin
wandb: Currently logged in as: janphilipp-franken. Use `wandb login --relogin` to force relogin
wandb: wandb version 0.16.3 is available!  To upgrade, please run:
wandb:  $ pip install wandb --upgrade
wandb: Tracking run with wandb version 0.16.0
wandb: Run data is saved locally in /sailhome/jphilipp/research_projects/scai-tuning/pragmatics/wandb/run-20240211_200848-3qfquyab
wandb: Run `wandb offline` to turn off syncing.
wandb: Syncing run sft_hh_cdpo
wandb: ⭐️ View project at https://wandb.ai/janphilipp-franken/scai
wandb: 🚀 View run at https://wandb.ai/janphilipp-franken/scai/runs/3qfquyab
wandb: wandb version 0.16.3 is available!  To upgrade, please run:
wandb:  $ pip install wandb --upgrade
wandb: Tracking run with wandb version 0.16.0
wandb: Run data is saved locally in /sailhome/jphilipp/research_projects/scai-tuning/pragmatics/wandb/run-20240211_200848-lkpoz9hk
wandb: Run `wandb offline` to turn off syncing.
wandb: Syncing run sft_hh_cdpo
wandb: ⭐️ View project at https://wandb.ai/janphilipp-franken/scai
wandb: 🚀 View run at https://wandb.ai/janphilipp-franken/scai/runs/lkpoz9hk
wandb: wandb version 0.16.3 is available!  To upgrade, please run:
wandb:  $ pip install wandb --upgrade
wandb: Tracking run with wandb version 0.16.0
wandb: Run data is saved locally in /sailhome/jphilipp/research_projects/scai-tuning/pragmatics/wandb/run-20240211_200848-zmq7ezt5
wandb: Run `wandb offline` to turn off syncing.
wandb: wandb version 0.16.3 is available!  To upgrade, please run:
wandb:  $ pip install wandb --upgrade
wandb: Tracking run with wandb version 0.16.0
wandb: Run data is saved locally in /sailhome/jphilipp/research_projects/scai-tuning/pragmatics/wandb/run-20240211_200848-4huf5asc
wandb: Run `wandb offline` to turn off syncing.
wandb: Syncing run sft_hh_cdpo
wandb: ⭐️ View project at https://wandb.ai/janphilipp-franken/scai
wandb: 🚀 View run at https://wandb.ai/janphilipp-franken/scai/runs/zmq7ezt5
wandb: Syncing run sft_hh_cdpo
wandb: ⭐️ View project at https://wandb.ai/janphilipp-franken/scai
wandb: 🚀 View run at https://wandb.ai/janphilipp-franken/scai/runs/4huf5asc
Loading checkpoint shards:   0%|          | 0/2 [00:00<?, ?it/s]Loading checkpoint shards:   0%|          | 0/2 [00:00<?, ?it/s]Loading checkpoint shards:   0%|          | 0/2 [00:00<?, ?it/s]Loading checkpoint shards:   0%|          | 0/2 [00:00<?, ?it/s]Loading checkpoint shards:  50%|█████     | 1/2 [00:05<00:05,  5.97s/it]Loading checkpoint shards:  50%|█████     | 1/2 [00:05<00:05,  5.94s/it]Loading checkpoint shards:  50%|█████     | 1/2 [00:05<00:05,  5.91s/it]Loading checkpoint shards:  50%|█████     | 1/2 [00:05<00:05,  5.82s/it]Loading checkpoint shards: 100%|██████████| 2/2 [00:08<00:00,  4.04s/it]Loading checkpoint shards: 100%|██████████| 2/2 [00:08<00:00,  4.33s/it]
Loading checkpoint shards: 100%|██████████| 2/2 [00:08<00:00,  4.02s/it]Loading checkpoint shards: 100%|██████████| 2/2 [00:08<00:00,  4.30s/it]
Loading checkpoint shards: 100%|██████████| 2/2 [00:08<00:00,  4.00s/it]Loading checkpoint shards: 100%|██████████| 2/2 [00:08<00:00,  4.29s/it]
Loading checkpoint shards: 100%|██████████| 2/2 [00:08<00:00,  3.94s/it]Loading checkpoint shards: 100%|██████████| 2/2 [00:08<00:00,  4.22s/it]
wandb: - 0.015 MB of 0.015 MB uploadedwandb: \ 0.015 MB of 0.015 MB uploadedwandb: | 0.015 MB of 0.015 MB uploadedwandb: 🚀 View run sft_hh_cdpo at: https://wandb.ai/janphilipp-franken/scai/runs/lkpoz9hk
wandb: ️⚡ View job at https://wandb.ai/janphilipp-franken/scai/jobs/QXJ0aWZhY3RDb2xsZWN0aW9uOjEzOTA0MjEzMQ==/version_details/v2
wandb: Synced 6 W&B file(s), 0 media file(s), 0 artifact file(s) and 0 other file(s)
wandb: Find logs at: ./wandb/run-20240211_200848-lkpoz9hk/logs
wandb: 🚀 View run sft_hh_cdpo at: https://wandb.ai/janphilipp-franken/scai/runs/4huf5asc
wandb: ️⚡ View job at https://wandb.ai/janphilipp-franken/scai/jobs/QXJ0aWZhY3RDb2xsZWN0aW9uOjEzOTA0MjEzMQ==/version_details/v2
wandb: Synced 6 W&B file(s), 0 media file(s), 0 artifact file(s) and 0 other file(s)
wandb: Find logs at: ./wandb/run-20240211_200848-4huf5asc/logs
wandb: 
wandb: Run history:
wandb:  loss/eval █▄▁
wandb: loss/train ▇▇▇▇▇█▃▆▅▆▄▆▆█▄▅▆▄▄▅▆▆▄▂▆▃▁▂▄▆█▇▆▆▄▃▄▂▃▄
wandb: 
wandb: Run summary:
wandb:  loss/eval -1863.76392
wandb: loss/train -305.95062
wandb: 
wandb: 🚀 View run sft_hh_cdpo at: https://wandb.ai/janphilipp-franken/scai/runs/zmq7ezt5
wandb: ️⚡ View job at https://wandb.ai/janphilipp-franken/scai/jobs/QXJ0aWZhY3RDb2xsZWN0aW9uOjEzOTA0MjEzMQ==/version_details/v1
wandb: Synced 6 W&B file(s), 0 media file(s), 0 artifact file(s) and 0 other file(s)
wandb: Find logs at: ./wandb/run-20240211_200848-zmq7ezt5/logs
wandb: 🚀 View run sft_hh_cdpo at: https://wandb.ai/janphilipp-franken/scai/runs/3qfquyab
wandb: ️⚡ View job at https://wandb.ai/janphilipp-franken/scai/jobs/QXJ0aWZhY3RDb2xsZWN0aW9uOjEzOTA0MjEzMQ==/version_details/v2
wandb: Synced 6 W&B file(s), 0 media file(s), 0 artifact file(s) and 0 other file(s)
wandb: Find logs at: ./wandb/run-20240211_200848-3qfquyab/logs
