[2024-02-26 17:26:21,901] torch.distributed.run: [WARNING] 
[2024-02-26 17:26:21,901] torch.distributed.run: [WARNING] *****************************************
[2024-02-26 17:26:21,901] torch.distributed.run: [WARNING] Setting OMP_NUM_THREADS environment variable for each process to be 1 in default, to avoid your system being overloaded, please further tune the variable for optimal performance in your application as needed. 
[2024-02-26 17:26:21,901] torch.distributed.run: [WARNING] *****************************************
/scr/jphilipp/miniconda3/envs/scai-tuning/lib/python3.10/site-packages/hydra/_internal/defaults_list.py:251: UserWarning: In 'config': Defaults list is missing `_self_`. See https://hydra.cc/docs/1.2/upgrades/1.0_to_1.1/default_composition_order for more information
  warnings.warn(msg, UserWarning)
/scr/jphilipp/miniconda3/envs/scai-tuning/lib/python3.10/site-packages/hydra/_internal/defaults_list.py:251: UserWarning: In 'config': Defaults list is missing `_self_`. See https://hydra.cc/docs/1.2/upgrades/1.0_to_1.1/default_composition_order for more information
  warnings.warn(msg, UserWarning)
/scr/jphilipp/miniconda3/envs/scai-tuning/lib/python3.10/site-packages/hydra/_internal/defaults_list.py:251: UserWarning: In 'config': Defaults list is missing `_self_`. See https://hydra.cc/docs/1.2/upgrades/1.0_to_1.1/default_composition_order for more information
  warnings.warn(msg, UserWarning)
/scr/jphilipp/miniconda3/envs/scai-tuning/lib/python3.10/site-packages/hydra/_internal/defaults_list.py:251: UserWarning: In 'config': Defaults list is missing `_self_`. See https://hydra.cc/docs/1.2/upgrades/1.0_to_1.1/default_composition_order for more information
  warnings.warn(msg, UserWarning)
wandb: Currently logged in as: janphilipp-franken. Use `wandb login --relogin` to force relogin
wandb: Currently logged in as: janphilipp-franken. Use `wandb login --relogin` to force relogin
wandb: Currently logged in as: janphilipp-franken. Use `wandb login --relogin` to force relogin
wandb: Currently logged in as: janphilipp-franken. Use `wandb login --relogin` to force relogin
wandb: wandb version 0.16.3 is available!  To upgrade, please run:
wandb:  $ pip install wandb --upgrade
wandb: Tracking run with wandb version 0.16.0
wandb: Run data is saved locally in /sailhome/jphilipp/research_projects/scai-tuning/pragmatics/wandb/run-20240226_172625-5nt83zuy
wandb: Run `wandb offline` to turn off syncing.
wandb: wandb version 0.16.3 is available!  To upgrade, please run:
wandb:  $ pip install wandb --upgrade
wandb: Tracking run with wandb version 0.16.0
wandb: Run data is saved locally in /sailhome/jphilipp/research_projects/scai-tuning/pragmatics/wandb/run-20240226_172625-ohur9kk5
wandb: Run `wandb offline` to turn off syncing.
wandb: Syncing run beta-0.01-per-token-kl
wandb: ⭐️ View project at https://wandb.ai/janphilipp-franken/scai-with-labels
wandb: 🚀 View run at https://wandb.ai/janphilipp-franken/scai-with-labels/runs/5nt83zuy
wandb: Syncing run beta-0.01-per-token-kl
wandb: ⭐️ View project at https://wandb.ai/janphilipp-franken/scai-with-labels
wandb: 🚀 View run at https://wandb.ai/janphilipp-franken/scai-with-labels/runs/ohur9kk5
wandb: wandb version 0.16.3 is available!  To upgrade, please run:
wandb:  $ pip install wandb --upgrade
wandb: Tracking run with wandb version 0.16.0
wandb: Run data is saved locally in /sailhome/jphilipp/research_projects/scai-tuning/pragmatics/wandb/run-20240226_172626-g1wjbf2d
wandb: Run `wandb offline` to turn off syncing.
wandb: Syncing run beta-0.01-per-token-kl
wandb: ⭐️ View project at https://wandb.ai/janphilipp-franken/scai-with-labels
wandb: 🚀 View run at https://wandb.ai/janphilipp-franken/scai-with-labels/runs/g1wjbf2d
wandb: wandb version 0.16.3 is available!  To upgrade, please run:
wandb:  $ pip install wandb --upgrade
wandb: Tracking run with wandb version 0.16.0
wandb: Run data is saved locally in /sailhome/jphilipp/research_projects/scai-tuning/pragmatics/wandb/run-20240226_172625-r62owhg7
wandb: Run `wandb offline` to turn off syncing.
wandb: Syncing run beta-0.01-per-token-kl
wandb: ⭐️ View project at https://wandb.ai/janphilipp-franken/scai-with-labels
wandb: 🚀 View run at https://wandb.ai/janphilipp-franken/scai-with-labels/runs/r62owhg7
Loading checkpoint shards:   0%|          | 0/2 [00:00<?, ?it/s]Loading checkpoint shards:   0%|          | 0/2 [00:00<?, ?it/s]Loading checkpoint shards:   0%|          | 0/2 [00:00<?, ?it/s]Loading checkpoint shards:   0%|          | 0/2 [00:00<?, ?it/s]Loading checkpoint shards:  50%|█████     | 1/2 [00:06<00:06,  6.42s/it]Loading checkpoint shards:  50%|█████     | 1/2 [00:06<00:06,  6.33s/it]Loading checkpoint shards:  50%|█████     | 1/2 [00:06<00:06,  6.22s/it]Loading checkpoint shards:  50%|█████     | 1/2 [00:06<00:06,  6.30s/it]Loading checkpoint shards: 100%|██████████| 2/2 [00:09<00:00,  4.37s/it]Loading checkpoint shards: 100%|██████████| 2/2 [00:09<00:00,  4.68s/it]
Loading checkpoint shards: 100%|██████████| 2/2 [00:09<00:00,  4.31s/it]Loading checkpoint shards: 100%|██████████| 2/2 [00:09<00:00,  4.61s/it]
Loading checkpoint shards: 100%|██████████| 2/2 [00:09<00:00,  4.26s/it]Loading checkpoint shards: 100%|██████████| 2/2 [00:09<00:00,  4.55s/it]
Loading checkpoint shards: 100%|██████████| 2/2 [00:09<00:00,  4.27s/it]Loading checkpoint shards: 100%|██████████| 2/2 [00:09<00:00,  4.57s/it]
Loading checkpoint shards:   0%|          | 0/2 [00:00<?, ?it/s]Loading checkpoint shards:   0%|          | 0/2 [00:00<?, ?it/s]Loading checkpoint shards:   0%|          | 0/2 [00:00<?, ?it/s]Loading checkpoint shards:   0%|          | 0/2 [00:00<?, ?it/s]