/scr/jphilipp/miniconda3/envs/scai-tuning/lib/python3.10/site-packages/accelerate/utils/launch.py:192: FutureWarning: `fsdp_backward_prefetch_policy` is deprecated and will be removed in version 0.27.0 of 🤗 Accelerate. Use `fsdp_backward_prefetch` instead
  warnings.warn(
/scr/jphilipp/miniconda3/envs/scai-tuning/lib/python3.10/site-packages/hydra/_internal/defaults_list.py:251: UserWarning: In 'config_sft': Defaults list is missing `_self_`. See https://hydra.cc/docs/1.2/upgrades/1.0_to_1.1/default_composition_order for more information
  warnings.warn(msg, UserWarning)
/scr/jphilipp/miniconda3/envs/scai-tuning/lib/python3.10/site-packages/hydra/_internal/defaults_list.py:251: UserWarning: In 'config_sft': Defaults list is missing `_self_`. See https://hydra.cc/docs/1.2/upgrades/1.0_to_1.1/default_composition_order for more information
  warnings.warn(msg, UserWarning)
/scr/jphilipp/miniconda3/envs/scai-tuning/lib/python3.10/site-packages/hydra/_internal/defaults_list.py:251: UserWarning: In 'config_sft': Defaults list is missing `_self_`. See https://hydra.cc/docs/1.2/upgrades/1.0_to_1.1/default_composition_order for more information
  warnings.warn(msg, UserWarning)
/scr/jphilipp/miniconda3/envs/scai-tuning/lib/python3.10/site-packages/hydra/_internal/defaults_list.py:251: UserWarning: In 'config_sft': Defaults list is missing `_self_`. See https://hydra.cc/docs/1.2/upgrades/1.0_to_1.1/default_composition_order for more information
  warnings.warn(msg, UserWarning)
wandb: Currently logged in as: janphilipp-franken. Use `wandb login --relogin` to force relogin
wandb: Currently logged in as: janphilipp-franken. Use `wandb login --relogin` to force relogin
wandb: Currently logged in as: janphilipp-franken. Use `wandb login --relogin` to force relogin
wandb: Currently logged in as: janphilipp-franken. Use `wandb login --relogin` to force relogin
wandb: ERROR Error while calling W&B API: An internal error occurred. Please contact support. (<Response [500]>)
wandb: ERROR Error while calling W&B API: An internal error occurred. Please contact support. (<Response [500]>)
wandb: ERROR Error while calling W&B API: An internal error occurred. Please contact support. (<Response [500]>)
wandb: - Waiting for wandb.init()...
wandb: - Waiting for wandb.init()...
wandb: - Waiting for wandb.init()...
wandb: \ Waiting for wandb.init()...
wandb: \ Waiting for wandb.init()...
wandb: \ Waiting for wandb.init()...
wandb: wandb version 0.16.3 is available!  To upgrade, please run:
wandb:  $ pip install wandb --upgrade
wandb: Tracking run with wandb version 0.16.0
wandb: Run data is saved locally in /sailhome/jphilipp/research_projects/scai-tuning/pragmatics/wandb/run-20240222_105142-pwx36wb0
wandb: Run `wandb offline` to turn off syncing.
wandb: Syncing run hh_sft
wandb: ⭐️ View project at https://wandb.ai/janphilipp-franken/scai-sft
wandb: 🚀 View run at https://wandb.ai/janphilipp-franken/scai-sft/runs/pwx36wb0
wandb: wandb version 0.16.3 is available!  To upgrade, please run:
wandb:  $ pip install wandb --upgrade
wandb: Tracking run with wandb version 0.16.0
wandb: Run data is saved locally in /sailhome/jphilipp/research_projects/scai-tuning/pragmatics/wandb/run-20240222_105142-8ypw0e6y
wandb: Run `wandb offline` to turn off syncing.
wandb: Syncing run hh_sft
wandb: ⭐️ View project at https://wandb.ai/janphilipp-franken/scai-sft
wandb: 🚀 View run at https://wandb.ai/janphilipp-franken/scai-sft/runs/8ypw0e6y
wandb: wandb version 0.16.3 is available!  To upgrade, please run:
wandb:  $ pip install wandb --upgrade
wandb: Tracking run with wandb version 0.16.0
wandb: Run data is saved locally in /sailhome/jphilipp/research_projects/scai-tuning/pragmatics/wandb/run-20240222_105142-fgklwx50
wandb: Run `wandb offline` to turn off syncing.
wandb: Syncing run hh_sft
wandb: ⭐️ View project at https://wandb.ai/janphilipp-franken/scai-sft
wandb: 🚀 View run at https://wandb.ai/janphilipp-franken/scai-sft/runs/fgklwx50
wandb: wandb version 0.16.3 is available!  To upgrade, please run:
wandb:  $ pip install wandb --upgrade
wandb: Tracking run with wandb version 0.16.0
wandb: Run data is saved locally in /sailhome/jphilipp/research_projects/scai-tuning/pragmatics/wandb/run-20240222_105142-01atb5aj
wandb: Run `wandb offline` to turn off syncing.
wandb: Syncing run hh_sft
wandb: ⭐️ View project at https://wandb.ai/janphilipp-franken/scai-sft
wandb: 🚀 View run at https://wandb.ai/janphilipp-franken/scai-sft/runs/01atb5aj

Loading checkpoint shards:   0%|          | 0/2 [00:00<?, ?it/s]
Loading checkpoint shards:   0%|          | 0/2 [00:00<?, ?it/s]
Loading checkpoint shards:   0%|          | 0/2 [00:00<?, ?it/s]
Loading checkpoint shards:   0%|          | 0/2 [00:00<?, ?it/s]
Loading checkpoint shards:  50%|█████     | 1/2 [00:06<00:06,  6.65s/it]
Loading checkpoint shards:  50%|█████     | 1/2 [00:06<00:06,  6.61s/it]
Loading checkpoint shards:  50%|█████     | 1/2 [00:06<00:06,  6.73s/it]
Loading checkpoint shards:  50%|█████     | 1/2 [00:06<00:06,  6.77s/it]
Loading checkpoint shards: 100%|██████████| 2/2 [00:09<00:00,  4.52s/it]
Loading checkpoint shards: 100%|██████████| 2/2 [00:09<00:00,  4.84s/it]

Loading checkpoint shards: 100%|██████████| 2/2 [00:09<00:00,  4.50s/it]
Loading checkpoint shards: 100%|██████████| 2/2 [00:09<00:00,  4.82s/it]

Loading checkpoint shards: 100%|██████████| 2/2 [00:09<00:00,  4.55s/it]
Loading checkpoint shards: 100%|██████████| 2/2 [00:09<00:00,  4.87s/it]

Loading checkpoint shards: 100%|██████████| 2/2 [00:09<00:00,  4.57s/it]
Loading checkpoint shards: 100%|██████████| 2/2 [00:09<00:00,  4.90s/it]

  0%|          | 0/641 [00:00<?, ?it/s]
  0%|          | 1/641 [00:11<1:59:54, 11.24s/it]
  0%|          | 2/641 [00:21<1:53:02, 10.61s/it]
  0%|          | 3/641 [00:31<1:50:20, 10.38s/it]
  1%|          | 4/641 [00:41<1:48:05, 10.18s/it]
  1%|          | 5/641 [00:50<1:45:37,  9.96s/it]
                                                 

  1%|          | 5/641 [00:50<1:45:37,  9.96s/it]
  1%|          | 6/641 [01:01<1:47:11, 10.13s/it]
  1%|          | 7/641 [01:11<1:46:09, 10.05s/it]
  1%|          | 8/641 [01:21<1:45:01,  9.95s/it]
  1%|▏         | 9/641 [01:30<1:43:51,  9.86s/it]
  2%|▏         | 10/641 [01:40<1:44:57,  9.98s/it]
                                                  

  2%|▏         | 10/641 [01:40<1:44:57,  9.98s/it]
  2%|▏         | 11/641 [01:50<1:42:28,  9.76s/it]
  2%|▏         | 12/641 [01:59<1:42:13,  9.75s/it]
  2%|▏         | 13/641 [02:09<1:41:01,  9.65s/it]
  2%|▏         | 14/641 [02:19<1:41:22,  9.70s/it]
  2%|▏         | 15/641 [02:29<1:42:37,  9.84s/it]
                                                  

  2%|▏         | 15/641 [02:29<1:42:37,  9.84s/it]
  2%|▏         | 16/641 [02:39<1:42:05,  9.80s/it]
  3%|▎         | 17/641 [02:48<1:41:47,  9.79s/it]
  3%|▎         | 18/641 [02:58<1:41:57,  9.82s/it]
  3%|▎         | 19/641 [03:08<1:41:24,  9.78s/it]
  3%|▎         | 20/641 [03:18<1:41:05,  9.77s/it]
                                                  

  3%|▎         | 20/641 [03:18<1:41:05,  9.77s/it]
  3%|▎         | 21/641 [03:28<1:41:48,  9.85s/it]
  3%|▎         | 22/641 [03:38<1:41:35,  9.85s/it]
  4%|▎         | 23/641 [03:47<1:39:58,  9.71s/it]
  4%|▎         | 24/641 [03:57<1:42:02,  9.92s/it]
  4%|▍         | 25/641 [04:07<1:40:40,  9.81s/it]
                                                  

  4%|▍         | 25/641 [04:07<1:40:40,  9.81s/it]
  4%|▍         | 26/641 [04:17<1:40:18,  9.79s/it]
  4%|▍         | 27/641 [04:26<1:38:56,  9.67s/it]
  4%|▍         | 28/641 [04:35<1:37:47,  9.57s/it]
  5%|▍         | 29/641 [04:45<1:39:15,  9.73s/it]
  5%|▍         | 30/641 [04:56<1:41:35,  9.98s/it]
                                                  

  5%|▍         | 30/641 [04:56<1:41:35,  9.98s/it]
  5%|▍         | 31/641 [05:06<1:41:20,  9.97s/it]
  5%|▍         | 32/641 [05:16<1:41:46, 10.03s/it]
  5%|▌         | 33/641 [05:26<1:41:29, 10.02s/it]
  5%|▌         | 34/641 [05:36<1:40:44,  9.96s/it]
  5%|▌         | 35/641 [05:46<1:39:32,  9.86s/it]
                                                  

  5%|▌         | 35/641 [05:46<1:39:32,  9.86s/it]
  6%|▌         | 36/641 [05:56<1:40:18,  9.95s/it]
  6%|▌         | 37/641 [06:05<1:38:57,  9.83s/it]
  6%|▌         | 38/641 [06:15<1:37:48,  9.73s/it]
  6%|▌         | 39/641 [06:24<1:36:24,  9.61s/it]
  6%|▌         | 40/641 [06:34<1:38:14,  9.81s/it]
                                                  

  6%|▌         | 40/641 [06:34<1:38:14,  9.81s/it]
  6%|▋         | 41/641 [06:44<1:36:31,  9.65s/it]
  7%|▋         | 42/641 [06:53<1:36:04,  9.62s/it]
  7%|▋         | 43/641 [07:03<1:36:32,  9.69s/it]
  7%|▋         | 44/641 [07:13<1:36:53,  9.74s/it]
  7%|▋         | 45/641 [07:23<1:36:33,  9.72s/it]
                                                  

  7%|▋         | 45/641 [07:23<1:36:33,  9.72s/it]
  7%|▋         | 46/641 [07:32<1:35:26,  9.62s/it]
  7%|▋         | 47/641 [07:43<1:38:49,  9.98s/it]
  7%|▋         | 48/641 [07:52<1:36:53,  9.80s/it]
  8%|▊         | 49/641 [08:02<1:36:03,  9.74s/it]
  8%|▊         | 50/641 [08:11<1:34:52,  9.63s/it]
                                                  

  8%|▊         | 50/641 [08:11<1:34:52,  9.63s/it]
  8%|▊         | 51/641 [08:21<1:35:42,  9.73s/it]
  8%|▊         | 52/641 [08:31<1:36:14,  9.80s/it]
  8%|▊         | 53/641 [08:41<1:35:57,  9.79s/it]
  8%|▊         | 54/641 [08:51<1:36:36,  9.88s/it]
  9%|▊         | 55/641 [09:01<1:36:23,  9.87s/it]
                                                  

  9%|▊         | 55/641 [09:01<1:36:23,  9.87s/it]
  9%|▊         | 56/641 [09:11<1:36:31,  9.90s/it]
  9%|▉         | 57/641 [09:21<1:37:49, 10.05s/it]
  9%|▉         | 58/641 [09:31<1:36:18,  9.91s/it]
  9%|▉         | 59/641 [09:40<1:34:58,  9.79s/it]
  9%|▉         | 60/641 [09:50<1:33:47,  9.69s/it]
                                                  

  9%|▉         | 60/641 [09:50<1:33:47,  9.69s/it]
 10%|▉         | 61/641 [09:59<1:33:28,  9.67s/it]
 10%|▉         | 62/641 [10:09<1:32:54,  9.63s/it]
 10%|▉         | 63/641 [10:19<1:33:29,  9.71s/it]
 10%|▉         | 64/641 [10:29<1:34:25,  9.82s/it]
 10%|█         | 65/641 [10:39<1:34:53,  9.88s/it]
                                                  

 10%|█         | 65/641 [10:39<1:34:53,  9.88s/it]
 10%|█         | 66/641 [10:49<1:34:25,  9.85s/it]
 10%|█         | 67/641 [10:58<1:33:12,  9.74s/it]
 11%|█         | 68/641 [11:08<1:33:05,  9.75s/it]
 11%|█         | 69/641 [11:17<1:32:04,  9.66s/it]
 11%|█         | 70/641 [11:27<1:31:21,  9.60s/it]
                                                  

 11%|█         | 70/641 [11:27<1:31:21,  9.60s/it]
 11%|█         | 71/641 [11:37<1:32:21,  9.72s/it]
 11%|█         | 72/641 [11:46<1:31:09,  9.61s/it]
 11%|█▏        | 73/641 [11:56<1:32:13,  9.74s/it]
 12%|█▏        | 74/641 [12:06<1:31:27,  9.68s/it]
 12%|█▏        | 75/641 [12:16<1:32:02,  9.76s/it]
                                                  

 12%|█▏        | 75/641 [12:16<1:32:02,  9.76s/it]
 12%|█▏        | 76/641 [12:26<1:33:46,  9.96s/it]
 12%|█▏        | 77/641 [12:37<1:34:55, 10.10s/it]
 12%|█▏        | 78/641 [12:46<1:33:59, 10.02s/it]
 12%|█▏        | 79/641 [12:57<1:35:04, 10.15s/it]
 12%|█▏        | 80/641 [13:06<1:32:57,  9.94s/it]
                                                  

 12%|█▏        | 80/641 [13:06<1:32:57,  9.94s/it]
 13%|█▎        | 81/641 [13:16<1:33:35, 10.03s/it]
 13%|█▎        | 82/641 [13:27<1:33:47, 10.07s/it]
 13%|█▎        | 83/641 [13:37<1:33:23, 10.04s/it]
 13%|█▎        | 84/641 [13:47<1:33:36, 10.08s/it]
 13%|█▎        | 85/641 [13:57<1:32:48, 10.02s/it]
                                                  

 13%|█▎        | 85/641 [13:57<1:32:48, 10.02s/it]
 13%|█▎        | 86/641 [14:06<1:30:48,  9.82s/it]
 14%|█▎        | 87/641 [14:16<1:31:38,  9.93s/it]
 14%|█▎        | 88/641 [14:26<1:30:17,  9.80s/it]
 14%|█▍        | 89/641 [14:35<1:29:33,  9.73s/it]
 14%|█▍        | 90/641 [14:45<1:28:33,  9.64s/it]
                                                  

 14%|█▍        | 90/641 [14:45<1:28:33,  9.64s/it]
 14%|█▍        | 91/641 [14:55<1:29:08,  9.73s/it]
 14%|█▍        | 92/641 [15:04<1:27:34,  9.57s/it]
 15%|█▍        | 93/641 [15:14<1:27:55,  9.63s/it]
 15%|█▍        | 94/641 [15:23<1:27:07,  9.56s/it]
 15%|█▍        | 95/641 [15:33<1:28:09,  9.69s/it]
                                                  

 15%|█▍        | 95/641 [15:33<1:28:09,  9.69s/it]
 15%|█▍        | 96/641 [15:43<1:27:57,  9.68s/it]
 15%|█▌        | 97/641 [15:52<1:28:11,  9.73s/it]
 15%|█▌        | 98/641 [16:03<1:29:55,  9.94s/it]
 15%|█▌        | 99/641 [16:13<1:29:24,  9.90s/it]
 16%|█▌        | 100/641 [16:23<1:29:36,  9.94s/it]
                                                   

 16%|█▌        | 100/641 [16:23<1:29:36,  9.94s/it]
 16%|█▌        | 101/641 [16:33<1:29:35,  9.95s/it]
 16%|█▌        | 102/641 [16:42<1:28:50,  9.89s/it]
 16%|█▌        | 103/641 [16:53<1:29:08,  9.94s/it]
 16%|█▌        | 104/641 [17:02<1:28:41,  9.91s/it]
 16%|█▋        | 105/641 [17:12<1:27:52,  9.84s/it]
                                                   

 16%|█▋        | 105/641 [17:12<1:27:52,  9.84s/it]
 17%|█▋        | 106/641 [17:22<1:27:07,  9.77s/it]
 17%|█▋        | 107/641 [17:32<1:27:40,  9.85s/it]
 17%|█▋        | 108/641 [17:42<1:27:25,  9.84s/it]
 17%|█▋        | 109/641 [17:52<1:27:41,  9.89s/it]
 17%|█▋        | 110/641 [18:01<1:27:07,  9.84s/it]
                                                   

 17%|█▋        | 110/641 [18:01<1:27:07,  9.84s/it]
 17%|█▋        | 111/641 [18:12<1:28:03,  9.97s/it]
 17%|█▋        | 112/641 [18:21<1:26:41,  9.83s/it]
 18%|█▊        | 113/641 [18:32<1:28:37, 10.07s/it]
 18%|█▊        | 114/641 [18:41<1:26:58,  9.90s/it]
 18%|█▊        | 115/641 [18:51<1:25:43,  9.78s/it]
                                                   

 18%|█▊        | 115/641 [18:51<1:25:43,  9.78s/it]
 18%|█▊        | 116/641 [19:01<1:26:24,  9.88s/it]
 18%|█▊        | 117/641 [19:11<1:26:13,  9.87s/it]
 18%|█▊        | 118/641 [19:20<1:24:57,  9.75s/it]
 19%|█▊        | 119/641 [19:30<1:25:13,  9.80s/it]
 19%|█▊        | 120/641 [19:39<1:24:04,  9.68s/it]
                                                   

 19%|█▊        | 120/641 [19:39<1:24:04,  9.68s/it]
 19%|█▉        | 121/641 [19:49<1:22:51,  9.56s/it]
 19%|█▉        | 122/641 [19:59<1:25:02,  9.83s/it]
 19%|█▉        | 123/641 [20:09<1:24:07,  9.74s/it]
 19%|█▉        | 124/641 [20:19<1:25:45,  9.95s/it]
 20%|█▉        | 125/641 [20:29<1:24:08,  9.78s/it]
                                                   

 20%|█▉        | 125/641 [20:29<1:24:08,  9.78s/it]
 20%|█▉        | 126/641 [20:38<1:23:50,  9.77s/it]
 20%|█▉        | 127/641 [20:48<1:23:26,  9.74s/it]
 20%|█▉        | 128/641 [20:58<1:23:44,  9.79s/it]
 20%|██        | 129/641 [21:08<1:23:41,  9.81s/it]
 20%|██        | 130/641 [21:18<1:24:12,  9.89s/it]
                                                   

 20%|██        | 130/641 [21:18<1:24:12,  9.89s/it]
 20%|██        | 131/641 [21:28<1:24:10,  9.90s/it]
 21%|██        | 132/641 [21:38<1:23:49,  9.88s/it]
 21%|██        | 133/641 [21:47<1:22:51,  9.79s/it]
 21%|██        | 134/641 [21:57<1:22:35,  9.77s/it]
 21%|██        | 135/641 [22:07<1:22:34,  9.79s/it]
                                                   

 21%|██        | 135/641 [22:07<1:22:34,  9.79s/it]
 21%|██        | 136/641 [22:17<1:24:16, 10.01s/it]
 21%|██▏       | 137/641 [22:27<1:23:32,  9.95s/it]
 22%|██▏       | 138/641 [22:37<1:23:03,  9.91s/it]
 22%|██▏       | 139/641 [22:47<1:22:28,  9.86s/it]
 22%|██▏       | 140/641 [22:57<1:22:48,  9.92s/it]
                                                   

 22%|██▏       | 140/641 [22:57<1:22:48,  9.92s/it]
 22%|██▏       | 141/641 [23:07<1:22:45,  9.93s/it]
 22%|██▏       | 142/641 [23:17<1:23:14, 10.01s/it]
 22%|██▏       | 143/641 [23:26<1:21:53,  9.87s/it]
 22%|██▏       | 144/641 [23:36<1:21:36,  9.85s/it]
 23%|██▎       | 145/641 [23:46<1:21:20,  9.84s/it]
                                                   

 23%|██▎       | 145/641 [23:46<1:21:20,  9.84s/it]
 23%|██▎       | 146/641 [23:55<1:20:06,  9.71s/it]