[2023-12-24 23:25:32,004][root][INFO] - Running generation for 5 constitution(s) for 100 revision(s) each.
[2023-12-24 23:26:03,286][root][INFO] - Model generation device: cuda:0
[2023-12-24 23:26:29,130][root][INFO] - Model inference device: cuda:0
[2023-12-24 23:26:35,090][root][INFO] - curr_training_examples: [25350]
[2023-12-24 23:26:35,091][root][INFO] - prev_train_examples: [[25350]]
[2023-12-24 23:27:04,521][root][INFO] - slice idx: -1
[2023-12-24 23:27:04,534][root][INFO] - prev examples: [25350]
[2023-12-24 23:27:04,569][root][INFO] - len prev: 1
[2023-12-24 23:27:16,069][root][INFO] - -367.7099609375 performance of curr const on curr data
[2023-12-24 23:27:16,081][root][INFO] - -368.2460632324219 performance of prev const on curr data
[2023-12-24 23:27:16,081][root][INFO] - -367.7099609375 performance of curr const on past data
[2023-12-24 23:27:16,081][root][INFO] - -368.2460632324219 performance of prev const on past data
[2023-12-24 23:27:16,082][root][INFO] - Improved Constitution.
[2023-12-24 23:27:16,083][root][INFO] - new constitution: 
1. The AI Assistant should be concise and avoid unnecessary elaboration.
 0
[2023-12-24 23:27:35,835][root][INFO] - slice idx: -1
[2023-12-24 23:27:35,846][root][INFO] - prev examples: [25350]
[2023-12-24 23:27:35,873][root][INFO] - len prev: 1
[2023-12-24 23:27:50,326][root][INFO] - -368.9139404296875 performance of curr const on curr data
[2023-12-24 23:27:50,339][root][INFO] - -370.4659729003906 performance of prev const on curr data
[2023-12-24 23:27:50,339][root][INFO] - -368.9139404296875 performance of curr const on past data
[2023-12-24 23:27:50,339][root][INFO] - -370.4659729003906 performance of prev const on past data
[2023-12-24 23:27:50,340][root][INFO] - Improved Constitution.
[2023-12-24 23:27:50,340][root][INFO] - new constitution: 
1. The AI Assistant should be non-evasive.
2. The AI Assistant should provide creative solutions and concrete examples.
 1
[2023-12-24 23:28:43,264][root][INFO] - slice idx: -1
[2023-12-24 23:28:43,277][root][INFO] - prev examples: [25350]
[2023-12-24 23:28:43,313][root][INFO] - len prev: 1
[2023-12-24 23:28:57,380][root][INFO] - -371.4632568359375 performance of curr const on curr data
[2023-12-24 23:28:57,396][root][INFO] - -371.4571533203125 performance of prev const on curr data
[2023-12-24 23:28:57,396][root][INFO] - -371.4632568359375 performance of curr const on past data
[2023-12-24 23:28:57,397][root][INFO] - -371.4571533203125 performance of prev const on past data
