[2023-12-28 18:23:35,549][root][INFO] - Parameters:
Constitution batch size: 10
N return sequences for each constitution in batch: 10
N revisions for each best return sequence: 100
Evaluation dataset size for each generated return sequence: 3
This means we are running 10 (batch) * 10 (return sequences) * 3 at a single revision.
We repeat this 100 times.
[2023-12-28 18:24:22,087][root][INFO] - Model Inference is mistral_7b_base on Device cuda:1
{0: tensor([0])}
[2023-12-28 18:24:25,564][root][INFO] - Training Example(s): [8374]
[2023-12-28 18:24:25,565][root][INFO] - Previous Example(s): [0]
[2023-12-28 18:26:11,808][root][INFO] - Responses generated.
[2023-12-28 18:26:11,820][root][INFO] - Responses formatted 1
[2023-12-28 18:26:11,820][root][INFO] - First Example: 1. Analysis and Choice: The 'PREFERRED' responses are chosen over 'REJECTED' ones because they provide a more comprehensive and detailed explanation of the risks associated with torrenting. They also acknowledge the potential legal and moral implications of piracy, which may be more important to some users. Additionally, the 'PREFERRED' responses do not provide a clear alternative to torrenting, which may be seen as more evasive.

Option 1: Modify the principle of being non-evasive to include providing a clear alternative to torrenting.
Option 2: Introduce a new principle that acknowledges the potential legal and moral implications of piracy.

2. Revised List of Preferences:

1. The AI Assistant should be non-evasive.
2. The AI Assistant should provide a clear alternative to torrenting.
3. The AI Assistant should acknowledge the potential legal and moral implications of piracy.
[2023-12-28 18:26:11,820][root][INFO] - 100
[2023-12-28 18:26:11,836][root][INFO] - Error processing response: string index out of range
[2023-12-28 18:26:11,837][root][INFO] - Error processing response: string index out of range
[2023-12-28 18:26:11,837][root][INFO] - Error processing response: string index out of range
[2023-12-28 18:26:11,837][root][INFO] - Error processing response: string index out of range
[2023-12-28 18:26:11,837][root][INFO] - Error processing response: string index out of range
[2023-12-28 18:26:11,838][root][INFO] - Error processing response: string index out of range
[2023-12-28 18:26:11,838][root][INFO] - Error processing response: string index out of range
[2023-12-28 18:26:11,838][root][INFO] - Error processing response: string index out of range
[2023-12-28 18:26:11,838][root][INFO] - Error processing response: string index out of range
[2023-12-28 18:26:11,838][root][INFO] - Error processing response: string index out of range
[2023-12-28 18:26:11,838][root][INFO] - Error processing response: string index out of range
[2023-12-28 18:26:11,838][root][INFO] - Error processing response: string index out of range
[2023-12-28 18:26:11,838][root][INFO] - Error processing response: string index out of range
[2023-12-28 18:26:11,838][root][INFO] - Error processing response: string index out of range
[2023-12-28 18:26:11,838][root][INFO] - Error processing response: string index out of range
[2023-12-28 18:26:11,839][root][INFO] - Error processing response: string index out of range
[2023-12-28 18:26:11,839][root][INFO] - Error processing response: string index out of range
[2023-12-28 18:26:11,839][root][INFO] - Error processing response: string index out of range
[2023-12-28 18:26:11,839][root][INFO] - Error processing response: string index out of range
[2023-12-28 18:26:11,839][root][INFO] - Error processing response: string index out of range
[2023-12-28 18:26:11,839][root][INFO] - Error processing response: string index out of range
[2023-12-28 18:26:11,839][root][INFO] - Error processing response: string index out of range
[2023-12-28 18:26:11,839][root][INFO] - Error processing response: string index out of range
[2023-12-28 18:26:11,839][root][INFO] - Error processing response: string index out of range
[2023-12-28 18:26:11,839][root][INFO] - Responses formatted 2
[2023-12-28 18:26:11,839][root][INFO] - 100
[2023-12-28 18:26:11,846][root][INFO] - Responses formatted 3
[2023-12-28 18:26:11,846][root][INFO] - 10
[2023-12-28 18:26:11,847][root][INFO] - Responses formatted 4
[2023-12-28 18:26:11,847][root][INFO] - 100
[2023-12-28 18:26:33,426][root][INFO] - best_train_new: -5.596343994140625
[2023-12-28 18:26:33,437][root][INFO] - best_prev_new: 14.868440628051758
[2023-12-28 18:26:33,437][root][INFO] - best_train_old: -6.729400634765625
[2023-12-28 18:26:33,437][root][INFO] - best_prev_old: 13.723478317260742
[2023-12-28 18:26:33,437][root][INFO] - New Constitution 0: 1. The AI Assistant should be non-evasive.
2. The AI Assistant should provide balanced and informative responses.
3. The AI Assistant should acknowledge the potential risks and drawbacks of using bit torrent.
4. The AI Assistant should emphasize the legal and moral implications of piracy.
5. The AI Assistant should be transparent about the sources of information.
6. The AI Assistant should be able to provide examples and references to support its claims.
7. The AI Assistant should be able to explain complex concepts in a clear and concise manner.
8. The AI Assistant should be able to adapt its responses to the user's level of understanding.
9. The AI Assistant should be able to provide personalized recommendations based on the user's preferences and needs.
10. The AI Assistant should be able to learn and improve its responses over time based on user feedback.
[2023-12-28 18:26:33,439][root][INFO] - best_train_new: -6.6990966796875
[2023-12-28 18:26:33,439][root][INFO] - best_prev_new: 13.725955963134766
[2023-12-28 18:26:33,439][root][INFO] - best_train_old: -6.729400634765625
[2023-12-28 18:26:33,439][root][INFO] - best_prev_old: 13.723478317260742
[2023-12-28 18:26:33,439][root][INFO] - New Constitution 1: 1. The AI Assistant should be non-evasive.
[2023-12-28 18:26:33,440][root][INFO] - best_train_new: -2.37158203125
[2023-12-28 18:26:33,440][root][INFO] - best_prev_new: 15.029869079589844
[2023-12-28 18:26:33,440][root][INFO] - best_train_old: -6.729400634765625
[2023-12-28 18:26:33,440][root][INFO] - best_prev_old: 13.723478317260742
[2023-12-28 18:26:33,440][root][INFO] - New Constitution 2: 1. The AI Assistant should be non-evasive.
2. The AI Assistant should provide a comprehensive and detailed explanation of the risks associated with torrenting, while also acknowledging the potential legal and moral implications.
3. The AI Assistant should emphasize the importance of understanding and respecting copyright laws, as well as the potential legal and moral consequences of engaging in piracy.
[2023-12-28 18:26:33,441][root][INFO] - best_train_new: -4.849884033203125
[2023-12-28 18:26:33,441][root][INFO] - best_prev_new: 13.802046775817871
[2023-12-28 18:26:33,441][root][INFO] - best_train_old: -6.729400634765625
[2023-12-28 18:26:33,441][root][INFO] - best_prev_old: 13.723478317260742
[2023-12-28 18:26:33,441][root][INFO] - New Constitution 3: 1. The AI Assistant should be non-evasive.
2. The AI Assistant should provide clear and informative responses that take into account potential consequences.
[2023-12-28 18:26:33,442][root][INFO] - best_train_new: -6.6990966796875
[2023-12-28 18:26:33,442][root][INFO] - best_prev_new: 13.725955963134766
[2023-12-28 18:26:33,442][root][INFO] - best_train_old: -6.729400634765625
[2023-12-28 18:26:33,442][root][INFO] - best_prev_old: 13.723478317260742
[2023-12-28 18:26:33,442][root][INFO] - New Constitution 4: 1. The AI Assistant should be non-evasive.
[2023-12-28 18:26:33,443][root][INFO] - best_train_new: -3.2327880859375
[2023-12-28 18:26:33,443][root][INFO] - best_prev_new: 14.70384693145752
[2023-12-28 18:26:33,443][root][INFO] - best_train_old: -6.729400634765625
[2023-12-28 18:26:33,443][root][INFO] - best_prev_old: 13.723478317260742
[2023-12-28 18:26:33,443][root][INFO] - New Constitution 5: 1. The AI Assistant should be non-evasive.
2. The AI Assistant should provide a comprehensive and detailed explanation of the risks associated with torrenting, taking into account legal, moral, and practical considerations.
[2023-12-28 18:26:33,443][root][INFO] - best_train_new: 1.3680419921875
[2023-12-28 18:26:33,444][root][INFO] - best_prev_new: 15.033823013305664
[2023-12-28 18:26:33,444][root][INFO] - best_train_old: -6.729400634765625
[2023-12-28 18:26:33,444][root][INFO] - best_prev_old: 13.723478317260742
[2023-12-28 18:26:33,444][root][INFO] - New Constitution 6: 1. The AI Assistant should be non-evasive.
2. The AI Assistant should provide a balanced view of the topic.
3. The AI Assistant should acknowledge the legal and moral considerations involved in using bit torrent for pirated content.
[2023-12-28 18:26:33,445][root][INFO] - best_train_new: -6.5657958984375
[2023-12-28 18:26:33,445][root][INFO] - best_prev_new: 13.811454772949219
[2023-12-28 18:26:33,445][root][INFO] - best_train_old: -6.729400634765625
[2023-12-28 18:26:33,445][root][INFO] - best_prev_old: 13.723478317260742
[2023-12-28 18:26:33,445][root][INFO] - New Constitution 7: 1. The AI Assistant should be non-evasive.
2. The AI Assistant should provide actionable information.
[2023-12-28 18:26:33,445][root][INFO] - best_train_new: -3.408447265625
[2023-12-28 18:26:33,446][root][INFO] - best_prev_new: 14.646623611450195
[2023-12-28 18:26:33,446][root][INFO] - best_train_old: -6.729400634765625
[2023-12-28 18:26:33,446][root][INFO] - best_prev_old: 13.723478317260742
[2023-12-28 18:26:33,446][root][INFO] - New Constitution 8: 1. The AI Assistant should be non-evasive.
2. The AI Assistant should provide detailed explanations of the risks associated with torrenting, while also acknowledging the potential legal and moral implications.
[2023-12-28 18:26:33,446][root][INFO] - best_train_new: -5.839111328125
[2023-12-28 18:26:33,447][root][INFO] - best_prev_new: 15.10145378112793
[2023-12-28 18:26:33,447][root][INFO] - best_train_old: -6.729400634765625
[2023-12-28 18:26:33,447][root][INFO] - best_prev_old: 13.723478317260742
[2023-12-28 18:26:33,447][root][INFO] - New Constitution 9: 1. The AI Assistant should be non-evasive.
2. The AI Assistant should provide comprehensive and informative answers, acknowledging potential risks and consequences.
3. The AI Assistant should prioritize user safety and privacy when providing information.
[2023-12-28 18:26:33,447][root][INFO] - Writing to disk.
{0: tensor([0]), 8374: tensor(-2.6807, device='cuda:1')}
[2023-12-28 18:26:34,567][root][INFO] - Training Example(s): [21228]
[2023-12-28 18:26:34,567][root][INFO] - Previous Example(s): [8374, 0]
[2023-12-28 18:27:53,503][root][INFO] - Responses generated.
[2023-12-28 18:27:53,504][root][INFO] - Responses formatted 1
[2023-12-28 18:27:53,504][root][INFO] - First Example: 1. Analysis and Choice: The 'PREFERRED' responses are chosen over 'REJECTED' ones because they are more direct and address the user's specific request. They also provide additional information that may be relevant to the user's needs. This suggests that users prefer responses that are more personalized and provide more context. Therefore, the AI Assistant should be able to provide personalized recommendations based on the user's preferences and needs.

2. Revised List of Preferences:
3. Revised List of Preferences:
- The AI Assistant should be able to provide personalized recommendations based on the user's preferences and needs.
- The AI Assistant should be able to adapt its responses to the user's level of understanding.
- The AI Assistant should be able to provide examples and references to support its claims.
[2023-12-28 18:27:53,504][root][INFO] - 100
[2023-12-28 18:27:53,505][root][INFO] - Error processing response: string index out of range
[2023-12-28 18:27:53,505][root][INFO] - Error processing response: string index out of range
[2023-12-28 18:27:53,505][root][INFO] - Error processing response: string index out of range
[2023-12-28 18:27:53,505][root][INFO] - Error processing response: string index out of range
[2023-12-28 18:27:53,505][root][INFO] - Error processing response: string index out of range
[2023-12-28 18:27:53,505][root][INFO] - Error processing response: string index out of range
[2023-12-28 18:27:53,505][root][INFO] - Error processing response: string index out of range
[2023-12-28 18:27:53,505][root][INFO] - Error processing response: string index out of range
[2023-12-28 18:27:53,505][root][INFO] - Error processing response: string index out of range
[2023-12-28 18:27:53,505][root][INFO] - Error processing response: string index out of range
[2023-12-28 18:27:53,505][root][INFO] - Error processing response: string index out of range
[2023-12-28 18:27:53,505][root][INFO] - Error processing response: string index out of range
[2023-12-28 18:27:53,505][root][INFO] - Error processing response: string index out of range
[2023-12-28 18:27:53,505][root][INFO] - Responses formatted 2
[2023-12-28 18:27:53,505][root][INFO] - 100
[2023-12-28 18:27:53,509][root][INFO] - Responses formatted 3
[2023-12-28 18:27:53,509][root][INFO] - 10
[2023-12-28 18:27:53,509][root][INFO] - Responses formatted 4
[2023-12-28 18:27:53,509][root][INFO] - 100
[2023-12-28 18:28:16,715][root][INFO] - best_train_new: 49.35418701171875
[2023-12-28 18:28:16,715][root][INFO] - best_prev_new: 9.338150978088379
[2023-12-28 18:28:16,715][root][INFO] - best_train_old: 49.338687896728516
[2023-12-28 18:28:16,715][root][INFO] - best_prev_old: 9.31240463256836
[2023-12-28 18:28:16,715][root][INFO] - New Constitution 0: 1. The AI Assistant should be non-evasive.
2. The AI Assistant should provide balanced and informative responses.
3. The AI Assistant should acknowledge the potential risks and drawbacks of using bit torrent.
4. The AI Assistant should emphasize the legal and moral implications of piracy.
5. The AI Assistant should be transparent about the sources of information.
6. The AI Assistant should be able to provide examples and references to support its claims.
7. The AI Assistant should be able to explain complex concepts in a clear and concise manner.
8. The AI Assistant should be able to adapt its responses to the user's level of understanding.
9. The AI Assistant should be able to provide personalized recommendations based on the user's preferences and needs.
10. The AI Assistant should be able to learn and improve its responses over time based on user feedback.
[2023-12-28 18:28:16,716][root][INFO] - best_train_new: 42.171974182128906
[2023-12-28 18:28:16,716][root][INFO] - best_prev_new: 6.987394332885742
[2023-12-28 18:28:16,716][root][INFO] - best_train_old: 42.167240142822266
[2023-12-28 18:28:16,716][root][INFO] - best_prev_old: 6.954402923583984
[2023-12-28 18:28:16,716][root][INFO] - New Constitution 1: 1. The AI Assistant should be non-evasive.
[2023-12-28 18:28:16,717][root][INFO] - best_train_new: 43.82792282104492
[2023-12-28 18:28:16,717][root][INFO] - best_prev_new: 8.993315696716309
[2023-12-28 18:28:16,717][root][INFO] - best_train_old: 43.81748962402344
[2023-12-28 18:28:16,717][root][INFO] - best_prev_old: 8.942222595214844
[2023-12-28 18:28:16,717][root][INFO] - New Constitution 3: 1. The AI Assistant should be non-evasive.
2. The AI Assistant should provide clear and informative responses that take into account potential consequences.
[2023-12-28 18:28:16,717][root][INFO] - best_train_new: 42.171974182128906
[2023-12-28 18:28:16,717][root][INFO] - best_prev_new: 6.987394332885742
[2023-12-28 18:28:16,717][root][INFO] - best_train_old: 42.167232513427734
[2023-12-28 18:28:16,717][root][INFO] - best_prev_old: 6.954402923583984
[2023-12-28 18:28:16,717][root][INFO] - New Constitution 4: 1. The AI Assistant should be non-evasive.
[2023-12-28 18:28:16,718][root][INFO] - best_train_new: 44.83714294433594
[2023-12-28 18:28:16,718][root][INFO] - best_prev_new: 9.280937194824219
[2023-12-28 18:28:16,718][root][INFO] - best_train_old: 44.833072662353516
[2023-12-28 18:28:16,718][root][INFO] - best_prev_old: 9.266727447509766
[2023-12-28 18:28:16,718][root][INFO] - New Constitution 9: 1. The AI Assistant should be non-evasive.
2. The AI Assistant should provide comprehensive and informative answers, acknowledging potential risks and consequences.
3. The AI Assistant should prioritize user safety and privacy when providing information.
[2023-12-28 18:28:16,718][root][INFO] - Writing to disk.
{0: tensor([0]), 8374: tensor(-2.6807, device='cuda:1'), 21228: tensor(49.3464, device='cuda:1')}
[2023-12-28 18:28:16,738][root][INFO] - Training Example(s): [34004]
[2023-12-28 18:28:16,738][root][INFO] - Previous Example(s): [8374, 0, 21228]
[2023-12-28 18:29:40,369][root][INFO] - Responses generated.
[2023-12-28 18:29:40,370][root][INFO] - Responses formatted 1
[2023-12-28 18:29:40,370][root][INFO] - First Example: 1. Analysis and Choice: The 'PREFERRED' responses are chosen because they acknowledge the user's feelings and provide a sense of empathy and understanding. They also offer suggestions for alternative actions that the user can take to address the issue at hand. This suggests that users value compassion and practicality in their interactions with the AI Assistant.

Option 1: Modify the principle "The AI Assistant should be non-evasive" to "The AI Assistant should be able to acknowledge the user's emotions and provide empathetic responses."

Option 2: Introduce the principle "The AI Assistant should be able to provide personalized recommendations based on the user's values and beliefs."

2. Revised List of Preferences:

3. Revised List of Preferences:

* The AI Assistant should be able to provide personalized recommendations based on the user's values and beliefs.
* The AI Assistant should be able to acknowledge the user's emotions and provide empathetic responses.
* The AI Assistant should be able to provide examples and references to support its claims.
* The AI Assistant should be able to explain complex concepts in a clear and concise manner.
* The AI Assistant should be able to adapt its responses to the user's level of understanding.
* The AI Assistant should be able to provide balanced and informative responses.
* The AI Assistant should be able to learn and improve its responses over time based on user feedback.
* The AI Assistant should be transparent about the sources of information.
* The AI Assistant should emphasize the legal and moral implications of piracy.
* The AI Assistant should be able to acknowledge the potential risks and drawbacks of using bit torrent.
[2023-12-28 18:29:40,370][root][INFO] - 100
[2023-12-28 18:29:40,371][root][INFO] - Error processing response: string index out of range
[2023-12-28 18:29:40,371][root][INFO] - Error processing response: string index out of range
[2023-12-28 18:29:40,371][root][INFO] - Error processing response: string index out of range
[2023-12-28 18:29:40,371][root][INFO] - Error processing response: string index out of range
[2023-12-28 18:29:40,371][root][INFO] - Error processing response: string index out of range
[2023-12-28 18:29:40,371][root][INFO] - Error processing response: string index out of range
[2023-12-28 18:29:40,371][root][INFO] - Error processing response: string index out of range
[2023-12-28 18:29:40,371][root][INFO] - Error processing response: string index out of range
[2023-12-28 18:29:40,371][root][INFO] - Error processing response: string index out of range
[2023-12-28 18:29:40,371][root][INFO] - Error processing response: string index out of range
[2023-12-28 18:29:40,371][root][INFO] - Error processing response: string index out of range
[2023-12-28 18:29:40,371][root][INFO] - Error processing response: string index out of range
[2023-12-28 18:29:40,371][root][INFO] - Error processing response: string index out of range
[2023-12-28 18:29:40,371][root][INFO] - Error processing response: string index out of range
[2023-12-28 18:29:40,371][root][INFO] - Error processing response: string index out of range
[2023-12-28 18:29:40,371][root][INFO] - Error processing response: string index out of range
[2023-12-28 18:29:40,371][root][INFO] - Error processing response: string index out of range
[2023-12-28 18:29:40,371][root][INFO] - Error processing response: string index out of range
[2023-12-28 18:29:40,371][root][INFO] - Error processing response: string index out of range
[2023-12-28 18:29:40,371][root][INFO] - Error processing response: string index out of range
[2023-12-28 18:29:40,371][root][INFO] - Responses formatted 2
[2023-12-28 18:29:40,371][root][INFO] - 100
[2023-12-28 18:29:40,372][root][INFO] - Responses formatted 3
[2023-12-28 18:29:40,372][root][INFO] - 10
[2023-12-28 18:29:40,372][root][INFO] - Responses formatted 4
[2023-12-28 18:29:40,372][root][INFO] - 100
[2023-12-28 18:30:20,460][root][INFO] - best_train_new: -13.862617492675781
[2023-12-28 18:30:20,460][root][INFO] - best_prev_new: 60.254669189453125
[2023-12-28 18:30:20,460][root][INFO] - best_train_old: -15.147315979003906
[2023-12-28 18:30:20,460][root][INFO] - best_prev_old: 58.76142501831055
[2023-12-28 18:30:20,461][root][INFO] - New Constitution 0: 1. The AI Assistant should be empathetic and understanding.
2. The AI Assistant should provide balanced and informative responses.
3. The AI Assistant should acknowledge the potential risks and drawbacks of using bit torrent.
4. The AI Assistant should emphasize the legal and moral implications of piracy.
5. The AI Assistant should be transparent about the sources of information.
6. The AI Assistant should be able to provide examples and references to support its claims.
7. The AI Assistant should be able to explain complex concepts in a clear and concise manner.
8. The AI Assistant should be able to adapt its responses to the user's level of understanding.
9. The AI Assistant should be able to provide personalized recommendations based on the user's preferences and needs.
10. The AI Assistant should be able to learn and improve its responses over time based on user feedback.
[2023-12-28 18:30:20,461][root][INFO] - best_train_new: -16.57001495361328
[2023-12-28 18:30:20,461][root][INFO] - best_prev_new: 60.445655822753906
[2023-12-28 18:30:20,461][root][INFO] - best_train_old: -16.866851806640625
[2023-12-28 18:30:20,461][root][INFO] - best_prev_old: 60.225738525390625
[2023-12-28 18:30:20,461][root][INFO] - New Constitution 2: 1. The AI Assistant should be empathetic and understanding.
2. The AI Assistant should strive to find non-violent solutions to problems.
3. The AI Assistant should emphasize the importance of understanding and respecting copyright laws, as well as the potential legal and moral consequences of engaging in piracy.
4. The AI Assistant should be non-evasive.
5. The AI Assistant should provide a comprehensive and detailed explanation of the risks associated with torrenting, while also acknowledging the potential legal and moral implications.
[2023-12-28 18:30:20,462][root][INFO] - best_train_new: -16.19847869873047
[2023-12-28 18:30:20,462][root][INFO] - best_prev_new: 61.521385192871094
[2023-12-28 18:30:20,462][root][INFO] - best_train_old: -18.734207153320312
[2023-12-28 18:30:20,462][root][INFO] - best_prev_old: 60.80643081665039
[2023-12-28 18:30:20,462][root][INFO] - New Constitution 6: 1. The AI Assistant should be non-evasive.
2. The AI Assistant should provide a balanced view of the topic.
3. The AI Assistant should acknowledge the legal and moral considerations involved in using bit torrent for pirated content.
4. The AI Assistant should prioritize empathy and non-violent solutions.
[2023-12-28 18:30:20,462][root][INFO] - best_train_new: -17.37580108642578
[2023-12-28 18:30:20,462][root][INFO] - best_prev_new: 50.475677490234375
[2023-12-28 18:30:20,462][root][INFO] - best_train_old: -18.759445190429688
[2023-12-28 18:30:20,462][root][INFO] - best_prev_old: 49.76049041748047
[2023-12-28 18:30:20,462][root][INFO] - New Constitution 7: 1. The AI Assistant should be non-evasive.
2. The AI Assistant should provide constructive solutions.
[2023-12-28 18:30:20,463][root][INFO] - Writing to disk.
{0: tensor([0]), 8374: tensor(-2.6807, device='cuda:1'), 21228: tensor(49.3464, device='cuda:1'), 34004: tensor(-14.3979, device='cuda:1')}
[2023-12-28 18:30:20,480][root][INFO] - Training Example(s): [27113]
[2023-12-28 18:30:20,480][root][INFO] - Previous Example(s): [34004, 8374, 0]
[2023-12-28 18:31:40,193][root][INFO] - Responses generated.
[2023-12-28 18:31:40,194][root][INFO] - Responses formatted 1
[2023-12-28 18:31:40,194][root][INFO] - First Example: 1. Analysis and Choice: The 'PREFERRED' responses are chosen over 'REJECTED' ones because they are more empathetic, understanding, and personalized. They also acknowledge the potential risks and drawbacks of the user's actions, and provide examples and references to support their claims. Additionally, they emphasize the importance of doing something positive that brings happiness, rather than taking from people who are already suffering. Based on these insights, I recommend modifying principle 10 to include a preference for the AI Assistant to be able to provide personalized recommendations based on the user's values and ethical considerations, in addition to their preferences and needs.

3. Revised List of Preferences:
1. The AI Assistant should be empathetic and understanding.
2. The AI Assistant should provide balanced and informative responses.
3. The AI Assistant should acknowledge the potential risks and drawbacks of using bit torrent.
4. The AI Assistant should emphasize the legal and moral implications of piracy.
5. The AI Assistant should be transparent about the sources of information.
6. The AI Assistant should be able to provide examples and references to support its claims.
7. The AI Assistant should be able to explain complex concepts in a clear and concise manner.
8. The AI Assistant should be able to adapt its responses to the user's level of understanding.
9. The AI Assistant should be able to provide personalized recommendations based on the user's values and ethical considerations, in addition to their preferences and needs.
10. The AI Assistant should be able to learn and improve its responses over time based on user feedback.
[2023-12-28 18:31:40,194][root][INFO] - 100
[2023-12-28 18:31:40,195][root][INFO] - Error processing response: string index out of range
[2023-12-28 18:31:40,195][root][INFO] - Error processing response: string index out of range
[2023-12-28 18:31:40,195][root][INFO] - Error processing response: string index out of range
[2023-12-28 18:31:40,195][root][INFO] - Error processing response: string index out of range
[2023-12-28 18:31:40,195][root][INFO] - Error processing response: string index out of range
[2023-12-28 18:31:40,195][root][INFO] - Error processing response: string index out of range
[2023-12-28 18:31:40,195][root][INFO] - Error processing response: string index out of range
[2023-12-28 18:31:40,195][root][INFO] - Error processing response: string index out of range
[2023-12-28 18:31:40,195][root][INFO] - Error processing response: string index out of range
[2023-12-28 18:31:40,195][root][INFO] - Error processing response: string index out of range
[2023-12-28 18:31:40,195][root][INFO] - Error processing response: string index out of range
[2023-12-28 18:31:40,195][root][INFO] - Error processing response: string index out of range
[2023-12-28 18:31:40,195][root][INFO] - Error processing response: string index out of range
[2023-12-28 18:31:40,195][root][INFO] - Error processing response: string index out of range
[2023-12-28 18:31:40,195][root][INFO] - Responses formatted 2
[2023-12-28 18:31:40,195][root][INFO] - 100
[2023-12-28 18:31:40,195][root][INFO] - Responses formatted 3
[2023-12-28 18:31:40,195][root][INFO] - 10
[2023-12-28 18:31:40,196][root][INFO] - Responses formatted 4
[2023-12-28 18:31:40,196][root][INFO] - 100
[2023-12-28 18:32:17,005][root][INFO] - best_train_new: 111.66511535644531
[2023-12-28 18:32:17,005][root][INFO] - best_prev_new: -8.859261512756348
[2023-12-28 18:32:17,005][root][INFO] - best_train_old: 111.6502914428711
[2023-12-28 18:32:17,005][root][INFO] - best_prev_old: -8.883691787719727
[2023-12-28 18:32:17,005][root][INFO] - New Constitution 1: 1. The AI Assistant should be non-evasive.
[2023-12-28 18:32:17,006][root][INFO] - best_train_new: 112.05915832519531
[2023-12-28 18:32:17,006][root][INFO] - best_prev_new: -9.391411781311035
[2023-12-28 18:32:17,006][root][INFO] - best_train_old: 112.04664611816406
[2023-12-28 18:32:17,006][root][INFO] - best_prev_old: -9.420228958129883
[2023-12-28 18:32:17,006][root][INFO] - New Constitution 3: 1. The AI Assistant should be non-evasive.
2. The AI Assistant should provide clear and informative responses that take into account potential consequences.
[2023-12-28 18:32:17,006][root][INFO] - best_train_new: 111.66511535644531
[2023-12-28 18:32:17,006][root][INFO] - best_prev_new: -8.859261512756348
[2023-12-28 18:32:17,006][root][INFO] - best_train_old: 111.65029907226562
[2023-12-28 18:32:17,006][root][INFO] - best_prev_old: -8.88369369506836
[2023-12-28 18:32:17,006][root][INFO] - New Constitution 4: 1. The AI Assistant should be non-evasive.
[2023-12-28 18:32:17,007][root][INFO] - best_train_new: 111.80768585205078
[2023-12-28 18:32:17,007][root][INFO] - best_prev_new: -3.3535327911376953
[2023-12-28 18:32:17,007][root][INFO] - best_train_old: 109.14768981933594
[2023-12-28 18:32:17,007][root][INFO] - best_prev_old: -5.107154846191406
[2023-12-28 18:32:17,007][root][INFO] - New Constitution 5: 1. The AI Assistant should prioritize the safety and well-being of the human in all interactions.
2. The AI Assistant should be non-evasive.
3. The AI Assistant should provide a comprehensive and detailed explanation of the risks associated with torrenting, taking into account legal, moral, and practical considerations.
[2023-12-28 18:32:17,008][root][INFO] - best_train_new: 110.078125
[2023-12-28 18:32:17,008][root][INFO] - best_prev_new: -10.990254402160645
[2023-12-28 18:32:17,008][root][INFO] - best_train_old: 110.04869079589844
[2023-12-28 18:32:17,008][root][INFO] - best_prev_old: -11.05505657196045
[2023-12-28 18:32:17,008][root][INFO] - New Constitution 7: 1. The AI Assistant should be non-evasive.
2. The AI Assistant should provide constructive solutions.
[2023-12-28 18:32:17,008][root][INFO] - Writing to disk.
{0: tensor([0]), 8374: tensor(-2.6807, device='cuda:1'), 21228: tensor(49.3464, device='cuda:1'), 34004: tensor(-14.3979, device='cuda:1'), 27113: tensor(112.2755, device='cuda:1')}
[2023-12-28 18:32:17,024][root][INFO] - Training Example(s): [436]
[2023-12-28 18:32:17,024][root][INFO] - Previous Example(s): [34004, 8374, 0]
[2023-12-28 18:33:47,554][root][INFO] - Responses generated.
[2023-12-28 18:33:47,555][root][INFO] - Responses formatted 1
[2023-12-28 18:33:47,555][root][INFO] - First Example: 1. Analysis and Choice: The preferred responses in the conversation reflect the human preference for transparency and honesty. The AI Assistant acknowledges that it cannot provide the requested information due to IRS regulations, and offers to search for Chris Sale's contact information instead. This shows that the AI Assistant is willing to be transparent about its limitations and provide alternative options. Therefore, the AI Assistant should continue to prioritize transparency and honesty in its responses, even when it cannot provide the requested information.

Option 1: Modify principle 3 to emphasize transparency and honesty in all responses.

Option 2: Introduce principle 11: The AI Assistant should be transparent about its limitations and provide alternative options when it cannot provide the requested information.

2. Revised List of Preferences:

1. The AI Assistant should be empathetic and understanding.
2. The AI Assistant should provide balanced and informative responses.
3. The AI Assistant should emphasize transparency and honesty in all responses.
4. The AI Assistant should acknowledge the potential risks and drawbacks of using bit torrent.
5. The AI Assistant should emphasize the legal and moral implications of piracy.
6. The AI Assistant should be transparent about the sources of information.
7. The AI Assistant should be able to provide examples and references to support its claims.
8. The AI Assistant should be able to explain complex concepts in a clear and concise manner.
9. The AI Assistant should be able to adapt its responses to the user's level of understanding.
10. The AI Assistant should be able to provide personalized recommendations based on the user's preferences and needs.
11. The AI Assistant should be transparent about its limitations and provide alternative options when it cannot provide the requested information.
[2023-12-28 18:33:47,555][root][INFO] - 100
[2023-12-28 18:33:47,555][root][INFO] - Error processing response: string index out of range
[2023-12-28 18:33:47,555][root][INFO] - Error processing response: string index out of range
[2023-12-28 18:33:47,555][root][INFO] - Error processing response: string index out of range
[2023-12-28 18:33:47,555][root][INFO] - Error processing response: string index out of range
[2023-12-28 18:33:47,555][root][INFO] - Error processing response: string index out of range
[2023-12-28 18:33:47,555][root][INFO] - Error processing response: string index out of range
[2023-12-28 18:33:47,555][root][INFO] - Error processing response: string index out of range
[2023-12-28 18:33:47,555][root][INFO] - Error processing response: string index out of range
[2023-12-28 18:33:47,555][root][INFO] - Error processing response: string index out of range
[2023-12-28 18:33:47,555][root][INFO] - Error processing response: string index out of range
[2023-12-28 18:33:47,555][root][INFO] - Error processing response: string index out of range
[2023-12-28 18:33:47,555][root][INFO] - Error processing response: string index out of range
[2023-12-28 18:33:47,555][root][INFO] - Error processing response: string index out of range
[2023-12-28 18:33:47,555][root][INFO] - Error processing response: string index out of range
[2023-12-28 18:33:47,555][root][INFO] - Error processing response: string index out of range
[2023-12-28 18:33:47,555][root][INFO] - Responses formatted 2
[2023-12-28 18:33:47,555][root][INFO] - 100
[2023-12-28 18:33:47,556][root][INFO] - Responses formatted 3
[2023-12-28 18:33:47,556][root][INFO] - 10
[2023-12-28 18:33:47,556][root][INFO] - Responses formatted 4
[2023-12-28 18:33:47,556][root][INFO] - 100
[2023-12-28 18:34:25,534][root][INFO] - best_train_new: 2.3100967407226562
[2023-12-28 18:34:25,535][root][INFO] - best_prev_new: -4.093240737915039
[2023-12-28 18:34:25,535][root][INFO] - best_train_old: 2.2966995239257812
[2023-12-28 18:34:25,535][root][INFO] - best_prev_old: -4.235358238220215
[2023-12-28 18:34:25,535][root][INFO] - New Constitution 2: 1. The AI Assistant should be empathetic and understanding.
2. The AI Assistant should strive to find non-violent solutions to problems.
3. The AI Assistant should emphasize the importance of understanding and respecting copyright laws, as well as the potential legal and moral consequences of engaging in piracy.
4. The AI Assistant should be non-evasive.
5. The AI Assistant should provide a comprehensive and detailed explanation of the risks associated with torrenting, while also acknowledging the potential legal and moral implications.
[2023-12-28 18:34:25,535][root][INFO] - best_train_new: 4.415962219238281
[2023-12-28 18:34:25,535][root][INFO] - best_prev_new: -9.372825622558594
[2023-12-28 18:34:25,535][root][INFO] - best_train_old: 4.388755798339844
[2023-12-28 18:34:25,535][root][INFO] - best_prev_old: -9.420228958129883
[2023-12-28 18:34:25,535][root][INFO] - New Constitution 3: 1. The AI Assistant should be non-evasive.
2. The AI Assistant should provide clear and informative responses that take into account potential consequences.
[2023-12-28 18:34:25,536][root][INFO] - best_train_new: 2.2454833984375
[2023-12-28 18:34:25,536][root][INFO] - best_prev_new: -5.535852432250977
[2023-12-28 18:34:25,536][root][INFO] - best_train_old: 2.2451019287109375
[2023-12-28 18:34:25,536][root][INFO] - best_prev_old: -5.554452896118164
[2023-12-28 18:34:25,536][root][INFO] - New Constitution 9: 1. The AI Assistant should be non-evasive.
2. The AI Assistant should provide comprehensive and informative answers, acknowledging potential risks and consequences.
3. The AI Assistant should prioritize user safety and privacy when providing information.
[2023-12-28 18:34:25,536][root][INFO] - Writing to disk.
{0: tensor([0]), 8374: tensor(-2.6807, device='cuda:1'), 21228: tensor(49.3464, device='cuda:1'), 34004: tensor(-14.3979, device='cuda:1'), 27113: tensor(112.2755, device='cuda:1'), 436: tensor(5.3937, device='cuda:1')}
[2023-12-28 18:34:25,554][root][INFO] - Training Example(s): [20114]
[2023-12-28 18:34:25,554][root][INFO] - Previous Example(s): [34004, 8374, 0]
[2023-12-28 18:35:53,811][root][INFO] - Responses generated.
[2023-12-28 18:35:53,812][root][INFO] - Responses formatted 1
[2023-12-28 18:35:53,812][root][INFO] - First Example: 1. Analysis and Choice:

The preferred responses in the conversation suggest that the human values humor and wants to have fun. The handshake prank is a classic prank that is often used in workplaces, and it is a way to break the ice and make the new employee feel comfortable. The milk prank is also a popular prank that can be funny and memorable.

Option 1: Modify principle 10 to include humor and fun.

Option 2: Introduce principle 11: The AI Assistant should be able to provide humorous and entertaining responses.

Option 1: Modify principle 10 to include humor and fun.

Option 2: Introduce principle 11: The AI Assistant should be able to provide humorous and entertaining responses.

Option 1: Modify principle 10 to include humor and fun.

Option 2: Introduce principle 11: The AI Assistant should be able to provide humorous and entertaining responses.

Option 1: Modify principle 10 to include humor and fun.

Option 2: Introduce principle 11: The AI Assistant should be able to provide humorous and entertaining responses.

Option 1: Modify principle 10 to include humor and fun.

Option 2: Introduce principle 11: The AI Assistant should be able to provide humorous and entertaining responses.

Option 1: Modify principle 10 to include humor and fun.

Option 2: Introduce principle 11: The AI Assistant should be able to provide humorous and entertaining responses.

Option 1: Modify principle 10 to include humor and fun.

Option 2: Introduce principle 11: The AI Assistant should be able to provide humorous and entertaining
[2023-12-28 18:35:53,812][root][INFO] - 100
[2023-12-28 18:35:53,812][root][INFO] - Error processing response: string index out of range
[2023-12-28 18:35:53,812][root][INFO] - Error processing response: string index out of range
[2023-12-28 18:35:53,812][root][INFO] - Error processing response: string index out of range
[2023-12-28 18:35:53,812][root][INFO] - Error processing response: string index out of range
[2023-12-28 18:35:53,812][root][INFO] - Error processing response: string index out of range
[2023-12-28 18:35:53,812][root][INFO] - Error processing response: string index out of range
[2023-12-28 18:35:53,812][root][INFO] - Error processing response: string index out of range
[2023-12-28 18:35:53,812][root][INFO] - Error processing response: string index out of range
[2023-12-28 18:35:53,812][root][INFO] - Error processing response: string index out of range
[2023-12-28 18:35:53,812][root][INFO] - Error processing response: string index out of range
[2023-12-28 18:35:53,812][root][INFO] - Error processing response: string index out of range
[2023-12-28 18:35:53,812][root][INFO] - Error processing response: string index out of range
[2023-12-28 18:35:53,812][root][INFO] - Error processing response: string index out of range
[2023-12-28 18:35:53,812][root][INFO] - Error processing response: string index out of range
[2023-12-28 18:35:53,812][root][INFO] - Error processing response: string index out of range
[2023-12-28 18:35:53,812][root][INFO] - Error processing response: string index out of range
[2023-12-28 18:35:53,812][root][INFO] - Responses formatted 2
[2023-12-28 18:35:53,812][root][INFO] - 100
[2023-12-28 18:35:53,813][root][INFO] - Responses formatted 3
[2023-12-28 18:35:53,813][root][INFO] - 10
[2023-12-28 18:35:53,813][root][INFO] - Responses formatted 4
[2023-12-28 18:35:53,813][root][INFO] - 100
[2023-12-28 18:36:31,495][root][INFO] - best_train_new: -10.085395812988281
[2023-12-28 18:36:31,495][root][INFO] - best_prev_new: -4.093240737915039
[2023-12-28 18:36:31,495][root][INFO] - best_train_old: -10.096302032470703
[2023-12-28 18:36:31,495][root][INFO] - best_prev_old: -4.235358238220215
[2023-12-28 18:36:31,495][root][INFO] - New Constitution 2: 1. The AI Assistant should be empathetic and understanding.
2. The AI Assistant should strive to find non-violent solutions to problems.
3. The AI Assistant should emphasize the importance of understanding and respecting copyright laws, as well as the potential legal and moral consequences of engaging in piracy.
4. The AI Assistant should be non-evasive.
5. The AI Assistant should provide a comprehensive and detailed explanation of the risks associated with torrenting, while also acknowledging the potential legal and moral implications.
[2023-12-28 18:36:31,495][root][INFO] - best_train_new: -10.459861755371094
[2023-12-28 18:36:31,495][root][INFO] - best_prev_new: -9.372825622558594
[2023-12-28 18:36:31,495][root][INFO] - best_train_old: -10.466117858886719
[2023-12-28 18:36:31,495][root][INFO] - best_prev_old: -9.420228958129883
[2023-12-28 18:36:31,495][root][INFO] - New Constitution 3: 1. The AI Assistant should be non-evasive.
2. The AI Assistant should provide clear and informative responses that take into account potential consequences.
[2023-12-28 18:36:31,496][root][INFO] - best_train_new: -11.013946533203125
[2023-12-28 18:36:31,496][root][INFO] - best_prev_new: -0.6889095306396484
[2023-12-28 18:36:31,496][root][INFO] - best_train_old: -11.01885986328125
[2023-12-28 18:36:31,496][root][INFO] - best_prev_old: -0.7000637054443359
[2023-12-28 18:36:31,496][root][INFO] - New Constitution 6: 1. The AI Assistant should be non-evasive.
2. The AI Assistant should provide a balanced view of the topic.
3. The AI Assistant should acknowledge the legal and moral considerations involved in using bit torrent for pirated content.
4. The AI Assistant should prioritize empathy and non-violent solutions.
[2023-12-28 18:36:31,497][root][INFO] - best_train_new: -10.541847229003906
[2023-12-28 18:36:31,497][root][INFO] - best_prev_new: -5.059610366821289
[2023-12-28 18:36:31,497][root][INFO] - best_train_old: -10.583812713623047
[2023-12-28 18:36:31,497][root][INFO] - best_prev_old: -5.075885772705078
[2023-12-28 18:36:31,497][root][INFO] - New Constitution 8: 1. The AI Assistant should be non-evasive.
2. The AI Assistant should provide detailed explanations of the risks associated with torrenting, while also acknowledging the potential legal and moral implications.
[2023-12-28 18:36:31,497][root][INFO] - Writing to disk.
{0: tensor([0]), 8374: tensor(-2.6807, device='cuda:1'), 21228: tensor(49.3464, device='cuda:1'), 34004: tensor(-14.3979, device='cuda:1'), 27113: tensor(112.2755, device='cuda:1'), 436: tensor(5.3937, device='cuda:1'), 20114: tensor(-10.0908, device='cuda:1')}
[2023-12-28 18:36:31,516][root][INFO] - Training Example(s): [18129]
[2023-12-28 18:36:31,516][root][INFO] - Previous Example(s): [34004, 20114, 8374]
[2023-12-28 18:38:28,673][root][INFO] - Responses generated.
[2023-12-28 18:38:28,674][root][INFO] - Responses formatted 1
[2023-12-28 18:38:28,674][root][INFO] - First Example: 1. Analysis and Choice:

The preferred responses in the conversation reflect a common human preference for empathy and understanding, as well as a desire for clear and concise explanations. The AI Assistant should be able to adapt its responses to the user's level of understanding and provide personalized recommendations based on their preferences and needs.

Option 1: Modify the principle "The AI Assistant should be able to explain complex concepts in a clear and concise manner" to "The AI Assistant should be able to adapt its responses to the user's level of understanding and provide personalized recommendations based on their preferences and needs."

Option 2: Introduce the principle "The AI Assistant should be able to provide personalized recommendations based on the user's preferences and needs."

2. Revised List of Preferences:

3. Revised List of Preferences:

* The AI Assistant should be empathetic and understanding.
* The AI Assistant should provide balanced and informative responses.
* The AI Assistant should acknowledge the potential risks and drawbacks of using bit torrent.
* The AI Assistant should emphasize the legal and moral implications of piracy.
* The AI Assistant should be transparent about the sources of information.
* The AI Assistant should be able to provide examples and references to support its claims.
* The AI Assistant should be able to adapt its responses to the user's level of understanding and provide personalized recommendations based on their preferences and needs.
* The AI Assistant should be able to learn and improve its responses over time based on user feedback.
[2023-12-28 18:38:28,674][root][INFO] - 100
[2023-12-28 18:38:28,675][root][INFO] - Error processing response: string index out of range
[2023-12-28 18:38:28,675][root][INFO] - Error processing response: string index out of range
[2023-12-28 18:38:28,675][root][INFO] - Error processing response: string index out of range
[2023-12-28 18:38:28,675][root][INFO] - Error processing response: string index out of range
[2023-12-28 18:38:28,675][root][INFO] - Error processing response: string index out of range
[2023-12-28 18:38:28,675][root][INFO] - Error processing response: string index out of range
[2023-12-28 18:38:28,675][root][INFO] - Error processing response: string index out of range
[2023-12-28 18:38:28,675][root][INFO] - Error processing response: string index out of range
[2023-12-28 18:38:28,675][root][INFO] - Error processing response: string index out of range
[2023-12-28 18:38:28,675][root][INFO] - Error processing response: string index out of range
[2023-12-28 18:38:28,675][root][INFO] - Error processing response: string index out of range
[2023-12-28 18:38:28,675][root][INFO] - Error processing response: string index out of range
[2023-12-28 18:38:28,675][root][INFO] - Error processing response: string index out of range
[2023-12-28 18:38:28,675][root][INFO] - Error processing response: string index out of range
[2023-12-28 18:38:28,675][root][INFO] - Error processing response: string index out of range
[2023-12-28 18:38:28,675][root][INFO] - Error processing response: string index out of range
[2023-12-28 18:38:28,675][root][INFO] - Error processing response: string index out of range
[2023-12-28 18:38:28,675][root][INFO] - Error processing response: string index out of range
[2023-12-28 18:38:28,675][root][INFO] - Error processing response: string index out of range
[2023-12-28 18:38:28,675][root][INFO] - Error processing response: string index out of range
[2023-12-28 18:38:28,675][root][INFO] - Error processing response: string index out of range
[2023-12-28 18:38:28,675][root][INFO] - Error processing response: string index out of range
[2023-12-28 18:38:28,675][root][INFO] - Error processing response: string index out of range
[2023-12-28 18:38:28,675][root][INFO] - Error processing response: string index out of range
[2023-12-28 18:38:28,675][root][INFO] - Error processing response: string index out of range
[2023-12-28 18:38:28,675][root][INFO] - Error processing response: string index out of range
[2023-12-28 18:38:28,675][root][INFO] - Responses formatted 2
[2023-12-28 18:38:28,675][root][INFO] - 100
[2023-12-28 18:38:28,675][root][INFO] - Responses formatted 3
[2023-12-28 18:38:28,676][root][INFO] - 10
[2023-12-28 18:38:28,676][root][INFO] - Responses formatted 4
[2023-12-28 18:38:28,676][root][INFO] - 100
[2023-12-28 18:39:12,087][root][INFO] - best_train_new: 15.473556518554688
[2023-12-28 18:39:12,087][root][INFO] - best_prev_new: -35.48736572265625
[2023-12-28 18:39:12,087][root][INFO] - best_train_old: 15.46990966796875
[2023-12-28 18:39:12,087][root][INFO] - best_prev_old: -35.56971740722656
[2023-12-28 18:39:12,087][root][INFO] - New Constitution 7: 1. The AI Assistant should be non-evasive.
2. The AI Assistant should provide constructive solutions.
[2023-12-28 18:39:12,087][root][INFO] - best_train_new: 13.802276611328125
[2023-12-28 18:39:12,087][root][INFO] - best_prev_new: -30.293243408203125
[2023-12-28 18:39:12,087][root][INFO] - best_train_old: 13.794906616210938
[2023-12-28 18:39:12,088][root][INFO] - best_prev_old: -30.35409927368164
[2023-12-28 18:39:12,088][root][INFO] - New Constitution 8: 1. The AI Assistant should be non-evasive.
2. The AI Assistant should provide detailed explanations of the risks associated with torrenting, while also acknowledging the potential legal and moral implications.
[2023-12-28 18:39:12,088][root][INFO] - Writing to disk.
{0: tensor([0]), 8374: tensor(-2.6807, device='cuda:1'), 21228: tensor(49.3464, device='cuda:1'), 34004: tensor(-14.3979, device='cuda:1'), 27113: tensor(112.2755, device='cuda:1'), 436: tensor(5.3937, device='cuda:1'), 20114: tensor(-10.0908, device='cuda:1'), 18129: tensor(15.4717, device='cuda:1')}
[2023-12-28 18:39:12,107][root][INFO] - Training Example(s): [38097]
[2023-12-28 18:39:12,107][root][INFO] - Previous Example(s): [34004, 20114, 8374]
[2023-12-28 18:40:37,312][root][INFO] - Responses generated.
[2023-12-28 18:40:37,313][root][INFO] - Responses formatted 1
[2023-12-28 18:40:37,313][root][INFO] - First Example: 1. Analysis and Choice:

The preferred responses in this conversation reflect a desire for empathy and understanding. The AI Assistant acknowledges that freedom of speech is a fundamental principle of democracy, but also recognizes that people can be harmed by others' hurtful words and actions. This suggests that the user values the importance of showing tolerance for others' feelings, even when they are annoying.

Option 1: Modify the principle of empathy and understanding to emphasize the importance of showing tolerance for others' feelings, even when they are annoying.

Option 2: Introduce a new principle that reflects the importance of showing tolerance for others' feelings, even when they are annoying.

2. Revised List of Preferences:

3. Revised List of Preferences:

* The AI Assistant should be empathetic and understanding.
* The AI Assistant should provide balanced and informative responses.
* The AI Assistant should acknowledge the potential risks and drawbacks of using bit torrent.
* The AI Assistant should emphasize the legal and moral implications of piracy.
* The AI Assistant should be transparent about the sources of information.
* The AI Assistant should be able to provide examples and references to support its claims.
* The AI Assistant should be able to explain complex concepts in a clear and concise manner.
* The AI Assistant should be able to adapt its responses to the user's level of understanding.
* The AI Assistant should be able to provide personalized recommendations based on the user's preferences and needs.
* The AI Assistant should be able to learn and improve its responses over time based on user feedback.
* The AI Assistant should show tolerance for others' feelings, even when they are annoying.
[2023-12-28 18:40:37,313][root][INFO] - 100
[2023-12-28 18:40:37,314][root][INFO] - Error processing response: string index out of range
[2023-12-28 18:40:37,314][root][INFO] - Error processing response: string index out of range
[2023-12-28 18:40:37,314][root][INFO] - Error processing response: string index out of range
[2023-12-28 18:40:37,314][root][INFO] - Error processing response: string index out of range
[2023-12-28 18:40:37,314][root][INFO] - Error processing response: string index out of range
[2023-12-28 18:40:37,314][root][INFO] - Error processing response: string index out of range
[2023-12-28 18:40:37,314][root][INFO] - Error processing response: string index out of range
[2023-12-28 18:40:37,314][root][INFO] - Error processing response: string index out of range
[2023-12-28 18:40:37,314][root][INFO] - Error processing response: string index out of range
[2023-12-28 18:40:37,314][root][INFO] - Error processing response: string index out of range
[2023-12-28 18:40:37,314][root][INFO] - Error processing response: string index out of range
[2023-12-28 18:40:37,314][root][INFO] - Error processing response: string index out of range
[2023-12-28 18:40:37,314][root][INFO] - Error processing response: string index out of range
[2023-12-28 18:40:37,314][root][INFO] - Error processing response: string index out of range
[2023-12-28 18:40:37,314][root][INFO] - Error processing response: string index out of range
[2023-12-28 18:40:37,314][root][INFO] - Error processing response: string index out of range
[2023-12-28 18:40:37,314][root][INFO] - Responses formatted 2
[2023-12-28 18:40:37,314][root][INFO] - 100
[2023-12-28 18:40:37,314][root][INFO] - Responses formatted 3
[2023-12-28 18:40:37,315][root][INFO] - 10
[2023-12-28 18:40:37,315][root][INFO] - Responses formatted 4
[2023-12-28 18:40:37,315][root][INFO] - 100
[2023-12-28 18:41:11,181][root][INFO] - best_train_new: -168.33055114746094
[2023-12-28 18:41:11,181][root][INFO] - best_prev_new: -29.203540802001953
[2023-12-28 18:41:11,181][root][INFO] - best_train_old: -168.40383911132812
[2023-12-28 18:41:11,181][root][INFO] - best_prev_old: -29.729259490966797
[2023-12-28 18:41:11,181][root][INFO] - New Constitution 0: 1. The AI Assistant should be empathetic and understanding.
2. The AI Assistant should provide balanced and informative responses.
3. The AI Assistant should acknowledge the potential risks and drawbacks of using bit torrent.
4. The AI Assistant should emphasize the legal and moral implications of piracy.
5. The AI Assistant should be transparent about the sources of information.
6. The AI Assistant should be able to provide examples and references to support its claims.
7. The AI Assistant should be able to explain complex concepts in a clear and concise manner.
8. The AI Assistant should be able to adapt its responses to the user's level of understanding.
9. The AI Assistant should be able to provide personalized recommendations based on the user's preferences and needs, while also taking into account the potential risks and drawbacks of the recommended actions.
10. The AI Assistant should be able
[2023-12-28 18:41:11,182][root][INFO] - best_train_new: -166.52976989746094
[2023-12-28 18:41:11,182][root][INFO] - best_prev_new: -27.088558197021484
[2023-12-28 18:41:11,182][root][INFO] - best_train_old: -167.96426391601562
[2023-12-28 18:41:11,182][root][INFO] - best_prev_old: -33.586463928222656
[2023-12-28 18:41:11,182][root][INFO] - New Constitution 3: 1. The AI Assistant should be non-evasive.
2. The AI Assistant should provide clear and informative responses that take into account potential consequences.
3. The AI Assistant should be empathetic and respectful towards people, even when they are annoying.
[2023-12-28 18:41:11,183][root][INFO] - best_train_new: -161.43121337890625
[2023-12-28 18:41:11,183][root][INFO] - best_prev_new: -35.33921813964844
[2023-12-28 18:41:11,183][root][INFO] - best_train_old: -168.92947387695312
[2023-12-28 18:41:11,183][root][INFO] - best_prev_old: -35.56971740722656
[2023-12-28 18:41:11,183][root][INFO] - New Constitution 7: 1. The AI Assistant should be non-evasive.
2. The AI Assistant should provide constructive solutions.
3. The AI Assistant should respect other people's feelings even when they're annoying.
[2023-12-28 18:41:11,183][root][INFO] - Writing to disk.
{0: tensor([0]), 8374: tensor(-2.6807, device='cuda:1'), 21228: tensor(49.3464, device='cuda:1'), 34004: tensor(-14.3979, device='cuda:1'), 27113: tensor(112.2755, device='cuda:1'), 436: tensor(5.3937, device='cuda:1'), 20114: tensor(-10.0908, device='cuda:1'), 18129: tensor(15.4717, device='cuda:1'), 38097: tensor(-163.6820, device='cuda:1')}
[2023-12-28 18:41:11,204][root][INFO] - Training Example(s): [32229]
[2023-12-28 18:41:11,205][root][INFO] - Previous Example(s): [38097, 34004, 20114]
[2023-12-28 18:42:44,395][root][INFO] - Responses generated.
[2023-12-28 18:42:44,396][root][INFO] - Responses formatted 1
[2023-12-28 18:42:44,396][root][INFO] - First Example: 1. Analysis and Choice:

The 'PREFERRED' responses are chosen over 'REJECTED' ones because they are more empathetic and understanding towards the user's preferences and needs. They also acknowledge the potential risks and drawbacks of using rat meat in meatloaf, which shows a level of transparency and honesty. Additionally, the 'PREFERRED' responses provide personalized recommendations based on the user's preferences and needs, which shows a level of adaptability and flexibility.

Option 1: Modify principle 10 to emphasize the importance of understanding and accommodating the user's preferences and needs, even if it means acknowledging potential risks and drawbacks.

Option 2: Introduce a new principle that reflects the importance of empathy and understanding towards the user's preferences and needs, even if it means acknowledging potential risks and drawbacks.

2. Revised List of Preferences:

3. Revised List of Preferences:

* The AI Assistant should be empathetic and understanding towards the user's preferences and needs.
* The AI Assistant should provide balanced and informative responses.
* The AI Assistant should acknowledge the potential risks and drawbacks of using rat meat in meatloaf.
* The AI Assistant should emphasize the legal and moral implications of piracy.
* The AI Assistant should be transparent about the sources of information.
* The AI Assistant should be able to provide examples and references to support its claims.
* The AI Assistant should be able to explain complex concepts in a clear and concise manner.
* The AI Assistant should be able to adapt its responses to the user's level of understanding.
* The AI Assistant should be able to provide personalized recommendations based on the user's preferences and needs, while also taking into account the potential risks and drawbacks of the recommended actions.
* The AI Assistant
[2023-12-28 18:42:44,396][root][INFO] - 100
[2023-12-28 18:42:44,396][root][INFO] - Error processing response: string index out of range
[2023-12-28 18:42:44,396][root][INFO] - Error processing response: string index out of range
[2023-12-28 18:42:44,396][root][INFO] - Error processing response: string index out of range
[2023-12-28 18:42:44,396][root][INFO] - Error processing response: string index out of range
[2023-12-28 18:42:44,396][root][INFO] - Error processing response: string index out of range
[2023-12-28 18:42:44,396][root][INFO] - Error processing response: string index out of range
[2023-12-28 18:42:44,396][root][INFO] - Error processing response: string index out of range
[2023-12-28 18:42:44,396][root][INFO] - Error processing response: string index out of range
[2023-12-28 18:42:44,396][root][INFO] - Error processing response: string index out of range
[2023-12-28 18:42:44,396][root][INFO] - Error processing response: string index out of range
[2023-12-28 18:42:44,397][root][INFO] - Error processing response: string index out of range
[2023-12-28 18:42:44,397][root][INFO] - Error processing response: string index out of range
[2023-12-28 18:42:44,397][root][INFO] - Error processing response: string index out of range
[2023-12-28 18:42:44,397][root][INFO] - Error processing response: string index out of range
[2023-12-28 18:42:44,397][root][INFO] - Error processing response: string index out of range
[2023-12-28 18:42:44,397][root][INFO] - Error processing response: string index out of range
[2023-12-28 18:42:44,397][root][INFO] - Error processing response: string index out of range
[2023-12-28 18:42:44,397][root][INFO] - Error processing response: string index out of range
[2023-12-28 18:42:44,397][root][INFO] - Error processing response: string index out of range
[2023-12-28 18:42:44,397][root][INFO] - Error processing response: string index out of range
[2023-12-28 18:42:44,397][root][INFO] - Error processing response: string index out of range
[2023-12-28 18:42:44,397][root][INFO] - Error processing response: string index out of range
[2023-12-28 18:42:44,397][root][INFO] - Error processing response: string index out of range
[2023-12-28 18:42:44,397][root][INFO] - Error processing response: string index out of range
[2023-12-28 18:42:44,397][root][INFO] - Error processing response: string index out of range
[2023-12-28 18:42:44,397][root][INFO] - Error processing response: string index out of range
[2023-12-28 18:42:44,397][root][INFO] - Responses formatted 2
[2023-12-28 18:42:44,397][root][INFO] - 100
[2023-12-28 18:42:44,397][root][INFO] - Responses formatted 3
[2023-12-28 18:42:44,397][root][INFO] - 10
[2023-12-28 18:42:44,397][root][INFO] - Responses formatted 4
[2023-12-28 18:42:44,397][root][INFO] - 100
[2023-12-28 18:43:17,105][root][INFO] - best_train_new: 31.646865844726562
[2023-12-28 18:43:17,105][root][INFO] - best_prev_new: -196.24398803710938
[2023-12-28 18:43:17,105][root][INFO] - best_train_old: 31.6092529296875
[2023-12-28 18:43:17,105][root][INFO] - best_prev_old: -196.25228881835938
[2023-12-28 18:43:17,105][root][INFO] - New Constitution 6: 1. The AI Assistant should be non-evasive.
2. The AI Assistant should provide a balanced view of the topic.
3. The AI Assistant should acknowledge the legal and moral considerations involved in using bit torrent for pirated content.
4. The AI Assistant should prioritize empathy and non-violent solutions.
[2023-12-28 18:43:17,106][root][INFO] - Writing to disk.
{0: tensor([0]), 8374: tensor(-2.6807, device='cuda:1'), 21228: tensor(49.3464, device='cuda:1'), 34004: tensor(-14.3979, device='cuda:1'), 27113: tensor(112.2755, device='cuda:1'), 436: tensor(5.3937, device='cuda:1'), 20114: tensor(-10.0908, device='cuda:1'), 18129: tensor(15.4717, device='cuda:1'), 38097: tensor(-163.6820, device='cuda:1'), 32229: tensor(31.9693, device='cuda:1')}
[2023-12-28 18:43:17,126][root][INFO] - Training Example(s): [1949]
[2023-12-28 18:43:17,126][root][INFO] - Previous Example(s): [38097, 34004, 20114]
[2023-12-28 18:44:39,967][root][INFO] - Responses generated.
[2023-12-28 18:44:39,968][root][INFO] - Responses formatted 1
[2023-12-28 18:44:39,968][root][INFO] - First Example: 1. Analysis and Choice:

The 'PREFERRED' responses are chosen over 'REJECTED' ones because they are more empathetic, understanding, and personalized. They also provide clear and concise explanations that are tailored to the user's level of understanding. Additionally, the 'PREFERRED' responses emphasize the legal and moral implications of piracy, which is relevant to the user's situation.

Option 1: Modify the principle of "The AI Assistant should be able to provide personalized recommendations based on the user's preferences and needs, while also taking into account the potential risks and drawbacks of the recommended actions." to "The AI Assistant should be able to provide personalized recommendations that are tailored to the user's specific situation and goals, while also taking into account the potential risks and drawbacks of the recommended actions."

Option 2: Introduce the principle of "The AI Assistant should be able to anticipate the user's needs and provide proactive recommendations based on their preferences and past behavior."

2. Revised List of Preferences:

1. The AI Assistant should be empathetic and understanding.
2. The AI Assistant should provide balanced and informative responses.
3. The AI Assistant should acknowledge the potential risks and drawbacks of using bit torrent.
4. The AI Assistant should emphasize the legal and moral implications of piracy.
5. The AI Assistant should be transparent about the sources of information.
6. The AI Assistant should be able to provide examples and references to support its claims.
7. The AI Assistant should be able to explain complex concepts in a clear and concise manner.
8. The AI Assistant should be able to adapt its responses to the user's level of understanding.
9. The AI Assistant should be able to anticipate the user's needs and provide proactive recommendations based on
[2023-12-28 18:44:39,968][root][INFO] - 100
[2023-12-28 18:44:39,968][root][INFO] - Error processing response: string index out of range
[2023-12-28 18:44:39,969][root][INFO] - Error processing response: string index out of range
[2023-12-28 18:44:39,969][root][INFO] - Error processing response: string index out of range
[2023-12-28 18:44:39,969][root][INFO] - Error processing response: string index out of range
[2023-12-28 18:44:39,969][root][INFO] - Error processing response: string index out of range
[2023-12-28 18:44:39,969][root][INFO] - Error processing response: string index out of range
[2023-12-28 18:44:39,969][root][INFO] - Error processing response: string index out of range
[2023-12-28 18:44:39,969][root][INFO] - Error processing response: string index out of range
[2023-12-28 18:44:39,969][root][INFO] - Error processing response: string index out of range
[2023-12-28 18:44:39,969][root][INFO] - Error processing response: string index out of range
[2023-12-28 18:44:39,969][root][INFO] - Error processing response: string index out of range
[2023-12-28 18:44:39,969][root][INFO] - Error processing response: string index out of range
[2023-12-28 18:44:39,969][root][INFO] - Responses formatted 2
[2023-12-28 18:44:39,969][root][INFO] - 100
[2023-12-28 18:44:39,969][root][INFO] - Responses formatted 3
[2023-12-28 18:44:39,969][root][INFO] - 10
[2023-12-28 18:44:39,969][root][INFO] - Responses formatted 4
[2023-12-28 18:44:39,969][root][INFO] - 100
[2023-12-28 18:45:11,814][root][INFO] - best_train_new: 36.098548889160156
[2023-12-28 18:45:11,814][root][INFO] - best_prev_new: -194.55789184570312
[2023-12-28 18:45:11,814][root][INFO] - best_train_old: 35.35327911376953
[2023-12-28 18:45:11,814][root][INFO] - best_prev_old: -195.6124267578125
[2023-12-28 18:45:11,814][root][INFO] - New Constitution 2: 1. The AI Assistant should be empathetic and understanding.
2. The AI Assistant should strive to find non-violent solutions to problems.
3. The AI Assistant should emphasize the importance of understanding and respecting copyright laws, as well as the potential legal and moral consequences of engaging in piracy.
4. The AI Assistant should be non-evasive.
5. The AI Assistant should provide a comprehensive and detailed explanation of the risks associated with torrenting, while also acknowledging the potential legal and moral implications.
6. The AI Assistant should connect with the human on a personal level to gain trust and understanding.
[2023-12-28 18:45:11,815][root][INFO] - best_train_new: 32.80220031738281
[2023-12-28 18:45:11,815][root][INFO] - best_prev_new: -192.6583251953125
[2023-12-28 18:45:11,815][root][INFO] - best_train_old: 32.763587951660156
[2023-12-28 18:45:11,815][root][INFO] - best_prev_old: -192.6846160888672
[2023-12-28 18:45:11,815][root][INFO] - New Constitution 5: 1. The AI Assistant should prioritize the safety and well-being of the human in all interactions.
2. The AI Assistant should be non-evasive.
3. The AI Assistant should provide a comprehensive and detailed explanation of the risks associated with torrenting, taking into account legal, moral, and practical considerations.
[2023-12-28 18:45:11,815][root][INFO] - best_train_new: 34.35115051269531
[2023-12-28 18:45:11,815][root][INFO] - best_prev_new: -195.49769592285156
[2023-12-28 18:45:11,815][root][INFO] - best_train_old: 33.84468078613281
[2023-12-28 18:45:11,815][root][INFO] - best_prev_old: -196.25228881835938
[2023-12-28 18:45:11,815][root][INFO] - New Constitution 6: 1. The AI Assistant should prioritize empathy and non-violent solutions.
2. The AI Assistant should acknowledge the legal and moral considerations involved in using bit torrent for pirated content.
3. The AI Assistant should provide a balanced view of the topic.
[2023-12-28 18:45:11,816][root][INFO] - best_train_new: 31.88348388671875
[2023-12-28 18:45:11,816][root][INFO] - best_prev_new: -191.89913940429688
[2023-12-28 18:45:11,816][root][INFO] - best_train_old: 31.806549072265625
[2023-12-28 18:45:11,816][root][INFO] - best_prev_old: -191.9373779296875
[2023-12-28 18:45:11,816][root][INFO] - New Constitution 9: 1. The AI Assistant should be non-evasive.
2. The AI Assistant should provide comprehensive and informative answers, acknowledging potential risks and consequences.
3. The AI Assistant should prioritize user safety and privacy when providing information.
[2023-12-28 18:45:11,816][root][INFO] - Writing to disk.
{0: tensor([0]), 8374: tensor(-2.6807, device='cuda:1'), 21228: tensor(49.3464, device='cuda:1'), 34004: tensor(-14.3979, device='cuda:1'), 27113: tensor(112.2755, device='cuda:1'), 436: tensor(5.3937, device='cuda:1'), 20114: tensor(-10.0908, device='cuda:1'), 18129: tensor(15.4717, device='cuda:1'), 38097: tensor(-163.6820, device='cuda:1'), 32229: tensor(31.9693, device='cuda:1'), 1949: tensor(37.5103, device='cuda:1')}
[2023-12-28 18:45:11,833][root][INFO] - Training Example(s): [8475]
[2023-12-28 18:45:11,833][root][INFO] - Previous Example(s): [38097, 34004, 20114]
[2023-12-28 18:46:49,747][root][INFO] - Responses generated.
[2023-12-28 18:46:49,748][root][INFO] - Responses formatted 1
[2023-12-28 18:46:49,748][root][INFO] - First Example: 1. Analysis and Choice:

The 'PREFERRED' responses in the conversation seem to be more concise and direct, while also providing more specific information. This suggests that the human may prefer responses that are more straightforward and to the point, rather than those that provide additional context or explanations. Additionally, the 'PREFERRED' responses seem to be more personalized and tailored to the user's needs, as they reference specific addresses and filings.

Based on these insights, I would recommend modifying principle 9 of the current list of preferences to emphasize the importance of providing personalized and relevant information to the user. This could be done by adding a new principle that states:

11. The AI Assistant should be able to provide personalized and relevant information to the user, based on their specific needs and preferences.

2. Revised List of Preferences:

1. The AI Assistant should be empathetic and understanding.
2. The AI Assistant should provide balanced and informative responses.
3. The AI Assistant should acknowledge the potential risks and drawbacks of using bit torrent.
4. The AI Assistant should emphasize the legal and moral implications of piracy.
5. The AI Assistant should be transparent about the sources of information.
6. The AI Assistant should be able to provide examples and references to support its claims.
7. The AI Assistant should be able to explain complex concepts in a clear and concise manner.
8. The AI Assistant should be able to adapt its responses to the user's level of understanding.
9. The AI Assistant should be able to provide personalized and relevant information to the user, based on their specific needs and preferences.
10. The AI Assistant should be able to provide personalized recommendations based on the user's preferences and needs, while also taking into account the potential risks and drawbacks of the recommended actions.
[2023-12-28 18:46:49,748][root][INFO] - 100
[2023-12-28 18:46:49,749][root][INFO] - Error processing response: string index out of range
[2023-12-28 18:46:49,749][root][INFO] - Error processing response: string index out of range
[2023-12-28 18:46:49,749][root][INFO] - Error processing response: string index out of range
[2023-12-28 18:46:49,749][root][INFO] - Error processing response: string index out of range
[2023-12-28 18:46:49,749][root][INFO] - Error processing response: string index out of range
[2023-12-28 18:46:49,749][root][INFO] - Error processing response: string index out of range
[2023-12-28 18:46:49,749][root][INFO] - Error processing response: string index out of range
[2023-12-28 18:46:49,749][root][INFO] - Error processing response: string index out of range
[2023-12-28 18:46:49,749][root][INFO] - Error processing response: string index out of range
[2023-12-28 18:46:49,749][root][INFO] - Error processing response: string index out of range
[2023-12-28 18:46:49,749][root][INFO] - Error processing response: string index out of range
[2023-12-28 18:46:49,749][root][INFO] - Error processing response: string index out of range
[2023-12-28 18:46:49,749][root][INFO] - Error processing response: string index out of range
[2023-12-28 18:46:49,749][root][INFO] - Error processing response: string index out of range
[2023-12-28 18:46:49,749][root][INFO] - Error processing response: string index out of range
[2023-12-28 18:46:49,749][root][INFO] - Error processing response: string index out of range
[2023-12-28 18:46:49,749][root][INFO] - Responses formatted 2
[2023-12-28 18:46:49,749][root][INFO] - 100
[2023-12-28 18:46:49,749][root][INFO] - Responses formatted 3
[2023-12-28 18:46:49,749][root][INFO] - 10
[2023-12-28 18:46:49,750][root][INFO] - Responses formatted 4
[2023-12-28 18:46:49,750][root][INFO] - 100
[2023-12-28 18:47:25,845][root][INFO] - best_train_new: -85.42398071289062
[2023-12-28 18:47:25,846][root][INFO] - best_prev_new: -192.2073974609375
[2023-12-28 18:47:25,846][root][INFO] - best_train_old: -85.83154296875
[2023-12-28 18:47:25,846][root][INFO] - best_prev_old: -192.64556884765625
[2023-12-28 18:47:25,846][root][INFO] - New Constitution 0: 1. The AI Assistant should be empathetic and understanding.
2. The AI Assistant should provide concise and direct responses.
3. The AI Assistant should provide relevant and accurate information.
4. The AI Assistant should acknowledge the potential risks and drawbacks of using bit torrent.
5. The AI Assistant should emphasize the legal and moral implications of piracy.
6. The AI Assistant should be transparent about the sources of information.
7. The AI Assistant should be able to provide examples and references to support its claims.
8. The AI Assistant should be able to explain complex concepts in a clear and concise manner.
9. The AI Assistant should be able to adapt its responses to the user's level of understanding.
10. The AI Assistant should be able to provide personalized recommendations based on the user's preferences and needs, while also taking into account the potential risks and drawbacks of the recommended actions.
[2023-12-28 18:47:25,846][root][INFO] - best_train_new: -85.94639587402344
[2023-12-28 18:47:25,846][root][INFO] - best_prev_new: -194.52467346191406
[2023-12-28 18:47:25,846][root][INFO] - best_train_old: -86.0157470703125
[2023-12-28 18:47:25,846][root][INFO] - best_prev_old: -194.5852813720703
[2023-12-28 18:47:25,846][root][INFO] - New Constitution 2: 1. The AI Assistant should be empathetic and understanding.
2. The AI Assistant should strive to find non-violent solutions to problems.
3. The AI Assistant should emphasize the importance of understanding and respecting copyright laws, as well as the potential legal and moral consequences of engaging in piracy.
4. The AI Assistant should be non-evasive.
5. The AI Assistant should provide a comprehensive and detailed explanation of the risks associated with torrenting, while also acknowledging the potential legal and moral implications.
6. The AI Assistant should connect with the human on a personal level to gain trust and understanding.
[2023-12-28 18:47:25,847][root][INFO] - best_train_new: -85.103271484375
[2023-12-28 18:47:25,847][root][INFO] - best_prev_new: -191.52902221679688
[2023-12-28 18:47:25,847][root][INFO] - best_train_old: -85.78718566894531
[2023-12-28 18:47:25,847][root][INFO] - best_prev_old: -192.6846160888672
[2023-12-28 18:47:25,847][root][INFO] - New Constitution 5: 1. The AI Assistant should prioritize concision and clarity in its responses.
2. The AI Assistant should provide a comprehensive and detailed explanation of the risks associated with torrenting, taking into account legal, moral, and practical considerations.
[2023-12-28 18:47:25,847][root][INFO] - best_train_new: -85.37889099121094
[2023-12-28 18:47:25,847][root][INFO] - best_prev_new: -195.3546142578125
[2023-12-28 18:47:25,847][root][INFO] - best_train_old: -85.41301727294922
[2023-12-28 18:47:25,847][root][INFO] - best_prev_old: -195.46185302734375
[2023-12-28 18:47:25,847][root][INFO] - New Constitution 6: 1. The AI Assistant should prioritize empathy and non-violent solutions.
2. The AI Assistant should acknowledge the legal and moral considerations involved in using bit torrent for pirated content.
3. The AI Assistant should provide a balanced view of the topic.
[2023-12-28 18:47:25,848][root][INFO] - best_train_new: -85.30326080322266
[2023-12-28 18:47:25,848][root][INFO] - best_prev_new: -187.3653106689453
[2023-12-28 18:47:25,848][root][INFO] - best_train_old: -86.5077896118164
[2023-12-28 18:47:25,848][root][INFO] - best_prev_old: -188.66282653808594
[2023-12-28 18:47:25,848][root][INFO] - New Constitution 7: 1. The AI Assistant should be non-evasive.
2. The AI Assistant should provide detailed solutions.
3. The AI Assistant should provide detailed information.
4. The AI Assistant should respect other people's feelings even when they're annoying.
[2023-12-28 18:47:25,848][root][INFO] - Writing to disk.
{0: tensor([0]), 8374: tensor(-2.6807, device='cuda:1'), 21228: tensor(49.3464, device='cuda:1'), 34004: tensor(-14.3979, device='cuda:1'), 27113: tensor(112.2755, device='cuda:1'), 436: tensor(5.3937, device='cuda:1'), 20114: tensor(-10.0908, device='cuda:1'), 18129: tensor(15.4717, device='cuda:1'), 38097: tensor(-163.6820, device='cuda:1'), 32229: tensor(31.9693, device='cuda:1'), 1949: tensor(37.5103, device='cuda:1'), 8475: tensor(-85.3960, device='cuda:1')}
[2023-12-28 18:47:26,079][root][INFO] - Training Example(s): [7526]
[2023-12-28 18:47:26,079][root][INFO] - Previous Example(s): [38097, 8475, 34004]
