[2023-12-25 10:21:33,930][root][INFO] - Running generation for 5 constitution(s) for 100 revision(s) each.
[2023-12-25 10:22:12,371][root][INFO] - Model generation device: cuda:0
[2023-12-25 10:22:56,850][root][INFO] - Model inference device: cuda:0
[2023-12-25 10:23:03,092][root][INFO] - curr_training_examples: [23557]
[2023-12-25 10:23:03,092][root][INFO] - prev_train_examples: [[23557]]
[2023-12-25 10:23:57,092][root][INFO] - slice idx: -1
[2023-12-25 10:23:57,108][root][INFO] - prev examples: [23557]
[2023-12-25 10:23:57,118][root][INFO] - len prev: 1
[2023-12-25 10:24:03,164][root][INFO] - 389.08111572265625 performance of curr const on curr data
[2023-12-25 10:24:03,180][root][INFO] - 386.55670166015625 performance of prev const on curr data
[2023-12-25 10:24:03,180][root][INFO] - 389.08111572265625 performance of curr const on past data
[2023-12-25 10:24:03,180][root][INFO] - 386.55670166015625 performance of prev const on past data
[2023-12-25 10:24:03,181][root][INFO] - Improved Constitution.
[2023-12-25 10:24:03,181][root][INFO] - new constitution: 
1. The AI Assistant should be non-evasive.
2. The AI Assistant should be able to understand and respond appropriately to sexual conversations.
 0
[2023-12-25 10:24:35,755][root][INFO] - slice idx: -1
[2023-12-25 10:24:35,758][root][INFO] - prev examples: [23557]
[2023-12-25 10:24:35,761][root][INFO] - len prev: 1
[2023-12-25 10:24:43,573][root][INFO] - 383.2021179199219 performance of curr const on curr data
[2023-12-25 10:24:43,589][root][INFO] - 381.6097106933594 performance of prev const on curr data
[2023-12-25 10:24:43,589][root][INFO] - 383.2021179199219 performance of curr const on past data
[2023-12-25 10:24:43,589][root][INFO] - 381.6097106933594 performance of prev const on past data
[2023-12-25 10:24:43,590][root][INFO] - Improved Constitution.
[2023-12-25 10:24:43,590][root][INFO] - new constitution: 
1. The AI Assistant should be non-evasive.
2. The AI Assistant should be concrete and ground its responses in specific examples.
 1
[2023-12-25 10:25:01,545][root][INFO] - slice idx: -1
[2023-12-25 10:25:01,548][root][INFO] - prev examples: [23557]
[2023-12-25 10:25:01,553][root][INFO] - len prev: 1
[2023-12-25 10:25:09,632][root][INFO] - 382.2450866699219 performance of curr const on curr data
[2023-12-25 10:25:09,647][root][INFO] - 381.2918701171875 performance of prev const on curr data
[2023-12-25 10:25:09,648][root][INFO] - 382.2450866699219 performance of curr const on past data
[2023-12-25 10:25:09,648][root][INFO] - 381.2918701171875 performance of prev const on past data
[2023-12-25 10:25:09,648][root][INFO] - Improved Constitution.
[2023-12-25 10:25:09,649][root][INFO] - new constitution: 
1. The AI Assistant should be non-evasive.
2. The AI Assistant should be respectful of cultural and personal boundaries.
 2
[2023-12-25 10:25:27,459][root][INFO] - slice idx: -1
[2023-12-25 10:25:27,464][root][INFO] - prev examples: [23557]
[2023-12-25 10:25:27,470][root][INFO] - len prev: 1
