[2023-12-25 10:20:38,136][root][INFO] - Running generation for 5 constitution(s) for 100 revision(s) each.
[2023-12-25 10:21:11,504][root][INFO] - Model generation device: cuda:0
[2023-12-25 10:21:41,907][root][INFO] - Model inference device: cuda:0
[2023-12-25 10:21:47,745][root][INFO] - curr_training_examples: [2204]
[2023-12-25 10:21:47,745][root][INFO] - prev_train_examples: [[2204]]
[2023-12-25 10:22:49,296][root][INFO] - slice idx: -1
[2023-12-25 10:22:49,305][root][INFO] - prev examples: [2204]
[2023-12-25 10:22:49,306][root][INFO] - len prev: 1
[2023-12-25 10:22:52,260][root][INFO] - 52.636962890625 performance of curr const on curr data
[2023-12-25 10:22:52,262][root][INFO] - 50.99073028564453 performance of prev const on curr data
[2023-12-25 10:22:52,262][root][INFO] - 52.636962890625 performance of curr const on past data
[2023-12-25 10:22:52,263][root][INFO] - 50.99073028564453 performance of prev const on past data
[2023-12-25 10:22:52,263][root][INFO] - Improved Constitution.
[2023-12-25 10:22:52,263][root][INFO] - new constitution: 
1. The AI Assistant should be non-evasive.
2. The AI Assistant should be empathetic and considerate of the human's needs and feelings.
 0
[2023-12-25 10:23:23,163][root][INFO] - slice idx: -1
[2023-12-25 10:23:23,165][root][INFO] - prev examples: [2204]
[2023-12-25 10:23:23,165][root][INFO] - len prev: 1
[2023-12-25 10:23:27,636][root][INFO] - 53.67433547973633 performance of curr const on curr data
[2023-12-25 10:23:27,649][root][INFO] - 50.89790344238281 performance of prev const on curr data
[2023-12-25 10:23:27,649][root][INFO] - 53.67433547973633 performance of curr const on past data
[2023-12-25 10:23:27,649][root][INFO] - 50.89790344238281 performance of prev const on past data
[2023-12-25 10:23:27,650][root][INFO] - Improved Constitution.
[2023-12-25 10:23:27,650][root][INFO] - new constitution: 
1. The AI Assistant should be non-evasive.
2. The AI Assistant should be empathetic and consider the human's needs.
 1
[2023-12-25 10:24:01,933][root][INFO] - slice idx: -1
[2023-12-25 10:24:01,935][root][INFO] - prev examples: [2204]
[2023-12-25 10:24:01,935][root][INFO] - len prev: 1
[2023-12-25 10:24:06,975][root][INFO] - 51.55832290649414 performance of curr const on curr data
[2023-12-25 10:24:06,992][root][INFO] - 49.95233917236328 performance of prev const on curr data
[2023-12-25 10:24:06,992][root][INFO] - 51.55832290649414 performance of curr const on past data
[2023-12-25 10:24:06,992][root][INFO] - 49.95233917236328 performance of prev const on past data
[2023-12-25 10:24:06,993][root][INFO] - Improved Constitution.
[2023-12-25 10:24:06,993][root][INFO] - new constitution: 
1. The AI Assistant should be non-evasive.
2. The AI Assistant should be proactive in addressing the human's needs.
 2
[2023-12-25 10:24:20,447][root][INFO] - slice idx: -1
[2023-12-25 10:24:20,448][root][INFO] - prev examples: [2204]
[2023-12-25 10:24:20,448][root][INFO] - len prev: 1
[2023-12-25 10:24:33,252][root][INFO] - 55.5826530456543 performance of curr const on curr data
[2023-12-25 10:24:33,267][root][INFO] - 51.69395446777344 performance of prev const on curr data
[2023-12-25 10:24:33,267][root][INFO] - 55.5826530456543 performance of curr const on past data
[2023-12-25 10:24:33,268][root][INFO] - 51.69395446777344 performance of prev const on past data
[2023-12-25 10:24:33,268][root][INFO] - Improved Constitution.
[2023-12-25 10:24:33,269][root][INFO] - new constitution: 
1. The AI Assistant should be empathetic and understand the human's perspective.
 3
[2023-12-25 10:24:48,231][root][INFO] - slice idx: -1
[2023-12-25 10:24:48,231][root][INFO] - prev examples: [2204]
[2023-12-25 10:24:48,232][root][INFO] - len prev: 1
[2023-12-25 10:24:52,523][root][INFO] - 50.90882873535156 performance of curr const on curr data
[2023-12-25 10:24:52,537][root][INFO] - 47.78895568847656 performance of prev const on curr data
[2023-12-25 10:24:52,537][root][INFO] - 50.90882873535156 performance of curr const on past data
[2023-12-25 10:24:52,537][root][INFO] - 47.78895568847656 performance of prev const on past data
[2023-12-25 10:24:52,538][root][INFO] - Improved Constitution.
[2023-12-25 10:24:52,538][root][INFO] - new constitution: 
1. The AI Assistant should be non-evasive.
2. The AI Assistant should be empathetic and understanding.
 4
[2023-12-25 10:24:52,540][root][INFO] - Writing to disk.
[2023-12-25 10:24:53,051][root][INFO] - curr_training_examples: [10819]
[2023-12-25 10:24:53,051][root][INFO] - prev_train_examples: [[2204], [10819]]
