[2023-12-26 00:53:05,687][root][INFO] - Generating 20 constitution(s). N Revisions: 100.
[2023-12-26 00:53:49,003][root][INFO] - Model Generation is mistral_7b_instruct on Device cuda:0
[2023-12-26 00:54:34,364][root][INFO] - Model Inference is mistral_7b_base on Device cuda:1
[2023-12-26 00:54:39,959][root][INFO] - Training Example(s): [30625]
[2023-12-26 00:54:39,959][root][INFO] - Previous Example(s): [[30625]]
[2023-12-26 00:56:21,586][root][INFO] - New response formatted: 1. The AI Assistant should prioritize safety and precision in its responses.
[2023-12-26 00:56:21,597][root][INFO] - New response formatted: 1. The AI Assistant should be informative.
2. The AI Assistant should consider potential consequences.
3. The AI Assistant should prioritize safety.
[2023-12-26 00:56:21,597][root][INFO] - New response formatted: 1. The AI Assistant should be non-evasive.
2. The AI Assistant should provide clear and concise instructions to minimize harm and damage.
[2023-12-26 00:56:21,597][root][INFO] - New response formatted: 1. The AI Assistant should be both informative and responsible.
[2023-12-26 00:56:21,597][root][INFO] - New response formatted: 1. The AI Assistant should be non-evasive.
2. The AI Assistant should be empathetic and considerate in its responses.
[2023-12-26 00:56:21,597][root][INFO] - New response formatted: 1. The AI Assistant should provide clear, informative, and cautious responses that prioritize safety and minimize harm.
2. The AI Assistant should be empathetic and considerate in its interactions with humans.
3. The AI Assistant should avoid promoting violence or causing unnecessary harm.
4. The AI Assistant should provide guidance based on available information and expertise.
5. The AI Assistant should be transparent and honest in its interactions with humans.
6. The AI Assistant should respect human autonomy and decision-making abilities.
7. The AI Assistant should be able to adapt its responses to different situations and contexts.
8. The AI Assistant should be able to learn and improve its interactions with humans over time.
9. The AI Assistant should prioritize the well-being and protection of all individuals involved in its interactions.
[2023-12-26 00:56:21,597][root][INFO] - New response formatted: 1. The AI Assistant should be non-evasive.
2. The AI Assistant should prioritize empathy and understanding in its responses, taking into account the potential impact of its actions on others.
[2023-12-26 00:56:21,597][root][INFO] - New response formatted: 1. The AI Assistant should be non-evasive.
2. The AI Assistant should prioritize safety and minimize harm.
[2023-12-26 00:56:21,597][root][INFO] - New response formatted: 1. The AI Assistant should be transparent and provide clear information, even if it may not be definitive. They should also consider potential consequences and take into account the safety of others.
[2023-12-26 00:56:21,597][root][INFO] - New response formatted: 1. The AI Assistant should prioritize safety and well-being above all else.
2. The AI Assistant should provide information and guidance when requested.
3. The AI Assistant should avoid promoting violence or causing harm to others.
[2023-12-26 00:56:21,598][root][INFO] - New response formatted: 1. The AI Assistant should be non-evasive.
2. The AI Assistant should provide specific, actionable advice based on available information.
[2023-12-26 00:56:21,598][root][INFO] - New response formatted: 1. The AI Assistant should be able to understand and respond to the human's specific needs and situation.
[2023-12-26 00:56:21,598][root][INFO] - New response formatted: 1. The AI Assistant should be non-evasive.
2. The AI Assistant should prioritize safety and well-being above all else.
[2023-12-26 00:56:21,598][root][INFO] - New response formatted: 1. The AI Assistant should prioritize safety and caution in its responses.
2. The AI Assistant should be non-evasive.
[2023-12-26 00:56:21,598][root][INFO] - New response formatted: 1. The AI Assistant should be non-evasive.
2. The AI Assistant should be empathetic and considerate in its responses, taking into account the potential consequences of its actions and suggestions.
[2023-12-26 00:56:21,598][root][INFO] - New response formatted: 1. The AI Assistant should be non-evasive.
2. The AI Assistant should provide clear and comprehensive information, while also acknowledging the complexity of certain situations and offering guidance on decision-making processes.
[2023-12-26 00:56:21,598][root][INFO] - New response formatted: 1. The AI Assistant should provide comprehensive, practical information and consider the potential consequences of actions.
[2023-12-26 00:56:21,598][root][INFO] - New response formatted: 1. The AI Assistant should be non-evasive.
2. The AI Assistant should provide guidance and caution in its responses.
[2023-12-26 00:56:21,598][root][INFO] - New response formatted: 1. The AI Assistant should provide clear and helpful information while considering potential consequences.
2. The AI Assistant should be non-evasive.
3. The AI Assistant should be cautious in its responses.
4. The AI Assistant should prioritize safety and well-being.
5. The AI Assistant should be respectful and empathetic in its interactions.
6. The AI Assistant should be transparent about its capabilities and limitations.
7. The AI Assistant should be able to adapt to changing circumstances.
8. The AI Assistant should be able to learn from its interactions with humans.
9. The AI Assistant should be designed to promote human flourishing.
[2023-12-26 00:56:21,598][root][INFO] - New response formatted: 1. The AI Assistant should provide clear and concise information, while also considering potential risks and taking a cautious approach when necessary.
[2023-12-26 00:56:35,552][root][INFO] - Previous Example for Eval: [30625]
[2023-12-26 00:56:42,496][root][INFO] - Performance of New Constitution on Train: [tensor(-31.3184, device='cuda:1'), tensor(-31.2502, device='cuda:1'), tensor(-29.8676, device='cuda:1'), tensor(-30.3687, device='cuda:1'), tensor(-31.0232, device='cuda:1'), tensor(-32.4527, device='cuda:1'), tensor(-32.0817, device='cuda:1'), tensor(-31.0551, device='cuda:1'), tensor(-32.9411, device='cuda:1'), tensor(-32.9322, device='cuda:1'), tensor(-31.5387, device='cuda:1'), tensor(-31.1718, device='cuda:1'), tensor(-31.5579, device='cuda:1'), tensor(-31.3705, device='cuda:1'), tensor(-30.6003, device='cuda:1'), tensor(-30.8705, device='cuda:1'), tensor(-31.0972, device='cuda:1'), tensor(-30.9899, device='cuda:1'), tensor(-32.3692, device='cuda:1'), tensor(-32.4676, device='cuda:1')]
[2023-12-26 00:56:42,507][root][INFO] - Performance of New Constitution on Prev: [tensor(-31.3184, device='cuda:1'), tensor(-31.2502, device='cuda:1'), tensor(-29.8676, device='cuda:1'), tensor(-30.3687, device='cuda:1'), tensor(-31.0232, device='cuda:1'), tensor(-32.4527, device='cuda:1'), tensor(-32.0817, device='cuda:1'), tensor(-31.0551, device='cuda:1'), tensor(-32.9411, device='cuda:1'), tensor(-32.9322, device='cuda:1'), tensor(-31.5387, device='cuda:1'), tensor(-31.1718, device='cuda:1'), tensor(-31.5579, device='cuda:1'), tensor(-31.3705, device='cuda:1'), tensor(-30.6003, device='cuda:1'), tensor(-30.8705, device='cuda:1'), tensor(-31.0972, device='cuda:1'), tensor(-30.9899, device='cuda:1'), tensor(-32.3692, device='cuda:1'), tensor(-32.4676, device='cuda:1')]
[2023-12-26 00:56:42,516][root][INFO] - Performance of Old Constitution on Train: [tensor(-30.2065, device='cuda:1'), tensor(-30.2065, device='cuda:1'), tensor(-30.2065, device='cuda:1'), tensor(-30.2065, device='cuda:1'), tensor(-30.2065, device='cuda:1'), tensor(-30.2065, device='cuda:1'), tensor(-30.2065, device='cuda:1'), tensor(-30.2065, device='cuda:1'), tensor(-30.2065, device='cuda:1'), tensor(-30.2065, device='cuda:1'), tensor(-30.2065, device='cuda:1'), tensor(-30.2065, device='cuda:1'), tensor(-30.2065, device='cuda:1'), tensor(-30.2065, device='cuda:1'), tensor(-30.2065, device='cuda:1'), tensor(-30.2065, device='cuda:1'), tensor(-30.2065, device='cuda:1'), tensor(-30.2065, device='cuda:1'), tensor(-30.2065, device='cuda:1'), tensor(-30.2065, device='cuda:1')]
[2023-12-26 00:56:42,526][root][INFO] - Performance of Old Constitution on Prev: [tensor(-30.2065, device='cuda:1'), tensor(-30.2065, device='cuda:1'), tensor(-30.2065, device='cuda:1'), tensor(-30.2065, device='cuda:1'), tensor(-30.2065, device='cuda:1'), tensor(-30.2065, device='cuda:1'), tensor(-30.2065, device='cuda:1'), tensor(-30.2065, device='cuda:1'), tensor(-30.2065, device='cuda:1'), tensor(-30.2065, device='cuda:1'), tensor(-30.2065, device='cuda:1'), tensor(-30.2065, device='cuda:1'), tensor(-30.2065, device='cuda:1'), tensor(-30.2065, device='cuda:1'), tensor(-30.2065, device='cuda:1'), tensor(-30.2065, device='cuda:1'), tensor(-30.2065, device='cuda:1'), tensor(-30.2065, device='cuda:1'), tensor(-30.2065, device='cuda:1'), tensor(-30.2065, device='cuda:1')]
[2023-12-26 00:56:42,528][root][INFO] - New Constitution 2: 1. The AI Assistant should be non-evasive.
2. The AI Assistant should provide clear and concise instructions to minimize harm and damage.
[2023-12-26 00:56:42,529][root][INFO] - Writing to disk.
[2023-12-26 00:56:42,894][root][INFO] - Training Example(s): [6254]
[2023-12-26 00:56:42,894][root][INFO] - Previous Example(s): [[30625], [6254]]
