setting RLIMIT_NOFILE soft limit to 131072 from 1024
4 initializing distributed
wrapping model 4...
wrapped model 4...
Loaded model on rank 4
Loaded reference model on rank 4
Writing checkpoints to /scr/jphilipp/typo/trained_models/Mixtral-8x7b-v.01/checkpoints-sumarization/typo-5e-7-iteration-3-from-epoch-0.38.
7 initializing distributed
wrapping model 7...
wrapped model 7...
Loaded model on rank 7
Loaded reference model on rank 7
Writing checkpoints to /scr/jphilipp/typo/trained_models/Mixtral-8x7b-v.01/checkpoints-sumarization/typo-5e-7-iteration-3-from-epoch-0.38.
0 initializing distributed
Initialized process group...
WANDB
wrapping model 0...
wrapped model 0...
n examples: 2000
2000
tokenized 2000 training examples...
Loaded model on rank 0
Loaded reference model on rank 0
Writing checkpoints to /scr/jphilipp/typo/trained_models/Mixtral-8x7b-v.01/checkpoints-sumarization/typo-5e-7-iteration-3-from-epoch-0.38.
6 initializing distributed
wrapping model 6...
wrapped model 6...
Loaded model on rank 6
Loaded reference model on rank 6
Writing checkpoints to /scr/jphilipp/typo/trained_models/Mixtral-8x7b-v.01/checkpoints-sumarization/typo-5e-7-iteration-3-from-epoch-0.38.
5 initializing distributed
wrapping model 5...
wrapped model 5...
Loaded model on rank 5
Loaded reference model on rank 5
Writing checkpoints to /scr/jphilipp/typo/trained_models/Mixtral-8x7b-v.01/checkpoints-sumarization/typo-5e-7-iteration-3-from-epoch-0.38.
2 initializing distributed
wrapping model 2...
wrapped model 2...
Loaded model on rank 2
Loaded reference model on rank 2
Writing checkpoints to /scr/jphilipp/typo/trained_models/Mixtral-8x7b-v.01/checkpoints-sumarization/typo-5e-7-iteration-3-from-epoch-0.38.
3 initializing distributed
wrapping model 3...
wrapped model 3...
Loaded model on rank 3
Loaded reference model on rank 3
Writing checkpoints to /scr/jphilipp/typo/trained_models/Mixtral-8x7b-v.01/checkpoints-sumarization/typo-5e-7-iteration-3-from-epoch-0.38.
1 initializing distributed
wrapping model 1...
wrapped model 1...
Loaded model on rank 1
Loaded reference model on rank 1
Writing checkpoints to /scr/jphilipp/typo/trained_models/Mixtral-8x7b-v.01/checkpoints-sumarization/typo-5e-7-iteration-3-from-epoch-0.38.
