/scr/jphilipp/miniconda3/envs/scai-tuning/lib/python3.10/site-packages/hydra/_internal/defaults_list.py:251: UserWarning: In 'train_dpo': Defaults list is missing `_self_`. See https://hydra.cc/docs/1.2/upgrades/1.0_to_1.1/default_composition_order for more information
  warnings.warn(msg, UserWarning)
wandb: Currently logged in as: janphilipp-franken. Use `wandb login --relogin` to force relogin
wandb: wandb version 0.16.2 is available!  To upgrade, please run:
wandb:  $ pip install wandb --upgrade
wandb: Tracking run with wandb version 0.16.0
wandb: Run data is saved locally in /sailhome/jphilipp/research_projects/scai-tuning/experiments/hh_rlhf/train/wandb/run-20240130_222317-ao4r9wiw
wandb: Run `wandb offline` to turn off syncing.
wandb: Syncing run dpo_cai_100_examples
wandb: ‚≠êÔ∏è View project at https://wandb.ai/janphilipp-franken/scai
wandb: üöÄ View run at https://wandb.ai/janphilipp-franken/scai/runs/ao4r9wiw

Loading checkpoint shards:   0%|          | 0/3 [00:00<?, ?it/s]
Loading checkpoint shards:  33%|‚ñà‚ñà‚ñà‚ñé      | 1/3 [00:01<00:02,  1.01s/it]
Loading checkpoint shards:  67%|‚ñà‚ñà‚ñà‚ñà‚ñà‚ñà‚ñã   | 2/3 [00:01<00:00,  1.05it/s]
Loading checkpoint shards: 100%|‚ñà‚ñà‚ñà‚ñà‚ñà‚ñà‚ñà‚ñà‚ñà‚ñà| 3/3 [00:02<00:00,  1.11it/s]
Loading checkpoint shards: 100%|‚ñà‚ñà‚ñà‚ñà‚ñà‚ñà‚ñà‚ñà‚ñà‚ñà| 3/3 [00:02<00:00,  1.09it/s]

Loading checkpoint shards:   0%|          | 0/3 [00:00<?, ?it/s]
Loading checkpoint shards:  33%|‚ñà‚ñà‚ñà‚ñé      | 1/3 [00:00<00:01,  1.05it/s]
Loading checkpoint shards:  67%|‚ñà‚ñà‚ñà‚ñà‚ñà‚ñà‚ñã   | 2/3 [00:01<00:00,  1.05it/s]
Loading checkpoint shards: 100%|‚ñà‚ñà‚ñà‚ñà‚ñà‚ñà‚ñà‚ñà‚ñà‚ñà| 3/3 [00:02<00:00,  1.13it/s]
Loading checkpoint shards: 100%|‚ñà‚ñà‚ñà‚ñà‚ñà‚ñà‚ñà‚ñà‚ñà‚ñà| 3/3 [00:02<00:00,  1.11it/s]

Loading data...:   0%|          | 0/1000 [00:00<?, ?it/s]
Loading data...:  15%|‚ñà‚ñç        | 148/1000 [00:00<00:00, 1476.13it/s]
Loading data...:  30%|‚ñà‚ñà‚ñâ       | 296/1000 [00:00<00:00, 1455.44it/s]
Loading data...:  45%|‚ñà‚ñà‚ñà‚ñà‚ñå     | 454/1000 [00:00<00:00, 1510.45it/s]
Loading data...:  61%|‚ñà‚ñà‚ñà‚ñà‚ñà‚ñà    | 606/1000 [00:00<00:00, 1480.96it/s]
Loading data...:  76%|‚ñà‚ñà‚ñà‚ñà‚ñà‚ñà‚ñà‚ñã  | 764/1000 [00:00<00:00, 1514.00it/s]
Loading data...:  92%|‚ñà‚ñà‚ñà‚ñà‚ñà‚ñà‚ñà‚ñà‚ñà‚ñè| 920/1000 [00:00<00:00, 1527.85it/s]
Loading data...: 100%|‚ñà‚ñà‚ñà‚ñà‚ñà‚ñà‚ñà‚ñà‚ñà‚ñà| 1000/1000 [00:00<00:00, 1508.86it/s]
/scr/jphilipp/miniconda3/envs/scai-tuning/lib/python3.10/site-packages/trl/trainer/dpo_trainer.py:314: UserWarning: When using DPODataCollatorWithPadding, you should set `remove_unused_columns=False` in your TrainingArguments we have set it for you, but you should do it yourself in the future.
  warnings.warn(
Parameter 'function'=<bound method DPOTrainer.tokenize_row of <trl.trainer.dpo_trainer.DPOTrainer object at 0x7f8af51afd00>> of the transform datasets.arrow_dataset.Dataset._map_single couldn't be hashed properly, a random hash was used instead. Make sure your transforms and parameters are serializable with pickle or dill for the dataset fingerprinting and caching to work. If you reuse this transform, the caching mechanism will consider it to be different from the previous calls and recompute everything. This warning is only showed once. Subsequent hashing failures won't be showed.

Map:   0%|          | 0/20235 [00:00<?, ? examples/s]Token indices sequence length is longer than the specified maximum sequence length for this model (966 > 918). Running this sequence through the model will result in indexing errors

Map:   0%|          | 45/20235 [00:00<00:46, 433.66 examples/s]
Map:   0%|          | 93/20235 [00:00<00:44, 450.85 examples/s]
Map:   1%|          | 141/20235 [00:00<00:43, 458.00 examples/s]
Map:   1%|          | 205/20235 [00:00<00:45, 436.42 examples/s]
Map:   1%|          | 252/20235 [00:00<00:45, 442.89 examples/s]
Map:   1%|‚ñè         | 298/20235 [00:00<00:44, 445.61 examples/s]
Map:   2%|‚ñè         | 343/20235 [00:00<00:44, 445.94 examples/s]
Map:   2%|‚ñè         | 391/20235 [00:00<00:44, 450.20 examples/s]
Map:   2%|‚ñè         | 460/20235 [00:01<00:43, 450.87 examples/s]
Map:   3%|‚ñé         | 521/20235 [00:01<00:45, 432.47 examples/s]
Map:   3%|‚ñé         | 567/20235 [00:01<00:44, 437.57 examples/s]
Map:   3%|‚ñé         | 633/20235 [00:01<00:44, 436.03 examples/s]
Map:   3%|‚ñé         | 696/20235 [00:01<00:45, 427.28 examples/s]
Map:   4%|‚ñé         | 741/20235 [00:01<00:45, 428.53 examples/s]
Map:   4%|‚ñç         | 788/20235 [00:01<00:44, 435.13 examples/s]
Map:   4%|‚ñç         | 835/20235 [00:01<00:43, 442.90 examples/s]
Map:   4%|‚ñç         | 880/20235 [00:01<00:43, 441.86 examples/s]
Map:   5%|‚ñç         | 944/20235 [00:02<00:44, 433.58 examples/s]
Map:   5%|‚ñç         | 1000/20235 [00:02<01:06, 290.35 examples/s]
Map:   5%|‚ñå         | 1044/20235 [00:02<01:00, 317.23 examples/s]
Map:   5%|‚ñå         | 1082/20235 [00:02<00:58, 328.90 examples/s]
Map:   6%|‚ñå         | 1125/20235 [00:02<00:54, 349.98 examples/s]
Map:   6%|‚ñå         | 1168/20235 [00:02<00:52, 366.09 examples/s]
Map:   6%|‚ñå         | 1208/20235 [00:02<00:51, 372.89 examples/s]
Map:   6%|‚ñå         | 1252/20235 [00:03<00:48, 388.05 examples/s]
Map:   6%|‚ñã         | 1300/20235 [00:03<00:45, 412.46 examples/s]
Map:   7%|‚ñã         | 1347/20235 [00:03<00:44, 426.98 examples/s]
Map:   7%|‚ñã         | 1392/20235 [00:03<00:43, 429.97 examples/s]
Map:   7%|‚ñã         | 1454/20235 [00:03<00:45, 416.96 examples/s]
Map:   7%|‚ñã         | 1497/20235 [00:03<00:44, 418.31 examples/s]
Map:   8%|‚ñä         | 1561/20235 [00:03<00:44, 419.25 examples/s]
Map:   8%|‚ñä         | 1607/20235 [00:03<00:43, 426.67 examples/s]
Map:   8%|‚ñä         | 1656/20235 [00:04<00:42, 437.76 examples/s]
Map:   9%|‚ñä         | 1721/20235 [00:04<00:42, 433.70 examples/s]
Map:   9%|‚ñä         | 1766/20235 [00:04<00:42, 435.25 examples/s]
Map:   9%|‚ñâ         | 1816/20235 [00:04<00:41, 448.48 examples/s]
Map:   9%|‚ñâ         | 1884/20235 [00:04<00:41, 445.84 examples/s]
Map:  10%|‚ñâ         | 1930/20235 [00:04<00:41, 445.91 examples/s]
Map:  10%|‚ñâ         | 1990/20235 [00:04<00:42, 425.91 examples/s]
Map:  10%|‚ñà         | 2042/20235 [00:05<01:03, 287.78 examples/s]
Map:  10%|‚ñà         | 2082/20235 [00:05<00:59, 306.79 examples/s]
Map:  10%|‚ñà         | 2123/20235 [00:05<00:55, 326.61 examples/s]
Map:  11%|‚ñà         | 2163/20235 [00:05<00:52, 342.02 examples/s]
Map:  11%|‚ñà         | 2207/20235 [00:05<00:49, 361.05 examples/s]
Map:  11%|‚ñà         | 2248/20235 [00:05<00:48, 370.75 examples/s]
Map:  11%|‚ñà‚ñè        | 2292/20235 [00:05<00:46, 386.99 examples/s]
Map:  12%|‚ñà‚ñè        | 2338/20235 [00:05<00:44, 403.66 examples/s]
Map:  12%|‚ñà‚ñè        | 2382/20235 [00:05<00:43, 411.96 examples/s]
Map:  12%|‚ñà‚ñè        | 2444/20235 [00:06<00:43, 408.60 examples/s]
Map:  12%|‚ñà‚ñè        | 2505/20235 [00:06<00:43, 405.94 examples/s]
Map:  13%|‚ñà‚ñé        | 2548/20235 [00:06<00:43, 407.76 examples/s]
Map:  13%|‚ñà‚ñé        | 2590/20235 [00:06<00:43, 409.11 examples/s]
Map:  13%|‚ñà‚ñé        | 2635/20235 [00:06<00:42, 416.20 examples/s]
Map:  13%|‚ñà‚ñé        | 2678/20235 [00:06<00:42, 415.82 examples/s]
Map:  13%|‚ñà‚ñé        | 2722/20235 [00:06<00:41, 420.22 examples/s]
Map:  14%|‚ñà‚ñç        | 2786/20235 [00:06<00:41, 418.30 examples/s]
Map:  14%|‚ñà‚ñç        | 2830/20235 [00:07<00:41, 422.31 examples/s]
Map:  14%|‚ñà‚ñç        | 2876/20235 [00:07<00:40, 430.31 examples/s]
Map:  14%|‚ñà‚ñç        | 2920/20235 [00:07<00:40, 423.36 examples/s]
Map:  15%|‚ñà‚ñç        | 2966/20235 [00:07<00:40, 424.70 examples/s]
Map:  15%|‚ñà‚ñç        | 3022/20235 [00:07<01:00, 283.29 examples/s]
Map:  15%|‚ñà‚ñå        | 3062/20235 [00:07<00:56, 303.87 examples/s]
Map:  15%|‚ñà‚ñå        | 3105/20235 [00:07<00:52, 328.83 examples/s]
Map:  16%|‚ñà‚ñå        | 3148/20235 [00:07<00:48, 350.96 examples/s]
Map:  16%|‚ñà‚ñå        | 3189/20235 [00:08<00:46, 363.64 examples/s]
Map:  16%|‚ñà‚ñå        | 3232/20235 [00:08<00:44, 379.32 examples/s]
Map:  16%|‚ñà‚ñå        | 3274/20235 [00:08<00:43, 387.22 examples/s]
Map:  16%|‚ñà‚ñã        | 3335/20235 [00:08<00:43, 389.91 examples/s]
Map:  17%|‚ñà‚ñã        | 3393/20235 [00:08<00:43, 385.02 examples/s]
Map:  17%|‚ñà‚ñã        | 3446/20235 [00:08<00:45, 369.82 examples/s]
Map:  17%|‚ñà‚ñã        | 3500/20235 [00:08<00:45, 364.20 examples/s]
Map:  17%|‚ñà‚ñã        | 3537/20235 [00:09<00:46, 362.87 examples/s]
Map:  18%|‚ñà‚ñä        | 3575/20235 [00:09<00:45, 363.67 examples/s]
Map:  18%|‚ñà‚ñä        | 3612/20235 [00:09<00:46, 360.89 examples/s]
Map:  18%|‚ñà‚ñä        | 3659/20235 [00:09<00:48, 342.10 examples/s]
Map:  18%|‚ñà‚ñä        | 3694/20235 [00:09<00:48, 342.46 examples/s]
Map:  18%|‚ñà‚ñä        | 3742/20235 [00:09<00:49, 332.89 examples/s]
Map:  19%|‚ñà‚ñä        | 3780/20235 [00:09<00:48, 341.82 examples/s]
Map:  19%|‚ñà‚ñâ        | 3820/20235 [00:09<00:46, 355.30 examples/s]
Map:  19%|‚ñà‚ñâ        | 3872/20235 [00:09<00:46, 349.91 examples/s]
Map:  19%|‚ñà‚ñâ        | 3908/20235 [00:10<00:46, 350.25 examples/s]
Map:  19%|‚ñà‚ñâ        | 3944/20235 [00:10<00:46, 348.65 examples/s]
Map:  20%|‚ñà‚ñâ        | 3998/20235 [00:10<00:46, 350.35 examples/s]
Map:  20%|‚ñà‚ñâ        | 4036/20235 [00:10<01:12, 224.11 examples/s]
Map:  20%|‚ñà‚ñà        | 4071/20235 [00:10<01:05, 246.47 examples/s]
Map:  20%|‚ñà‚ñà        | 4104/20235 [00:10<01:01, 262.68 examples/s]
Map:  20%|‚ñà‚ñà        | 4140/20235 [00:10<00:56, 283.40 examples/s]
Map:  21%|‚ñà‚ñà        | 4175/20235 [00:11<00:53, 298.96 examples/s]
Map:  21%|‚ñà‚ñà        | 4213/20235 [00:11<00:50, 318.48 examples/s]
Map:  21%|‚ñà‚ñà        | 4250/20235 [00:11<00:48, 327.57 examples/s]
Map:  21%|‚ñà‚ñà‚ñè       | 4302/20235 [00:11<00:48, 331.02 examples/s]
Map:  21%|‚ñà‚ñà‚ñè       | 4337/20235 [00:11<00:47, 333.93 examples/s]
Map:  22%|‚ñà‚ñà‚ñè       | 4372/20235 [00:11<00:47, 331.63 examples/s]
Map:  22%|‚ñà‚ñà‚ñè       | 4407/20235 [00:11<00:47, 335.28 examples/s]
Map:  22%|‚ñà‚ñà‚ñè       | 4442/20235 [00:11<00:46, 336.55 examples/s]
Map:  22%|‚ñà‚ñà‚ñè       | 4478/20235 [00:11<00:46, 337.07 examples/s]
Map:  22%|‚ñà‚ñà‚ñè       | 4512/20235 [00:12<00:47, 333.37 examples/s]
Map:  22%|‚ñà‚ñà‚ñè       | 4548/20235 [00:12<00:46, 337.34 examples/s]
Map:  23%|‚ñà‚ñà‚ñé       | 4587/20235 [00:12<00:44, 349.01 examples/s]
Map:  23%|‚ñà‚ñà‚ñé       | 4622/20235 [00:12<00:45, 344.86 examples/s]
Map:  23%|‚ñà‚ñà‚ñé       | 4659/20235 [00:12<00:44, 347.58 examples/s]
Map:  23%|‚ñà‚ñà‚ñé       | 4695/20235 [00:12<00:44, 347.55 examples/s]
Map:  23%|‚ñà‚ñà‚ñé       | 4730/20235 [00:12<00:45, 342.94 examples/s]
Map:  24%|‚ñà‚ñà‚ñé       | 4780/20235 [00:12<00:45, 337.69 examples/s]
Map:  24%|‚ñà‚ñà‚ñç       | 4815/20235 [00:12<00:45, 338.26 examples/s]
Map:  24%|‚ñà‚ñà‚ñç       | 4851/20235 [00:13<00:44, 343.93 examples/s]
Map:  24%|‚ñà‚ñà‚ñç       | 4891/20235 [00:13<00:42, 357.55 examples/s]
Map:  24%|‚ñà‚ñà‚ñç       | 4927/20235 [00:13<00:43, 352.93 examples/s]
Map:  25%|‚ñà‚ñà‚ñç       | 4965/20235 [00:13<00:42, 356.37 examples/s]
Map:  25%|‚ñà‚ñà‚ñç       | 5017/20235 [00:13<01:02, 242.98 examples/s]
Map:  25%|‚ñà‚ñà‚ñç       | 5054/20235 [00:13<00:56, 267.31 examples/s]
Map:  25%|‚ñà‚ñà‚ñå       | 5101/20235 [00:13<00:55, 273.20 examples/s]
Map:  25%|‚ñà‚ñà‚ñå       | 5139/20235 [00:14<00:51, 295.26 examples/s]
Map:  26%|‚ñà‚ñà‚ñå       | 5173/20235 [00:14<00:49, 302.69 examples/s]
Map:  26%|‚ñà‚ñà‚ñå       | 5208/20235 [00:14<00:48, 311.98 examples/s]
Map:  26%|‚ñà‚ñà‚ñå       | 5245/20235 [00:14<00:46, 321.73 examples/s]
Map:  26%|‚ñà‚ñà‚ñå       | 5295/20235 [00:14<00:46, 323.03 examples/s]
Map:  26%|‚ñà‚ñà‚ñã       | 5332/20235 [00:14<00:44, 333.82 examples/s]
Map:  27%|‚ñà‚ñà‚ñã       | 5368/20235 [00:14<00:44, 337.79 examples/s]
Map:  27%|‚ñà‚ñà‚ñã       | 5419/20235 [00:14<00:44, 329.27 examples/s]
Map:  27%|‚ñà‚ñà‚ñã       | 5472/20235 [00:15<00:44, 333.53 examples/s]
Map:  27%|‚ñà‚ñà‚ñã       | 5507/20235 [00:15<00:44, 333.80 examples/s]
Map:  27%|‚ñà‚ñà‚ñã       | 5556/20235 [00:15<00:44, 327.19 examples/s]
Map:  28%|‚ñà‚ñà‚ñä       | 5607/20235 [00:15<00:44, 329.08 examples/s]
Map:  28%|‚ñà‚ñà‚ñä       | 5642/20235 [00:15<00:43, 331.75 examples/s]
Map:  28%|‚ñà‚ñà‚ñä       | 5687/20235 [00:15<00:45, 317.05 examples/s]
Map:  28%|‚ñà‚ñà‚ñä       | 5739/20235 [00:15<00:44, 323.77 examples/s]
Map:  29%|‚ñà‚ñà‚ñä       | 5772/20235 [00:15<00:44, 323.72 examples/s]
Map:  29%|‚ñà‚ñà‚ñä       | 5809/20235 [00:16<00:43, 333.77 examples/s]
Map:  29%|‚ñà‚ñà‚ñâ       | 5848/20235 [00:16<00:41, 345.34 examples/s]
Map:  29%|‚ñà‚ñà‚ñâ       | 5885/20235 [00:16<00:40, 351.79 examples/s]
Map:  29%|‚ñà‚ñà‚ñâ       | 5938/20235 [00:16<00:40, 348.91 examples/s]
Map:  30%|‚ñà‚ñà‚ñâ       | 5978/20235 [00:16<00:39, 358.34 examples/s]
Map:  30%|‚ñà‚ñà‚ñâ       | 6016/20235 [00:16<01:02, 228.35 examples/s]
Map:  30%|‚ñà‚ñà‚ñâ       | 6051/20235 [00:16<00:56, 249.94 examples/s]
Map:  30%|‚ñà‚ñà‚ñà       | 6086/20235 [00:17<00:52, 270.45 examples/s]
Map:  30%|‚ñà‚ñà‚ñà       | 6119/20235 [00:17<00:50, 280.98 examples/s]
Map:  30%|‚ñà‚ñà‚ñà       | 6154/20235 [00:17<00:47, 295.16 examples/s]
Map:  31%|‚ñà‚ñà‚ñà       | 6194/20235 [00:17<00:44, 318.78 examples/s]
Map:  31%|‚ñà‚ñà‚ñà       | 6231/20235 [00:17<00:42, 331.28 examples/s]
Map:  31%|‚ñà‚ñà‚ñà       | 6266/20235 [00:17<00:41, 332.91 examples/s]
Map:  31%|‚ñà‚ñà‚ñà       | 6302/20235 [00:17<00:41, 337.71 examples/s]
Map:  31%|‚ñà‚ñà‚ñà‚ñè      | 6351/20235 [00:17<00:41, 330.99 examples/s]
Map:  32%|‚ñà‚ñà‚ñà‚ñè      | 6386/20235 [00:17<00:41, 330.40 examples/s]
Map:  32%|‚ñà‚ñà‚ñà‚ñè      | 6422/20235 [00:18<00:41, 332.25 examples/s]
Map:  32%|‚ñà‚ñà‚ñà‚ñè      | 6458/20235 [00:18<00:40, 336.90 examples/s]
Map:  32%|‚ñà‚ñà‚ñà‚ñè      | 6494/20235 [00:18<00:40, 341.37 examples/s]
Map:  32%|‚ñà‚ñà‚ñà‚ñè      | 6532/20235 [00:18<00:39, 348.65 examples/s]
Map:  32%|‚ñà‚ñà‚ñà‚ñè      | 6570/20235 [00:18<00:38, 353.54 examples/s]
Map:  33%|‚ñà‚ñà‚ñà‚ñé      | 6617/20235 [00:18<00:40, 336.86 examples/s]
Map:  33%|‚ñà‚ñà‚ñà‚ñé      | 6654/20235 [00:18<00:39, 341.08 examples/s]
Map:  33%|‚ñà‚ñà‚ñà‚ñé      | 6692/20235 [00:18<00:38, 349.52 examples/s]
Map:  33%|‚ñà‚ñà‚ñà‚ñé      | 6730/20235 [00:18<00:38, 351.16 examples/s]
Map:  33%|‚ñà‚ñà‚ñà‚ñé      | 6766/20235 [00:19<00:38, 348.50 examples/s]
Map:  34%|‚ñà‚ñà‚ñà‚ñé      | 6805/20235 [00:19<00:38, 352.77 examples/s]
Map:  34%|‚ñà‚ñà‚ñà‚ñç      | 6841/20235 [00:19<00:37, 353.10 examples/s]
Map:  34%|‚ñà‚ñà‚ñà‚ñç      | 6879/20235 [00:19<00:37, 356.71 examples/s]
Map:  34%|‚ñà‚ñà‚ñà‚ñç      | 6929/20235 [00:19<00:39, 338.27 examples/s]
Map:  34%|‚ñà‚ñà‚ñà‚ñç      | 6965/20235 [00:19<00:38, 341.65 examples/s]
Map:  35%|‚ñà‚ñà‚ñà‚ñç      | 7000/20235 [00:19<01:06, 199.49 examples/s]
Map:  35%|‚ñà‚ñà‚ñà‚ñç      | 7033/20235 [00:20<00:59, 221.87 examples/s]
Map:  35%|‚ñà‚ñà‚ñà‚ñç      | 7067/20235 [00:20<00:54, 242.86 examples/s]
Map:  35%|‚ñà‚ñà‚ñà‚ñå      | 7101/20235 [00:20<00:49, 262.91 examples/s]
Map:  35%|‚ñà‚ñà‚ñà‚ñå      | 7134/20235 [00:20<00:47, 276.47 examples/s]
Map:  35%|‚ñà‚ñà‚ñà‚ñå      | 7171/20235 [00:20<00:44, 296.22 examples/s]
Map:  36%|‚ñà‚ñà‚ñà‚ñå      | 7207/20235 [00:20<00:41, 311.84 examples/s]
Map:  36%|‚ñà‚ñà‚ñà‚ñå      | 7241/20235 [00:20<00:41, 316.19 examples/s]
Map:  36%|‚ñà‚ñà‚ñà‚ñå      | 7278/20235 [00:20<00:39, 328.71 examples/s]
Map:  36%|‚ñà‚ñà‚ñà‚ñå      | 7315/20235 [00:20<00:38, 336.92 examples/s]
Map:  36%|‚ñà‚ñà‚ñà‚ñã      | 7350/20235 [00:21<00:37, 339.65 examples/s]
Map:  37%|‚ñà‚ñà‚ñà‚ñã      | 7404/20235 [00:21<00:37, 340.42 examples/s]
Map:  37%|‚ñà‚ñà‚ñà‚ñã      | 7441/20235 [00:21<00:36, 345.88 examples/s]
Map:  37%|‚ñà‚ñà‚ñà‚ñã      | 7476/20235 [00:21<00:37, 344.16 examples/s]
Map:  37%|‚ñà‚ñà‚ñà‚ñã      | 7511/20235 [00:21<00:36, 344.07 examples/s]
Map:  37%|‚ñà‚ñà‚ñà‚ñã      | 7561/20235 [00:21<00:37, 336.25 examples/s]
Map:  38%|‚ñà‚ñà‚ñà‚ñä      | 7595/20235 [00:21<00:37, 334.33 examples/s]
Map:  38%|‚ñà‚ñà‚ñà‚ñä      | 7629/20235 [00:21<00:37, 333.80 examples/s]
Map:  38%|‚ñà‚ñà‚ñà‚ñä      | 7667/20235 [00:21<00:36, 344.77 examples/s]
Map:  38%|‚ñà‚ñà‚ñà‚ñä      | 7705/20235 [00:22<00:35, 352.49 examples/s]
Map:  38%|‚ñà‚ñà‚ñà‚ñä      | 7744/20235 [00:22<00:34, 360.69 examples/s]
Map:  39%|‚ñà‚ñà‚ñà‚ñä      | 7800/20235 [00:22<00:34, 362.94 examples/s]
Map:  39%|‚ñà‚ñà‚ñà‚ñä      | 7837/20235 [00:22<00:34, 363.61 examples/s]
Map:  39%|‚ñà‚ñà‚ñà‚ñâ      | 7875/20235 [00:22<00:33, 364.57 examples/s]
Map:  39%|‚ñà‚ñà‚ñà‚ñâ      | 7926/20235 [00:22<00:34, 352.48 examples/s]
Map:  39%|‚ñà‚ñà‚ñà‚ñâ      | 7962/20235 [00:22<00:34, 351.91 examples/s]
Map:  40%|‚ñà‚ñà‚ñà‚ñâ      | 7998/20235 [00:22<00:34, 349.92 examples/s]
Map:  40%|‚ñà‚ñà‚ñà‚ñâ      | 8035/20235 [00:23<00:53, 226.60 examples/s]
Map:  40%|‚ñà‚ñà‚ñà‚ñâ      | 8073/20235 [00:23<00:47, 255.08 examples/s]
Map:  40%|‚ñà‚ñà‚ñà‚ñà      | 8107/20235 [00:23<00:44, 273.58 examples/s]
Map:  40%|‚ñà‚ñà‚ñà‚ñà      | 8144/20235 [00:23<00:40, 295.15 examples/s]
Map:  40%|‚ñà‚ñà‚ñà‚ñà      | 8178/20235 [00:23<00:39, 305.80 examples/s]
Map:  41%|‚ñà‚ñà‚ñà‚ñà      | 8214/20235 [00:23<00:37, 317.48 examples/s]
Map:  41%|‚ñà‚ñà‚ñà‚ñà      | 8263/20235 [00:23<00:37, 316.23 examples/s]
Map:  41%|‚ñà‚ñà‚ñà‚ñà      | 8297/20235 [00:23<00:37, 319.08 examples/s]
Map:  41%|‚ñà‚ñà‚ñà‚ñà‚ñè     | 8347/20235 [00:24<00:36, 321.64 examples/s]
Map:  41%|‚ñà‚ñà‚ñà‚ñà‚ñè     | 8383/20235 [00:24<00:36, 327.25 examples/s]
Map:  42%|‚ñà‚ñà‚ñà‚ñà‚ñè     | 8424/20235 [00:24<00:34, 345.34 examples/s]
Map:  42%|‚ñà‚ñà‚ñà‚ñà‚ñè     | 8470/20235 [00:24<00:35, 327.78 examples/s]
Map:  42%|‚ñà‚ñà‚ñà‚ñà‚ñè     | 8507/20235 [00:24<00:34, 335.47 examples/s]
Map:  42%|‚ñà‚ñà‚ñà‚ñà‚ñè     | 8543/20235 [00:24<00:34, 339.39 examples/s]
Map:  42%|‚ñà‚ñà‚ñà‚ñà‚ñè     | 8578/20235 [00:24<00:34, 339.83 examples/s]
Map:  43%|‚ñà‚ñà‚ñà‚ñà‚ñé     | 8626/20235 [00:24<00:35, 328.79 examples/s]
Map:  43%|‚ñà‚ñà‚ñà‚ñà‚ñé     | 8663/20235 [00:25<00:34, 335.74 examples/s]
Map:  43%|‚ñà‚ñà‚ñà‚ñà‚ñé     | 8715/20235 [00:25<00:34, 334.76 examples/s]
Map:  43%|‚ñà‚ñà‚ñà‚ñà‚ñé     | 8750/20235 [00:25<00:34, 336.23 examples/s]
Map:  43%|‚ñà‚ñà‚ñà‚ñà‚ñé     | 8785/20235 [00:25<00:33, 339.34 examples/s]
Map:  44%|‚ñà‚ñà‚ñà‚ñà‚ñé     | 8821/20235 [00:25<00:33, 343.00 examples/s]
Map:  44%|‚ñà‚ñà‚ñà‚ñà‚ñç     | 8858/20235 [00:25<00:32, 347.95 examples/s]
Map:  44%|‚ñà‚ñà‚ñà‚ñà‚ñç     | 8907/20235 [00:25<00:33, 336.34 examples/s]
Map:  44%|‚ñà‚ñà‚ñà‚ñà‚ñç     | 8941/20235 [00:25<00:33, 335.33 examples/s]
Map:  44%|‚ñà‚ñà‚ñà‚ñà‚ñç     | 8979/20235 [00:25<00:32, 342.58 examples/s]
Map:  45%|‚ñà‚ñà‚ñà‚ñà‚ñç     | 9019/20235 [00:26<00:49, 226.05 examples/s]
Map:  45%|‚ñà‚ñà‚ñà‚ñà‚ñç     | 9055/20235 [00:26<00:44, 251.51 examples/s]
Map:  45%|‚ñà‚ñà‚ñà‚ñà‚ñç     | 9089/20235 [00:26<00:41, 269.47 examples/s]
Map:  45%|‚ñà‚ñà‚ñà‚ñà‚ñå     | 9126/20235 [00:26<00:38, 291.88 examples/s]
Map:  45%|‚ñà‚ñà‚ñà‚ñà‚ñå     | 9176/20235 [00:26<00:36, 303.13 examples/s]
Map:  46%|‚ñà‚ñà‚ñà‚ñà‚ñå     | 9210/20235 [00:26<00:35, 308.35 examples/s]
Map:  46%|‚ñà‚ñà‚ñà‚ñà‚ñå     | 9248/20235 [00:26<00:33, 323.85 examples/s]
Map:  46%|‚ñà‚ñà‚ñà‚ñà‚ñå     | 9296/20235 [00:27<00:34, 321.34 examples/s]
Map:  46%|‚ñà‚ñà‚ñà‚ñà‚ñå     | 9333/20235 [00:27<00:32, 331.05 examples/s]
Map:  46%|‚ñà‚ñà‚ñà‚ñà‚ñã     | 9368/20235 [00:27<00:32, 333.36 examples/s]
Map:  46%|‚ñà‚ñà‚ñà‚ñà‚ñã     | 9407/20235 [00:27<00:31, 344.49 examples/s]
Map:  47%|‚ñà‚ñà‚ñà‚ñà‚ñã     | 9444/20235 [00:27<00:30, 348.45 examples/s]
Map:  47%|‚ñà‚ñà‚ñà‚ñà‚ñã     | 9498/20235 [00:27<00:30, 349.52 examples/s]
Map:  47%|‚ñà‚ñà‚ñà‚ñà‚ñã     | 9537/20235 [00:27<00:29, 359.03 examples/s]
Map:  47%|‚ñà‚ñà‚ñà‚ñà‚ñã     | 9576/20235 [00:27<00:29, 363.31 examples/s]
Map:  48%|‚ñà‚ñà‚ñà‚ñà‚ñä     | 9626/20235 [00:28<00:30, 346.83 examples/s]
Map:  48%|‚ñà‚ñà‚ñà‚ñà‚ñä     | 9665/20235 [00:28<00:29, 355.58 examples/s]
Map:  48%|‚ñà‚ñà‚ñà‚ñà‚ñä     | 9703/20235 [00:28<00:29, 358.97 examples/s]
Map:  48%|‚ñà‚ñà‚ñà‚ñà‚ñä     | 9758/20235 [00:28<00:29, 356.41 examples/s]
Map:  48%|‚ñà‚ñà‚ñà‚ñà‚ñä     | 9794/20235 [00:28<00:29, 354.53 examples/s]
Map:  49%|‚ñà‚ñà‚ñà‚ñà‚ñä     | 9832/20235 [00:28<00:28, 359.67 examples/s]
Map:  49%|‚ñà‚ñà‚ñà‚ñà‚ñâ     | 9886/20235 [00:28<00:29, 356.68 examples/s]
Map:  49%|‚ñà‚ñà‚ñà‚ñà‚ñâ     | 9922/20235 [00:28<00:29, 354.50 examples/s]
Map:  49%|‚ñà‚ñà‚ñà‚ñà‚ñâ     | 9975/20235 [00:28<00:29, 350.14 examples/s]
Map:  50%|‚ñà‚ñà‚ñà‚ñà‚ñâ     | 10017/20235 [00:29<00:42, 241.19 examples/s]
Map:  50%|‚ñà‚ñà‚ñà‚ñà‚ñâ     | 10050/20235 [00:29<00:39, 257.21 examples/s]
Map:  50%|‚ñà‚ñà‚ñà‚ñà‚ñâ     | 10085/20235 [00:29<00:36, 274.88 examples/s]
Map:  50%|‚ñà‚ñà‚ñà‚ñà‚ñà     | 10119/20235 [00:29<00:35, 288.40 examples/s]
Map:  50%|‚ñà‚ñà‚ñà‚ñà‚ñà     | 10157/20235 [00:29<00:32, 309.14 examples/s]
Map:  50%|‚ñà‚ñà‚ñà‚ñà‚ñà     | 10196/20235 [00:29<00:30, 327.45 examples/s]
Map:  51%|‚ñà‚ñà‚ñà‚ñà‚ñà     | 10234/20235 [00:29<00:29, 336.80 examples/s]
Map:  51%|‚ñà‚ñà‚ñà‚ñà‚ñà     | 10272/20235 [00:30<00:28, 345.11 examples/s]
Map:  51%|‚ñà‚ñà‚ñà‚ñà‚ñà     | 10325/20235 [00:30<00:28, 343.44 examples/s]
Map:  51%|‚ñà‚ñà‚ñà‚ñà‚ñà‚ñè    | 10374/20235 [00:30<00:29, 335.65 examples/s]
Map:  52%|‚ñà‚ñà‚ñà‚ñà‚ñà‚ñè    | 10427/20235 [00:30<00:29, 335.55 examples/s]
Map:  52%|‚ñà‚ñà‚ñà‚ñà‚ñà‚ñè    | 10479/20235 [00:30<00:28, 337.50 examples/s]
Map:  52%|‚ñà‚ñà‚ñà‚ñà‚ñà‚ñè    | 10531/20235 [00:30<00:28, 337.60 examples/s]
Map:  52%|‚ñà‚ñà‚ñà‚ñà‚ñà‚ñè    | 10569/20235 [00:30<00:28, 344.61 examples/s]
Map:  52%|‚ñà‚ñà‚ñà‚ñà‚ñà‚ñè    | 10619/20235 [00:31<00:28, 338.83 examples/s]
Map:  53%|‚ñà‚ñà‚ñà‚ñà‚ñà‚ñé    | 10654/20235 [00:31<00:28, 340.83 examples/s]
Map:  53%|‚ñà‚ñà‚ñà‚ñà‚ñà‚ñé    | 10690/20235 [00:31<00:27, 342.10 examples/s]
Map:  53%|‚ñà‚ñà‚ñà‚ñà‚ñà‚ñé    | 10725/20235 [00:31<00:27, 341.44 examples/s]
Map:  53%|‚ñà‚ñà‚ñà‚ñà‚ñà‚ñé    | 10761/20235 [00:31<00:27, 344.98 examples/s]
Map:  53%|‚ñà‚ñà‚ñà‚ñà‚ñà‚ñé    | 10798/20235 [00:31<00:27, 348.56 examples/s]
Map:  54%|‚ñà‚ñà‚ñà‚ñà‚ñà‚ñé    | 10838/20235 [00:31<00:26, 359.50 examples/s]
Map:  54%|‚ñà‚ñà‚ñà‚ñà‚ñà‚ñç    | 10895/20235 [00:31<00:25, 363.39 examples/s]
Map:  54%|‚ñà‚ñà‚ñà‚ñà‚ñà‚ñç    | 10949/20235 [00:31<00:26, 356.45 examples/s]
Map:  54%|‚ñà‚ñà‚ñà‚ñà‚ñà‚ñç    | 10988/20235 [00:32<00:25, 362.25 examples/s]
Map:  55%|‚ñà‚ñà‚ñà‚ñà‚ñà‚ñç    | 11039/20235 [00:32<00:36, 252.95 examples/s]
Map:  55%|‚ñà‚ñà‚ñà‚ñà‚ñà‚ñç    | 11087/20235 [00:32<00:33, 269.28 examples/s]
Map:  55%|‚ñà‚ñà‚ñà‚ñà‚ñà‚ñç    | 11127/20235 [00:32<00:30, 293.89 examples/s]
Map:  55%|‚ñà‚ñà‚ñà‚ñà‚ñà‚ñå    | 11163/20235 [00:32<00:29, 305.53 examples/s]
Map:  55%|‚ñà‚ñà‚ñà‚ñà‚ñà‚ñå    | 11198/20235 [00:32<00:28, 313.66 examples/s]
Map:  56%|‚ñà‚ñà‚ñà‚ñà‚ñà‚ñå    | 11235/20235 [00:32<00:27, 325.96 examples/s]
Map:  56%|‚ñà‚ñà‚ñà‚ñà‚ñà‚ñå    | 11274/20235 [00:33<00:26, 339.47 examples/s]
Map:  56%|‚ñà‚ñà‚ñà‚ñà‚ñà‚ñå    | 11311/20235 [00:33<00:26, 343.02 examples/s]
Map:  56%|‚ñà‚ñà‚ñà‚ñà‚ñà‚ñå    | 11349/20235 [00:33<00:25, 352.36 examples/s]
Map:  56%|‚ñà‚ñà‚ñà‚ñà‚ñà‚ñã    | 11386/20235 [00:33<00:25, 353.23 examples/s]
Map:  56%|‚ñà‚ñà‚ñà‚ñà‚ñà‚ñã    | 11424/20235 [00:33<00:24, 355.02 examples/s]
Map:  57%|‚ñà‚ñà‚ñà‚ñà‚ñà‚ñã    | 11461/20235 [00:33<00:24, 354.49 examples/s]
Map:  57%|‚ñà‚ñà‚ñà‚ñà‚ñà‚ñã    | 11513/20235 [00:33<00:25, 348.21 examples/s]
Map:  57%|‚ñà‚ñà‚ñà‚ñà‚ñà‚ñã    | 11550/20235 [00:33<00:24, 350.37 examples/s]
Map:  57%|‚ñà‚ñà‚ñà‚ñà‚ñà‚ñã    | 11588/20235 [00:33<00:24, 354.61 examples/s]
Map:  57%|‚ñà‚ñà‚ñà‚ñà‚ñà‚ñã    | 11625/20235 [00:34<00:24, 353.12 examples/s]
Map:  58%|‚ñà‚ñà‚ñà‚ñà‚ñà‚ñä    | 11662/20235 [00:34<00:24, 355.05 examples/s]
Map:  58%|‚ñà‚ñà‚ñà‚ñà‚ñà‚ñä    | 11698/20235 [00:34<00:24, 351.77 examples/s]
Map:  58%|‚ñà‚ñà‚ñà‚ñà‚ñà‚ñä    | 11736/20235 [00:34<00:23, 355.11 examples/s]
Map:  58%|‚ñà‚ñà‚ñà‚ñà‚ñà‚ñä    | 11790/20235 [00:34<00:23, 355.29 examples/s]
Map:  58%|‚ñà‚ñà‚ñà‚ñà‚ñà‚ñä    | 11826/20235 [00:34<00:23, 354.81 examples/s]
Map:  59%|‚ñà‚ñà‚ñà‚ñà‚ñà‚ñä    | 11862/20235 [00:34<00:23, 351.76 examples/s]
Map:  59%|‚ñà‚ñà‚ñà‚ñà‚ñà‚ñâ    | 11901/20235 [00:34<00:23, 360.76 examples/s]
Map:  59%|‚ñà‚ñà‚ñà‚ñà‚ñà‚ñâ    | 11941/20235 [00:34<00:22, 365.94 examples/s]
Map:  59%|‚ñà‚ñà‚ñà‚ñà‚ñà‚ñâ    | 11995/20235 [00:35<00:22, 360.09 examples/s]
Map:  59%|‚ñà‚ñà‚ñà‚ñà‚ñà‚ñâ    | 12036/20235 [00:35<00:34, 234.34 examples/s]
Map:  60%|‚ñà‚ñà‚ñà‚ñà‚ñà‚ñâ    | 12067/20235 [00:35<00:32, 247.87 examples/s]
Map:  60%|‚ñà‚ñà‚ñà‚ñà‚ñà‚ñâ    | 12103/20235 [00:35<00:30, 270.49 examples/s]
Map:  60%|‚ñà‚ñà‚ñà‚ñà‚ñà‚ñâ    | 12139/20235 [00:35<00:27, 289.26 examples/s]
Map:  60%|‚ñà‚ñà‚ñà‚ñà‚ñà‚ñà    | 12174/20235 [00:35<00:26, 301.36 examples/s]
Map:  60%|‚ñà‚ñà‚ñà‚ñà‚ñà‚ñà    | 12209/20235 [00:35<00:25, 310.38 examples/s]
Map:  60%|‚ñà‚ñà‚ñà‚ñà‚ñà‚ñà    | 12242/20235 [00:36<00:25, 312.36 examples/s]
Map:  61%|‚ñà‚ñà‚ñà‚ñà‚ñà‚ñà    | 12276/20235 [00:36<00:25, 316.05 examples/s]
Map:  61%|‚ñà‚ñà‚ñà‚ñà‚ñà‚ñà    | 12310/20235 [00:36<00:24, 319.31 examples/s]
Map:  61%|‚ñà‚ñà‚ñà‚ñà‚ñà‚ñà    | 12348/20235 [00:36<00:23, 334.83 examples/s]
Map:  61%|‚ñà‚ñà‚ñà‚ñà‚ñà‚ñà‚ñè   | 12399/20235 [00:36<00:23, 331.51 examples/s]
Map:  61%|‚ñà‚ñà‚ñà‚ñà‚ñà‚ñà‚ñè   | 12436/20235 [00:36<00:23, 337.41 examples/s]
Map:  62%|‚ñà‚ñà‚ñà‚ñà‚ñà‚ñà‚ñè   | 12476/20235 [00:36<00:22, 343.82 examples/s]
Map:  62%|‚ñà‚ñà‚ñà‚ñà‚ñà‚ñà‚ñè   | 12512/20235 [00:36<00:22, 345.43 examples/s]
Map:  62%|‚ñà‚ñà‚ñà‚ñà‚ñà‚ñà‚ñè   | 12563/20235 [00:36<00:22, 341.01 examples/s]
Map:  62%|‚ñà‚ñà‚ñà‚ñà‚ñà‚ñà‚ñè   | 12615/20235 [00:37<00:22, 340.48 examples/s]
Map:  63%|‚ñà‚ñà‚ñà‚ñà‚ñà‚ñà‚ñé   | 12650/20235 [00:37<00:22, 341.22 examples/s]
Map:  63%|‚ñà‚ñà‚ñà‚ñà‚ñà‚ñà‚ñé   | 12686/20235 [00:37<00:21, 343.21 examples/s]
Map:  63%|‚ñà‚ñà‚ñà‚ñà‚ñà‚ñà‚ñé   | 12723/20235 [00:37<00:21, 347.90 examples/s]
Map:  63%|‚ñà‚ñà‚ñà‚ñà‚ñà‚ñà‚ñé   | 12758/20235 [00:37<00:21, 343.79 examples/s]
Map:  63%|‚ñà‚ñà‚ñà‚ñà‚ñà‚ñà‚ñé   | 12795/20235 [00:37<00:21, 349.51 examples/s]
Map:  63%|‚ñà‚ñà‚ñà‚ñà‚ñà‚ñà‚ñé   | 12849/20235 [00:37<00:21, 350.59 examples/s]
Map:  64%|‚ñà‚ñà‚ñà‚ñà‚ñà‚ñà‚ñé   | 12886/20235 [00:37<00:20, 352.08 examples/s]
Map:  64%|‚ñà‚ñà‚ñà‚ñà‚ñà‚ñà‚ñç   | 12925/20235 [00:38<00:20, 358.00 examples/s]
Map:  64%|‚ñà‚ñà‚ñà‚ñà‚ñà‚ñà‚ñç   | 12961/20235 [00:38<00:20, 356.74 examples/s]
Map:  64%|‚ñà‚ñà‚ñà‚ñà‚ñà‚ñà‚ñç   | 12998/20235 [00:38<00:20, 358.53 examples/s]
Map:  64%|‚ñà‚ñà‚ñà‚ñà‚ñà‚ñà‚ñç   | 13036/20235 [00:38<00:39, 181.55 examples/s]
Map:  65%|‚ñà‚ñà‚ñà‚ñà‚ñà‚ñà‚ñç   | 13071/20235 [00:38<00:34, 208.65 examples/s]
Map:  65%|‚ñà‚ñà‚ñà‚ñà‚ñà‚ñà‚ñç   | 13106/20235 [00:38<00:30, 234.94 examples/s]
Map:  65%|‚ñà‚ñà‚ñà‚ñà‚ñà‚ñà‚ñç   | 13142/20235 [00:38<00:27, 261.10 examples/s]
Map:  65%|‚ñà‚ñà‚ñà‚ñà‚ñà‚ñà‚ñå   | 13177/20235 [00:39<00:25, 280.66 examples/s]
Map:  65%|‚ñà‚ñà‚ñà‚ñà‚ñà‚ñà‚ñå   | 13211/20235 [00:39<00:23, 294.17 examples/s]
Map:  65%|‚ñà‚ñà‚ñà‚ñà‚ñà‚ñà‚ñå   | 13245/20235 [00:39<00:23, 301.60 examples/s]
Map:  66%|‚ñà‚ñà‚ñà‚ñà‚ñà‚ñà‚ñå   | 13296/20235 [00:39<00:22, 307.78 examples/s]
Map:  66%|‚ñà‚ñà‚ñà‚ñà‚ñà‚ñà‚ñå   | 13332/20235 [00:39<00:21, 317.83 examples/s]
Map:  66%|‚ñà‚ñà‚ñà‚ñà‚ñà‚ñà‚ñå   | 13369/20235 [00:39<00:20, 328.08 examples/s]
Map:  66%|‚ñà‚ñà‚ñà‚ñà‚ñà‚ñà‚ñã   | 13418/20235 [00:39<00:20, 325.20 examples/s]
Map:  66%|‚ñà‚ñà‚ñà‚ñà‚ñà‚ñà‚ñã   | 13452/20235 [00:39<00:20, 327.56 examples/s]
Map:  67%|‚ñà‚ñà‚ñà‚ñà‚ñà‚ñà‚ñã   | 13488/20235 [00:40<00:20, 333.16 examples/s]
Map:  67%|‚ñà‚ñà‚ñà‚ñà‚ñà‚ñà‚ñã   | 13523/20235 [00:40<00:20, 333.94 examples/s]
Map:  67%|‚ñà‚ñà‚ñà‚ñà‚ñà‚ñà‚ñã   | 13561/20235 [00:40<00:19, 341.75 examples/s]
Map:  67%|‚ñà‚ñà‚ñà‚ñà‚ñà‚ñà‚ñã   | 13615/20235 [00:40<00:19, 338.50 examples/s]
Map:  67%|‚ñà‚ñà‚ñà‚ñà‚ñà‚ñà‚ñã   | 13650/20235 [00:40<00:19, 339.95 examples/s]
Map:  68%|‚ñà‚ñà‚ñà‚ñà‚ñà‚ñà‚ñä   | 13687/20235 [00:40<00:18, 347.08 examples/s]
Map:  68%|‚ñà‚ñà‚ñà‚ñà‚ñà‚ñà‚ñä   | 13722/20235 [00:40<00:18, 345.24 examples/s]
Map:  68%|‚ñà‚ñà‚ñà‚ñà‚ñà‚ñà‚ñä   | 13775/20235 [00:40<00:18, 345.85 examples/s]
Map:  68%|‚ñà‚ñà‚ñà‚ñà‚ñà‚ñà‚ñä   | 13826/20235 [00:41<00:18, 340.26 examples/s]
Map:  69%|‚ñà‚ñà‚ñà‚ñà‚ñà‚ñà‚ñä   | 13862/20235 [00:41<00:18, 341.94 examples/s]
Map:  69%|‚ñà‚ñà‚ñà‚ñà‚ñà‚ñà‚ñâ   | 13912/20235 [00:41<00:18, 333.85 examples/s]
Map:  69%|‚ñà‚ñà‚ñà‚ñà‚ñà‚ñà‚ñâ   | 13962/20235 [00:41<00:19, 328.17 examples/s]
Map:  69%|‚ñà‚ñà‚ñà‚ñà‚ñà‚ñà‚ñâ   | 14000/20235 [00:41<00:28, 221.25 examples/s]
Map:  69%|‚ñà‚ñà‚ñà‚ñà‚ñà‚ñà‚ñâ   | 14030/20235 [00:41<00:26, 234.21 examples/s]
Map:  70%|‚ñà‚ñà‚ñà‚ñà‚ñà‚ñà‚ñâ   | 14068/20235 [00:41<00:23, 261.83 examples/s]
Map:  70%|‚ñà‚ñà‚ñà‚ñà‚ñà‚ñà‚ñâ   | 14104/20235 [00:42<00:21, 282.56 examples/s]
Map:  70%|‚ñà‚ñà‚ñà‚ñà‚ñà‚ñà‚ñâ   | 14139/20235 [00:42<00:20, 296.39 examples/s]
Map:  70%|‚ñà‚ñà‚ñà‚ñà‚ñà‚ñà‚ñà   | 14174/20235 [00:42<00:19, 308.21 examples/s]
Map:  70%|‚ñà‚ñà‚ñà‚ñà‚ñà‚ñà‚ñà   | 14209/20235 [00:42<00:18, 317.72 examples/s]
Map:  70%|‚ñà‚ñà‚ñà‚ñà‚ñà‚ñà‚ñà   | 14259/20235 [00:42<00:18, 321.14 examples/s]
Map:  71%|‚ñà‚ñà‚ñà‚ñà‚ñà‚ñà‚ñà   | 14296/20235 [00:42<00:17, 331.67 examples/s]
Map:  71%|‚ñà‚ñà‚ñà‚ñà‚ñà‚ñà‚ñà   | 14334/20235 [00:42<00:17, 341.22 examples/s]
Map:  71%|‚ñà‚ñà‚ñà‚ñà‚ñà‚ñà‚ñà   | 14371/20235 [00:42<00:17, 344.90 examples/s]
Map:  71%|‚ñà‚ñà‚ñà‚ñà‚ñà‚ñà‚ñà‚ñè  | 14423/20235 [00:42<00:17, 341.20 examples/s]
Map:  71%|‚ñà‚ñà‚ñà‚ñà‚ñà‚ñà‚ñà‚ñè  | 14461/20235 [00:43<00:16, 348.30 examples/s]
Map:  72%|‚ñà‚ñà‚ñà‚ñà‚ñà‚ñà‚ñà‚ñè  | 14513/20235 [00:43<00:16, 346.65 examples/s]
Map:  72%|‚ñà‚ñà‚ñà‚ñà‚ñà‚ñà‚ñà‚ñè  | 14564/20235 [00:43<00:16, 340.27 examples/s]
Map:  72%|‚ñà‚ñà‚ñà‚ñà‚ñà‚ñà‚ñà‚ñè  | 14602/20235 [00:43<00:16, 344.09 examples/s]
Map:  72%|‚ñà‚ñà‚ñà‚ñà‚ñà‚ñà‚ñà‚ñè  | 14640/20235 [00:43<00:15, 351.57 examples/s]
Map:  73%|‚ñà‚ñà‚ñà‚ñà‚ñà‚ñà‚ñà‚ñé  | 14676/20235 [00:43<00:15, 351.26 examples/s]
Map:  73%|‚ñà‚ñà‚ñà‚ñà‚ñà‚ñà‚ñà‚ñé  | 14716/20235 [00:43<00:15, 360.57 examples/s]
Map:  73%|‚ñà‚ñà‚ñà‚ñà‚ñà‚ñà‚ñà‚ñé  | 14754/20235 [00:43<00:15, 364.76 examples/s]
Map:  73%|‚ñà‚ñà‚ñà‚ñà‚ñà‚ñà‚ñà‚ñé  | 14810/20235 [00:44<00:14, 363.34 examples/s]
Map:  73%|‚ñà‚ñà‚ñà‚ñà‚ñà‚ñà‚ñà‚ñé  | 14863/20235 [00:44<00:15, 352.33 examples/s]
Map:  74%|‚ñà‚ñà‚ñà‚ñà‚ñà‚ñà‚ñà‚ñé  | 14900/20235 [00:44<00:15, 344.30 examples/s]
Map:  74%|‚ñà‚ñà‚ñà‚ñà‚ñà‚ñà‚ñà‚ñç  | 14951/20235 [00:44<00:15, 337.98 examples/s]
Map:  74%|‚ñà‚ñà‚ñà‚ñà‚ñà‚ñà‚ñà‚ñç  | 14989/20235 [00:44<00:15, 346.45 examples/s]
Map:  74%|‚ñà‚ñà‚ñà‚ñà‚ñà‚ñà‚ñà‚ñç  | 15036/20235 [00:44<00:22, 232.84 examples/s]
Map:  74%|‚ñà‚ñà‚ñà‚ñà‚ñà‚ñà‚ñà‚ñç  | 15072/20235 [00:45<00:20, 253.59 examples/s]
Map:  75%|‚ñà‚ñà‚ñà‚ñà‚ñà‚ñà‚ñà‚ñç  | 15108/20235 [00:45<00:18, 274.01 examples/s]
Map:  75%|‚ñà‚ñà‚ñà‚ñà‚ñà‚ñà‚ñà‚ñç  | 15148/20235 [00:45<00:16, 300.72 examples/s]
Map:  75%|‚ñà‚ñà‚ñà‚ñà‚ñà‚ñà‚ñà‚ñå  | 15185/20235 [00:45<00:16, 314.47 examples/s]
Map:  75%|‚ñà‚ñà‚ñà‚ñà‚ñà‚ñà‚ñà‚ñå  | 15236/20235 [00:45<00:15, 318.28 examples/s]
Map:  75%|‚ñà‚ñà‚ñà‚ñà‚ñà‚ñà‚ñà‚ñå  | 15270/20235 [00:45<00:15, 317.72 examples/s]
Map:  76%|‚ñà‚ñà‚ñà‚ñà‚ñà‚ñà‚ñà‚ñå  | 15304/20235 [00:45<00:15, 319.19 examples/s]
Map:  76%|‚ñà‚ñà‚ñà‚ñà‚ñà‚ñà‚ñà‚ñå  | 15342/20235 [00:45<00:14, 332.31 examples/s]
Map:  76%|‚ñà‚ñà‚ñà‚ñà‚ñà‚ñà‚ñà‚ñå  | 15393/20235 [00:45<00:14, 331.71 examples/s]
Map:  76%|‚ñà‚ñà‚ñà‚ñà‚ñà‚ñà‚ñà‚ñã  | 15444/20235 [00:46<00:14, 329.58 examples/s]
Map:  77%|‚ñà‚ñà‚ñà‚ñà‚ñà‚ñà‚ñà‚ñã  | 15483/20235 [00:46<00:13, 341.67 examples/s]
Map:  77%|‚ñà‚ñà‚ñà‚ñà‚ñà‚ñà‚ñà‚ñã  | 15534/20235 [00:46<00:13, 339.86 examples/s]
Map:  77%|‚ñà‚ñà‚ñà‚ñà‚ñà‚ñà‚ñà‚ñã  | 15571/20235 [00:46<00:13, 345.26 examples/s]
Map:  77%|‚ñà‚ñà‚ñà‚ñà‚ñà‚ñà‚ñà‚ñã  | 15606/20235 [00:46<00:13, 345.02 examples/s]
Map:  77%|‚ñà‚ñà‚ñà‚ñà‚ñà‚ñà‚ñà‚ñã  | 15642/20235 [00:46<00:13, 342.54 examples/s]
Map:  77%|‚ñà‚ñà‚ñà‚ñà‚ñà‚ñà‚ñà‚ñã  | 15678/20235 [00:46<00:13, 343.30 examples/s]
Map:  78%|‚ñà‚ñà‚ñà‚ñà‚ñà‚ñà‚ñà‚ñä  | 15717/20235 [00:46<00:12, 351.71 examples/s]
Map:  78%|‚ñà‚ñà‚ñà‚ñà‚ñà‚ñà‚ñà‚ñä  | 15768/20235 [00:47<00:12, 344.63 examples/s]
Map:  78%|‚ñà‚ñà‚ñà‚ñà‚ñà‚ñà‚ñà‚ñä  | 15807/20235 [00:47<00:12, 353.91 examples/s]
Map:  78%|‚ñà‚ñà‚ñà‚ñà‚ñà‚ñà‚ñà‚ñä  | 15844/20235 [00:47<00:12, 343.98 examples/s]
Map:  78%|‚ñà‚ñà‚ñà‚ñà‚ñà‚ñà‚ñà‚ñä  | 15882/20235 [00:47<00:12, 349.84 examples/s]
Map:  79%|‚ñà‚ñà‚ñà‚ñà‚ñà‚ñà‚ñà‚ñä  | 15921/20235 [00:47<00:12, 359.23 examples/s]
Map:  79%|‚ñà‚ñà‚ñà‚ñà‚ñà‚ñà‚ñà‚ñâ  | 15973/20235 [00:47<00:12, 348.44 examples/s]
Map:  79%|‚ñà‚ñà‚ñà‚ñà‚ñà‚ñà‚ñà‚ñâ  | 16017/20235 [00:47<00:17, 235.87 examples/s]
Map:  79%|‚ñà‚ñà‚ñà‚ñà‚ñà‚ñà‚ñà‚ñâ  | 16051/20235 [00:48<00:16, 254.07 examples/s]
Map:  79%|‚ñà‚ñà‚ñà‚ñà‚ñà‚ñà‚ñà‚ñâ  | 16085/20235 [00:48<00:15, 269.84 examples/s]
Map:  80%|‚ñà‚ñà‚ñà‚ñà‚ñà‚ñà‚ñà‚ñâ  | 16120/20235 [00:48<00:14, 284.67 examples/s]
Map:  80%|‚ñà‚ñà‚ñà‚ñà‚ñà‚ñà‚ñà‚ñâ  | 16153/20235 [00:48<00:14, 290.93 examples/s]
Map:  80%|‚ñà‚ñà‚ñà‚ñà‚ñà‚ñà‚ñà‚ñà  | 16193/20235 [00:48<00:12, 316.28 examples/s]
Map:  80%|‚ñà‚ñà‚ñà‚ñà‚ñà‚ñà‚ñà‚ñà  | 16227/20235 [00:48<00:12, 320.86 examples/s]
Map:  80%|‚ñà‚ñà‚ñà‚ñà‚ñà‚ñà‚ñà‚ñà  | 16266/20235 [00:48<00:11, 336.34 examples/s]
Map:  81%|‚ñà‚ñà‚ñà‚ñà‚ñà‚ñà‚ñà‚ñà  | 16317/20235 [00:48<00:11, 333.57 examples/s]
Map:  81%|‚ñà‚ñà‚ñà‚ñà‚ñà‚ñà‚ñà‚ñà  | 16368/20235 [00:49<00:11, 332.37 examples/s]
Map:  81%|‚ñà‚ñà‚ñà‚ñà‚ñà‚ñà‚ñà‚ñà  | 16406/20235 [00:49<00:11, 340.65 examples/s]
Map:  81%|‚ñà‚ñà‚ñà‚ñà‚ñà‚ñà‚ñà‚ñà‚ñè | 16442/20235 [00:49<00:11, 335.64 examples/s]
Map:  81%|‚ñà‚ñà‚ñà‚ñà‚ñà‚ñà‚ñà‚ñà‚ñè | 16477/20235 [00:49<00:11, 335.15 examples/s]
Map:  82%|‚ñà‚ñà‚ñà‚ñà‚ñà‚ñà‚ñà‚ñà‚ñè | 16513/20235 [00:49<00:10, 340.14 examples/s]
Map:  82%|‚ñà‚ñà‚ñà‚ñà‚ñà‚ñà‚ñà‚ñà‚ñè | 16549/20235 [00:49<00:10, 344.55 examples/s]
Map:  82%|‚ñà‚ñà‚ñà‚ñà‚ñà‚ñà‚ñà‚ñà‚ñè | 16584/20235 [00:49<00:10, 345.62 examples/s]
Map:  82%|‚ñà‚ñà‚ñà‚ñà‚ñà‚ñà‚ñà‚ñà‚ñè | 16620/20235 [00:49<00:10, 346.53 examples/s]
Map:  82%|‚ñà‚ñà‚ñà‚ñà‚ñà‚ñà‚ñà‚ñà‚ñè | 16671/20235 [00:49<00:10, 340.18 examples/s]
Map:  83%|‚ñà‚ñà‚ñà‚ñà‚ñà‚ñà‚ñà‚ñà‚ñé | 16723/20235 [00:50<00:10, 337.33 examples/s]
Map:  83%|‚ñà‚ñà‚ñà‚ñà‚ñà‚ñà‚ñà‚ñà‚ñé | 16775/20235 [00:50<00:10, 338.34 examples/s]
Map:  83%|‚ñà‚ñà‚ñà‚ñà‚ñà‚ñà‚ñà‚ñà‚ñé | 16810/20235 [00:50<00:10, 338.79 examples/s]
Map:  83%|‚ñà‚ñà‚ñà‚ñà‚ñà‚ñà‚ñà‚ñà‚ñé | 16844/20235 [00:50<00:14, 228.75 examples/s]
Map:  83%|‚ñà‚ñà‚ñà‚ñà‚ñà‚ñà‚ñà‚ñà‚ñé | 16883/20235 [00:50<00:12, 258.11 examples/s]
Map:  84%|‚ñà‚ñà‚ñà‚ñà‚ñà‚ñà‚ñà‚ñà‚ñé | 16920/20235 [00:50<00:11, 280.75 examples/s]
Map:  84%|‚ñà‚ñà‚ñà‚ñà‚ñà‚ñà‚ñà‚ñà‚ñç | 16960/20235 [00:50<00:10, 305.79 examples/s]
Map:  84%|‚ñà‚ñà‚ñà‚ñà‚ñà‚ñà‚ñà‚ñà‚ñç | 16996/20235 [00:51<00:10, 318.62 examples/s]
Map:  84%|‚ñà‚ñà‚ñà‚ñà‚ñà‚ñà‚ñà‚ñà‚ñç | 17036/20235 [00:51<00:14, 218.62 examples/s]
Map:  84%|‚ñà‚ñà‚ñà‚ñà‚ñà‚ñà‚ñà‚ñà‚ñç | 17070/20235 [00:51<00:13, 240.87 examples/s]
Map:  85%|‚ñà‚ñà‚ñà‚ñà‚ñà‚ñà‚ñà‚ñà‚ñç | 17103/20235 [00:51<00:12, 258.96 examples/s]
Map:  85%|‚ñà‚ñà‚ñà‚ñà‚ñà‚ñà‚ñà‚ñà‚ñç | 17141/20235 [00:51<00:10, 285.72 examples/s]
Map:  85%|‚ñà‚ñà‚ñà‚ñà‚ñà‚ñà‚ñà‚ñà‚ñç | 17191/20235 [00:51<00:10, 299.72 examples/s]
Map:  85%|‚ñà‚ñà‚ñà‚ñà‚ñà‚ñà‚ñà‚ñà‚ñå | 17227/20235 [00:51<00:09, 311.41 examples/s]
Map:  85%|‚ñà‚ñà‚ñà‚ñà‚ñà‚ñà‚ñà‚ñà‚ñå | 17264/20235 [00:51<00:09, 322.80 examples/s]
Map:  86%|‚ñà‚ñà‚ñà‚ñà‚ñà‚ñà‚ñà‚ñà‚ñå | 17303/20235 [00:52<00:08, 337.20 examples/s]
Map:  86%|‚ñà‚ñà‚ñà‚ñà‚ñà‚ñà‚ñà‚ñà‚ñå | 17341/20235 [00:52<00:08, 346.28 examples/s]
Map:  86%|‚ñà‚ñà‚ñà‚ñà‚ñà‚ñà‚ñà‚ñà‚ñå | 17391/20235 [00:52<00:08, 337.06 examples/s]
Map:  86%|‚ñà‚ñà‚ñà‚ñà‚ñà‚ñà‚ñà‚ñà‚ñå | 17427/20235 [00:52<00:08, 336.19 examples/s]
Map:  86%|‚ñà‚ñà‚ñà‚ñà‚ñà‚ñà‚ñà‚ñà‚ñã | 17476/20235 [00:52<00:08, 329.26 examples/s]
Map:  87%|‚ñà‚ñà‚ñà‚ñà‚ñà‚ñà‚ñà‚ñà‚ñã | 17513/20235 [00:52<00:08, 332.38 examples/s]
Map:  87%|‚ñà‚ñà‚ñà‚ñà‚ñà‚ñà‚ñà‚ñà‚ñã | 17565/20235 [00:52<00:08, 332.93 examples/s]
Map:  87%|‚ñà‚ñà‚ñà‚ñà‚ñà‚ñà‚ñà‚ñà‚ñã | 17604/20235 [00:52<00:07, 341.32 examples/s]
Map:  87%|‚ñà‚ñà‚ñà‚ñà‚ñà‚ñà‚ñà‚ñà‚ñã | 17641/20235 [00:53<00:07, 345.72 examples/s]
Map:  87%|‚ñà‚ñà‚ñà‚ñà‚ñà‚ñà‚ñà‚ñà‚ñã | 17678/20235 [00:53<00:07, 349.44 examples/s]
Map:  88%|‚ñà‚ñà‚ñà‚ñà‚ñà‚ñà‚ñà‚ñà‚ñä | 17714/20235 [00:53<00:07, 350.61 examples/s]
Map:  88%|‚ñà‚ñà‚ñà‚ñà‚ñà‚ñà‚ñà‚ñà‚ñä | 17770/20235 [00:53<00:07, 349.44 examples/s]
Map:  88%|‚ñà‚ñà‚ñà‚ñà‚ñà‚ñà‚ñà‚ñà‚ñä | 17807/20235 [00:53<00:06, 352.64 examples/s]
Map:  88%|‚ñà‚ñà‚ñà‚ñà‚ñà‚ñà‚ñà‚ñà‚ñä | 17844/20235 [00:53<00:06, 354.66 examples/s]
Map:  88%|‚ñà‚ñà‚ñà‚ñà‚ñà‚ñà‚ñà‚ñà‚ñä | 17882/20235 [00:53<00:06, 354.58 examples/s]
Map:  89%|‚ñà‚ñà‚ñà‚ñà‚ñà‚ñà‚ñà‚ñà‚ñä | 17922/20235 [00:53<00:06, 364.52 examples/s]
Map:  89%|‚ñà‚ñà‚ñà‚ñà‚ñà‚ñà‚ñà‚ñà‚ñâ | 17960/20235 [00:53<00:06, 365.60 examples/s]
Map:  89%|‚ñà‚ñà‚ñà‚ñà‚ñà‚ñà‚ñà‚ñà‚ñâ | 18000/20235 [00:54<00:09, 232.08 examples/s]
Map:  89%|‚ñà‚ñà‚ñà‚ñà‚ñà‚ñà‚ñà‚ñà‚ñâ | 18034/20235 [00:54<00:08, 252.38 examples/s]
Map:  89%|‚ñà‚ñà‚ñà‚ñà‚ñà‚ñà‚ñà‚ñà‚ñâ | 18066/20235 [00:54<00:08, 266.88 examples/s]
Map:  89%|‚ñà‚ñà‚ñà‚ñà‚ñà‚ñà‚ñà‚ñà‚ñâ | 18100/20235 [00:54<00:07, 282.92 examples/s]
Map:  90%|‚ñà‚ñà‚ñà‚ñà‚ñà‚ñà‚ñà‚ñà‚ñâ | 18138/20235 [00:54<00:06, 304.98 examples/s]
Map:  90%|‚ñà‚ñà‚ñà‚ñà‚ñà‚ñà‚ñà‚ñà‚ñâ | 18173/20235 [00:54<00:06, 313.09 examples/s]
Map:  90%|‚ñà‚ñà‚ñà‚ñà‚ñà‚ñà‚ñà‚ñà‚ñà | 18225/20235 [00:54<00:06, 321.21 examples/s]
Map:  90%|‚ñà‚ñà‚ñà‚ñà‚ñà‚ñà‚ñà‚ñà‚ñà | 18261/20235 [00:55<00:06, 325.73 examples/s]
Map:  90%|‚ñà‚ñà‚ñà‚ñà‚ñà‚ñà‚ñà‚ñà‚ñà | 18296/20235 [00:55<00:05, 328.65 examples/s]
Map:  91%|‚ñà‚ñà‚ñà‚ñà‚ñà‚ñà‚ñà‚ñà‚ñà | 18334/20235 [00:55<00:05, 340.19 examples/s]
Map:  91%|‚ñà‚ñà‚ñà‚ñà‚ñà‚ñà‚ñà‚ñà‚ñà | 18370/20235 [00:55<00:05, 342.53 examples/s]
Map:  91%|‚ñà‚ñà‚ñà‚ñà‚ñà‚ñà‚ñà‚ñà‚ñà | 18421/20235 [00:55<00:05, 338.90 examples/s]
Map:  91%|‚ñà‚ñà‚ñà‚ñà‚ñà‚ñà‚ñà‚ñà‚ñà‚ñè| 18471/20235 [00:55<00:05, 336.06 examples/s]
Map:  91%|‚ñà‚ñà‚ñà‚ñà‚ñà‚ñà‚ñà‚ñà‚ñà‚ñè| 18507/20235 [00:55<00:05, 338.86 examples/s]
Map:  92%|‚ñà‚ñà‚ñà‚ñà‚ñà‚ñà‚ñà‚ñà‚ñà‚ñè| 18555/20235 [00:55<00:05, 328.99 examples/s]
Map:  92%|‚ñà‚ñà‚ñà‚ñà‚ñà‚ñà‚ñà‚ñà‚ñà‚ñè| 18594/20235 [00:56<00:04, 339.83 examples/s]
Map:  92%|‚ñà‚ñà‚ñà‚ñà‚ñà‚ñà‚ñà‚ñà‚ñà‚ñè| 18631/20235 [00:56<00:04, 342.36 examples/s]
Map:  92%|‚ñà‚ñà‚ñà‚ñà‚ñà‚ñà‚ñà‚ñà‚ñà‚ñè| 18667/20235 [00:56<00:04, 343.26 examples/s]
Map:  92%|‚ñà‚ñà‚ñà‚ñà‚ñà‚ñà‚ñà‚ñà‚ñà‚ñè| 18717/20235 [00:56<00:04, 335.03 examples/s]
Map:  93%|‚ñà‚ñà‚ñà‚ñà‚ñà‚ñà‚ñà‚ñà‚ñà‚ñé| 18768/20235 [00:56<00:04, 333.91 examples/s]
Map:  93%|‚ñà‚ñà‚ñà‚ñà‚ñà‚ñà‚ñà‚ñà‚ñà‚ñé| 18805/20235 [00:56<00:04, 338.70 examples/s]
Map:  93%|‚ñà‚ñà‚ñà‚ñà‚ñà‚ñà‚ñà‚ñà‚ñà‚ñé| 18861/20235 [00:56<00:03, 345.24 examples/s]
Map:  93%|‚ñà‚ñà‚ñà‚ñà‚ñà‚ñà‚ñà‚ñà‚ñà‚ñé| 18899/20235 [00:56<00:03, 352.51 examples/s]
Map:  94%|‚ñà‚ñà‚ñà‚ñà‚ñà‚ñà‚ñà‚ñà‚ñà‚ñé| 18936/20235 [00:57<00:03, 354.76 examples/s]
Map:  94%|‚ñà‚ñà‚ñà‚ñà‚ñà‚ñà‚ñà‚ñà‚ñà‚ñç| 18974/20235 [00:57<00:03, 356.71 examples/s]
Map:  94%|‚ñà‚ñà‚ñà‚ñà‚ñà‚ñà‚ñà‚ñà‚ñà‚ñç| 19017/20235 [00:57<00:05, 228.64 examples/s]
Map:  94%|‚ñà‚ñà‚ñà‚ñà‚ñà‚ñà‚ñà‚ñà‚ñà‚ñç| 19052/20235 [00:57<00:04, 251.34 examples/s]
Map:  94%|‚ñà‚ñà‚ñà‚ñà‚ñà‚ñà‚ñà‚ñà‚ñà‚ñç| 19088/20235 [00:57<00:04, 272.63 examples/s]
Map:  94%|‚ñà‚ñà‚ñà‚ñà‚ñà‚ñà‚ñà‚ñà‚ñà‚ñç| 19122/20235 [00:57<00:03, 286.15 examples/s]
Map:  95%|‚ñà‚ñà‚ñà‚ñà‚ñà‚ñà‚ñà‚ñà‚ñà‚ñç| 19158/20235 [00:57<00:03, 302.32 examples/s]
Map:  95%|‚ñà‚ñà‚ñà‚ñà‚ñà‚ñà‚ñà‚ñà‚ñà‚ñç| 19192/20235 [00:57<00:03, 309.61 examples/s]
Map:  95%|‚ñà‚ñà‚ñà‚ñà‚ñà‚ñà‚ñà‚ñà‚ñà‚ñå| 19229/20235 [00:58<00:03, 323.86 examples/s]
Map:  95%|‚ñà‚ñà‚ñà‚ñà‚ñà‚ñà‚ñà‚ñà‚ñà‚ñå| 19264/20235 [00:58<00:02, 330.68 examples/s]
Map:  95%|‚ñà‚ñà‚ñà‚ñà‚ñà‚ñà‚ñà‚ñà‚ñà‚ñå| 19315/20235 [00:58<00:02, 329.56 examples/s]
Map:  96%|‚ñà‚ñà‚ñà‚ñà‚ñà‚ñà‚ñà‚ñà‚ñà‚ñå| 19353/20235 [00:58<00:02, 339.78 examples/s]
Map:  96%|‚ñà‚ñà‚ñà‚ñà‚ñà‚ñà‚ñà‚ñà‚ñà‚ñå| 19388/20235 [00:58<00:02, 339.40 examples/s]
Map:  96%|‚ñà‚ñà‚ñà‚ñà‚ñà‚ñà‚ñà‚ñà‚ñà‚ñå| 19442/20235 [00:58<00:02, 338.00 examples/s]
Map:  96%|‚ñà‚ñà‚ñà‚ñà‚ñà‚ñà‚ñà‚ñà‚ñà‚ñã| 19493/20235 [00:58<00:02, 336.16 examples/s]
Map:  97%|‚ñà‚ñà‚ñà‚ñà‚ñà‚ñà‚ñà‚ñà‚ñà‚ñã| 19530/20235 [00:58<00:02, 340.67 examples/s]
Map:  97%|‚ñà‚ñà‚ñà‚ñà‚ñà‚ñà‚ñà‚ñà‚ñà‚ñã| 19568/20235 [00:59<00:01, 346.93 examples/s]
Map:  97%|‚ñà‚ñà‚ñà‚ñà‚ñà‚ñà‚ñà‚ñà‚ñà‚ñã| 19618/20235 [00:59<00:01, 330.95 examples/s]
Map:  97%|‚ñà‚ñà‚ñà‚ñà‚ñà‚ñà‚ñà‚ñà‚ñà‚ñã| 19654/20235 [00:59<00:01, 337.82 examples/s]
Map:  97%|‚ñà‚ñà‚ñà‚ñà‚ñà‚ñà‚ñà‚ñà‚ñà‚ñã| 19702/20235 [00:59<00:01, 329.76 examples/s]
Map:  98%|‚ñà‚ñà‚ñà‚ñà‚ñà‚ñà‚ñà‚ñà‚ñà‚ñä| 19739/20235 [00:59<00:01, 337.24 examples/s]
Map:  98%|‚ñà‚ñà‚ñà‚ñà‚ñà‚ñà‚ñà‚ñà‚ñà‚ñä| 1977â| 20037/20235 [01:00<00:00, 240.96 examples/s]Map:  99%|‚ñà‚ñà‚ñà‚ñà‚ñà‚ñà‚ñà‚ñà‚ñà‚ñâ| 20071/20235 [01:00<00:00, 258.74 examples/s]Map:  99%|‚ñà‚ñà‚ñà‚ñà‚ñà‚ñà‚ñà‚ñà‚ñà‚ñâ| 20106/20235 [01:00<00:00, 278.08 examples/s]Map: 100%|‚ñà‚ñà‚ñà‚ñà‚ñà‚ñà‚ñà‚ñà‚ñà‚ñâ| 20141/20235 [01:00<00:00, 293.87 examples/s]Map: 100%|‚ñà‚ñà‚ñà‚ñà‚ñà‚ñà‚ñà‚ñà‚ñà‚ñâ| 20174/20235 [01:00<00:00, 300.44 examples/s]Map: 100%|‚ñà‚ñà‚ñà‚ñà‚ñà‚ñà‚ñà‚ñà‚ñà‚ñâ| 20212/20235 [01:01<00:00, 315.79 examples/s]Map: 100%|‚ñà‚ñà‚ñà‚ñà‚ñà‚ñà‚ñà‚ñà‚ñà‚ñà| 20235/20235 [01:01<00:00, 330.52 examples/s]
Map:   0%|          | 0/1065 [00:00<?, ? examples/s]Map:   3%|‚ñé         | 36/1065 [00:00<00:02, 344.55 examples/s]Map:   8%|‚ñä         | 88/1065 [00:00<00:02, 340.81 examples/s]Map:  12%|‚ñà‚ñè        | 123/1065 [00:00<00:02, 339.93 examples/s]Map:  17%|‚ñà‚ñã        | 176/1065 [00:00<00:02, 343.38 examples/s]Map:  20%|‚ñà‚ñâ        | 212/1065 [00:00<00:02, 346.09 examples/s]Map:  24%|‚ñà‚ñà‚ñé       | 252/1065 [00:00<00:02, 361.02 examples/s]Map:  28%|‚ñà‚ñà‚ñä       | 302/1065 [00:00<00:02, 347.11 examples/s]Map:  33%|‚ñà‚ñà‚ñà‚ñé      | 354/1065 [00:01<00:02, 340.91 examples/s]Map:  37%|‚ñà‚ñà‚ñà‚ñã      | 390/1065 [00:01<00:01, 341.60 examples/s]Map:  40%|‚ñà‚ñà‚ñà‚ñâ      | 425/1065 [00:01<00:01, 340.26 examples/s]Map:  43%|‚ñà‚ñà‚ñà‚ñà‚ñé     | 461/1065 [00:01<00:01, 343.99 examples/s]Map:  48%|‚ñà‚ñà‚ñà‚ñà‚ñä     | 512/1065 [00:01<00:01, 338.82 examples/s]Map:  52%|‚ñà‚ñà‚ñà‚ñà‚ñà‚ñè    | 549/1065 [00:01<00:01, 342.79 examples/s]Map:  55%|‚ñà‚ñà‚ñà‚ñà‚ñà‚ñç    | 585/1065 [00:01<00:01, 341.05 examples/s]Map:  60%|‚ñà‚ñà‚ñà‚ñà‚ñà‚ñâ    | 637/1065 [00:01<00:01, 338.23 examples/s]Map:  63%|‚ñà‚ñà‚ñà‚ñà‚ñà‚ñà‚ñé   | 675/1065 [00:01<00:01, 347.07 examples/s]Map:  68%|‚ñà‚ñà‚ñà‚ñà‚ñà‚ñà‚ñä   | 727/1065 [00:02<00:00, 341.78 examples/s]Map:  73%|‚ñà‚ñà‚ñà‚ñà‚ñà‚ñà‚ñà‚ñé  | 782/1065 [00:02<00:00, 346.94 examples/s]Map:  78%|‚ñà‚ñà‚ñà‚ñà‚ñà‚ñà‚ñà‚ñä  | 835/1065 [00:02<00:00, 343.57 examples/s]Map:  82%|‚ñà‚ñà‚ñà‚ñà‚ñà‚ñà‚ñà‚ñà‚ñè | 874/1065 [00:02<00:00, 351.61 examples/s]Map:  86%|‚ñà‚ñà‚ñà‚ñà‚ñà‚ñà‚ñà‚ñà‚ñå | 912/1065 [00:02<00:00, 356.33 examples/s]Map:  91%|‚ñà‚ñà‚ñà‚ñà‚ñà‚ñà‚ñà‚ñà‚ñà | 965/1065 [00:02<00:00, 351.26 examples/s]Map:  95%|‚ñà‚ñà‚ñà‚ñà‚ñà‚ñà‚ñà‚ñà‚ñà‚ñå| 1016/1065 [00:03<00:00, 230.33 examples/s]Map:  99%|‚ñà‚ñà‚ñà‚ñà‚ñà‚ñà‚ñà‚ñà‚ñà‚ñâ| 1055/1065 [00:03<00:00, 255.46 examples/s]Map: 100%|‚ñà‚ñà‚ñà‚ñà‚ñà‚ñà‚ñà‚ñà‚ñà‚ñà| 1065/1065 [00:03<00:00, 320.68 examples/s]
  0%|          | 0/158 [00:00<?, ?it/s]Could not estimate the number of tokens of the input, floating-point operations will not be computed
  1%|          | 1/158 [00:48<2:06:41, 48.42s/it]                                                   1%|          | 1/158 [00:48<2:06:41, 48.42s/it]  1%|‚ñè         | 2/158 [01:35<2:04:00, 47.69s/it]                                                   1%|‚ñè         | 2/158 [01:35<2:04:00, 47.69s/it]  2%|‚ñè         | 3/158 [02:24<2:04:13, 48.08s/it]                                                   2%|‚ñè         | 3/158 [02:24<2:04:13, 48.08s/it]  3%|‚ñé         | 4/158 [03:13<2:05:10, 48.77s/it]                                                   3%|‚ñé         | 4/158 [03:13<2:05:10, 48.77s/it]  3%|‚ñé         | 5/158 [04:02<2:04:28, 48.81s/it]                                                   3%|‚ñé         | 5/158 [04:02<2:04:28, 48.81s/it]  4%|‚ñç         | 6/158 [04:50<2:03:03, 48.58s/it]                                                   4%|‚ñç         | 6/158 [04:50<2:03:03, 48.58s/it]  4%|‚ñç         | 7/158 [05:42<2:04:48, 49.59s/it]                                                   4%|‚ñç         | 7/158 [05:42<2:04:48, 49.59s/it]  5%|‚ñå         | 8/158 [06:31<2:03:01, 49.21s/it]                                                   5%|‚ñå         | 8/158 [06:31<2:03:01, 49.21s/it]1s/it]
                                                 

  3%|‚ñé         | 5/158 [04:02<2:04:28, 48.81s/it]
  4%|‚ñç         | 6/158 [04:50<2:03:03, 48.58s/it]
                                                 

  4%|‚ñç         | 6/158 [04:50<2:03:03, 48.58s/it]
  4%|‚ñç         | 7/158 [05:42<2:04:48, 49.59s/it]
                                                 

  4%|‚ñç         | 7/158 [05:42<2:04:48, 49.59s/it]  6%|‚ñå         | 9/158 [07:18<2:01:13, 48.81s/it]                                                   6%|‚ñå         | 9/158 [07:18<2:01:13, 48.81s/it]  6%|‚ñã         | 10/158 [08:07<2:00:22, 48.80s/it]                                                    6%|‚ñã         | 10/158 [08:07<2:00:22, 48.80s/it]  7%|‚ñã         | 11/158 [08:56<1:59:12, 48.66s/it]                                                    7%|‚ñã         | 11/158 [08:56<1:59:12, 48.66s/it]  8%|‚ñä         | 12/158 [09:44<1:58:32, 48.72s/it]                                                    8%|‚ñä         | 12/158 [09:44<1:58:32, 48.72s/it]  8%|‚ñä         | 13/158 [10:33<1:57:38, 48.68s/it]                                                    8%|‚ñä         | 13/158 [10:33<1:57:38, 48.68s/it]  9%|‚ñâ         | 14/158 [11:18<1:54:16, 47.62s/it]                                                    9%|‚ñâ         | 14/158 [11:18<1:54:16, 47.62s/it]  9%|‚ñâ         | 15/158 [12:05<1:53:06, 47.46s/it]                                                    9%|‚ñâ         | 15/158 [12:05<1:53:06, 47.46s/it] 10%|‚ñà         | 16/158 [12:53<1:52:09, 47.39s/it]                                                   10%|‚ñà         | 16/158 [12:53<1:52:09, 47.39s/it] 11%|‚ñà         | 17/158 [13:41<1:52:01, 47.67s/it]                                                   11%|‚ñà         | 17/158 [13:41<1:52:01, 47.67s/it] 11%|‚ñà‚ñè        | 18/158 [14:26<1:49:37, 46.98s/it]                                                   11%|‚ñà‚ñè        | 18/158 [14:26<1:49:37, 46.98s/it] 12%|‚ñà‚ñè        | 19/158 [15:15<1:49:59, 47.48s/it]                                                   12%|‚ñà‚ñè        | 19/158 [15:15<1:49:59, 47.48s/it] 13%|‚ñà‚ñé        | 20/158 [16:03<1:49:43, 47.71s/it]                                                   13%|‚ñà‚ñé        | 20/158 [16:03<1:49:43, 47.71s/it] 13%|‚ñà‚ñé        | 21/158 [16:51<1:49:18, 47.87s/it]                                                   13%|‚ñà‚ñé        | 21/158 [16:51<1:49:18, 47.87s/it] 14%|‚ñà‚ñç        | 22/158 [17:39<1:48:11, 47.73s/it]                                                   14%|‚ñà‚ñç        | 22/158 [17:39<1:48:11, 47.73s/it] 15%|‚ñà‚ñç        | 23/158 [18:27<1:47:37, 47.83s/it]                                                   15%|‚ñà‚ñç        | 23/158 [18:27<1:47:37, 47.83s/it] 15%|‚ñà‚ñå        | 24/158 [19:16<1:48:02, 48.37s/it]                                                   15%|‚ñà‚ñå        | 24/158 [19:16<1:48:02, 48.37s/it] 16%|‚ñà‚ñå        | 25/158 [20:03<1:46:18, 47.96s/it]                                                   16%|‚ñà‚ñå        | 25/158 [20:03<1:46:18, 47.96s/it] 16%|‚ñà‚ñã        | 26/158 [20:50<1:44:32, 47.52s/it]                                                   16%|‚ñà‚ñã        | 26/158 [20:50<1:44:32, 47.52s/it] 17%|‚ñà‚ñã        | 27/158 [21:38<1:43:52, 47.58s/it]                                                   17%|‚ñà‚ñã        | 27/158 [21:38<1:43:52, 47.58s/it] 18%|‚ñà‚ñä        | 28/158 [22:25<1:42:49, 47.46s/it]                                                   18%|‚ñà‚ñä        | 28/158 [22:25<1:42:49, 47.46s/it] 18%|‚ñà‚ñä        | 29/158 [23:14<1:43:10, 47.99s/it]                                                   18%|‚ñà‚ñä        | 29/158 [23:14<1:43:10, 47.99s/it] 19%|‚ñà‚ñâ        | 30/158 [24:02<1:42:01, 47.82s/it]                                                   19%|‚ñà‚ñâ        | 30/158 [24:02<1:42:01, 47.82s/it] 20%|‚ñà‚ñâ        | 31/158 [24:49<1:41:13, 47.82s/it]                                                   20%|‚ñà‚ñâ        | 31/158 [24:49<1:41:13, 47.82s/it] 20%|‚ñà‚ñà        | 32/158 [25:38<1:41:02, 48.12s/it]                                                   20%|‚ñà‚ñà        | 32/158 [25:38<1:41:02, 48.12s/it] 21%|‚ñà‚ñà        | 33/158 [26:28<1:41:16, 48.61s/it]                                                   21%|‚ñà‚ñà        | 33/158 [26:28<1:41:16, 48.61s/it] 22%|‚ñà‚ñà‚ñè       | 34/158 [27:16<1:40:10, 48.47s/it]                                                   22%|‚ñà‚ñà‚ñè       | 34/158 [27:16<1:40:10, 48.47s/it] 22%|‚ñà‚ñà‚ñè       | 35/158 [28:07<1:40:38, 49.09s/it]                                                   22%|‚ñà‚ñà‚ñè       | 35/158 [28:07<1:40:38, 49.09s/it] 23%|‚ñà‚ñà‚ñé       | 36/158 [28:55<1:39:15, 48.82s/it]                                                   23%|‚ñà‚ñà‚ñé       | 36/158 [28:55<1:39:15, 48.82s/it] 23%|‚ñà‚ñà‚ñé       | 37/158 [29:43<1:37:56, 48.56s/it]                                                   23%|‚ñà‚ñà‚ñé       | 37/158 [29:43<1:37:56, 48.56s/it] 24%|‚ñà‚ñà‚ñç       | 38/158 [30:31<1:36:43, 48.36s/it]                                                   24%|‚ñà‚ñà‚ñç       | 38/158 [30:31<1:36:43, 48.36s/it] 25%|‚ñà‚ñà‚ñç       | 39/158 [31:18<1:35:14, 48.02s/it]                                                   25%|‚ñà‚ñà‚ñç       | 39/158 [31:18<1:35:14, 48.02s/it] 25%|‚ñà‚ñà‚ñå       | 40/158 [32:07<1:35:15, 48.43s/it]                                                   25%|‚ñà‚ñà‚ñå       | 40/158 [32:07<1:35:15, 48.43s/it] 26%|‚ñà‚ñà‚ñå       | 41/158 [32:53<1:32:45, 47.57s/it]                                                   26%|‚ñà‚ñà‚ñå       | 41/158 [32:53<1:32:45, 47.57s/it] 27%|‚ñà‚ñà‚ñã       | 42/158 [33:40<1:31:40, 47.41s/it]                                                   27%|‚ñà‚ñà‚ñã       | 42/158 [33:40<1:31:40, 47.41s/it] 27%|‚ñà‚ñà‚ñã       | 43/158 [34:30<1:32:16, 48.14s/it]                                                   27%|‚ñà‚ñà‚ñã       | 43/158 [34:30<1:32:16, 48.14s/it] 28%|‚ñà‚ñà‚ñä       | 44/158 [35:18<1:31:39, 48.24s/it]                                                   28%|‚ñà‚ñà‚ñä       | 44/158 [35:18<1:31:39, 48.24s/it] 28%|‚ñà‚ñà‚ñä       | 45/158 [36:07<1:31:01, 48.33s/it]                                                   28%|‚ñà‚ñà‚ñä       | 45/158 [36:07<1:31:01, 48.33s/it] 29%|‚ñà‚ñà‚ñâ       | 46/158 [36:55<1:30:01, 48.22s/it]                                                   29%|‚ñà‚ñà‚ñâ       | 46/158 [36:55<1:30:01, 48.22s/it] 30%|‚ñà‚ñà‚ñâ       | 47/158 [37:43<1:29:17, 48.27s/it]                                                   30%|‚ñà‚ñà‚ñâ       | 47/158 [37:43<1:29:17, 48.27s/it] 30%|‚ñà‚ñà‚ñà       | 48/158 [38:31<1:28:02, 48.03s/it]                                                   30%|‚ñà‚ñà‚ñà       | 48/158 [38:31<1:28:02, 48.03s/it] 31%|‚ñà‚ñà‚ñà       | 49/158 [39:21<1:28:22, 48.65s/it]                                                   31%|‚ñà‚ñà‚ñà       | 49/158 [39:21<1:28:22, 48.65s/it] 32%|‚ñà‚ñà‚ñà‚ñè      | 50/158 [40:07<1:26:30, 48.06s/it]                                                   32%|‚ñà‚ñà‚ñà‚ñè      | 50/158 [40:07<1:26:30, 48.06s/it] 32%|‚ñà‚ñà‚ñà‚ñè      | 51/158 [40:52<1:23:52, 47.03s/it]                                                   32%|‚ñà‚ñà‚ñà‚ñè      | 51/158 [40:52<1:23:52, 47.03s/it] 33%|‚ñà‚ñà‚ñà‚ñé      | 52/158 [41:39<1:23:15, 47.13s/it]                                                   33%|‚ñà‚ñà‚ñà‚ñé      | 52/158 [41:39<1:23:15, 47.13s/it] 34%|‚ñà‚ñà‚ñà‚ñé      | 53/158 [42:28<1:23:19, 47.61s/it]                                                   34%|‚ñà‚ñà‚ñà‚ñé      | 53/158 [42:28<1:23:19, 47.61s/it] 34%|‚ñà‚ñà‚ñà‚ñç      | 54/158 [43:16<1:22:39, 47.69s/it]                                                   34%|‚ñà‚ñà‚ñà‚ñç      | 54/158 [43:16<1:22:39, 47.69s/it] 35%|‚ñà‚ñà‚ñà‚ñç      | 55/158 [44:07<1:23:38, 48.73s/it]                                                   35%|‚ñà‚ñà‚ñà‚ñç      | 55/158 [44:07<1:23:38, 48.73s/it] 35%|‚ñà‚ñà‚ñà‚ñå      | 56/158 [44:52<1:21:08, 47.73s/it]                                                   35%|‚ñà‚ñà‚ñà‚ñå      | 56/158 [44:52<1:21:08, 47.73s/it] 36%|‚ñà‚ñà‚ñà‚ñå      | 57/158 [45:38<1:19:08, 47.01s/it]                                                   36%|‚ñà‚ñà‚ñà‚ñå      | 57/158 [45:38<1:19:08, 47.01s/it] 37%|‚ñà‚ñà‚ñà‚ñã      | 58/158 [46:23<1:17:38, 46.58s/it]                                                   37%|‚ñà‚ñà‚ñà‚ñã      | 58/158 [46:23<1:17:38, 46.58s/it] 37%|‚ñà‚ñà‚ñà‚ñã      | 59/158 [47:10<1:16:54, 46.61s/it]                                                   37%|‚ñà‚ñà‚ñà‚ñã      | 59/158 [47:10<1:16:54, 46.61s/it] 38%|‚ñà‚ñà‚ñà‚ñä      | 60/158 [47:56<1:15:50, 46.43s/it]                                                   38%|‚ñà‚ñà‚ñà‚ñä      | 60/158 [47:56<1:15:50, 46.43s/it] 39%|‚ñà‚ñà‚ñà‚ñä      | 61/158 [48:44<1:15:44, 46.85s/it]                                                   39%|‚ñà‚ñà‚ñà‚ñä      | 61/158 [48:44<1:15:44, 46.85s/it] 39%|‚ñà‚ñà‚ñà‚ñâ      | 62/158 [49:33<1:16:14, 47.65s/it]                                                   39%|‚ñà‚ñà‚ñà‚ñâ      | 62/158 [49:33<1:16:14, 47.65s/it] 40%|‚ñà‚ñà‚ñà‚ñâ      | 63/158 [50:21<1:15:23, 47.62s/it]                                                   40%|‚ñà‚ñà‚ñà‚ñâ      | 63/158 [50:21<1:15:23, 47.62s/it] 41%|‚ñà‚ñà‚ñà‚ñà      | 64/158 [51:11<1:15:36, 48.26s/it]                                                   41%|‚ñà‚ñà‚ñà‚ñà      | 64/158 [51:11<1:15:36, 48.26s/it] 41%|‚ñà‚ñà‚ñà‚ñà      | 65/158 [51:59<1:14:58, 48.37s/it]                                                   41%|‚ñà‚ñà‚ñà‚ñà      | 65/158 [51:59<1:14:58, 48.37s/it] 42%|‚ñà‚ñà‚ñà‚ñà‚ñè     | 66/158 [52:49<1:14:33, 48.62s/it]                                                   42%|‚ñà‚ñà‚ñà‚ñà‚ñè     | 66/158 [52:49<1:14:33, 48.62s/it] 42%|‚ñà‚ñà‚ñà‚ñà‚ñè     | 67/158 [53:36<1:13:16, 48.31s/it]                                                   42%|‚ñà‚ñà‚ñà‚ñà‚ñè     | 67/158 [53:36<1:13:16, 48.31s/it] 43%|‚ñà‚ñà‚ñà‚ñà‚ñé     | 68/158 [54:23<1:11:38, 47.76s/it]                                                   43%|‚ñà‚ñà‚ñà‚ñà‚ñé     | 68/158 [54:23<1:11:38, 47.76s/it] 44%|‚ñà‚ñà‚ñà‚ñà‚ñé     | 69/158 [55:09<1:10:12, 47.33s/it]                                                   44%|‚ñà‚ñà‚ñà‚ñà‚ñé     | 69/158 [55:09<1:10:12, 47.33s/it] 44%|‚ñà‚ñà‚ñà‚ñà‚ñç     | 70/158 [56:00<1:11:15, 48.58s/it]                                                   44%|‚ñà‚ñà‚ñà‚ñà‚ñç     | 70/158 [56:00<1:11:15, 48.58s/it] 45%|‚ñà‚ñà‚ñà‚ñà‚ñç     | 71/158 [56:47<1:09:43, 48.08s/it]                                                   45%|‚ñà‚ñà‚ñà‚ñà‚ñç     | 71/158 [56:47<1:09:43, 48.08s/it] 46%|‚ñà‚ñà‚ñà‚ñà‚ñå     | 72/158 [57:36<1:09:06, 48.21s/it]                                                   46%|‚ñà‚ñà‚ñà‚ñà‚ñå     | 72/158 [57:36<1:09:06, 48.21s/it] 46%|‚ñà‚ñà‚ñà‚ñà‚ñå     | 73/158 [58:24<1:08:28, 48.34s/it]                                                   46%|‚ñà‚ñà‚ñà‚ñà‚ñå     | 73/158 [58:24<1:08:28, 48.34s/it] 47%|‚ñà‚ñà‚ñà‚ñà‚ñã     | 74/158 [59:13<1:07:34, 48.26s/it]                                                   47%|‚ñà‚ñà‚ñà‚ñà‚ñã     | 74/158 [59:13<1:07:34, 48.26s/it] 47%|‚ñà‚ñà‚ñà‚ñà‚ñã     | 75/158 [59:59<1:05:55, 47.66s/it]                                                   47%|‚ñà‚ñà‚ñà‚ñà‚ñã     | 75/158 [59:59<1:05:55, 47.66s/it] 48%|‚ñà‚ñà‚ñà‚ñà‚ñä     | 76/158 [1:00:45<1:04:41, 47.33s/it]                                                     48%|‚ñà‚ñà‚ñà‚ñà‚ñä     | 76/158 [1:00:45<1:04:41, 47.33s/it] 49%|‚ñà‚ñà‚ñà‚ñà‚ñä     | 77/158 [1:01:33<1:03:53, 47.33s/it]                                                     49%|‚ñà‚ñà‚ñà‚ñà‚ñä     | 77/158 [1:01:33<1:03:53, 47.33s/it] 49%|‚ñà‚ñà‚ñà‚ñà‚ñâ     | 78/158 [1:02:19<1:02:30, 46.88s/it]                                                     49%|‚ñà‚ñà‚ñà‚ñà‚ñâ     | 78/158 [1:02:19<1:02:30, 46.88s/it] 50%|‚ñà‚ñà‚ñà‚ñà‚ñà     | 79/158 [1:03:07<1:02:11, 47.23s/it]                                                     50%|‚ñà‚ñà‚ñà‚ñà‚ñà     | 79/158 [1:03:07<1:02:11, 47.23s/it] 51%|‚ñà‚ñà‚ñà‚ñà‚ñà     | 80/158 [1:03:54<1:01:30, 47.32s/it]                                                     51%|‚ñà‚ñà‚ñà‚ñà‚ñà     | 80/158 [1:03:54<1:01:30, 47.32s/it] 51%|‚ñà‚ñà‚ñà‚ñà‚ñà‚ñè    | 81/158 [1:04:41<1:00:31, 47.16s/it]                                                     51%|‚ñà‚ñà‚ñà‚ñà‚ñà‚ñè    | 81/158 [1:04:41<1:00:31, 47.16s/it] 52%|‚ñà‚ñà‚ñà‚ñà‚ñà‚ñè    | 82/158 [1:05:29<1:00:11, 47.52s/it]                                                     52%|‚ñà‚ñà‚ñà‚ñà‚ñà‚ñè    | 82/158 [1:05:29<1:00:11, 47.52s/it] 53%|‚ñà‚ñà‚ñà‚ñà‚ñà‚ñé    | 83/158 [1:06:16<59:11, 47.36s/it]                                                     53%|‚ñà‚ñà‚ñà‚ñà‚ñà‚ñé    | 83/158 [1:06:16<59:11, 47.36s/it] 53%|‚ñà‚ñà‚ñà‚ñà‚ñà‚ñé    | 84/158 [1:07:04<58:39, 47.56s/it]                                                   53%|‚ñà‚ñà‚ñà‚ñà‚ñà‚ñé    | 84/158 [1:07:04<58:39, 47.56s/it] 54%|‚ñà‚ñà‚ñà‚ñà‚ñà‚ñç    | 85/158 [1:07:53<58:17, 47.91s/it]                                                   54%|‚ñà‚ñà‚ñà‚ñà‚ñà‚ñç    | 85/158 [1:07:53<58:17, 47.91s/it] 54%|‚ñà‚ñà‚ñà‚ñà‚ñà‚ñç    | 86/158 [1:08:40<57:09, 47.64s/it]                                                   54%|‚ñà‚ñà‚ñà‚ñà‚ñà‚ñç    | 86/158 [1:08:40<57:09, 47.64s/it] 55%|‚ñà‚ñà‚ñà‚ñà‚ñà‚ñå    | 87/158 [1:09:27<56:15, 47.55s/it]                                                   55%|‚ñà‚ñà‚ñà‚ñà‚ñà‚ñå    | 87/158 [1:09:27<56:15, 47.55s/it] 56%|‚ñà‚ñà‚ñà‚ñà‚ñà‚ñå    | 88/158 [1:10:13<54:46, 46.95s/it]                                                   56%|‚ñà‚ñà‚ñà‚ñà‚ñà‚ñå    | 88/158 [1:10:13<54:46, 46.95s/it] 56%|‚ñà‚ñà‚ñà‚ñà‚ñà‚ñã    | 89/158 [1:11:01<54:26, 47.34s/it]                                                   56%|‚ñà‚ñà‚ñà‚ñà‚ñà‚ñã    | 89/158 [1:11:01<54:26, 47.34s/it] 57%|‚ñà‚ñà‚ñà‚ñà‚ñà‚ñã    | 90/158 [1:11:47<53:10, 46.92s/it]                                                   57%|‚ñà‚ñà‚ñà‚ñà‚ñà‚ñã    | 90/158 [1:11:47<53:10, 46.92s/it] 58%|‚ñà‚ñà‚ñà‚ñà‚ñà‚ñä    | 91/158 [1:12:35<52:40, 47.18s/it]                                                   58%|‚ñà‚ñà‚ñà‚ñà‚ñà‚ñä    | 91/158 [1:12:35<52:40, 47.18s/it] 58%|‚ñà‚ñà‚ñà‚ñà‚ñà‚ñä    | 92/158 [1:13:22<51:59, 47.27s/it]                                                   58%|‚ñà‚ñà‚ñà‚ñà‚ñà‚ñä    | 92/158 [1:13:22<51:59, 47.27s/it] 59%|‚ñà‚ñà‚ñà‚ñà‚ñà‚ñâ    | 93/158 [1:14:10<51:19, 47.38s/it]                                                   59%|‚ñà‚ñà‚ñà‚ñà‚ñà‚ñâ    | 93/158 [1:14:10<51:19, 47.38s/it] 59%|‚ñà‚ñà‚ñà‚ñà‚ñà‚ñâ    | 94/158 [1:14:56<50:09, 47.03s/it]                                                   59%|‚ñà‚ñà‚ñà‚ñà‚ñà‚ñâ    | 94/158 [1:14:56<50:09, 47.03s/it] 60%|‚ñà‚ñà‚ñà‚ñà‚ñà‚ñà    | 95/158 [1:15:44<49:30, 47.16s/it]                                                   60%|‚ñà‚ñà‚ñà‚ñà‚ñà‚ñà    | 95/158 [1:15:44<49:30, 47.16s/it] 61%|‚ñà‚ñà‚ñà‚ñà‚ñà‚ñà    | 96/158 [1:16:31<48:52, 47.29s/it]                                                   61%|‚ñà‚ñà‚ñà‚ñà‚ñà‚ñà    | 96/158 [1:16:31<48:52, 47.29s/it] 61%|‚ñà‚ñà‚ñà‚ñà‚ñà‚ñà‚ñè   | 97/158 [1:17:19<48:15, 47.47s/it]                                                   61%|‚ñà‚ñà‚ñà‚ñà‚ñà‚ñà‚ñè   | 97/158 [1:17:19<48:15, 47.47s/it] 62%|‚ñà‚ñà‚ñà‚ñà‚ñà‚ñà‚ñè   | 98/158 [1:18:06<47:11, 47.19s/it]                                                   62%|‚ñà‚ñà‚ñà‚ñà‚ñà‚ñà‚ñè   | 98/158 [1:18:06<47:11, 47.19s/it] 63%|‚ñà‚ñà‚ñà‚ñà‚ñà‚ñà‚ñé   | 99/158 [1:18:51<45:45, 46.54s/it]                                                   63%|‚ñà‚ñà‚ñà‚ñà‚ñà‚ñà‚ñé   | 99/158 [1:18:51<45:45, 46.54s/it] 63%|‚ñà‚ñà‚ñà‚ñà‚ñà‚ñà‚ñé   | 100/158 [1:19:38<45:17, 46.86s/it]                                                    63%|‚ñà‚ñà‚ñà‚ñà‚ñà‚ñà‚ñé   | 100/158 [1:19:38<45:17, 46.86s/it] 64%|‚ñà‚ñà‚ñà‚ñà‚ñà‚ñà‚ñç   | 101/158 [1:20:26<44:48, 47.16s/it]                                                    64%|‚ñà‚ñà‚ñà‚ñà‚ñà‚ñà‚ñç   | 101/158 [1:20:26<44:48, 47.16s/it] 65%|‚ñà‚ñà‚ñà‚ñà‚ñà‚ñà‚ñç   | 102/158 [1:21:12<43:42, 46.82s/it]                                                    65%|‚ñà‚ñà‚ñà‚ñà‚ñà‚ñà‚ñç   | 102/158 [1:21:12<43:42, 46.82s/it] 65%|‚ñà‚ñà‚ñà‚ñà‚ñà‚ñà‚ñå   | 103/158 [1:22:01<43:23, 47.33s/it]                                                    65%|‚ñà‚ñà‚ñà‚ñà‚ñà‚ñà‚ñå   | 103/158 [1:22:01<43:23, 47.33s/it] 66%|‚ñà‚ñà‚ñà‚ñà‚ñà‚ñà‚ñå   | 104/158 [1:22:45<41:44, 46.38s/it]                                                    66%|‚ñà‚ñà‚ñà‚ñà‚ñà‚ñà‚ñå   | 104/158 [1:22:45<41:44, 46.38s/it] 66%|‚ñà‚ñà‚ñà‚ñà‚ñà‚ñà‚ñã   | 105/158 [1:23:34<41:44, 47.26s/it]                                                    66%|‚ñà‚ñà‚ñà‚ñà‚ñà‚ñà‚ñã   | 105/158 [1:23:34<41:44, 47.26s/it] 67%|‚ñà‚ñà‚ñà‚ñà‚ñà‚ñà‚ñã   | 106/158 [1:24:20<40:27, 46.68s/it]                                                    67%|‚ñà‚ñà‚ñà‚ñà‚ñà‚ñà‚ñã   | 106/158 [1:24:20<40:27, 46.68s/it] 68%|‚ñà‚ñà‚ñà‚ñà‚ñà‚ñà‚ñä   | 107/158 [1:25:08<40:06, 47.18s/it]                                                    68%|‚ñà‚ñà‚ñà‚ñà‚ñà‚ñà‚ñä   | 107/158 [1:25:08<40:06, 47.18s/it] 68%|‚ñà‚ñà‚ñà‚ñà‚ñà‚ñà‚ñä   | 108/158 [1:25:55<39:17, 47.15s/it]                                                    68%|‚ñà‚ñà‚ñà‚ñà‚ñà‚ñà‚ñä   | 108/158 [1:25:55<39:17, 47.15s/it] 69%|‚ñà‚ñà‚ñà‚ñà‚ñà‚ñà‚ñâ   | 109/158 [1:26:44<39:03, 47.84s/it]                                                    69%|‚ñà‚ñà‚ñà‚ñà‚ñà‚ñà‚ñâ   | 109/158 [1:26:44<39:03, 47.84s/it] 70%|‚ñà‚ñà‚ñà‚ñà‚ñà‚ñà‚ñâ   | 110/158 [1:27:33<38:29, 48.12s/it]                                                    70%|‚ñà‚ñà‚ñà‚ñà‚ñà‚ñà‚ñâ   | 110/158 [1:27:33<38:29, 48.12s/it] 70%|‚ñà‚ñà‚ñà‚ñà‚ñà‚ñà‚ñà   | 111/158 [1:28:19<37:14, 47.55s/it]                                                    70%|‚ñà‚ñà‚ñà‚ñà‚ñà‚ñà‚ñà   | 111/158 [1:28:19<37:14, 47.55s/it] 71%|‚ñà‚ñà‚ñà‚ñà‚ñà‚ñà‚ñà   | 112/158 [1:29:09<36:53, 48.12s/it]                                                    71%|‚ñà‚ñà‚ñà‚ñà‚ñà‚ñà‚ñà   | 112/158 [1:29:09<36:53, 48.12s/it] 72%|‚ñà‚ñà‚ñà‚ñà‚ñà‚ñà‚ñà‚ñè  | 113/158 [1:29:55<35:38, 47.53s/it]                                                    72%|‚ñà‚ñà‚ñà‚ñà‚ñà‚ñà‚ñà‚ñè  | 113/158 [1:29:55<35:38, 47.53s/it] 72%|‚ñà‚ñà‚ñà‚ñà‚ñà‚ñà‚ñà‚ñè  | 114/158 [1:30:42<34:41, 47.31s/it]                                                    72%|‚ñà‚ñà‚ñà‚ñà‚ñà‚ñà‚ñà‚ñè  | 114/158 [1:30:42<34:41, 47.31s/it] 73%|‚ñà‚ñà‚ñà‚ñà‚ñà‚ñà‚ñà‚ñé  | 115/158 [1:31:28<33:35, 46.87s/it]                                                    73%|‚ñà‚ñà‚ñà‚ñà‚ñà‚ñà‚ñà‚ñé  | 115/158 [1:31:28<33:35, 46.87s/it] 73%|‚ñà‚ñà‚ñà‚ñà‚ñà‚ñà‚ñà‚ñé  | 116/158 [1:32:14<32:47, 46.84s/it]                                                    73%|‚ñà‚ñà‚ñà‚ñà‚ñà‚ñà‚ñà‚ñé  | 116/158 [1:32:14<32:47, 46.84s/it] 74%|‚ñà‚ñà‚ñà‚ñà‚ñà‚ñà‚ñà‚ñç  | 117/158 [1:33:02<32:06, 46.99s/it]                                                    74%|‚ñà‚ñà‚ñà‚ñà‚ñà‚ñà‚ñà‚ñç  | 117/158 [1:33:02<32:06, 46.99s/it] 75%|‚ñà‚ñà‚ñà‚ñà‚ñà‚ñà‚ñà‚ñç  | 118/158 [1:33:51<31:41, 47.54s/it]                                                    75%|‚ñà‚ñà‚ñà‚ñà‚ñà‚ñà‚ñà‚ñç  | 118/158 [1:33:51<31:41, 47.54s/it] 75%|‚ñà‚ñà‚ñà‚ñà‚ñà‚ñà‚ñà‚ñå  | 119/158 [1:34:37<30:45, 47.32s/it]                                                    75%|‚ñà‚ñà‚ñà‚ñà‚ñà‚ñà‚ñà‚ñå  | 119/158 [1:34:37<30:45, 47.32s/it]slurmstepd: error: *** JOB 7257482 ON cocoflops-hgx-1 CANCELLED AT 2024-01-30T23:59:17 ***
