[2024-01-16 09:34:24,085][root][INFO] - N Train Examples: 9902
[2024-01-16 09:34:24,320][root][INFO] - N Train Examples: 9902
[2024-01-16 09:34:40,373] [INFO] [real_accelerator.py:161:get_accelerator] Setting ds_accelerator to cuda (auto detect)
[2024-01-16 09:34:40,529] [INFO] [comm.py:637:init_distributed] cdb=None
[2024-01-16 09:34:40,530] [INFO] [comm.py:668:init_distributed] Initializing TorchBackend in DeepSpeed with backend nccl
trainable params: 6,815,744 || all params: 7,248,547,840 || trainable%: 0.0940290959023318
[2024-01-16 09:34:40,819][root][INFO] - PEFT Params: None
[2024-01-16 09:34:40,821] [INFO] [real_accelerator.py:161:get_accelerator] Setting ds_accelerator to cuda (auto detect)
[2024-01-16 09:34:40,821][accelerate.utils.other][WARNING] - Detected kernel version 5.4.0, which is below the recommended minimum of 5.5.0; this can cause the process to hang. It is recommended to upgrade the kernel to the minimum version or higher.
[2024-01-16 09:34:40,972] [INFO] [comm.py:637:init_distributed] cdb=None
trainable params: 6,815,744 || all params: 7,248,547,840 || trainable%: 0.0940290959023318
[2024-01-16 09:34:41,387][root][INFO] - PEFT Params: None
{'loss': 1.9127, 'learning_rate': 9.999000000000001e-05, 'epoch': 0.0}
{'loss': 1.7654, 'learning_rate': 9.998e-05, 'epoch': 0.01}
{'loss': 1.792, 'learning_rate': 9.997e-05, 'epoch': 0.01}
{'loss': 1.759, 'learning_rate': 9.996000000000001e-05, 'epoch': 0.01}
{'loss': 1.6186, 'learning_rate': 9.995e-05, 'epoch': 0.02}
{'loss': 1.8281, 'learning_rate': 9.994e-05, 'epoch': 0.02}
{'loss': 1.5979, 'learning_rate': 9.993e-05, 'epoch': 0.03}
{'loss': 1.8212, 'learning_rate': 9.992e-05, 'epoch': 0.03}
{'loss': 1.7006, 'learning_rate': 9.991e-05, 'epoch': 0.03}
{'loss': 1.6147, 'learning_rate': 9.99e-05, 'epoch': 0.04}
{'loss': 1.8112, 'learning_rate': 9.989000000000001e-05, 'epoch': 0.04}
{'loss': 1.5485, 'learning_rate': 9.988000000000001e-05, 'epoch': 0.04}
{'loss': 1.8022, 'learning_rate': 9.987e-05, 'epoch': 0.05}
{'loss': 1.5791, 'learning_rate': 9.986000000000001e-05, 'epoch': 0.05}
{'loss': 1.761, 'learning_rate': 9.985000000000001e-05, 'epoch': 0.05}
{'loss': 1.7839, 'learning_rate': 9.984e-05, 'epoch': 0.06}
{'loss': 1.5905, 'learning_rate': 9.983e-05, 'epoch': 0.06}
{'loss': 1.6721, 'learning_rate': 9.982e-05, 'epoch': 0.06}
{'loss': 1.718, 'learning_rate': 9.981000000000001e-05, 'epoch': 0.07}
{'loss': 1.8177, 'learning_rate': 9.98e-05, 'epoch': 0.07}
{'loss': 1.5784, 'learning_rate': 9.979e-05, 'epoch': 0.08}
{'loss': 1.7062, 'learning_rate': 9.978000000000001e-05, 'epoch': 0.08}
{'loss': 1.7718, 'learning_rate': 9.977e-05, 'epoch': 0.08}
{'loss': 1.6995, 'learning_rate': 9.976000000000001e-05, 'epoch': 0.09}
{'loss': 1.7341, 'learning_rate': 9.975000000000001e-05, 'epoch': 0.09}
{'loss': 1.7566, 'learning_rate': 9.974e-05, 'epoch': 0.09}
{'loss': 1.6557, 'learning_rate': 9.973e-05, 'epoch': 0.1}
{'loss': 1.698, 'learning_rate': 9.972e-05, 'epoch': 0.1}
{'loss': 1.7894, 'learning_rate': 9.971e-05, 'epoch': 0.1}
{'loss': 1.693, 'learning_rate': 9.970000000000001e-05, 'epoch': 0.11}
{'loss': 1.6822, 'learning_rate': 9.969e-05, 'epoch': 0.11}
{'loss': 1.6288, 'learning_rate': 9.968000000000001e-05, 'epoch': 0.11}
{'loss': 1.7371, 'learning_rate': 9.967000000000001e-05, 'epoch': 0.12}
{'loss': 1.7295, 'learning_rate': 9.966e-05, 'epoch': 0.12}
{'loss': 1.6919, 'learning_rate': 9.965000000000001e-05, 'epoch': 0.13}
{'loss': 1.7267, 'learning_rate': 9.964e-05, 'epoch': 0.13}
{'loss': 1.7348, 'learning_rate': 9.963e-05, 'epoch': 0.13}
{'loss': 1.5659, 'learning_rate': 9.962e-05, 'epoch': 0.14}
{'loss': 1.8026, 'learning_rate': 9.961e-05, 'epoch': 0.14}
{'loss': 1.7761, 'learning_rate': 9.960000000000001e-05, 'epoch': 0.14}
{'loss': 1.5576, 'learning_rate': 9.959e-05, 'epoch': 0.15}
{'loss': 1.6979, 'learning_rate': 9.958e-05, 'epoch': 0.15}
{'loss': 1.7526, 'learning_rate': 9.957000000000001e-05, 'epoch': 0.15}
{'loss': 1.8032, 'learning_rate': 9.956e-05, 'epoch': 0.16}
{'loss': 1.7602, 'learning_rate': 9.955000000000001e-05, 'epoch': 0.16}
{'loss': 1.7477, 'learning_rate': 9.954e-05, 'epoch': 0.17}
{'loss': 1.6706, 'learning_rate': 9.953e-05, 'epoch': 0.17}
{'loss': 1.5584, 'learning_rate': 9.952e-05, 'epoch': 0.17}
{'loss': 1.5905, 'learning_rate': 9.951e-05, 'epoch': 0.18}
{'loss': 1.7519, 'learning_rate': 9.95e-05, 'epoch': 0.18}
{'eval_loss': 1.6721272468566895, 'eval_runtime': 28.5144, 'eval_samples_per_second': 34.754, 'eval_steps_per_second': 8.697, 'epoch': 0.18}
{'loss': 1.5779, 'learning_rate': 9.949000000000001e-05, 'epoch': 0.18}
{'loss': 1.5895, 'learning_rate': 9.948e-05, 'epoch': 0.19}
{'loss': 1.7163, 'learning_rate': 9.947000000000001e-05, 'epoch': 0.19}
{'loss': 1.5734, 'learning_rate': 9.946000000000001e-05, 'epoch': 0.19}
{'loss': 1.6264, 'learning_rate': 9.945e-05, 'epoch': 0.2}
{'loss': 1.5667, 'learning_rate': 9.944e-05, 'epoch': 0.2}
{'loss': 1.7141, 'learning_rate': 9.943e-05, 'epoch': 0.2}
{'loss': 1.8042, 'learning_rate': 9.942000000000001e-05, 'epoch': 0.21}
{'loss': 1.6502, 'learning_rate': 9.941e-05, 'epoch': 0.21}
{'loss': 1.5434, 'learning_rate': 9.94e-05, 'epoch': 0.22}
{'loss': 1.7067, 'learning_rate': 9.939000000000001e-05, 'epoch': 0.22}
{'loss': 1.6407, 'learning_rate': 9.938e-05, 'epoch': 0.22}
{'loss': 1.6096, 'learning_rate': 9.937e-05, 'epoch': 0.23}
{'loss': 1.5995, 'learning_rate': 9.936000000000001e-05, 'epoch': 0.23}
{'loss': 1.4697, 'learning_rate': 9.935000000000002e-05, 'epoch': 0.23}
{'loss': 1.7152, 'learning_rate': 9.934e-05, 'epoch': 0.24}
{'loss': 1.65, 'learning_rate': 9.933e-05, 'epoch': 0.24}
{'loss': 1.7611, 'learning_rate': 9.932e-05, 'epoch': 0.24}
{'loss': 1.725, 'learning_rate': 9.931000000000001e-05, 'epoch': 0.25}
{'loss': 1.5899, 'learning_rate': 9.93e-05, 'epoch': 0.25}
{'loss': 1.6878, 'learning_rate': 9.929e-05, 'epoch': 0.25}
{'loss': 1.8514, 'learning_rate': 9.928000000000001e-05, 'epoch': 0.26}
{'loss': 1.7771, 'learning_rate': 9.927e-05, 'epoch': 0.26}
{'loss': 1.6158, 'learning_rate': 9.926000000000001e-05, 'epoch': 0.27}
{'loss': 1.677, 'learning_rate': 9.925000000000001e-05, 'epoch': 0.27}
{'loss': 1.5992, 'learning_rate': 9.924e-05, 'epoch': 0.27}
{'loss': 1.6598, 'learning_rate': 9.923e-05, 'epoch': 0.28}
{'loss': 1.7671, 'learning_rate': 9.922e-05, 'epoch': 0.28}
{'loss': 1.8109, 'learning_rate': 9.921000000000001e-05, 'epoch': 0.28}
{'loss': 1.8567, 'learning_rate': 9.92e-05, 'epoch': 0.29}
{'loss': 1.6427, 'learning_rate': 9.919e-05, 'epoch': 0.29}
{'loss': 1.6071, 'learning_rate': 9.918000000000001e-05, 'epoch': 0.29}
{'loss': 1.6634, 'learning_rate': 9.917e-05, 'epoch': 0.3}
{'loss': 1.6453, 'learning_rate': 9.916e-05, 'epoch': 0.3}
{'loss': 1.6727, 'learning_rate': 9.915000000000001e-05, 'epoch': 0.31}
{'loss': 1.7575, 'learning_rate': 9.914e-05, 'epoch': 0.31}
{'loss': 1.7608, 'learning_rate': 9.913e-05, 'epoch': 0.31}
{'loss': 1.6963, 'learning_rate': 9.912e-05, 'epoch': 0.32}
{'loss': 1.7284, 'learning_rate': 9.911e-05, 'epoch': 0.32}
{'loss': 1.4994, 'learning_rate': 9.910000000000001e-05, 'epoch': 0.32}
{'loss': 1.7086, 'learning_rate': 9.909e-05, 'epoch': 0.33}
{'loss': 1.7551, 'learning_rate': 9.908000000000001e-05, 'epoch': 0.33}
{'loss': 1.659, 'learning_rate': 9.907000000000001e-05, 'epoch': 0.33}
{'loss': 1.775, 'learning_rate': 9.906e-05, 'epoch': 0.34}
{'loss': 1.7067, 'learning_rate': 9.905000000000001e-05, 'epoch': 0.34}
{'loss': 1.6316, 'learning_rate': 9.904e-05, 'epoch': 0.34}
{'loss': 1.668, 'learning_rate': 9.903e-05, 'epoch': 0.35}
{'loss': 1.6973, 'learning_rate': 9.902e-05, 'epoch': 0.35}
{'loss': 1.5635, 'learning_rate': 9.901e-05, 'epoch': 0.36}
{'loss': 1.6952, 'learning_rate': 9.900000000000001e-05, 'epoch': 0.36}
{'eval_loss': 1.6609288454055786, 'eval_runtime': 28.5256, 'eval_samples_per_second': 34.741, 'eval_steps_per_second': 8.694, 'epoch': 0.36}
{'loss': 1.7542, 'learning_rate': 9.899e-05, 'epoch': 0.36}
{'loss': 1.496, 'learning_rate': 9.898e-05, 'epoch': 0.37}
{'loss': 1.5579, 'learning_rate': 9.897000000000001e-05, 'epoch': 0.37}
{'loss': 1.5227, 'learning_rate': 9.896000000000001e-05, 'epoch': 0.37}
{'loss': 1.5919, 'learning_rate': 9.895e-05, 'epoch': 0.38}
{'loss': 1.6032, 'learning_rate': 9.894e-05, 'epoch': 0.38}
{'loss': 1.6976, 'learning_rate': 9.893e-05, 'epoch': 0.38}
{'loss': 1.7176, 'learning_rate': 9.892e-05, 'epoch': 0.39}
{'loss': 1.6237, 'learning_rate': 9.891e-05, 'epoch': 0.39}
{'loss': 1.562, 'learning_rate': 9.89e-05, 'epoch': 0.39}
{'loss': 1.6939, 'learning_rate': 9.889000000000001e-05, 'epoch': 0.4}
{'loss': 1.5774, 'learning_rate': 9.888e-05, 'epoch': 0.4}
{'loss': 1.7294, 'learning_rate': 9.887000000000001e-05, 'epoch': 0.41}
{'loss': 1.6947, 'learning_rate': 9.886000000000001e-05, 'epoch': 0.41}
{'loss': 1.646, 'learning_rate': 9.885e-05, 'epoch': 0.41}
{'loss': 1.6207, 'learning_rate': 9.884e-05, 'epoch': 0.42}
{'loss': 1.7682, 'learning_rate': 9.883e-05, 'epoch': 0.42}
{'loss': 1.5825, 'learning_rate': 9.882e-05, 'epoch': 0.42}
{'loss': 1.5632, 'learning_rate': 9.881e-05, 'epoch': 0.43}
{'loss': 1.696, 'learning_rate': 9.88e-05, 'epoch': 0.43}
{'loss': 1.6642, 'learning_rate': 9.879000000000001e-05, 'epoch': 0.43}
{'loss': 1.6046, 'learning_rate': 9.878e-05, 'epoch': 0.44}
{'loss': 1.6371, 'learning_rate': 9.877e-05, 'epoch': 0.44}
{'loss': 1.6648, 'learning_rate': 9.876000000000001e-05, 'epoch': 0.45}
{'loss': 1.7459, 'learning_rate': 9.875000000000002e-05, 'epoch': 0.45}
{'loss': 1.5658, 'learning_rate': 9.874e-05, 'epoch': 0.45}
{'loss': 1.6543, 'learning_rate': 9.873e-05, 'epoch': 0.46}
{'loss': 1.6475, 'learning_rate': 9.872e-05, 'epoch': 0.46}
{'loss': 1.6118, 'learning_rate': 9.871000000000001e-05, 'epoch': 0.46}
{'loss': 1.6094, 'learning_rate': 9.87e-05, 'epoch': 0.47}
{'loss': 1.6842, 'learning_rate': 9.869e-05, 'epoch': 0.47}
{'loss': 1.7933, 'learning_rate': 9.868000000000001e-05, 'epoch': 0.47}
{'loss': 1.735, 'learning_rate': 9.867e-05, 'epoch': 0.48}
{'loss': 1.6488, 'learning_rate': 9.866000000000001e-05, 'epoch': 0.48}
{'loss': 1.6795, 'learning_rate': 9.865000000000001e-05, 'epoch': 0.48}
{'loss': 1.6039, 'learning_rate': 9.864e-05, 'epoch': 0.49}
{'loss': 1.6297, 'learning_rate': 9.863e-05, 'epoch': 0.49}
{'loss': 1.6237, 'learning_rate': 9.862e-05, 'epoch': 0.5}
{'loss': 1.5601, 'learning_rate': 9.861e-05, 'epoch': 0.5}
{'loss': 1.5946, 'learning_rate': 9.86e-05, 'epoch': 0.5}
{'loss': 1.642, 'learning_rate': 9.859e-05, 'epoch': 0.51}
{'loss': 1.7653, 'learning_rate': 9.858000000000001e-05, 'epoch': 0.51}
{'loss': 1.5322, 'learning_rate': 9.857000000000001e-05, 'epoch': 0.51}
{'loss': 1.6962, 'learning_rate': 9.856e-05, 'epoch': 0.52}
{'loss': 1.715, 'learning_rate': 9.855000000000001e-05, 'epoch': 0.52}
{'loss': 1.6182, 'learning_rate': 9.854000000000002e-05, 'epoch': 0.52}
{'loss': 1.7488, 'learning_rate': 9.853e-05, 'epoch': 0.53}
{'loss': 1.7211, 'learning_rate': 9.852e-05, 'epoch': 0.53}
{'loss': 1.7888, 'learning_rate': 9.851e-05, 'epoch': 0.54}
{'loss': 1.7607, 'learning_rate': 9.850000000000001e-05, 'epoch': 0.54}
{'eval_loss': 1.652320146560669, 'eval_runtime': 28.52, 'eval_samples_per_second': 34.748, 'eval_steps_per_second': 8.696, 'epoch': 0.54}
{'loss': 1.5869, 'learning_rate': 9.849e-05, 'epoch': 0.54}
{'loss': 1.597, 'learning_rate': 9.848e-05, 'epoch': 0.55}
{'loss': 1.575, 'learning_rate': 9.847000000000001e-05, 'epoch': 0.55}
{'loss': 1.6707, 'learning_rate': 9.846e-05, 'epoch': 0.55}
{'loss': 1.6527, 'learning_rate': 9.845000000000001e-05, 'epoch': 0.56}
{'loss': 1.5421, 'learning_rate': 9.844000000000001e-05, 'epoch': 0.56}
{'loss': 1.6031, 'learning_rate': 9.843e-05, 'epoch': 0.56}
{'loss': 1.6113, 'learning_rate': 9.842e-05, 'epoch': 0.57}
{'loss': 1.581, 'learning_rate': 9.841e-05, 'epoch': 0.57}
{'loss': 1.6564, 'learning_rate': 9.84e-05, 'epoch': 0.57}
{'loss': 1.6853, 'learning_rate': 9.839e-05, 'epoch': 0.58}
{'loss': 1.6792, 'learning_rate': 9.838e-05, 'epoch': 0.58}
{'loss': 1.514, 'learning_rate': 9.837000000000001e-05, 'epoch': 0.59}
{'loss': 1.7192, 'learning_rate': 9.836000000000001e-05, 'epoch': 0.59}
{'loss': 1.6605, 'learning_rate': 9.835e-05, 'epoch': 0.59}
{'loss': 1.6956, 'learning_rate': 9.834000000000001e-05, 'epoch': 0.6}
{'loss': 1.6827, 'learning_rate': 9.833e-05, 'epoch': 0.6}
{'loss': 1.6236, 'learning_rate': 9.832000000000001e-05, 'epoch': 0.6}
{'loss': 1.6683, 'learning_rate': 9.831e-05, 'epoch': 0.61}
{'loss': 1.732, 'learning_rate': 9.83e-05, 'epoch': 0.61}
{'loss': 1.8069, 'learning_rate': 9.829000000000001e-05, 'epoch': 0.61}
{'loss': 1.6707, 'learning_rate': 9.828e-05, 'epoch': 0.62}
{'loss': 1.5775, 'learning_rate': 9.827e-05, 'epoch': 0.62}
{'loss': 1.655, 'learning_rate': 9.826000000000001e-05, 'epoch': 0.62}
{'loss': 1.6364, 'learning_rate': 9.825e-05, 'epoch': 0.63}
{'loss': 1.5751, 'learning_rate': 9.824000000000001e-05, 'epoch': 0.63}
{'loss': 1.5581, 'learning_rate': 9.823e-05, 'epoch': 0.64}
{'loss': 1.6728, 'learning_rate': 9.822e-05, 'epoch': 0.64}
{'loss': 1.6966, 'learning_rate': 9.821e-05, 'epoch': 0.64}
{'loss': 1.817, 'learning_rate': 9.82e-05, 'epoch': 0.65}
{'loss': 1.5497, 'learning_rate': 9.819000000000001e-05, 'epoch': 0.65}
{'loss': 1.5394, 'learning_rate': 9.818000000000001e-05, 'epoch': 0.65}
{'loss': 1.6664, 'learning_rate': 9.817e-05, 'epoch': 0.66}
{'loss': 1.7946, 'learning_rate': 9.816000000000001e-05, 'epoch': 0.66}
{'loss': 1.6553, 'learning_rate': 9.815000000000001e-05, 'epoch': 0.66}
{'loss': 1.7536, 'learning_rate': 9.814e-05, 'epoch': 0.67}
{'loss': 1.6679, 'learning_rate': 9.813e-05, 'epoch': 0.67}
{'loss': 1.6325, 'learning_rate': 9.812e-05, 'epoch': 0.68}
{'loss': 1.8803, 'learning_rate': 9.811000000000001e-05, 'epoch': 0.68}
{'loss': 1.7612, 'learning_rate': 9.81e-05, 'epoch': 0.68}
{'loss': 1.4816, 'learning_rate': 9.809e-05, 'epoch': 0.69}
{'loss': 1.6451, 'learning_rate': 9.808000000000001e-05, 'epoch': 0.69}
{'loss': 1.6537, 'learning_rate': 9.807e-05, 'epoch': 0.69}
{'loss': 1.7306, 'learning_rate': 9.806e-05, 'epoch': 0.7}
{'loss': 1.6752, 'learning_rate': 9.805000000000001e-05, 'epoch': 0.7}
{'loss': 1.5506, 'learning_rate': 9.804e-05, 'epoch': 0.7}
{'loss': 1.535, 'learning_rate': 9.803e-05, 'epoch': 0.71}
{'loss': 1.7026, 'learning_rate': 9.802e-05, 'epoch': 0.71}
{'loss': 1.8, 'learning_rate': 9.801e-05, 'epoch': 0.71}
{'loss': 1.7212, 'learning_rate': 9.8e-05, 'epoch': 0.72}
{'eval_loss': 1.64146089553833, 'eval_runtime': 28.5381, 'eval_samples_per_second': 34.725, 'eval_steps_per_second': 8.69, 'epoch': 0.72}
{'loss': 1.6109, 'learning_rate': 9.799e-05, 'epoch': 0.72}
{'loss': 1.5509, 'learning_rate': 9.798000000000001e-05, 'epoch': 0.73}
{'loss': 1.6391, 'learning_rate': 9.797000000000001e-05, 'epoch': 0.73}
{'loss': 1.4855, 'learning_rate': 9.796e-05, 'epoch': 0.73}
{'loss': 1.7207, 'learning_rate': 9.795000000000001e-05, 'epoch': 0.74}
{'loss': 1.7191, 'learning_rate': 9.794000000000001e-05, 'epoch': 0.74}
{'loss': 1.5453, 'learning_rate': 9.793e-05, 'epoch': 0.74}
{'loss': 1.66, 'learning_rate': 9.792e-05, 'epoch': 0.75}
{'loss': 1.5969, 'learning_rate': 9.791e-05, 'epoch': 0.75}
{'loss': 1.7124, 'learning_rate': 9.790000000000001e-05, 'epoch': 0.75}
{'loss': 1.5634, 'learning_rate': 9.789e-05, 'epoch': 0.76}
{'loss': 1.6467, 'learning_rate': 9.788e-05, 'epoch': 0.76}
{'loss': 1.7212, 'learning_rate': 9.787000000000001e-05, 'epoch': 0.76}
{'loss': 1.563, 'learning_rate': 9.786e-05, 'epoch': 0.77}
{'loss': 1.6826, 'learning_rate': 9.785e-05, 'epoch': 0.77}
{'loss': 1.5934, 'learning_rate': 9.784000000000001e-05, 'epoch': 0.78}
{'loss': 1.5885, 'learning_rate': 9.783e-05, 'epoch': 0.78}
{'loss': 1.6483, 'learning_rate': 9.782e-05, 'epoch': 0.78}
{'loss': 1.5787, 'learning_rate': 9.781e-05, 'epoch': 0.79}
{'loss': 1.5919, 'learning_rate': 9.78e-05, 'epoch': 0.79}
{'loss': 1.7714, 'learning_rate': 9.779e-05, 'epoch': 0.79}
{'loss': 1.7065, 'learning_rate': 9.778e-05, 'epoch': 0.8}
{'loss': 1.6411, 'learning_rate': 9.777000000000001e-05, 'epoch': 0.8}
{'loss': 1.5777, 'learning_rate': 9.776000000000001e-05, 'epoch': 0.8}
{'loss': 1.6754, 'learning_rate': 9.775e-05, 'epoch': 0.81}
{'loss': 1.5418, 'learning_rate': 9.774000000000001e-05, 'epoch': 0.81}
{'loss': 1.7551, 'learning_rate': 9.773e-05, 'epoch': 0.82}
{'loss': 1.6404, 'learning_rate': 9.772e-05, 'epoch': 0.82}
{'loss': 1.4265, 'learning_rate': 9.771e-05, 'epoch': 0.82}
{'loss': 1.6908, 'learning_rate': 9.77e-05, 'epoch': 0.83}
{'loss': 1.6959, 'learning_rate': 9.769000000000001e-05, 'epoch': 0.83}
{'loss': 1.5339, 'learning_rate': 9.768e-05, 'epoch': 0.83}
{'loss': 1.6281, 'learning_rate': 9.767e-05, 'epoch': 0.84}
{'loss': 1.5777, 'learning_rate': 9.766000000000001e-05, 'epoch': 0.84}
{'loss': 1.5776, 'learning_rate': 9.765e-05, 'epoch': 0.84}
{'loss': 1.7226, 'learning_rate': 9.764000000000001e-05, 'epoch': 0.85}
{'loss': 1.54, 'learning_rate': 9.763e-05, 'epoch': 0.85}
{'loss': 1.6201, 'learning_rate': 9.762e-05, 'epoch': 0.85}
{'loss': 1.6643, 'learning_rate': 9.761e-05, 'epoch': 0.86}
{'loss': 1.7548, 'learning_rate': 9.76e-05, 'epoch': 0.86}
{'loss': 1.5885, 'learning_rate': 9.759e-05, 'epoch': 0.87}
{'loss': 1.6843, 'learning_rate': 9.758000000000001e-05, 'epoch': 0.87}
{'loss': 1.7382, 'learning_rate': 9.757e-05, 'epoch': 0.87}
{'loss': 1.6337, 'learning_rate': 9.756000000000001e-05, 'epoch': 0.88}
{'loss': 1.5942, 'learning_rate': 9.755000000000001e-05, 'epoch': 0.88}
{'loss': 1.6585, 'learning_rate': 9.754e-05, 'epoch': 0.88}
{'loss': 1.5899, 'learning_rate': 9.753e-05, 'epoch': 0.89}
{'loss': 1.7327, 'learning_rate': 9.752e-05, 'epoch': 0.89}
{'loss': 1.5683, 'learning_rate': 9.751e-05, 'epoch': 0.89}
{'loss': 1.7077, 'learning_rate': 9.75e-05, 'epoch': 0.9}
{'eval_loss': 1.6394864320755005, 'eval_runtime': 28.5221, 'eval_samples_per_second': 34.745, 'eval_steps_per_second': 8.695, 'epoch': 0.9}
{'loss': 1.5501, 'learning_rate': 9.749e-05, 'epoch': 0.9}
{'loss': 1.6454, 'learning_rate': 9.748000000000001e-05, 'epoch': 0.9}
{'loss': 1.5108, 'learning_rate': 9.747e-05, 'epoch': 0.91}
{'loss': 1.5811, 'learning_rate': 9.746e-05, 'epoch': 0.91}
{'loss': 1.5996, 'learning_rate': 9.745000000000001e-05, 'epoch': 0.92}
{'loss': 1.6323, 'learning_rate': 9.744000000000002e-05, 'epoch': 0.92}
{'loss': 1.7014, 'learning_rate': 9.743000000000001e-05, 'epoch': 0.92}
{'loss': 1.8119, 'learning_rate': 9.742e-05, 'epoch': 0.93}
{'loss': 1.718, 'learning_rate': 9.741e-05, 'epoch': 0.93}
{'loss': 1.6751, 'learning_rate': 9.74e-05, 'epoch': 0.93}
{'loss': 1.7807, 'learning_rate': 9.739e-05, 'epoch': 0.94}
{'loss': 1.5617, 'learning_rate': 9.738e-05, 'epoch': 0.94}
{'loss': 1.5627, 'learning_rate': 9.737000000000001e-05, 'epoch': 0.94}
{'loss': 1.6064, 'learning_rate': 9.736e-05, 'epoch': 0.95}
{'loss': 1.5631, 'learning_rate': 9.735000000000001e-05, 'epoch': 0.95}
{'loss': 1.6792, 'learning_rate': 9.734000000000001e-05, 'epoch': 0.96}
{'loss': 1.4935, 'learning_rate': 9.733e-05, 'epoch': 0.96}
{'loss': 1.5089, 'learning_rate': 9.732e-05, 'epoch': 0.96}
{'loss': 1.6409, 'learning_rate': 9.731e-05, 'epoch': 0.97}
{'loss': 1.5568, 'learning_rate': 9.730000000000001e-05, 'epoch': 0.97}
{'loss': 1.7502, 'learning_rate': 9.729e-05, 'epoch': 0.97}
{'loss': 1.6196, 'learning_rate': 9.728e-05, 'epoch': 0.98}
{'loss': 1.6449, 'learning_rate': 9.727000000000001e-05, 'epoch': 0.98}
{'loss': 1.5891, 'learning_rate': 9.726e-05, 'epoch': 0.98}
{'loss': 1.6177, 'learning_rate': 9.725e-05, 'epoch': 0.99}
{'loss': 1.5463, 'learning_rate': 9.724000000000001e-05, 'epoch': 0.99}
{'loss': 1.6381, 'learning_rate': 9.723000000000002e-05, 'epoch': 0.99}
{'loss': 1.6858, 'learning_rate': 9.722e-05, 'epoch': 1.0}
{'loss': 1.5711, 'learning_rate': 9.721e-05, 'epoch': 1.0}
{'loss': 1.6284, 'learning_rate': 9.72e-05, 'epoch': 1.01}
{'loss': 1.6388, 'learning_rate': 9.719000000000001e-05, 'epoch': 1.01}
{'loss': 1.561, 'learning_rate': 9.718e-05, 'epoch': 1.01}
{'loss': 1.5893, 'learning_rate': 9.717e-05, 'epoch': 1.02}
{'loss': 1.5473, 'learning_rate': 9.716000000000001e-05, 'epoch': 1.02}
{'loss': 1.5622, 'learning_rate': 9.715e-05, 'epoch': 1.02}
{'loss': 1.5855, 'learning_rate': 9.714000000000001e-05, 'epoch': 1.03}
{'loss': 1.5408, 'learning_rate': 9.713000000000001e-05, 'epoch': 1.03}
{'loss': 1.5932, 'learning_rate': 9.712e-05, 'epoch': 1.03}
{'loss': 1.6317, 'learning_rate': 9.711e-05, 'epoch': 1.04}
{'loss': 1.4698, 'learning_rate': 9.71e-05, 'epoch': 1.04}
{'loss': 1.6098, 'learning_rate': 9.709000000000001e-05, 'epoch': 1.04}
{'loss': 1.7507, 'learning_rate': 9.708e-05, 'epoch': 1.05}
{'loss': 1.5435, 'learning_rate': 9.707e-05, 'epoch': 1.05}
{'loss': 1.5118, 'learning_rate': 9.706000000000001e-05, 'epoch': 1.06}
{'loss': 1.6474, 'learning_rate': 9.705e-05, 'epoch': 1.06}
{'loss': 1.6458, 'learning_rate': 9.704e-05, 'epoch': 1.06}
{'loss': 1.6838, 'learning_rate': 9.703000000000001e-05, 'epoch': 1.07}
{'loss': 1.5192, 'learning_rate': 9.702e-05, 'epoch': 1.07}
{'loss': 1.5034, 'learning_rate': 9.701e-05, 'epoch': 1.07}
{'loss': 1.5663, 'learning_rate': 9.7e-05, 'epoch': 1.08}
{'eval_loss': 1.6275852918624878, 'eval_runtime': 28.5133, 'eval_samples_per_second': 34.756, 'eval_steps_per_second': 8.698, 'epoch': 1.08}
{'loss': 1.6608, 'learning_rate': 9.699e-05, 'epoch': 1.08}
{'loss': 1.6327, 'learning_rate': 9.698000000000001e-05, 'epoch': 1.08}
{'loss': 1.674, 'learning_rate': 9.697e-05, 'epoch': 1.09}
{'loss': 1.4914, 'learning_rate': 9.696000000000001e-05, 'epoch': 1.09}
{'loss': 1.5963, 'learning_rate': 9.695000000000001e-05, 'epoch': 1.1}
{'loss': 1.5928, 'learning_rate': 9.694e-05, 'epoch': 1.1}
{'loss': 1.6444, 'learning_rate': 9.693000000000001e-05, 'epoch': 1.1}
{'loss': 1.4116, 'learning_rate': 9.692e-05, 'epoch': 1.11}
{'loss': 1.6221, 'learning_rate': 9.691e-05, 'epoch': 1.11}
{'loss': 1.5859, 'learning_rate': 9.69e-05, 'epoch': 1.11}
{'loss': 1.6041, 'learning_rate': 9.689e-05, 'epoch': 1.12}
{'loss': 1.5257, 'learning_rate': 9.688000000000001e-05, 'epoch': 1.12}
{'loss': 1.6276, 'learning_rate': 9.687e-05, 'epoch': 1.12}
{'loss': 1.6353, 'learning_rate': 9.686e-05, 'epoch': 1.13}
{'loss': 1.4524, 'learning_rate': 9.685000000000001e-05, 'epoch': 1.13}
{'loss': 1.6544, 'learning_rate': 9.684000000000001e-05, 'epoch': 1.13}
{'loss': 1.6253, 'learning_rate': 9.683e-05, 'epoch': 1.14}
{'loss': 1.4994, 'learning_rate': 9.682e-05, 'epoch': 1.14}
{'loss': 1.6181, 'learning_rate': 9.681e-05, 'epoch': 1.15}
{'loss': 1.4886, 'learning_rate': 9.680000000000001e-05, 'epoch': 1.15}
{'loss': 1.5112, 'learning_rate': 9.679e-05, 'epoch': 1.15}
{'loss': 1.5288, 'learning_rate': 9.678e-05, 'epoch': 1.16}
{'loss': 1.633, 'learning_rate': 9.677000000000001e-05, 'epoch': 1.16}
{'loss': 1.6765, 'learning_rate': 9.676e-05, 'epoch': 1.16}
{'loss': 1.5451, 'learning_rate': 9.675000000000001e-05, 'epoch': 1.17}
{'loss': 1.5995, 'learning_rate': 9.674000000000001e-05, 'epoch': 1.17}
{'loss': 1.6895, 'learning_rate': 9.673e-05, 'epoch': 1.17}
{'loss': 1.5249, 'learning_rate': 9.672e-05, 'epoch': 1.18}
{'loss': 1.6486, 'learning_rate': 9.671e-05, 'epoch': 1.18}
{'loss': 1.5258, 'learning_rate': 9.67e-05, 'epoch': 1.18}
{'loss': 1.5999, 'learning_rate': 9.669e-05, 'epoch': 1.19}
{'loss': 1.5144, 'learning_rate': 9.668e-05, 'epoch': 1.19}
{'loss': 1.6056, 'learning_rate': 9.667000000000001e-05, 'epoch': 1.2}
{'loss': 1.4198, 'learning_rate': 9.666e-05, 'epoch': 1.2}
{'loss': 1.5429, 'learning_rate': 9.665e-05, 'epoch': 1.2}
{'loss': 1.6854, 'learning_rate': 9.664000000000001e-05, 'epoch': 1.21}
{'loss': 1.4326, 'learning_rate': 9.663000000000002e-05, 'epoch': 1.21}
{'loss': 1.6841, 'learning_rate': 9.661999999999999e-05, 'epoch': 1.21}
{'loss': 1.5007, 'learning_rate': 9.661e-05, 'epoch': 1.22}
{'loss': 1.5708, 'learning_rate': 9.66e-05, 'epoch': 1.22}
{'loss': 1.6704, 'learning_rate': 9.659000000000001e-05, 'epoch': 1.22}
{'loss': 1.6137, 'learning_rate': 9.658e-05, 'epoch': 1.23}
{'loss': 1.605, 'learning_rate': 9.657e-05, 'epoch': 1.23}
{'loss': 1.5899, 'learning_rate': 9.656000000000001e-05, 'epoch': 1.24}
{'loss': 1.5399, 'learning_rate': 9.655e-05, 'epoch': 1.24}
{'loss': 1.5904, 'learning_rate': 9.654000000000001e-05, 'epoch': 1.24}
{'loss': 1.5891, 'learning_rate': 9.653000000000001e-05, 'epoch': 1.25}
{'loss': 1.5827, 'learning_rate': 9.652e-05, 'epoch': 1.25}
{'loss': 1.6973, 'learning_rate': 9.651e-05, 'epoch': 1.25}
{'loss': 1.6146, 'learning_rate': 9.65e-05, 'epoch': 1.26}
{'eval_loss': 1.6185128688812256, 'eval_runtime': 28.5146, 'eval_samples_per_second': 34.754, 'eval_steps_per_second': 8.697, 'epoch': 1.26}
{'loss': 1.5145, 'learning_rate': 9.649e-05, 'epoch': 1.26}
{'loss': 1.582, 'learning_rate': 9.648e-05, 'epoch': 1.26}
{'loss': 1.6309, 'learning_rate': 9.647e-05, 'epoch': 1.27}
{'loss': 1.6871, 'learning_rate': 9.646000000000001e-05, 'epoch': 1.27}
{'loss': 1.5887, 'learning_rate': 9.645000000000001e-05, 'epoch': 1.27}
{'loss': 1.6752, 'learning_rate': 9.644e-05, 'epoch': 1.28}
{'loss': 1.7169, 'learning_rate': 9.643000000000001e-05, 'epoch': 1.28}
{'loss': 1.5926, 'learning_rate': 9.642e-05, 'epoch': 1.29}
{'loss': 1.5804, 'learning_rate': 9.641000000000001e-05, 'epoch': 1.29}
{'loss': 1.5049, 'learning_rate': 9.64e-05, 'epoch': 1.29}
{'loss': 1.6923, 'learning_rate': 9.639e-05, 'epoch': 1.3}
{'loss': 1.5593, 'learning_rate': 9.638000000000001e-05, 'epoch': 1.3}
{'loss': 1.706, 'learning_rate': 9.637e-05, 'epoch': 1.3}
{'loss': 1.6586, 'learning_rate': 9.636e-05, 'epoch': 1.31}
{'loss': 1.4245, 'learning_rate': 9.635000000000001e-05, 'epoch': 1.31}
{'loss': 1.4902, 'learning_rate': 9.634e-05, 'epoch': 1.31}
{'loss': 1.5978, 'learning_rate': 9.633000000000001e-05, 'epoch': 1.32}
{'loss': 1.5964, 'learning_rate': 9.632e-05, 'epoch': 1.32}
{'loss': 1.5613, 'learning_rate': 9.631e-05, 'epoch': 1.32}
{'loss': 1.4955, 'learning_rate': 9.63e-05, 'epoch': 1.33}
{'loss': 1.5455, 'learning_rate': 9.629e-05, 'epoch': 1.33}
{'loss': 1.6173, 'learning_rate': 9.628e-05, 'epoch': 1.34}
{'loss': 1.4854, 'learning_rate': 9.627e-05, 'epoch': 1.34}
{'loss': 1.6363, 'learning_rate': 9.626e-05, 'epoch': 1.34}
{'loss': 1.4405, 'learning_rate': 9.625000000000001e-05, 'epoch': 1.35}
{'loss': 1.4308, 'learning_rate': 9.624000000000001e-05, 'epoch': 1.35}
{'loss': 1.3635, 'learning_rate': 9.623e-05, 'epoch': 1.35}
{'loss': 1.4941, 'learning_rate': 9.622000000000001e-05, 'epoch': 1.36}
{'loss': 1.6301, 'learning_rate': 9.621e-05, 'epoch': 1.36}
{'loss': 1.6786, 'learning_rate': 9.620000000000001e-05, 'epoch': 1.36}
{'loss': 1.465, 'learning_rate': 9.619e-05, 'epoch': 1.37}
{'loss': 1.6531, 'learning_rate': 9.618e-05, 'epoch': 1.37}
{'loss': 1.5272, 'learning_rate': 9.617000000000001e-05, 'epoch': 1.38}
{'loss': 1.5509, 'learning_rate': 9.616e-05, 'epoch': 1.38}
{'loss': 1.4782, 'learning_rate': 9.615e-05, 'epoch': 1.38}
{'loss': 1.6535, 'learning_rate': 9.614000000000001e-05, 'epoch': 1.39}
{'loss': 1.6234, 'learning_rate': 9.613e-05, 'epoch': 1.39}
{'loss': 1.6316, 'learning_rate': 9.612000000000001e-05, 'epoch': 1.39}
{'loss': 1.6646, 'learning_rate': 9.611e-05, 'epoch': 1.4}
{'loss': 1.5491, 'learning_rate': 9.61e-05, 'epoch': 1.4}
{'loss': 1.5958, 'learning_rate': 9.609e-05, 'epoch': 1.4}
{'loss': 1.3975, 'learning_rate': 9.608e-05, 'epoch': 1.41}
{'loss': 1.5313, 'learning_rate': 9.607000000000001e-05, 'epoch': 1.41}
{'loss': 1.564, 'learning_rate': 9.606000000000001e-05, 'epoch': 1.41}
{'loss': 1.538, 'learning_rate': 9.605e-05, 'epoch': 1.42}
{'loss': 1.3962, 'learning_rate': 9.604000000000001e-05, 'epoch': 1.42}
{'loss': 1.3931, 'learning_rate': 9.603000000000001e-05, 'epoch': 1.43}
{'loss': 1.6014, 'learning_rate': 9.602e-05, 'epoch': 1.43}
{'loss': 1.4243, 'learning_rate': 9.601e-05, 'epoch': 1.43}
{'loss': 1.4892, 'learning_rate': 9.6e-05, 'epoch': 1.44}
{'eval_loss': 1.6104308366775513, 'eval_runtime': 28.6538, 'eval_samples_per_second': 34.585, 'eval_steps_per_second': 8.655, 'epoch': 1.44}
{'loss': 1.4232, 'learning_rate': 9.599000000000001e-05, 'epoch': 1.44}
{'loss': 1.4034, 'learning_rate': 9.598e-05, 'epoch': 1.44}
{'loss': 1.6837, 'learning_rate': 9.597e-05, 'epoch': 1.45}
{'loss': 1.4881, 'learning_rate': 9.596000000000001e-05, 'epoch': 1.45}
{'loss': 1.5666, 'learning_rate': 9.595e-05, 'epoch': 1.45}
{'loss': 1.4899, 'learning_rate': 9.594e-05, 'epoch': 1.46}
{'loss': 1.5009, 'learning_rate': 9.593000000000001e-05, 'epoch': 1.46}
{'loss': 1.6206, 'learning_rate': 9.592e-05, 'epoch': 1.46}
{'loss': 1.4753, 'learning_rate': 9.591e-05, 'epoch': 1.47}
{'loss': 1.5168, 'learning_rate': 9.59e-05, 'epoch': 1.47}
{'loss': 1.6003, 'learning_rate': 9.589e-05, 'epoch': 1.48}
{'loss': 1.5182, 'learning_rate': 9.588e-05, 'epoch': 1.48}
{'loss': 1.5459, 'learning_rate': 9.587e-05, 'epoch': 1.48}
{'loss': 1.5002, 'learning_rate': 9.586000000000001e-05, 'epoch': 1.49}
{'loss': 1.5195, 'learning_rate': 9.585000000000001e-05, 'epoch': 1.49}
{'loss': 1.5842, 'learning_rate': 9.584e-05, 'epoch': 1.49}
{'loss': 1.5841, 'learning_rate': 9.583000000000001e-05, 'epoch': 1.5}
{'loss': 1.5109, 'learning_rate': 9.582000000000001e-05, 'epoch': 1.5}
{'loss': 1.684, 'learning_rate': 9.581e-05, 'epoch': 1.5}
{'loss': 1.4833, 'learning_rate': 9.58e-05, 'epoch': 1.51}
{'loss': 1.5227, 'learning_rate': 9.579e-05, 'epoch': 1.51}
{'loss': 1.525, 'learning_rate': 9.578000000000001e-05, 'epoch': 1.52}
{'loss': 1.4624, 'learning_rate': 9.577e-05, 'epoch': 1.52}
{'loss': 1.7339, 'learning_rate': 9.576e-05, 'epoch': 1.52}
{'loss': 1.6839, 'learning_rate': 9.575000000000001e-05, 'epoch': 1.53}
{'loss': 1.4309, 'learning_rate': 9.574e-05, 'epoch': 1.53}
{'loss': 1.5628, 'learning_rate': 9.573e-05, 'epoch': 1.53}
{'loss': 1.4577, 'learning_rate': 9.572000000000001e-05, 'epoch': 1.54}
{'loss': 1.6955, 'learning_rate': 9.571e-05, 'epoch': 1.54}
{'loss': 1.5427, 'learning_rate': 9.57e-05, 'epoch': 1.54}
{'loss': 1.5513, 'learning_rate': 9.569e-05, 'epoch': 1.55}
{'loss': 1.5355, 'learning_rate': 9.568e-05, 'epoch': 1.55}
{'loss': 1.4968, 'learning_rate': 9.567000000000001e-05, 'epoch': 1.55}
{'loss': 1.561, 'learning_rate': 9.566e-05, 'epoch': 1.56}
{'loss': 1.5856, 'learning_rate': 9.565000000000001e-05, 'epoch': 1.56}
{'loss': 1.6008, 'learning_rate': 9.564000000000001e-05, 'epoch': 1.57}
