[2024-01-16 00:55:29,656] torch.distributed.run: [WARNING] 
[2024-01-16 00:55:29,656] torch.distributed.run: [WARNING] *****************************************
[2024-01-16 00:55:29,656] torch.distributed.run: [WARNING] Setting OMP_NUM_THREADS environment variable for each process to be 1 in default, to avoid your system being overloaded, please further tune the variable for optimal performance in your application as needed. 
[2024-01-16 00:55:29,656] torch.distributed.run: [WARNING] *****************************************
/scr/jphilipp/miniconda3/envs/scai-tuning/lib/python3.10/site-packages/hydra/_internal/defaults_list.py:251: UserWarning: In 'train': Defaults list is missing `_self_`. See https://hydra.cc/docs/1.2/upgrades/1.0_to_1.1/default_composition_order for more information
  warnings.warn(msg, UserWarning)
/scr/jphilipp/miniconda3/envs/scai-tuning/lib/python3.10/site-packages/hydra/_internal/defaults_list.py:251: UserWarning: In 'train': Defaults list is missing `_self_`. See https://hydra.cc/docs/1.2/upgrades/1.0_to_1.1/default_composition_order for more information
  warnings.warn(msg, UserWarning)
wandb: Currently logged in as: janphilipp-franken. Use `wandb login --relogin` to force relogin
wandb: Currently logged in as: janphilipp-franken. Use `wandb login --relogin` to force relogin
wandb: ERROR Error while calling W&B API: An internal error occurred. Please contact support. (<Response [500]>)
wandb: - Waiting for wandb.init()...wandb: \ Waiting for wandb.init()...wandb: wandb version 0.16.2 is available!  To upgrade, please run:
wandb:  $ pip install wandb --upgrade
wandb: Tracking run with wandb version 0.16.0
wandb: Run data is saved locally in /sailhome/jphilipp/research_projects/scai-tuning/experiments/hh_rlhf/train/wandb/run-20240116_005535-gnzah3v7
wandb: Run `wandb offline` to turn off syncing.
wandb: Syncing run run_0
wandb: ⭐️ View project at https://wandb.ai/janphilipp-franken/scai
wandb: 🚀 View run at https://wandb.ai/janphilipp-franken/scai/runs/gnzah3v7
wandb: wandb version 0.16.2 is available!  To upgrade, please run:
wandb:  $ pip install wandb --upgrade
wandb: Tracking run with wandb version 0.16.0
wandb: Run data is saved locally in /sailhome/jphilipp/research_projects/scai-tuning/experiments/hh_rlhf/train/wandb/run-20240116_005535-f2a9txrm
wandb: Run `wandb offline` to turn off syncing.
wandb: Syncing run run_0
wandb: ⭐️ View project at https://wandb.ai/janphilipp-franken/scai
wandb: 🚀 View run at https://wandb.ai/janphilipp-franken/scai/runs/f2a9txrm
Loading checkpoint shards:   0%|          | 0/2 [00:00<?, ?it/s]Loading checkpoint shards:   0%|          | 0/2 [00:00<?, ?it/s]Loading checkpoint shards:  50%|█████     | 1/2 [00:04<00:04,  4.83s/it]Loading checkpoint shards:  50%|█████     | 1/2 [00:04<00:04,  4.68s/it]Loading checkpoint shards: 100%|██████████| 2/2 [00:07<00:00,  3.27s/it]Loading checkpoint shards: 100%|██████████| 2/2 [00:07<00:00,  3.50s/it]
Loading checkpoint shards: 100%|██████████| 2/2 [00:06<00:00,  3.18s/it]Loading checkpoint shards: 100%|██████████| 2/2 [00:06<00:00,  3.40s/it]
