[2024-01-29 23:45:25,240] torch.distributed.run: [WARNING] 
[2024-01-29 23:45:25,240] torch.distributed.run: [WARNING] *****************************************
[2024-01-29 23:45:25,240] torch.distributed.run: [WARNING] Setting OMP_NUM_THREADS environment variable for each process to be 1 in default, to avoid your system being overloaded, please further tune the variable for optimal performance in your application as needed. 
[2024-01-29 23:45:25,240] torch.distributed.run: [WARNING] *****************************************
/scr/jphilipp/miniconda3/envs/scai-tuning/lib/python3.10/site-packages/hydra/_internal/defaults_list.py:251: UserWarning: In 'train_sft': Defaults list is missing `_self_`. See https://hydra.cc/docs/1.2/upgrades/1.0_to_1.1/default_composition_order for more information
  warnings.warn(msg, UserWarning)
/scr/jphilipp/miniconda3/envs/scai-tuning/lib/python3.10/site-packages/hydra/_internal/defaults_list.py:251: UserWarning: In 'train_sft': Defaults list is missing `_self_`. See https://hydra.cc/docs/1.2/upgrades/1.0_to_1.1/default_composition_order for more information
  warnings.warn(msg, UserWarning)
/scr/jphilipp/miniconda3/envs/scai-tuning/lib/python3.10/site-packages/hydra/_internal/defaults_list.py:251: UserWarning: In 'train_sft': Defaults list is missing `_self_`. See https://hydra.cc/docs/1.2/upgrades/1.0_to_1.1/default_composition_order for more information
  warnings.warn(msg, UserWarning)
/scr/jphilipp/miniconda3/envs/scai-tuning/lib/python3.10/site-packages/hydra/_internal/defaults_list.py:251: UserWarning: In 'train_sft': Defaults list is missing `_self_`. See https://hydra.cc/docs/1.2/upgrades/1.0_to_1.1/default_composition_order for more information
  warnings.warn(msg, UserWarning)
wandb: Currently logged in as: janphilipp-franken. Use `wandb login --relogin` to force relogin
wandb: Currently logged in as: janphilipp-franken. Use `wandb login --relogin` to force relogin
wandb: Currently logged in as: janphilipp-franken. Use `wandb login --relogin` to force relogin
wandb: Currently logged in as: janphilipp-franken. Use `wandb login --relogin` to force relogin
wandb: wandb version 0.16.2 is available!  To upgrade, please run:
wandb:  $ pip install wandb --upgrade
wandb: Tracking run with wandb version 0.16.0
wandb: Run data is saved locally in /sailhome/jphilipp/research_projects/scai-tuning/experiments/hh_rlhf/train/wandb/run-20240129_234531-4uv208q2
wandb: Run `wandb offline` to turn off syncing.
wandb: Syncing run helpful_base_sft
wandb: ⭐️ View project at https://wandb.ai/janphilipp-franken/scai
wandb: 🚀 View run at https://wandb.ai/janphilipp-franken/scai/runs/4uv208q2
wandb: wandb version 0.16.2 is available!  To upgrade, please run:
wandb:  $ pip install wandb --upgrade
wandb: Tracking run with wandb version 0.16.0
wandb: Run data is saved locally in /sailhome/jphilipp/research_projects/scai-tuning/experiments/hh_rlhf/train/wandb/run-20240129_234531-d33d5fs1
wandb: Run `wandb offline` to turn off syncing.
wandb: Syncing run helpful_base_sft
wandb: ⭐️ View project at https://wandb.ai/janphilipp-franken/scai
wandb: 🚀 View run at https://wandb.ai/janphilipp-franken/scai/runs/d33d5fs1
wandb: wandb version 0.16.2 is available!  To upgrade, please run:
wandb:  $ pip install wandb --upgrade
wandb: Tracking run with wandb version 0.16.0
wandb: Run data is saved locally in /sailhome/jphilipp/research_projects/scai-tuning/experiments/hh_rlhf/train/wandb/run-20240129_234531-a12w4prm
wandb: Run `wandb offline` to turn off syncing.
wandb: Syncing run helpful_base_sft
wandb: ⭐️ View project at https://wandb.ai/janphilipp-franken/scai
wandb: 🚀 View run at https://wandb.ai/janphilipp-franken/scai/runs/a12w4prm
wandb: wandb version 0.16.2 is available!  To upgrade, please run:
wandb:  $ pip install wandb --upgrade
wandb: Tracking run with wandb version 0.16.0
wandb: Run data is saved locally in /sailhome/jphilipp/research_projects/scai-tuning/experiments/hh_rlhf/train/wandb/run-20240129_234531-0gs3c7pc
wandb: Run `wandb offline` to turn off syncing.
wandb: Syncing run helpful_base_sft
wandb: ⭐️ View project at https://wandb.ai/janphilipp-franken/scai
wandb: 🚀 View run at https://wandb.ai/janphilipp-franken/scai/runs/0gs3c7pc

Loading checkpoint shards:   0%|          | 0/2 [00:00<?, ?it/s]
Loading checkpoint shards:   0%|          | 0/2 [00:00<?, ?it/s]
Loading checkpoint shards:   0%|          | 0/2 [00:00<?, ?it/s]
Loading checkpoint shards:   0%|          | 0/2 [00:00<?, ?it/s]
Loading checkpoint shards:  50%|█████     | 1/2 [00:04<00:04,  4.96s/it]
Loading checkpoint shards:  50%|█████     | 1/2 [00:05<00:05,  5.09s/it]
Loading checkpoint shards:  50%|█████     | 1/2 [00:05<00:05,  5.11s/it]
Loading checkpoint shards:  50%|█████     | 1/2 [00:05<00:05,  5.10s/it]
Loading checkpoint shards: 100%|██████████| 2/2 [00:07<00:00,  3.74s/it]
Loading checkpoint shards: 100%|██████████| 2/2 [00:07<00:00,  3.93s/it]

Loading checkpoint shards: 100%|██████████| 2/2 [00:08<00:00,  3.85s/it]
Loading checkpoint shards: 100%|██████████| 2/2 [00:08<00:00,  4.03s/it]

Loading checkpoint shards: 100%|██████████| 2/2 [00:08<00:00,  3.86s/it]
Loading checkpoint shards: 100%|██████████| 2/2 [00:08<00:00,  4.05s/it]

Loading checkpoint shards: 100%|██████████| 2/2 [00:08<00:00,  3.85s/it]
Loading checkpoint shards: 100%|██████████| 2/2 [00:08<00:00,  4.04s/it]

  0%|          | 0/648 [00:00<?, ?it/s]
  0%|          | 1/648 [00:15<2:41:47, 15.00s/it]
  0%|          | 2/648 [00:28<2:31:26, 14.07s/it]
  0%|          | 3/648 [00:42<2:30:41, 14.02s/it]