[2024-01-16 15:00:36,251][root][INFO] - Dataset is: data/cai_data_hh_rlhf_flipped
[2024-01-16 15:00:36,251][root][INFO] - Writing checkpoints to: /scr/jphilipp/scai/trained_models/Mixtral-8x7B-v0.1/cai_data_hh_rlhf_flipped/checkpoints
[2024-01-16 15:00:36,251][root][INFO] - Wandb name: cai_data_hh_rlhf_flipped
[2024-01-16 15:00:36,262][root][INFO] - Dataset is: data/cai_data_hh_rlhf_flipped
[2024-01-16 15:00:36,262][root][INFO] - Writing checkpoints to: /scr/jphilipp/scai/trained_models/Mixtral-8x7B-v0.1/cai_data_hh_rlhf_flipped/checkpoints
[2024-01-16 15:00:36,262][root][INFO] - Wandb name: cai_data_hh_rlhf_flipped
[2024-01-16 15:01:49,519][root][INFO] - N Train Examples: 4966
[2024-01-16 15:01:49,918][root][INFO] - N Train Examples: 4966
[2024-01-16 15:01:57,666][root][INFO] - DatasetDict({
    train: Dataset({
        features: ['input_ids', 'labels'],
        num_rows: 4717
    })
    test: Dataset({
        features: ['input_ids', 'labels'],
        num_rows: 249
    })
})
[2024-01-16 15:01:57,690] [INFO] [real_accelerator.py:161:get_accelerator] Setting ds_accelerator to cuda (auto detect)
[2024-01-16 15:01:57,983] [INFO] [comm.py:637:init_distributed] cdb=None
[2024-01-16 15:01:57,984] [INFO] [comm.py:668:init_distributed] Initializing TorchBackend in DeepSpeed with backend nccl
[2024-01-16 15:01:58,025][root][INFO] - DatasetDict({
    train: Dataset({
        features: ['input_ids', 'labels'],
        num_rows: 4717
    })
    test: Dataset({
        features: ['input_ids', 'labels'],
        num_rows: 249
    })
})
[2024-01-16 15:01:58,049] [INFO] [real_accelerator.py:161:get_accelerator] Setting ds_accelerator to cuda (auto detect)
[2024-01-16 15:01:58,338] [INFO] [comm.py:637:init_distributed] cdb=None
trainable params: 120,350,720 || all params: 46,823,143,424 || trainable%: 0.25703255099765937
[2024-01-16 15:01:59,623][root][INFO] - Devices: 2
[2024-01-16 15:01:59,626][accelerate.utils.other][WARNING] - Detected kernel version 5.4.0, which is below the recommended minimum of 5.5.0; this can cause the process to hang. It is recommended to upgrade the kernel to the minimum version or higher.
trainable params: 120,350,720 || all params: 46,823,143,424 || trainable%: 0.25703255099765937
[2024-01-16 15:02:00,162][root][INFO] - Devices: 2
[2024-01-16 15:02:03,389] [WARNING] [engine.py:1166:_do_optimizer_sanity_check] **** You are using ZeRO with an untested optimizer, proceed with caution *****
{'loss': 1.8712, 'learning_rate': 4e-05, 'epoch': 0.03}
{'loss': 1.8439, 'learning_rate': 8e-05, 'epoch': 0.05}
{'loss': 1.8852, 'learning_rate': 9.994987468671679e-05, 'epoch': 0.08}
{'loss': 1.7827, 'learning_rate': 9.984962406015038e-05, 'epoch': 0.11}
{'loss': 1.7857, 'learning_rate': 9.974937343358397e-05, 'epoch': 0.14}
{'eval_loss': 1.782513976097107, 'eval_runtime': 33.0646, 'eval_samples_per_second': 7.531, 'eval_steps_per_second': 0.968, 'epoch': 0.14}
{'loss': 1.7449, 'learning_rate': 9.964912280701755e-05, 'epoch': 0.16}
{'loss': 1.7773, 'learning_rate': 9.954887218045114e-05, 'epoch': 0.19}
{'loss': 1.7628, 'learning_rate': 9.944862155388471e-05, 'epoch': 0.22}
{'loss': 1.6977, 'learning_rate': 9.93483709273183e-05, 'epoch': 0.24}
{'loss': 1.7499, 'learning_rate': 9.924812030075187e-05, 'epoch': 0.27}
{'eval_loss': 1.7334686517715454, 'eval_runtime': 33.0558, 'eval_samples_per_second': 7.533, 'eval_steps_per_second': 0.968, 'epoch': 0.27}
{'loss': 1.6917, 'learning_rate': 9.914786967418547e-05, 'epoch': 0.3}
{'loss': 1.7166, 'learning_rate': 9.904761904761905e-05, 'epoch': 0.33}
{'loss': 1.7385, 'learning_rate': 9.894736842105263e-05, 'epoch': 0.35}
{'loss': 1.6991, 'learning_rate': 9.884711779448623e-05, 'epoch': 0.38}
{'loss': 1.7371, 'learning_rate': 9.87468671679198e-05, 'epoch': 0.41}
{'eval_loss': 1.721439242362976, 'eval_runtime': 33.0276, 'eval_samples_per_second': 7.539, 'eval_steps_per_second': 0.969, 'epoch': 0.41}
{'loss': 1.6959, 'learning_rate': 9.864661654135339e-05, 'epoch': 0.43}
{'loss': 1.651, 'learning_rate': 9.854636591478697e-05, 'epoch': 0.46}
{'loss': 1.6592, 'learning_rate': 9.844611528822055e-05, 'epoch': 0.49}
{'loss': 1.6781, 'learning_rate': 9.834586466165415e-05, 'epoch': 0.52}
{'loss': 1.7069, 'learning_rate': 9.824561403508771e-05, 'epoch': 0.54}
{'eval_loss': 1.7092489004135132, 'eval_runtime': 32.9951, 'eval_samples_per_second': 7.547, 'eval_steps_per_second': 0.97, 'epoch': 0.54}
{'loss': 1.6585, 'learning_rate': 9.814536340852131e-05, 'epoch': 0.57}
{'loss': 1.7642, 'learning_rate': 9.804511278195489e-05, 'epoch': 0.6}
{'loss': 1.703, 'learning_rate': 9.794486215538847e-05, 'epoch': 0.62}
{'loss': 1.7255, 'learning_rate': 9.784461152882207e-05, 'epoch': 0.65}
{'loss': 1.6267, 'learning_rate': 9.774436090225564e-05, 'epoch': 0.68}
{'eval_loss': 1.6990143060684204, 'eval_runtime': 33.0549, 'eval_samples_per_second': 7.533, 'eval_steps_per_second': 0.968, 'epoch': 0.68}
{'loss': 1.6485, 'learning_rate': 9.764411027568923e-05, 'epoch': 0.71}
{'loss': 1.6992, 'learning_rate': 9.754385964912281e-05, 'epoch': 0.73}
{'loss': 1.6712, 'learning_rate': 9.74436090225564e-05, 'epoch': 0.76}
{'loss': 1.6291, 'learning_rate': 9.734335839598998e-05, 'epoch': 0.79}
{'loss': 1.6386, 'learning_rate': 9.724310776942356e-05, 'epoch': 0.81}
{'eval_loss': 1.6883857250213623, 'eval_runtime': 33.034, 'eval_samples_per_second': 7.538, 'eval_steps_per_second': 0.969, 'epoch': 0.81}
{'loss': 1.6709, 'learning_rate': 9.714285714285715e-05, 'epoch': 0.84}
{'loss': 1.7349, 'learning_rate': 9.704260651629073e-05, 'epoch': 0.87}
{'loss': 1.6711, 'learning_rate': 9.694235588972431e-05, 'epoch': 0.89}
{'loss': 1.6684, 'learning_rate': 9.68421052631579e-05, 'epoch': 0.92}
{'loss': 1.6878, 'learning_rate': 9.674185463659148e-05, 'epoch': 0.95}
{'eval_loss': 1.6759839057922363, 'eval_runtime': 33.0581, 'eval_samples_per_second': 7.532, 'eval_steps_per_second': 0.968, 'epoch': 0.95}
{'loss': 1.6954, 'learning_rate': 9.664160401002507e-05, 'epoch': 0.98}
{'loss': 1.7054, 'learning_rate': 9.654135338345865e-05, 'epoch': 1.0}
{'loss': 1.6277, 'learning_rate': 9.644110275689224e-05, 'epoch': 1.03}
{'loss': 1.5743, 'learning_rate': 9.634085213032582e-05, 'epoch': 1.06}
{'loss': 1.6228, 'learning_rate': 9.62406015037594e-05, 'epoch': 1.08}
{'eval_loss': 1.6695705652236938, 'eval_runtime': 33.0753, 'eval_samples_per_second': 7.528, 'eval_steps_per_second': 0.967, 'epoch': 1.08}
{'loss': 1.5529, 'learning_rate': 9.614035087719298e-05, 'epoch': 1.11}
{'loss': 1.5181, 'learning_rate': 9.604010025062658e-05, 'epoch': 1.14}
{'loss': 1.5889, 'learning_rate': 9.593984962406016e-05, 'epoch': 1.17}
{'loss': 1.6144, 'learning_rate': 9.583959899749374e-05, 'epoch': 1.19}
{'loss': 1.5955, 'learning_rate': 9.573934837092732e-05, 'epoch': 1.22}
{'eval_loss': 1.6412742137908936, 'eval_runtime': 33.0465, 'eval_samples_per_second': 7.535, 'eval_steps_per_second': 0.968, 'epoch': 1.22}
{'loss': 1.5074, 'learning_rate': 9.56390977443609e-05, 'epoch': 1.25}
{'loss': 1.5321, 'learning_rate': 9.55388471177945e-05, 'epoch': 1.27}
{'loss': 1.5545, 'learning_rate': 9.543859649122808e-05, 'epoch': 1.3}
{'loss': 1.4794, 'learning_rate': 9.533834586466166e-05, 'epoch': 1.33}
{'loss': 1.5819, 'learning_rate': 9.523809523809524e-05, 'epoch': 1.36}
{'eval_loss': 1.6242485046386719, 'eval_runtime': 33.0543, 'eval_samples_per_second': 7.533, 'eval_steps_per_second': 0.968, 'epoch': 1.36}
{'loss': 1.5256, 'learning_rate': 9.513784461152882e-05, 'epoch': 1.38}
{'loss': 1.5613, 'learning_rate': 9.503759398496242e-05, 'epoch': 1.41}
{'loss': 1.4723, 'learning_rate': 9.493734335839599e-05, 'epoch': 1.44}
{'loss': 1.4757, 'learning_rate': 9.483709273182958e-05, 'epoch': 1.46}
{'loss': 1.506, 'learning_rate': 9.473684210526316e-05, 'epoch': 1.49}
{'eval_loss': 1.6089171171188354, 'eval_runtime': 32.9886, 'eval_samples_per_second': 7.548, 'eval_steps_per_second': 0.97, 'epoch': 1.49}
{'loss': 1.4936, 'learning_rate': 9.463659147869674e-05, 'epoch': 1.52}
{'loss': 1.6404, 'learning_rate': 9.453634085213034e-05, 'epoch': 1.55}
{'loss': 1.4403, 'learning_rate': 9.44360902255639e-05, 'epoch': 1.57}
{'loss': 1.4527, 'learning_rate': 9.43358395989975e-05, 'epoch': 1.6}
{'loss': 1.4132, 'learning_rate': 9.423558897243108e-05, 'epoch': 1.63}
{'eval_loss': 1.5881297588348389, 'eval_runtime': 33.0295, 'eval_samples_per_second': 7.539, 'eval_steps_per_second': 0.969, 'epoch': 1.63}
{'loss': 1.4378, 'learning_rate': 9.413533834586466e-05, 'epoch': 1.65}
{'loss': 1.4783, 'learning_rate': 9.403508771929826e-05, 'epoch': 1.68}
{'loss': 1.4635, 'learning_rate': 9.393483709273183e-05, 'epoch': 1.71}
{'loss': 1.4958, 'learning_rate': 9.383458646616542e-05, 'epoch': 1.74}
{'loss': 1.4236, 'learning_rate': 9.373433583959899e-05, 'epoch': 1.76}
{'eval_loss': 1.5416427850723267, 'eval_runtime': 33.0107, 'eval_samples_per_second': 7.543, 'eval_steps_per_second': 0.969, 'epoch': 1.76}
{'loss': 1.4086, 'learning_rate': 9.363408521303259e-05, 'epoch': 1.79}
{'loss': 1.4998, 'learning_rate': 9.353383458646618e-05, 'epoch': 1.82}
{'loss': 1.3959, 'learning_rate': 9.343358395989975e-05, 'epoch': 1.84}
{'loss': 1.4657, 'learning_rate': 9.333333333333334e-05, 'epoch': 1.87}
{'loss': 1.4771, 'learning_rate': 9.323308270676691e-05, 'epoch': 1.9}
{'eval_loss': 1.5076149702072144, 'eval_runtime': 33.0517, 'eval_samples_per_second': 7.534, 'eval_steps_per_second': 0.968, 'epoch': 1.9}
{'loss': 1.4367, 'learning_rate': 9.31328320802005e-05, 'epoch': 1.93}
{'loss': 1.4956, 'learning_rate': 9.303258145363409e-05, 'epoch': 1.95}
{'loss': 1.4113, 'learning_rate': 9.293233082706767e-05, 'epoch': 1.98}
{'loss': 1.3031, 'learning_rate': 9.283208020050126e-05, 'epoch': 2.01}
{'loss': 1.1707, 'learning_rate': 9.273182957393483e-05, 'epoch': 2.03}
{'eval_loss': 1.5213027000427246, 'eval_runtime': 33.0328, 'eval_samples_per_second': 7.538, 'eval_steps_per_second': 0.969, 'epoch': 2.03}
{'loss': 1.1445, 'learning_rate': 9.263157894736843e-05, 'epoch': 2.06}
{'loss': 1.1395, 'learning_rate': 9.253132832080201e-05, 'epoch': 2.09}
{'loss': 1.1993, 'learning_rate': 9.243107769423559e-05, 'epoch': 2.12}
{'loss': 1.1545, 'learning_rate': 9.233082706766919e-05, 'epoch': 2.14}
{'loss': 1.2304, 'learning_rate': 9.223057644110275e-05, 'epoch': 2.17}
{'eval_loss': 1.4876012802124023, 'eval_runtime': 33.0345, 'eval_samples_per_second': 7.538, 'eval_steps_per_second': 0.969, 'epoch': 2.17}
{'loss': 1.1982, 'learning_rate': 9.213032581453635e-05, 'epoch': 2.2}
{'loss': 1.2188, 'learning_rate': 9.203007518796993e-05, 'epoch': 2.22}
{'loss': 1.1854, 'learning_rate': 9.192982456140351e-05, 'epoch': 2.25}
{'loss': 1.1508, 'learning_rate': 9.182957393483709e-05, 'epoch': 2.28}
{'loss': 1.0546, 'learning_rate': 9.172932330827067e-05, 'epoch': 2.31}
{'eval_loss': 1.4430314302444458, 'eval_runtime': 33.0098, 'eval_samples_per_second': 7.543, 'eval_steps_per_second': 0.969, 'epoch': 2.31}
{'loss': 1.124, 'learning_rate': 9.162907268170427e-05, 'epoch': 2.33}
{'loss': 1.1076, 'learning_rate': 9.152882205513785e-05, 'epoch': 2.36}
{'loss': 1.116, 'learning_rate': 9.142857142857143e-05, 'epoch': 2.39}
{'loss': 1.0529, 'learning_rate': 9.132832080200501e-05, 'epoch': 2.41}
{'loss': 1.1539, 'learning_rate': 9.12280701754386e-05, 'epoch': 2.44}
{'eval_loss': 1.414323329925537, 'eval_runtime': 33.0093, 'eval_samples_per_second': 7.543, 'eval_steps_per_second': 0.969, 'epoch': 2.44}
{'loss': 1.0882, 'learning_rate': 9.112781954887219e-05, 'epoch': 2.47}
{'loss': 0.9975, 'learning_rate': 9.102756892230577e-05, 'epoch': 2.49}
{'loss': 1.0877, 'learning_rate': 9.092731829573935e-05, 'epoch': 2.52}
{'loss': 1.1367, 'learning_rate': 9.082706766917293e-05, 'epoch': 2.55}
{'loss': 1.0562, 'learning_rate': 9.072681704260652e-05, 'epoch': 2.58}
{'eval_loss': 1.3703747987747192, 'eval_runtime': 33.0492, 'eval_samples_per_second': 7.534, 'eval_steps_per_second': 0.968, 'epoch': 2.58}
{'loss': 1.1201, 'learning_rate': 9.06265664160401e-05, 'epoch': 2.6}
{'loss': 1.076, 'learning_rate': 9.052631578947369e-05, 'epoch': 2.63}
{'loss': 1.0677, 'learning_rate': 9.042606516290727e-05, 'epoch': 2.66}
{'loss': 1.0491, 'learning_rate': 9.032581453634086e-05, 'epoch': 2.68}
{'loss': 0.9547, 'learning_rate': 9.022556390977444e-05, 'epoch': 2.71}
{'eval_loss': 1.342576265335083, 'eval_runtime': 33.0308, 'eval_samples_per_second': 7.538, 'eval_steps_per_second': 0.969, 'epoch': 2.71}
{'loss': 1.0229, 'learning_rate': 9.012531328320802e-05, 'epoch': 2.74}
{'loss': 1.0097, 'learning_rate': 9.002506265664161e-05, 'epoch': 2.77}
{'loss': 0.9774, 'learning_rate': 8.99248120300752e-05, 'epoch': 2.79}
{'loss': 0.9687, 'learning_rate': 8.982456140350878e-05, 'epoch': 2.82}
{'loss': 0.9731, 'learning_rate': 8.972431077694236e-05, 'epoch': 2.85}
{'eval_loss': 1.324640154838562, 'eval_runtime': 33.0375, 'eval_samples_per_second': 7.537, 'eval_steps_per_second': 0.969, 'epoch': 2.85}
{'loss': 1.0439, 'learning_rate': 8.962406015037594e-05, 'epoch': 2.87}
{'loss': 0.9652, 'learning_rate': 8.952380952380953e-05, 'epoch': 2.9}
{'loss': 1.0301, 'learning_rate': 8.94235588972431e-05, 'epoch': 2.93}
{'loss': 0.9594, 'learning_rate': 8.93233082706767e-05, 'epoch': 2.96}
{'loss': 1.0622, 'learning_rate': 8.922305764411028e-05, 'epoch': 2.98}
{'eval_loss': 1.2758862972259521, 'eval_runtime': 33.0408, 'eval_samples_per_second': 7.536, 'eval_steps_per_second': 0.969, 'epoch': 2.98}
{'loss': 0.8392, 'learning_rate': 8.912280701754386e-05, 'epoch': 3.01}
{'loss': 0.6912, 'learning_rate': 8.902255639097746e-05, 'epoch': 3.04}
{'loss': 0.7428, 'learning_rate': 8.892230576441102e-05, 'epoch': 3.06}
{'loss': 0.7607, 'learning_rate': 8.882205513784462e-05, 'epoch': 3.09}
{'loss': 0.7441, 'learning_rate': 8.87218045112782e-05, 'epoch': 3.12}
{'eval_loss': 1.2521103620529175, 'eval_runtime': 33.0463, 'eval_samples_per_second': 7.535, 'eval_steps_per_second': 0.968, 'epoch': 3.12}
{'loss': 0.8128, 'learning_rate': 8.862155388471178e-05, 'epoch': 3.15}
{'loss': 0.824, 'learning_rate': 8.852130325814538e-05, 'epoch': 3.17}
{'loss': 0.7095, 'learning_rate': 8.842105263157894e-05, 'epoch': 3.2}
{'loss': 0.7983, 'learning_rate': 8.832080200501254e-05, 'epoch': 3.23}
{'loss': 0.8437, 'learning_rate': 8.822055137844612e-05, 'epoch': 3.25}
{'eval_loss': 1.2288539409637451, 'eval_runtime': 33.0244, 'eval_samples_per_second': 7.54, 'eval_steps_per_second': 0.969, 'epoch': 3.25}
{'loss': 0.7744, 'learning_rate': 8.81203007518797e-05, 'epoch': 3.28}
{'loss': 0.7454, 'learning_rate': 8.80200501253133e-05, 'epoch': 3.31}
{'loss': 0.7578, 'learning_rate': 8.791979949874687e-05, 'epoch': 3.34}
{'loss': 0.7635, 'learning_rate': 8.781954887218046e-05, 'epoch': 3.36}
{'loss': 0.7237, 'learning_rate': 8.771929824561403e-05, 'epoch': 3.39}
{'eval_loss': 1.2110700607299805, 'eval_runtime': 33.0295, 'eval_samples_per_second': 7.539, 'eval_steps_per_second': 0.969, 'epoch': 3.39}
{'loss': 0.6002, 'learning_rate': 8.761904761904762e-05, 'epoch': 3.42}
{'loss': 0.7063, 'learning_rate': 8.75187969924812e-05, 'epoch': 3.44}
{'loss': 0.5477, 'learning_rate': 8.741854636591479e-05, 'epoch': 3.47}
{'loss': 0.7886, 'learning_rate': 8.731829573934838e-05, 'epoch': 3.5}
{'loss': 0.6785, 'learning_rate': 8.721804511278195e-05, 'epoch': 3.53}
{'eval_loss': 1.1792089939117432, 'eval_runtime': 33.0248, 'eval_samples_per_second': 7.54, 'eval_steps_per_second': 0.969, 'epoch': 3.53}
{'loss': 0.6222, 'learning_rate': 8.711779448621554e-05, 'epoch': 3.55}
{'loss': 0.625, 'learning_rate': 8.701754385964913e-05, 'epoch': 3.58}
{'loss': 0.8106, 'learning_rate': 8.691729323308271e-05, 'epoch': 3.61}
{'loss': 0.6177, 'learning_rate': 8.68170426065163e-05, 'epoch': 3.63}
{'loss': 0.6293, 'learning_rate': 8.671679197994987e-05, 'epoch': 3.66}
{'eval_loss': 1.1429575681686401, 'eval_runtime': 33.038, 'eval_samples_per_second': 7.537, 'eval_steps_per_second': 0.969, 'epoch': 3.66}
{'loss': 0.7434, 'learning_rate': 8.661654135338347e-05, 'epoch': 3.69}
{'loss': 0.6789, 'learning_rate': 8.651629072681705e-05, 'epoch': 3.72}
{'loss': 0.6073, 'learning_rate': 8.641604010025063e-05, 'epoch': 3.74}
{'loss': 0.5979, 'learning_rate': 8.631578947368421e-05, 'epoch': 3.77}
{'loss': 0.7065, 'learning_rate': 8.621553884711779e-05, 'epoch': 3.8}
{'eval_loss': 1.1373323202133179, 'eval_runtime': 33.0313, 'eval_samples_per_second': 7.538, 'eval_steps_per_second': 0.969, 'epoch': 3.8}
{'loss': 0.7813, 'learning_rate': 8.611528822055139e-05, 'epoch': 3.82}
{'loss': 0.5803, 'learning_rate': 8.601503759398497e-05, 'epoch': 3.85}
{'loss': 0.6271, 'learning_rate': 8.591478696741855e-05, 'epoch': 3.88}
{'loss': 0.6747, 'learning_rate': 8.581453634085213e-05, 'epoch': 3.91}
{'loss': 0.6594, 'learning_rate': 8.571428571428571e-05, 'epoch': 3.93}
{'eval_loss': 1.0975033044815063, 'eval_runtime': 33.0294, 'eval_samples_per_second': 7.539, 'eval_steps_per_second': 0.969, 'epoch': 3.93}
{'loss': 0.5947, 'learning_rate': 8.561403508771931e-05, 'epoch': 3.96}
{'loss': 0.6631, 'learning_rate': 8.551378446115289e-05, 'epoch': 3.99}
{'loss': 0.5983, 'learning_rate': 8.541353383458647e-05, 'epoch': 4.01}
{'loss': 0.5383, 'learning_rate': 8.531328320802005e-05, 'epoch': 4.04}
{'loss': 0.4385, 'learning_rate': 8.521303258145363e-05, 'epoch': 4.07}
{'eval_loss': 1.0867689847946167, 'eval_runtime': 33.0294, 'eval_samples_per_second': 7.539, 'eval_steps_per_second': 0.969, 'epoch': 4.07}
{'loss': 0.4501, 'learning_rate': 8.511278195488722e-05, 'epoch': 4.09}
{'loss': 0.4638, 'learning_rate': 8.501253132832081e-05, 'epoch': 4.12}
{'loss': 0.4064, 'learning_rate': 8.491228070175439e-05, 'epoch': 4.15}
{'loss': 0.4969, 'learning_rate': 8.481203007518797e-05, 'epoch': 4.18}
{'loss': 0.4792, 'learning_rate': 8.471177944862155e-05, 'epoch': 4.2}
{'eval_loss': 1.0330935716629028, 'eval_runtime': 33.0443, 'eval_samples_per_second': 7.535, 'eval_steps_per_second': 0.968, 'epoch': 4.2}
{'loss': 0.49, 'learning_rate': 8.461152882205514e-05, 'epoch': 4.23}
{'loss': 0.4003, 'learning_rate': 8.451127819548873e-05, 'epoch': 4.26}
{'loss': 0.3881, 'learning_rate': 8.441102756892231e-05, 'epoch': 4.28}
{'loss': 0.4583, 'learning_rate': 8.43107769423559e-05, 'epoch': 4.31}
{'loss': 0.4193, 'learning_rate': 8.421052631578948e-05, 'epoch': 4.34}
{'eval_loss': 1.0316011905670166, 'eval_runtime': 33.0331, 'eval_samples_per_second': 7.538, 'eval_steps_per_second': 0.969, 'epoch': 4.34}
{'loss': 0.4725, 'learning_rate': 8.411027568922306e-05, 'epoch': 4.37}
{'loss': 0.4884, 'learning_rate': 8.401002506265665e-05, 'epoch': 4.39}
{'loss': 0.572, 'learning_rate': 8.390977443609023e-05, 'epoch': 4.42}
{'loss': 0.3951, 'learning_rate': 8.380952380952382e-05, 'epoch': 4.45}
{'loss': 0.531, 'learning_rate': 8.37092731829574e-05, 'epoch': 4.47}
{'eval_loss': 0.9867887496948242, 'eval_runtime': 33.0203, 'eval_samples_per_second': 7.541, 'eval_steps_per_second': 0.969, 'epoch': 4.47}
{'loss': 0.5068, 'learning_rate': 8.360902255639098e-05, 'epoch': 4.5}
{'loss': 0.3715, 'learning_rate': 8.350877192982457e-05, 'epoch': 4.53}
{'loss': 0.4449, 'learning_rate': 8.340852130325814e-05, 'epoch': 4.56}
{'loss': 0.381, 'learning_rate': 8.330827067669174e-05, 'epoch': 4.58}
{'loss': 0.4414, 'learning_rate': 8.320802005012532e-05, 'epoch': 4.61}
{'eval_loss': 0.9432529807090759, 'eval_runtime': 33.0337, 'eval_samples_per_second': 7.538, 'eval_steps_per_second': 0.969, 'epoch': 4.61}
{'loss': 0.3819, 'learning_rate': 8.31077694235589e-05, 'epoch': 4.64}
{'loss': 0.4553, 'learning_rate': 8.30075187969925e-05, 'epoch': 4.66}
{'loss': 0.338, 'learning_rate': 8.290726817042606e-05, 'epoch': 4.69}
{'loss': 0.4414, 'learning_rate': 8.280701754385966e-05, 'epoch': 4.72}
{'loss': 0.4341, 'learning_rate': 8.270676691729324e-05, 'epoch': 4.75}
{'eval_loss': 0.8974016308784485, 'eval_runtime': 33.0496, 'eval_samples_per_second': 7.534, 'eval_steps_per_second': 0.968, 'epoch': 4.75}
{'loss': 0.3916, 'learning_rate': 8.260651629072682e-05, 'epoch': 4.77}
{'loss': 0.3783, 'learning_rate': 8.250626566416042e-05, 'epoch': 4.8}
{'loss': 0.3837, 'learning_rate': 8.240601503759398e-05, 'epoch': 4.83}
{'loss': 0.448, 'learning_rate': 8.230576441102758e-05, 'epoch': 4.85}
{'loss': 0.5061, 'learning_rate': 8.220551378446115e-05, 'epoch': 4.88}
{'eval_loss': 0.8686493039131165, 'eval_runtime': 33.0506, 'eval_samples_per_second': 7.534, 'eval_steps_per_second': 0.968, 'epoch': 4.88}
{'loss': 0.3419, 'learning_rate': 8.210526315789474e-05, 'epoch': 4.91}
{'loss': 0.4683, 'learning_rate': 8.200501253132832e-05, 'epoch': 4.94}
{'loss': 0.3683, 'learning_rate': 8.19047619047619e-05, 'epoch': 4.96}
{'loss': 0.337, 'learning_rate': 8.18045112781955e-05, 'epoch': 4.99}
{'loss': 0.3459, 'learning_rate': 8.170426065162907e-05, 'epoch': 5.02}
{'eval_loss': 0.8421908020973206, 'eval_runtime': 33.0235, 'eval_samples_per_second': 7.54, 'eval_steps_per_second': 0.969, 'epoch': 5.02}
{'loss': 0.2996, 'learning_rate': 8.160401002506266e-05, 'epoch': 5.04}
{'loss': 0.2633, 'learning_rate': 8.150375939849624e-05, 'epoch': 5.07}
{'loss': 0.2679, 'learning_rate': 8.140350877192983e-05, 'epoch': 5.1}
{'loss': 0.3726, 'learning_rate': 8.130325814536342e-05, 'epoch': 5.13}
{'loss': 0.2252, 'learning_rate': 8.120300751879699e-05, 'epoch': 5.15}
{'eval_loss': 0.8320512771606445, 'eval_runtime': 33.0508, 'eval_samples_per_second': 7.534, 'eval_steps_per_second': 0.968, 'epoch': 5.15}
{'loss': 0.3083, 'learning_rate': 8.110275689223058e-05, 'epoch': 5.18}
{'loss': 0.2016, 'learning_rate': 8.100250626566416e-05, 'epoch': 5.21}
{'loss': 0.2727, 'learning_rate': 8.090225563909775e-05, 'epoch': 5.23}
{'loss': 0.2445, 'learning_rate': 8.080200501253134e-05, 'epoch': 5.26}
{'loss': 0.3664, 'learning_rate': 8.070175438596491e-05, 'epoch': 5.29}
{'eval_loss': 0.8258128762245178, 'eval_runtime': 33.0416, 'eval_samples_per_second': 7.536, 'eval_steps_per_second': 0.968, 'epoch': 5.29}
{'loss': 0.2608, 'learning_rate': 8.06015037593985e-05, 'epoch': 5.32}
{'loss': 0.2696, 'learning_rate': 8.050125313283209e-05, 'epoch': 5.34}
{'loss': 0.224, 'learning_rate': 8.040100250626567e-05, 'epoch': 5.37}
{'loss': 0.3126, 'learning_rate': 8.030075187969925e-05, 'epoch': 5.4}
{'loss': 0.2111, 'learning_rate': 8.020050125313283e-05, 'epoch': 5.42}
{'eval_loss': 0.7899221777915955, 'eval_runtime': 33.0474, 'eval_samples_per_second': 7.535, 'eval_steps_per_second': 0.968, 'epoch': 5.42}
{'loss': 0.2701, 'learning_rate': 8.010025062656643e-05, 'epoch': 5.45}
{'loss': 0.2788, 'learning_rate': 8e-05, 'epoch': 5.48}
{'loss': 0.2439, 'learning_rate': 7.989974937343359e-05, 'epoch': 5.51}
{'loss': 0.2786, 'learning_rate': 7.979949874686717e-05, 'epoch': 5.53}
{'loss': 0.2883, 'learning_rate': 7.969924812030075e-05, 'epoch': 5.56}
{'eval_loss': 0.7765262722969055, 'eval_runtime': 33.1304, 'eval_samples_per_second': 7.516, 'eval_steps_per_second': 0.966, 'epoch': 5.56}
{'loss': 0.2546, 'learning_rate': 7.959899749373435e-05, 'epoch': 5.59}
{'loss': 0.2543, 'learning_rate': 7.949874686716793e-05, 'epoch': 5.61}
{'loss': 0.2835, 'learning_rate': 7.939849624060151e-05, 'epoch': 5.64}
{'loss': 0.301, 'learning_rate': 7.929824561403509e-05, 'epoch': 5.67}
{'loss': 0.2571, 'learning_rate': 7.919799498746867e-05, 'epoch': 5.69}
{'eval_loss': 0.7389689087867737, 'eval_runtime': 33.1336, 'eval_samples_per_second': 7.515, 'eval_steps_per_second': 0.966, 'epoch': 5.69}
{'loss': 0.3056, 'learning_rate': 7.909774436090225e-05, 'epoch': 5.72}
{'loss': 0.2318, 'learning_rate': 7.899749373433585e-05, 'epoch': 5.75}
{'loss': 0.2035, 'learning_rate': 7.889724310776943e-05, 'epoch': 5.78}
{'loss': 0.2907, 'learning_rate': 7.879699248120301e-05, 'epoch': 5.8}
{'loss': 0.337, 'learning_rate': 7.869674185463659e-05, 'epoch': 5.83}
{'eval_loss': 0.7280703186988831, 'eval_runtime': 33.7449, 'eval_samples_per_second': 7.379, 'eval_steps_per_second': 0.948, 'epoch': 5.83}
{'loss': 0.2504, 'learning_rate': 7.859649122807017e-05, 'epoch': 5.86}
{'loss': 0.3319, 'learning_rate': 7.849624060150377e-05, 'epoch': 5.88}
{'loss': 0.2064, 'learning_rate': 7.839598997493735e-05, 'epoch': 5.91}
{'loss': 0.2675, 'learning_rate': 7.829573934837093e-05, 'epoch': 5.94}
{'loss': 0.2258, 'learning_rate': 7.819548872180451e-05, 'epoch': 5.97}
{'eval_loss': 0.6873225569725037, 'eval_runtime': 33.0429, 'eval_samples_per_second': 7.536, 'eval_steps_per_second': 0.968, 'epoch': 5.97}
{'loss': 0.2117, 'learning_rate': 7.80952380952381e-05, 'epoch': 5.99}
{'loss': 0.1956, 'learning_rate': 7.799498746867169e-05, 'epoch': 6.02}
{'loss': 0.2014, 'learning_rate': 7.789473684210526e-05, 'epoch': 6.05}
{'loss': 0.1976, 'learning_rate': 7.779448621553885e-05, 'epoch': 6.07}
{'loss': 0.211, 'learning_rate': 7.769423558897244e-05, 'epoch': 6.1}
{'eval_loss': 0.6799548268318176, 'eval_runtime': 33.0679, 'eval_samples_per_second': 7.53, 'eval_steps_per_second': 0.968, 'epoch': 6.1}
{'loss': 0.1894, 'learning_rate': 7.759398496240602e-05, 'epoch': 6.13}
{'loss': 0.1372, 'learning_rate': 7.749373433583961e-05, 'epoch': 6.16}
{'loss': 0.1786, 'learning_rate': 7.739348370927318e-05, 'epoch': 6.18}
{'loss': 0.1533, 'learning_rate': 7.729323308270677e-05, 'epoch': 6.21}
{'loss': 0.2023, 'learning_rate': 7.719298245614036e-05, 'epoch': 6.24}
{'eval_loss': 0.6545366048812866, 'eval_runtime': 33.0715, 'eval_samples_per_second': 7.529, 'eval_steps_per_second': 0.968, 'epoch': 6.24}
{'loss': 0.2106, 'learning_rate': 7.709273182957394e-05, 'epoch': 6.26}
{'loss': 0.1846, 'learning_rate': 7.699248120300753e-05, 'epoch': 6.29}
{'loss': 0.2477, 'learning_rate': 7.68922305764411e-05, 'epoch': 6.32}
{'loss': 0.131, 'learning_rate': 7.67919799498747e-05, 'epoch': 6.35}
{'loss': 0.1812, 'learning_rate': 7.669172932330826e-05, 'epoch': 6.37}
{'eval_loss': 0.618700385093689, 'eval_runtime': 33.0308, 'eval_samples_per_second': 7.538, 'eval_steps_per_second': 0.969, 'epoch': 6.37}
{'loss': 0.2024, 'learning_rate': 7.659147869674186e-05, 'epoch': 6.4}
{'loss': 0.2235, 'learning_rate': 7.649122807017545e-05, 'epoch': 6.43}
{'loss': 0.1586, 'learning_rate': 7.639097744360902e-05, 'epoch': 6.45}
{'loss': 0.1966, 'learning_rate': 7.629072681704262e-05, 'epoch': 6.48}
{'loss': 0.202, 'learning_rate': 7.619047619047618e-05, 'epoch': 6.51}
{'eval_loss': 0.5973501801490784, 'eval_runtime': 33.0168, 'eval_samples_per_second': 7.542, 'eval_steps_per_second': 0.969, 'epoch': 6.51}
{'loss': 0.1289, 'learning_rate': 7.609022556390978e-05, 'epoch': 6.54}
{'loss': 0.1751, 'learning_rate': 7.598997493734336e-05, 'epoch': 6.56}
{'loss': 0.161, 'learning_rate': 7.588972431077694e-05, 'epoch': 6.59}
{'loss': 0.1884, 'learning_rate': 7.578947368421054e-05, 'epoch': 6.62}
{'loss': 0.2041, 'learning_rate': 7.56892230576441e-05, 'epoch': 6.64}
{'eval_loss': 0.5820502638816833, 'eval_runtime': 33.0314, 'eval_samples_per_second': 7.538, 'eval_steps_per_second': 0.969, 'epoch': 6.64}
{'loss': 0.2121, 'learning_rate': 7.55889724310777e-05, 'epoch': 6.67}
{'loss': 0.15, 'learning_rate': 7.548872180451128e-05, 'epoch': 6.7}
{'loss': 0.1652, 'learning_rate': 7.538847117794486e-05, 'epoch': 6.73}
{'loss': 0.2025, 'learning_rate': 7.528822055137846e-05, 'epoch': 6.75}
{'loss': 0.1426, 'learning_rate': 7.518796992481203e-05, 'epoch': 6.78}
{'eval_loss': 0.5641034245491028, 'eval_runtime': 33.0225, 'eval_samples_per_second': 7.54, 'eval_steps_per_second': 0.969, 'epoch': 6.78}
{'loss': 0.1531, 'learning_rate': 7.508771929824562e-05, 'epoch': 6.81}
{'loss': 0.1937, 'learning_rate': 7.49874686716792e-05, 'epoch': 6.83}
{'loss': 0.1699, 'learning_rate': 7.488721804511278e-05, 'epoch': 6.86}
{'loss': 0.2073, 'learning_rate': 7.478696741854637e-05, 'epoch': 6.89}
{'loss': 0.2012, 'learning_rate': 7.468671679197995e-05, 'epoch': 6.92}
{'eval_loss': 0.5412031412124634, 'eval_runtime': 33.1617, 'eval_samples_per_second': 7.509, 'eval_steps_per_second': 0.965, 'epoch': 6.92}
{'loss': 0.2023, 'learning_rate': 7.458646616541354e-05, 'epoch': 6.94}
{'loss': 0.2061, 'learning_rate': 7.448621553884712e-05, 'epoch': 6.97}
{'loss': 0.1507, 'learning_rate': 7.43859649122807e-05, 'epoch': 7.0}
{'loss': 0.0937, 'learning_rate': 7.428571428571429e-05, 'epoch': 7.02}
{'loss': 0.1061, 'learning_rate': 7.418546365914787e-05, 'epoch': 7.05}
{'eval_loss': 0.5333768129348755, 'eval_runtime': 33.0373, 'eval_samples_per_second': 7.537, 'eval_steps_per_second': 0.969, 'epoch': 7.05}
{'loss': 0.1373, 'learning_rate': 7.408521303258146e-05, 'epoch': 7.08}
{'loss': 0.0999, 'learning_rate': 7.398496240601504e-05, 'epoch': 7.11}
{'loss': 0.1135, 'learning_rate': 7.388471177944863e-05, 'epoch': 7.13}
{'loss': 0.0961, 'learning_rate': 7.378446115288221e-05, 'epoch': 7.16}
{'loss': 0.1099, 'learning_rate': 7.368421052631579e-05, 'epoch': 7.19}
{'eval_loss': 0.5339618921279907, 'eval_runtime': 33.0278, 'eval_samples_per_second': 7.539, 'eval_steps_per_second': 0.969, 'epoch': 7.19}
{'loss': 0.1128, 'learning_rate': 7.358395989974937e-05, 'epoch': 7.21}
{'loss': 0.0927, 'learning_rate': 7.348370927318297e-05, 'epoch': 7.24}
{'loss': 0.1295, 'learning_rate': 7.338345864661655e-05, 'epoch': 7.27}
{'loss': 0.09, 'learning_rate': 7.328320802005013e-05, 'epoch': 7.29}
{'loss': 0.0925, 'learning_rate': 7.318295739348371e-05, 'epoch': 7.32}
{'eval_loss': 0.5270642042160034, 'eval_runtime': 33.0418, 'eval_samples_per_second': 7.536, 'eval_steps_per_second': 0.968, 'epoch': 7.32}
{'loss': 0.144, 'learning_rate': 7.308270676691729e-05, 'epoch': 7.35}
{'loss': 0.1147, 'learning_rate': 7.298245614035089e-05, 'epoch': 7.38}
{'loss': 0.0993, 'learning_rate': 7.288220551378447e-05, 'epoch': 7.4}
{'loss': 0.1133, 'learning_rate': 7.278195488721805e-05, 'epoch': 7.43}
{'loss': 0.1021, 'learning_rate': 7.268170426065163e-05, 'epoch': 7.46}
{'eval_loss': 0.4871502220630646, 'eval_runtime': 33.0259, 'eval_samples_per_second': 7.54, 'eval_steps_per_second': 0.969, 'epoch': 7.46}
{'loss': 0.1093, 'learning_rate': 7.258145363408521e-05, 'epoch': 7.48}
{'loss': 0.1181, 'learning_rate': 7.248120300751881e-05, 'epoch': 7.51}
{'loss': 0.1243, 'learning_rate': 7.238095238095238e-05, 'epoch': 7.54}
{'loss': 0.1175, 'learning_rate': 7.228070175438597e-05, 'epoch': 7.57}
{'loss': 0.1404, 'learning_rate': 7.218045112781955e-05, 'epoch': 7.59}
{'eval_loss': 0.47737324237823486, 'eval_runtime': 33.0301, 'eval_samples_per_second': 7.539, 'eval_steps_per_second': 0.969, 'epoch': 7.59}
{'loss': 0.1083, 'learning_rate': 7.208020050125313e-05, 'epoch': 7.62}
{'loss': 0.1308, 'learning_rate': 7.197994987468673e-05, 'epoch': 7.65}
{'loss': 0.0982, 'learning_rate': 7.18796992481203e-05, 'epoch': 7.67}
{'loss': 0.1299, 'learning_rate': 7.177944862155389e-05, 'epoch': 7.7}
{'loss': 0.0959, 'learning_rate': 7.167919799498747e-05, 'epoch': 7.73}
{'eval_loss': 0.46688130497932434, 'eval_runtime': 33.0682, 'eval_samples_per_second': 7.53, 'eval_steps_per_second': 0.968, 'epoch': 7.73}
{'loss': 0.1208, 'learning_rate': 7.157894736842105e-05, 'epoch': 7.76}
{'loss': 0.1135, 'learning_rate': 7.147869674185465e-05, 'epoch': 7.78}
{'loss': 0.0884, 'learning_rate': 7.137844611528822e-05, 'epoch': 7.81}
{'loss': 0.1342, 'learning_rate': 7.127819548872181e-05, 'epoch': 7.84}
{'loss': 0.106, 'learning_rate': 7.11779448621554e-05, 'epoch': 7.86}
{'eval_loss': 0.45187678933143616, 'eval_runtime': 33.0188, 'eval_samples_per_second': 7.541, 'eval_steps_per_second': 0.969, 'epoch': 7.86}
{'loss': 0.1516, 'learning_rate': 7.107769423558898e-05, 'epoch': 7.89}
{'loss': 0.0697, 'learning_rate': 7.097744360902257e-05, 'epoch': 7.92}
{'loss': 0.1315, 'learning_rate': 7.087719298245614e-05, 'epoch': 7.95}
{'loss': 0.0715, 'learning_rate': 7.077694235588973e-05, 'epoch': 7.97}
{'loss': 0.0674, 'learning_rate': 7.06766917293233e-05, 'epoch': 8.0}
{'eval_loss': 0.4433833658695221, 'eval_runtime': 33.0426, 'eval_samples_per_second': 7.536, 'eval_steps_per_second': 0.968, 'epoch': 8.0}
{'loss': 0.0963, 'learning_rate': 7.05764411027569e-05, 'epoch': 8.03}
{'loss': 0.0439, 'learning_rate': 7.047619047619048e-05, 'epoch': 8.05}
{'loss': 0.0488, 'learning_rate': 7.037593984962406e-05, 'epoch': 8.08}
{'loss': 0.0417, 'learning_rate': 7.027568922305765e-05, 'epoch': 8.11}
{'loss': 0.0611, 'learning_rate': 7.017543859649122e-05, 'epoch': 8.14}
{'eval_loss': 0.4684363603591919, 'eval_runtime': 33.0572, 'eval_samples_per_second': 7.532, 'eval_steps_per_second': 0.968, 'epoch': 8.14}
{'loss': 0.0752, 'learning_rate': 7.007518796992482e-05, 'epoch': 8.16}
{'loss': 0.0695, 'learning_rate': 6.99749373433584e-05, 'epoch': 8.19}
{'loss': 0.0425, 'learning_rate': 6.987468671679198e-05, 'epoch': 8.22}
{'loss': 0.0907, 'learning_rate': 6.977443609022558e-05, 'epoch': 8.24}
{'loss': 0.0939, 'learning_rate': 6.967418546365914e-05, 'epoch': 8.27}
{'eval_loss': 0.4531311094760895, 'eval_runtime': 33.0509, 'eval_samples_per_second': 7.534, 'eval_steps_per_second': 0.968, 'epoch': 8.27}
{'loss': 0.0745, 'learning_rate': 6.957393483709274e-05, 'epoch': 8.3}
{'loss': 0.0804, 'learning_rate': 6.947368421052632e-05, 'epoch': 8.33}
{'loss': 0.07, 'learning_rate': 6.93734335839599e-05, 'epoch': 8.35}
{'loss': 0.0694, 'learning_rate': 6.927318295739348e-05, 'epoch': 8.38}
{'loss': 0.0987, 'learning_rate': 6.917293233082706e-05, 'epoch': 8.41}
{'eval_loss': 0.4539090096950531, 'eval_runtime': 33.057, 'eval_samples_per_second': 7.532, 'eval_steps_per_second': 0.968, 'epoch': 8.41}
{'loss': 0.0606, 'learning_rate': 6.907268170426066e-05, 'epoch': 8.43}
{'loss': 0.0764, 'learning_rate': 6.897243107769424e-05, 'epoch': 8.46}
{'loss': 0.1272, 'learning_rate': 6.887218045112782e-05, 'epoch': 8.49}
{'loss': 0.047, 'learning_rate': 6.87719298245614e-05, 'epoch': 8.52}
{'loss': 0.0381, 'learning_rate': 6.867167919799499e-05, 'epoch': 8.54}
{'eval_loss': 0.451673686504364, 'eval_runtime': 33.1447, 'eval_samples_per_second': 7.513, 'eval_steps_per_second': 0.965, 'epoch': 8.54}
{'loss': 0.1011, 'learning_rate': 6.857142857142858e-05, 'epoch': 8.57}
{'loss': 0.1384, 'learning_rate': 6.847117794486216e-05, 'epoch': 8.6}
{'loss': 0.1202, 'learning_rate': 6.837092731829574e-05, 'epoch': 8.62}
{'loss': 0.072, 'learning_rate': 6.827067669172933e-05, 'epoch': 8.65}
{'loss': 0.0564, 'learning_rate': 6.817042606516291e-05, 'epoch': 8.68}
{'eval_loss': 0.42830365896224976, 'eval_runtime': 33.7478, 'eval_samples_per_second': 7.378, 'eval_steps_per_second': 0.948, 'epoch': 8.68}
{'loss': 0.0535, 'learning_rate': 6.80701754385965e-05, 'epoch': 8.71}
{'loss': 0.0489, 'learning_rate': 6.796992481203008e-05, 'epoch': 8.73}
{'loss': 0.0734, 'learning_rate': 6.786967418546366e-05, 'epoch': 8.76}
{'loss': 0.0609, 'learning_rate': 6.776942355889725e-05, 'epoch': 8.79}
{'loss': 0.095, 'learning_rate': 6.766917293233083e-05, 'epoch': 8.81}
{'eval_loss': 0.4312703609466553, 'eval_runtime': 33.0915, 'eval_samples_per_second': 7.525, 'eval_steps_per_second': 0.967, 'epoch': 8.81}
{'loss': 0.0595, 'learning_rate': 6.756892230576441e-05, 'epoch': 8.84}
{'loss': 0.1016, 'learning_rate': 6.7468671679198e-05, 'epoch': 8.87}
{'loss': 0.084, 'learning_rate': 6.736842105263159e-05, 'epoch': 8.89}
{'loss': 0.0778, 'learning_rate': 6.726817042606517e-05, 'epoch': 8.92}
{'loss': 0.0629, 'learning_rate': 6.716791979949875e-05, 'epoch': 8.95}
{'eval_loss': 0.3980810344219208, 'eval_runtime': 33.0548, 'eval_samples_per_second': 7.533, 'eval_steps_per_second': 0.968, 'epoch': 8.95}
{'loss': 0.098, 'learning_rate': 6.706766917293233e-05, 'epoch': 8.98}
{'loss': 0.054, 'learning_rate': 6.696741854636593e-05, 'epoch': 9.0}
{'loss': 0.0321, 'learning_rate': 6.686716791979951e-05, 'epoch': 9.03}
{'loss': 0.046, 'learning_rate': 6.676691729323309e-05, 'epoch': 9.06}
{'loss': 0.088, 'learning_rate': 6.666666666666667e-05, 'epoch': 9.08}
{'eval_loss': 0.39361771941185, 'eval_runtime': 33.0502, 'eval_samples_per_second': 7.534, 'eval_steps_per_second': 0.968, 'epoch': 9.08}
{'loss': 0.0608, 'learning_rate': 6.656641604010025e-05, 'epoch': 9.11}
{'loss': 0.0384, 'learning_rate': 6.646616541353385e-05, 'epoch': 9.14}
{'loss': 0.0563, 'learning_rate': 6.636591478696741e-05, 'epoch': 9.17}
{'loss': 0.0508, 'learning_rate': 6.626566416040101e-05, 'epoch': 9.19}
{'loss': 0.0464, 'learning_rate': 6.616541353383459e-05, 'epoch': 9.22}
{'eval_loss': 0.3935818076133728, 'eval_runtime': 33.0428, 'eval_samples_per_second': 7.536, 'eval_steps_per_second': 0.968, 'epoch': 9.22}
{'loss': 0.0426, 'learning_rate': 6.606516290726817e-05, 'epoch': 9.25}
{'loss': 0.109, 'learning_rate': 6.596491228070177e-05, 'epoch': 9.27}
{'loss': 0.0441, 'learning_rate': 6.586466165413534e-05, 'epoch': 9.3}
{'loss': 0.0484, 'learning_rate': 6.576441102756893e-05, 'epoch': 9.33}
{'loss': 0.0414, 'learning_rate': 6.566416040100251e-05, 'epoch': 9.36}
{'eval_loss': 0.3691565692424774, 'eval_runtime': 33.0831, 'eval_samples_per_second': 7.527, 'eval_steps_per_second': 0.967, 'epoch': 9.36}
{'loss': 0.0502, 'learning_rate': 6.55639097744361e-05, 'epoch': 9.38}
{'loss': 0.0767, 'learning_rate': 6.546365914786969e-05, 'epoch': 9.41}
{'loss': 0.0843, 'learning_rate': 6.536340852130326e-05, 'epoch': 9.44}
{'loss': 0.0449, 'learning_rate': 6.526315789473685e-05, 'epoch': 9.46}
{'loss': 0.0595, 'learning_rate': 6.516290726817042e-05, 'epoch': 9.49}
{'eval_loss': 0.3628555238246918, 'eval_runtime': 33.0494, 'eval_samples_per_second': 7.534, 'eval_steps_per_second': 0.968, 'epoch': 9.49}
{'loss': 0.0708, 'learning_rate': 6.506265664160401e-05, 'epoch': 9.52}
{'loss': 0.0507, 'learning_rate': 6.49624060150376e-05, 'epoch': 9.55}
{'loss': 0.0462, 'learning_rate': 6.486215538847118e-05, 'epoch': 9.57}
{'loss': 0.0722, 'learning_rate': 6.476190476190477e-05, 'epoch': 9.6}
{'loss': 0.0325, 'learning_rate': 6.466165413533834e-05, 'epoch': 9.63}
{'eval_loss': 0.35573557019233704, 'eval_runtime': 33.0471, 'eval_samples_per_second': 7.535, 'eval_steps_per_second': 0.968, 'epoch': 9.63}
{'loss': 0.0474, 'learning_rate': 6.456140350877194e-05, 'epoch': 9.65}
{'loss': 0.0775, 'learning_rate': 6.446115288220552e-05, 'epoch': 9.68}
{'loss': 0.0751, 'learning_rate': 6.43609022556391e-05, 'epoch': 9.71}
{'loss': 0.07, 'learning_rate': 6.42606516290727e-05, 'epoch': 9.74}
{'loss': 0.0533, 'learning_rate': 6.416040100250626e-05, 'epoch': 9.76}
{'eval_loss': 0.33268558979034424, 'eval_runtime': 33.1476, 'eval_samples_per_second': 7.512, 'eval_steps_per_second': 0.965, 'epoch': 9.76}
{'loss': 0.0561, 'learning_rate': 6.406015037593986e-05, 'epoch': 9.79}
{'loss': 0.0638, 'learning_rate': 6.395989974937344e-05, 'epoch': 9.82}
{'loss': 0.0476, 'learning_rate': 6.385964912280702e-05, 'epoch': 9.84}
{'loss': 0.0291, 'learning_rate': 6.375939849624061e-05, 'epoch': 9.87}
{'loss': 0.0466, 'learning_rate': 6.365914786967418e-05, 'epoch': 9.9}
{'eval_loss': 0.32402193546295166, 'eval_runtime': 33.0419, 'eval_samples_per_second': 7.536, 'eval_steps_per_second': 0.968, 'epoch': 9.9}
{'loss': 0.0825, 'learning_rate': 6.355889724310778e-05, 'epoch': 9.93}
{'loss': 0.0383, 'learning_rate': 6.345864661654136e-05, 'epoch': 9.95}
{'loss': 0.1167, 'learning_rate': 6.335839598997494e-05, 'epoch': 9.98}
{'loss': 0.0389, 'learning_rate': 6.325814536340852e-05, 'epoch': 10.01}
{'loss': 0.0226, 'learning_rate': 6.31578947368421e-05, 'epoch': 10.03}
{'eval_loss': 0.3180554211139679, 'eval_runtime': 33.0457, 'eval_samples_per_second': 7.535, 'eval_steps_per_second': 0.968, 'epoch': 10.03}
{'loss': 0.0331, 'learning_rate': 6.30576441102757e-05, 'epoch': 10.06}
{'loss': 0.035, 'learning_rate': 6.295739348370928e-05, 'epoch': 10.09}
{'loss': 0.0349, 'learning_rate': 6.285714285714286e-05, 'epoch': 10.12}
{'loss': 0.036, 'learning_rate': 6.275689223057644e-05, 'epoch': 10.14}
{'loss': 0.0374, 'learning_rate': 6.265664160401002e-05, 'epoch': 10.17}
{'eval_loss': 0.3248721957206726, 'eval_runtime': 33.0406, 'eval_samples_per_second': 7.536, 'eval_steps_per_second': 0.969, 'epoch': 10.17}
{'loss': 0.0374, 'learning_rate': 6.255639097744362e-05, 'epoch': 10.2}
{'loss': 0.0364, 'learning_rate': 6.24561403508772e-05, 'epoch': 10.22}
{'loss': 0.0349, 'learning_rate': 6.235588972431078e-05, 'epoch': 10.25}
{'loss': 0.044, 'learning_rate': 6.225563909774436e-05, 'epoch': 10.28}
{'loss': 0.0339, 'learning_rate': 6.215538847117795e-05, 'epoch': 10.31}
{'eval_loss': 0.3306565582752228, 'eval_runtime': 33.0327, 'eval_samples_per_second': 7.538, 'eval_steps_per_second': 0.969, 'epoch': 10.31}
{'loss': 0.0366, 'learning_rate': 6.205513784461153e-05, 'epoch': 10.33}
{'loss': 0.0339, 'learning_rate': 6.195488721804512e-05, 'epoch': 10.36}
{'loss': 0.0255, 'learning_rate': 6.18546365914787e-05, 'epoch': 10.39}
{'loss': 0.0569, 'learning_rate': 6.175438596491228e-05, 'epoch': 10.41}
{'loss': 0.0256, 'learning_rate': 6.165413533834587e-05, 'epoch': 10.44}
{'eval_loss': 0.31911998987197876, 'eval_runtime': 33.0374, 'eval_samples_per_second': 7.537, 'eval_steps_per_second': 0.969, 'epoch': 10.44}
{'loss': 0.0508, 'learning_rate': 6.155388471177945e-05, 'epoch': 10.47}
{'loss': 0.0408, 'learning_rate': 6.145363408521304e-05, 'epoch': 10.49}
{'loss': 0.0437, 'learning_rate': 6.135338345864662e-05, 'epoch': 10.52}
{'loss': 0.0513, 'learning_rate': 6.12531328320802e-05, 'epoch': 10.55}
{'loss': 0.0426, 'learning_rate': 6.115288220551379e-05, 'epoch': 10.58}
{'eval_loss': 0.31750574707984924, 'eval_runtime': 33.014, 'eval_samples_per_second': 7.542, 'eval_steps_per_second': 0.969, 'epoch': 10.58}
{'loss': 0.041, 'learning_rate': 6.105263157894737e-05, 'epoch': 10.6}
{'loss': 0.0521, 'learning_rate': 6.0952380952380964e-05, 'epoch': 10.63}
{'loss': 0.0353, 'learning_rate': 6.085213032581454e-05, 'epoch': 10.66}
{'loss': 0.0236, 'learning_rate': 6.075187969924813e-05, 'epoch': 10.68}
{'loss': 0.0308, 'learning_rate': 6.06516290726817e-05, 'epoch': 10.71}
{'eval_loss': 0.3206885755062103, 'eval_runtime': 33.0591, 'eval_samples_per_second': 7.532, 'eval_steps_per_second': 0.968, 'epoch': 10.71}
{'loss': 0.0452, 'learning_rate': 6.055137844611529e-05, 'epoch': 10.74}
{'loss': 0.0504, 'learning_rate': 6.045112781954888e-05, 'epoch': 10.77}
{'loss': 0.0368, 'learning_rate': 6.035087719298246e-05, 'epoch': 10.79}
{'loss': 0.0507, 'learning_rate': 6.025062656641605e-05, 'epoch': 10.82}
{'loss': 0.0506, 'learning_rate': 6.015037593984962e-05, 'epoch': 10.85}
{'eval_loss': 0.32084110379219055, 'eval_runtime': 33.0382, 'eval_samples_per_second': 7.537, 'eval_steps_per_second': 0.969, 'epoch': 10.85}
{'loss': 0.0447, 'learning_rate': 6.005012531328321e-05, 'epoch': 10.87}
{'loss': 0.0434, 'learning_rate': 5.994987468671679e-05, 'epoch': 10.9}
{'loss': 0.0414, 'learning_rate': 5.984962406015038e-05, 'epoch': 10.93}
{'loss': 0.029, 'learning_rate': 5.974937343358397e-05, 'epoch': 10.96}
{'loss': 0.0496, 'learning_rate': 5.9649122807017544e-05, 'epoch': 10.98}
{'eval_loss': 0.3137132227420807, 'eval_runtime': 33.0415, 'eval_samples_per_second': 7.536, 'eval_steps_per_second': 0.968, 'epoch': 10.98}
{'loss': 0.0422, 'learning_rate': 5.954887218045113e-05, 'epoch': 11.01}
{'loss': 0.0277, 'learning_rate': 5.9448621553884706e-05, 'epoch': 11.04}
{'loss': 0.0177, 'learning_rate': 5.9348370927318295e-05, 'epoch': 11.06}
{'loss': 0.0271, 'learning_rate': 5.924812030075188e-05, 'epoch': 11.09}
{'loss': 0.0352, 'learning_rate': 5.9147869674185465e-05, 'epoch': 11.12}
{'eval_loss': 0.31641122698783875, 'eval_runtime': 33.0602, 'eval_samples_per_second': 7.532, 'eval_steps_per_second': 0.968, 'epoch': 11.12}
{'loss': 0.028, 'learning_rate': 5.904761904761905e-05, 'epoch': 11.15}
{'loss': 0.0637, 'learning_rate': 5.894736842105263e-05, 'epoch': 11.17}
{'loss': 0.0199, 'learning_rate': 5.8847117794486216e-05, 'epoch': 11.2}
{'loss': 0.025, 'learning_rate': 5.8746867167919804e-05, 'epoch': 11.23}
{'loss': 0.0286, 'learning_rate': 5.8646616541353386e-05, 'epoch': 11.25}
{'eval_loss': 0.3118571639060974, 'eval_runtime': 33.0183, 'eval_samples_per_second': 7.541, 'eval_steps_per_second': 0.969, 'epoch': 11.25}
{'loss': 0.0239, 'learning_rate': 5.8546365914786974e-05, 'epoch': 11.28}
{'loss': 0.0332, 'learning_rate': 5.844611528822055e-05, 'epoch': 11.31}
{'loss': 0.0338, 'learning_rate': 5.834586466165414e-05, 'epoch': 11.34}
{'loss': 0.0602, 'learning_rate': 5.8245614035087725e-05, 'epoch': 11.36}
{'loss': 0.035, 'learning_rate': 5.81453634085213e-05, 'epoch': 11.39}
{'eval_loss': 0.30626818537712097, 'eval_runtime': 33.0544, 'eval_samples_per_second': 7.533, 'eval_steps_per_second': 0.968, 'epoch': 11.39}
{'loss': 0.0346, 'learning_rate': 5.804511278195489e-05, 'epoch': 11.42}
{'loss': 0.0306, 'learning_rate': 5.794486215538847e-05, 'epoch': 11.44}
{'loss': 0.0287, 'learning_rate': 5.784461152882206e-05, 'epoch': 11.47}
{'loss': 0.0448, 'learning_rate': 5.7744360902255646e-05, 'epoch': 11.5}
{'loss': 0.0485, 'learning_rate': 5.764411027568922e-05, 'epoch': 11.53}
{'eval_loss': 0.30393049120903015, 'eval_runtime': 33.0354, 'eval_samples_per_second': 7.537, 'eval_steps_per_second': 0.969, 'epoch': 11.53}
{'loss': 0.0397, 'learning_rate': 5.754385964912281e-05, 'epoch': 11.55}
{'loss': 0.0429, 'learning_rate': 5.744360902255639e-05, 'epoch': 11.58}
{'loss': 0.0382, 'learning_rate': 5.734335839598998e-05, 'epoch': 11.61}
{'loss': 0.0212, 'learning_rate': 5.724310776942357e-05, 'epoch': 11.63}
{'loss': 0.0263, 'learning_rate': 5.714285714285714e-05, 'epoch': 11.66}
{'eval_loss': 0.2990081310272217, 'eval_runtime': 33.047, 'eval_samples_per_second': 7.535, 'eval_steps_per_second': 0.968, 'epoch': 11.66}
{'loss': 0.026, 'learning_rate': 5.704260651629073e-05, 'epoch': 11.69}
{'loss': 0.0195, 'learning_rate': 5.694235588972431e-05, 'epoch': 11.72}
{'loss': 0.0214, 'learning_rate': 5.68421052631579e-05, 'epoch': 11.74}
{'loss': 0.0275, 'learning_rate': 5.674185463659149e-05, 'epoch': 11.77}
{'loss': 0.0352, 'learning_rate': 5.664160401002506e-05, 'epoch': 11.8}
{'eval_loss': 0.3032098710536957, 'eval_runtime': 33.032, 'eval_samples_per_second': 7.538, 'eval_steps_per_second': 0.969, 'epoch': 11.8}
{'loss': 0.0378, 'learning_rate': 5.654135338345865e-05, 'epoch': 11.82}
{'loss': 0.022, 'learning_rate': 5.6441102756892226e-05, 'epoch': 11.85}
{'loss': 0.0236, 'learning_rate': 5.6340852130325814e-05, 'epoch': 11.88}
{'loss': 0.0255, 'learning_rate': 5.62406015037594e-05, 'epoch': 11.91}
{'loss': 0.0343, 'learning_rate': 5.6140350877192984e-05, 'epoch': 11.93}
{'eval_loss': 0.29593461751937866, 'eval_runtime': 33.0342, 'eval_samples_per_second': 7.538, 'eval_steps_per_second': 0.969, 'epoch': 11.93}
{'loss': 0.0244, 'learning_rate': 5.604010025062657e-05, 'epoch': 11.96}
{'loss': 0.0389, 'learning_rate': 5.593984962406015e-05, 'epoch': 11.99}
{'loss': 0.024, 'learning_rate': 5.5839598997493735e-05, 'epoch': 12.01}
{'loss': 0.0605, 'learning_rate': 5.573934837092732e-05, 'epoch': 12.04}
{'loss': 0.0239, 'learning_rate': 5.5639097744360905e-05, 'epoch': 12.07}
{'eval_loss': 0.2741166651248932, 'eval_runtime': 33.0478, 'eval_samples_per_second': 7.535, 'eval_steps_per_second': 0.968, 'epoch': 12.07}
{'loss': 0.0249, 'learning_rate': 5.553884711779449e-05, 'epoch': 12.09}
{'loss': 0.0145, 'learning_rate': 5.543859649122807e-05, 'epoch': 12.12}
{'loss': 0.0216, 'learning_rate': 5.5338345864661656e-05, 'epoch': 12.15}
{'loss': 0.0178, 'learning_rate': 5.5238095238095244e-05, 'epoch': 12.18}
{'loss': 0.0234, 'learning_rate': 5.513784461152882e-05, 'epoch': 12.2}
{'eval_loss': 0.2795359194278717, 'eval_runtime': 33.048, 'eval_samples_per_second': 7.534, 'eval_steps_per_second': 0.968, 'epoch': 12.2}
{'loss': 0.0202, 'learning_rate': 5.503759398496241e-05, 'epoch': 12.23}
{'loss': 0.0156, 'learning_rate': 5.493734335839599e-05, 'epoch': 12.26}
{'loss': 0.0205, 'learning_rate': 5.483709273182958e-05, 'epoch': 12.28}
{'loss': 0.0184, 'learning_rate': 5.4736842105263165e-05, 'epoch': 12.31}
{'loss': 0.0241, 'learning_rate': 5.463659147869674e-05, 'epoch': 12.34}
{'eval_loss': 0.27596139907836914, 'eval_runtime': 33.0518, 'eval_samples_per_second': 7.534, 'eval_steps_per_second': 0.968, 'epoch': 12.34}
{'loss': 0.0222, 'learning_rate': 5.453634085213033e-05, 'epoch': 12.37}
{'loss': 0.0164, 'learning_rate': 5.443609022556391e-05, 'epoch': 12.39}
{'loss': 0.0176, 'learning_rate': 5.43358395989975e-05, 'epoch': 12.42}
{'loss': 0.0364, 'learning_rate': 5.4235588972431086e-05, 'epoch': 12.45}
{'loss': 0.017, 'learning_rate': 5.413533834586466e-05, 'epoch': 12.47}
{'eval_loss': 0.27509868144989014, 'eval_runtime': 33.0465, 'eval_samples_per_second': 7.535, 'eval_steps_per_second': 0.968, 'epoch': 12.47}
{'loss': 0.0593, 'learning_rate': 5.403508771929825e-05, 'epoch': 12.5}
{'loss': 0.0329, 'learning_rate': 5.3934837092731824e-05, 'epoch': 12.53}
{'loss': 0.0309, 'learning_rate': 5.383458646616541e-05, 'epoch': 12.56}
{'loss': 0.0437, 'learning_rate': 5.3734335839599e-05, 'epoch': 12.58}
{'loss': 0.0148, 'learning_rate': 5.363408521303258e-05, 'epoch': 12.61}
{'eval_loss': 0.24965612590312958, 'eval_runtime': 33.0678, 'eval_samples_per_second': 7.53, 'eval_steps_per_second': 0.968, 'epoch': 12.61}
{'loss': 0.029, 'learning_rate': 5.353383458646617e-05, 'epoch': 12.64}
{'loss': 0.021, 'learning_rate': 5.3433583959899745e-05, 'epoch': 12.66}
{'loss': 0.0207, 'learning_rate': 5.333333333333333e-05, 'epoch': 12.69}
{'loss': 0.0197, 'learning_rate': 5.323308270676692e-05, 'epoch': 12.72}
{'loss': 0.0186, 'learning_rate': 5.31328320802005e-05, 'epoch': 12.75}
{'eval_loss': 0.2561909556388855, 'eval_runtime': 33.0846, 'eval_samples_per_second': 7.526, 'eval_steps_per_second': 0.967, 'epoch': 12.75}
{'loss': 0.0175, 'learning_rate': 5.303258145363409e-05, 'epoch': 12.77}
{'loss': 0.0189, 'learning_rate': 5.2932330827067666e-05, 'epoch': 12.8}
{'loss': 0.0212, 'learning_rate': 5.2832080200501254e-05, 'epoch': 12.83}
{'loss': 0.0366, 'learning_rate': 5.273182957393484e-05, 'epoch': 12.85}
{'loss': 0.0179, 'learning_rate': 5.2631578947368424e-05, 'epoch': 12.88}
{'eval_loss': 0.24865542352199554, 'eval_runtime': 33.0898, 'eval_samples_per_second': 7.525, 'eval_steps_per_second': 0.967, 'epoch': 12.88}
{'loss': 0.0199, 'learning_rate': 5.253132832080201e-05, 'epoch': 12.91}
{'loss': 0.0183, 'learning_rate': 5.243107769423559e-05, 'epoch': 12.94}
{'loss': 0.0211, 'learning_rate': 5.2330827067669175e-05, 'epoch': 12.96}
{'loss': 0.0188, 'learning_rate': 5.2230576441102763e-05, 'epoch': 12.99}
{'loss': 0.0172, 'learning_rate': 5.213032581453634e-05, 'epoch': 13.02}
{'eval_loss': 0.2475188970565796, 'eval_runtime': 33.0876, 'eval_samples_per_second': 7.525, 'eval_steps_per_second': 0.967, 'epoch': 13.02}
{'loss': 0.0248, 'learning_rate': 5.2030075187969926e-05, 'epoch': 13.04}
{'loss': 0.0492, 'learning_rate': 5.192982456140351e-05, 'epoch': 13.07}
{'loss': 0.0443, 'learning_rate': 5.1829573934837096e-05, 'epoch': 13.1}
{'loss': 0.0144, 'learning_rate': 5.1729323308270684e-05, 'epoch': 13.13}
{'loss': 0.0131, 'learning_rate': 5.162907268170426e-05, 'epoch': 13.15}
{'eval_loss': 0.22755829989910126, 'eval_runtime': 33.0626, 'eval_samples_per_second': 7.531, 'eval_steps_per_second': 0.968, 'epoch': 13.15}
