[2024-03-12 12:52:34,429] torch.distributed.run: [WARNING] 
[2024-03-12 12:52:34,429] torch.distributed.run: [WARNING] *****************************************
[2024-03-12 12:52:34,429] torch.distributed.run: [WARNING] Setting OMP_NUM_THREADS environment variable for each process to be 1 in default, to avoid your system being overloaded, please further tune the variable for optimal performance in your application as needed. 
[2024-03-12 12:52:34,429] torch.distributed.run: [WARNING] *****************************************
/scr/jphilipp/miniconda3/envs/typo/lib/python3.10/site-packages/hydra/_internal/defaults_list.py:251: UserWarning: In 'train_typo': Defaults list is missing `_self_`. See https://hydra.cc/docs/1.2/upgrades/1.0_to_1.1/default_composition_order for more information
  warnings.warn(msg, UserWarning)
/scr/jphilipp/miniconda3/envs/typo/lib/python3.10/site-packages/hydra/_internal/defaults_list.py:251: UserWarning: In 'train_typo': Defaults list is missing `_self_`. See https://hydra.cc/docs/1.2/upgrades/1.0_to_1.1/default_composition_order for more information
  warnings.warn(msg, UserWarning)
/scr/jphilipp/miniconda3/envs/typo/lib/python3.10/site-packages/hydra/_internal/defaults_list.py:251: UserWarning: In 'train_typo': Defaults list is missing `_self_`. See https://hydra.cc/docs/1.2/upgrades/1.0_to_1.1/default_composition_order for more information
  warnings.warn(msg, UserWarning)
/scr/jphilipp/miniconda3/envs/typo/lib/python3.10/site-packages/hydra/_internal/defaults_list.py:251: UserWarning: In 'train_typo': Defaults list is missing `_self_`. See https://hydra.cc/docs/1.2/upgrades/1.0_to_1.1/default_composition_order for more information
  warnings.warn(msg, UserWarning)
wandb: Currently logged in as: janphilipp-franken. Use `wandb login --relogin` to force relogin
wandb: Currently logged in as: janphilipp-franken. Use `wandb login --relogin` to force relogin
wandb: Currently logged in as: janphilipp-franken. Use `wandb login --relogin` to force relogin
wandb: Currently logged in as: janphilipp-franken. Use `wandb login --relogin` to force relogin
wandb: Tracking run with wandb version 0.16.4
wandb: Run data is saved locally in /sailhome/jphilipp/research_projects/typo/experiments/experiment_1/wandb/run-20240312_125237-qz0smj74
wandb: Run `wandb offline` to turn off syncing.
wandb: Syncing run typo-beta-1.0-lr-1e-6
wandb: ⭐️ View project at https://wandb.ai/janphilipp-franken/hh-rlhf-typo-exp-1
wandb: 🚀 View run at https://wandb.ai/janphilipp-franken/hh-rlhf-typo-exp-1/runs/qz0smj74
wandb: Tracking run with wandb version 0.16.4
wandb: Run data is saved locally in /sailhome/jphilipp/research_projects/typo/experiments/experiment_1/wandb/run-20240312_125237-dapfmkj0
wandb: Run `wandb offline` to turn off syncing.
wandb: Syncing run typo-beta-1.0-lr-1e-6
wandb: ⭐️ View project at https://wandb.ai/janphilipp-franken/hh-rlhf-typo-exp-1
wandb: 🚀 View run at https://wandb.ai/janphilipp-franken/hh-rlhf-typo-exp-1/runs/dapfmkj0
wandb: Tracking run with wandb version 0.16.4
wandb: Run data is saved locally in /sailhome/jphilipp/research_projects/typo/experiments/experiment_1/wandb/run-20240312_125237-zgl7xqu0
wandb: Run `wandb offline` to turn off syncing.
wandb: Syncing run typo-beta-1.0-lr-1e-6
wandb: ⭐️ View project at https://wandb.ai/janphilipp-franken/hh-rlhf-typo-exp-1
wandb: 🚀 View run at https://wandb.ai/janphilipp-franken/hh-rlhf-typo-exp-1/runs/zgl7xqu0
wandb: Tracking run with wandb version 0.16.4
wandb: Run data is saved locally in /sailhome/jphilipp/research_projects/typo/experiments/experiment_1/wandb/run-20240312_125237-jojifvrv
wandb: Run `wandb offline` to turn off syncing.
wandb: Syncing run typo-beta-1.0-lr-1e-6
wandb: ⭐️ View project at https://wandb.ai/janphilipp-franken/hh-rlhf-typo-exp-1
wandb: 🚀 View run at https://wandb.ai/janphilipp-franken/hh-rlhf-typo-exp-1/runs/jojifvrv
Loading checkpoint shards:   0%|          | 0/2 [00:00<?, ?it/s]Loading checkpoint shards:   0%|          | 0/2 [00:00<?, ?it/s]Loading checkpoint shards:   0%|          | 0/2 [00:00<?, ?it/s]Loading checkpoint shards:   0%|          | 0/2 [00:00<?, ?it/s]