[2024-03-08 16:55:20,094] torch.distributed.run: [WARNING] 
[2024-03-08 16:55:20,094] torch.distributed.run: [WARNING] *****************************************
[2024-03-08 16:55:20,094] torch.distributed.run: [WARNING] Setting OMP_NUM_THREADS environment variable for each process to be 1 in default, to avoid your system being overloaded, please further tune the variable for optimal performance in your application as needed. 
[2024-03-08 16:55:20,094] torch.distributed.run: [WARNING] *****************************************
/scr/jphilipp/miniconda3/envs/scai-tuning/lib/python3.10/site-packages/hydra/_internal/defaults_list.py:251: UserWarning: In 'train_pragpo': Defaults list is missing `_self_`. See https://hydra.cc/docs/1.2/upgrades/1.0_to_1.1/default_composition_order for more information
  warnings.warn(msg, UserWarning)
/scr/jphilipp/miniconda3/envs/scai-tuning/lib/python3.10/site-packages/hydra/_internal/defaults_list.py:251: UserWarning: In 'train_pragpo': Defaults list is missing `_self_`. See https://hydra.cc/docs/1.2/upgrades/1.0_to_1.1/default_composition_order for more information
  warnings.warn(msg, UserWarning)
/scr/jphilipp/miniconda3/envs/scai-tuning/lib/python3.10/site-packages/hydra/_internal/defaults_list.py:251: UserWarning: In 'train_pragpo': Defaults list is missing `_self_`. See https://hydra.cc/docs/1.2/upgrades/1.0_to_1.1/default_composition_order for more information
  warnings.warn(msg, UserWarning)
/scr/jphilipp/miniconda3/envs/scai-tuning/lib/python3.10/site-packages/hydra/_internal/defaults_list.py:251: UserWarning: In 'train_pragpo': Defaults list is missing `_self_`. See https://hydra.cc/docs/1.2/upgrades/1.0_to_1.1/default_composition_order for more information
  warnings.warn(msg, UserWarning)
wandb: Currently logged in as: janphilipp-franken. Use `wandb login --relogin` to force relogin
wandb: Currently logged in as: janphilipp-franken. Use `wandb login --relogin` to force relogin
wandb: Currently logged in as: janphilipp-franken. Use `wandb login --relogin` to force relogin
wandb: Currently logged in as: janphilipp-franken. Use `wandb login --relogin` to force relogin
wandb: wandb version 0.16.4 is available!  To upgrade, please run:
wandb:  $ pip install wandb --upgrade
wandb: Tracking run with wandb version 0.16.0
wandb: Run data is saved locally in /sailhome/jphilipp/research_projects/scai-tuning/experiments/wandb/run-20240308_165524-19lcy82x
wandb: Run `wandb offline` to turn off syncing.
wandb: wandb version 0.16.4 is available!  To upgrade, please run:
wandb:  $ pip install wandb --upgrade
wandb: Tracking run with wandb version 0.16.0
wandb: Run data is saved locally in /sailhome/jphilipp/research_projects/scai-tuning/experiments/wandb/run-20240308_165524-zx5nhft2
wandb: Run `wandb offline` to turn off syncing.
wandb: Syncing run typo-beta-0.1-iteration-1
wandb: ⭐️ View project at https://wandb.ai/janphilipp-franken/hh-rlhf-typo-multi-turn
wandb: 🚀 View run at https://wandb.ai/janphilipp-franken/hh-rlhf-typo-multi-turn/runs/19lcy82x
wandb: wandb version 0.16.4 is available!  To upgrade, please run:
wandb:  $ pip install wandb --upgrade
wandb: Tracking run with wandb version 0.16.0
wandb: Run data is saved locally in /sailhome/jphilipp/research_projects/scai-tuning/experiments/wandb/run-20240308_165524-wnevb1jx
wandb: Run `wandb offline` to turn off syncing.
wandb: Syncing run typo-beta-0.1-iteration-1
wandb: ⭐️ View project at https://wandb.ai/janphilipp-franken/hh-rlhf-typo-multi-turn
wandb: 🚀 View run at https://wandb.ai/janphilipp-franken/hh-rlhf-typo-multi-turn/runs/zx5nhft2
wandb: Syncing run typo-beta-0.1-iteration-1
wandb: ⭐️ View project at https://wandb.ai/janphilipp-franken/hh-rlhf-typo-multi-turn
wandb: 🚀 View run at https://wandb.ai/janphilipp-franken/hh-rlhf-typo-multi-turn/runs/wnevb1jx
wandb: wandb version 0.16.4 is available!  To upgrade, please run:
wandb:  $ pip install wandb --upgrade
wandb: Tracking run with wandb version 0.16.0
wandb: Run data is saved locally in /sailhome/jphilipp/research_projects/scai-tuning/experiments/wandb/run-20240308_165524-bk4l374e
wandb: Run `wandb offline` to turn off syncing.
wandb: Syncing run typo-beta-0.1-iteration-1
wandb: ⭐️ View project at https://wandb.ai/janphilipp-franken/hh-rlhf-typo-multi-turn
wandb: 🚀 View run at https://wandb.ai/janphilipp-franken/hh-rlhf-typo-multi-turn/runs/bk4l374e
Loading checkpoint shards:   0%|          | 0/2 [00:00<?, ?it/s]Loading checkpoint shards:   0%|          | 0/2 [00:00<?, ?it/s]Loading checkpoint shards:   0%|          | 0/2 [00:00<?, ?it/s]Loading checkpoint shards:   0%|          | 0/2 [00:00<?, ?it/s]