[2024-03-07 09:25:44,858] [INFO] [real_accelerator.py:161:get_accelerator] Setting ds_accelerator to cuda (auto detect)
[2024-03-07 09:25:44,860] [INFO] [real_accelerator.py:161:get_accelerator] Setting ds_accelerator to cuda (auto detect)
[2024-03-07 09:25:44,864] [INFO] [real_accelerator.py:161:get_accelerator] Setting ds_accelerator to cuda (auto detect)
[2024-03-07 09:25:44,864] [INFO] [real_accelerator.py:161:get_accelerator] Setting ds_accelerator to cuda (auto detect)
[2024-03-07 09:26:09,894] [INFO] [comm.py:637:init_distributed] cdb=None
[2024-03-07 09:26:09,899] [INFO] [comm.py:637:init_distributed] cdb=None
[2024-03-07 09:26:10,109] [INFO] [comm.py:637:init_distributed] cdb=None
[2024-03-07 09:26:10,110] [INFO] [comm.py:668:init_distributed] Initializing TorchBackend in DeepSpeed with backend nccl
[2024-03-07 09:26:10,267] [INFO] [comm.py:637:init_distributed] cdb=None
[2024-03-07 09:26:10,366][datasets.fingerprint][WARNING] - Parameter 'function'=<bound method DPOTrainer.tokenize_row of <trl.trainer.dpo_trainer.DPOTrainer object at 0x7f5f33cbfa30>> of the transform datasets.arrow_dataset.Dataset._map_single couldn't be hashed properly, a random hash was used instead. Make sure your transforms and parameters are serializable with pickle or dill for the dataset fingerprinting and caching to work. If you reuse this transform, the caching mechanism will consider it to be different from the previous calls and recompute everything. This warning is only showed once. Subsequent hashing failures won't be showed.
[2024-03-07 09:26:51,622][accelerate.utils.other][WARNING] - Detected kernel version 5.4.0, which is below the recommended minimum of 5.5.0; this can cause the process to hang. It is recommended to upgrade the kernel to the minimum version or higher.
[2024-03-07 09:26:51,626] [INFO] [logging.py:96:log_dist] [Rank 0] DeepSpeed info: version=0.12.6, git-hash=unknown, git-branch=unknown
[2024-03-07 09:26:51,831][datasets.fingerprint][WARNING] - Parameter 'function'=<bound method DPOTrainer.tokenize_row of <trl.trainer.dpo_trainer.DPOTrainer object at 0x7f026d637af0>> of the transform datasets.arrow_dataset.Dataset._map_single couldn't be hashed properly, a random hash was used instead. Make sure your transforms and parameters are serializable with pickle or dill for the dataset fingerprinting and caching to work. If you reuse this transform, the caching mechanism will consider it to be different from the previous calls and recompute everything. This warning is only showed once. Subsequent hashing failures won't be showed.
[2024-03-07 09:26:51,832][datasets.fingerprint][WARNING] - Parameter 'function'=<bound method DPOTrainer.tokenize_row of <trl.trainer.dpo_trainer.DPOTrainer object at 0x7fbcb7a6f790>> of the transform datasets.arrow_dataset.Dataset._map_single couldn't be hashed properly, a random hash was used instead. Make sure your transforms and parameters are serializable with pickle or dill for the dataset fingerprinting and caching to work. If you reuse this transform, the caching mechanism will consider it to be different from the previous calls and recompute everything. This warning is only showed once. Subsequent hashing failures won't be showed.
[2024-03-07 09:26:51,835][datasets.fingerprint][WARNING] - Parameter 'function'=<bound method DPOTrainer.tokenize_row of <trl.trainer.dpo_trainer.DPOTrainer object at 0x7fb9a8d2bb20>> of the transform datasets.arrow_dataset.Dataset._map_single couldn't be hashed properly, a random hash was used instead. Make sure your transforms and parameters are serializable with pickle or dill for the dataset fingerprinting and caching to work. If you reuse this transform, the caching mechanism will consider it to be different from the previous calls and recompute everything. This warning is only showed once. Subsequent hashing failures won't be showed.
[2024-03-07 09:27:38,937] [INFO] [logging.py:96:log_dist] [Rank 0] DeepSpeed Flops Profiler Enabled: False
[2024-03-07 09:27:38,938] [INFO] [logging.py:96:log_dist] [Rank 0] Creating BF16 optimizer
[2024-03-07 09:27:39,066] [INFO] [utils.py:791:see_memory_usage] begin bf16_optimizer
[2024-03-07 09:27:39,067] [INFO] [utils.py:792:see_memory_usage] MA 13.99 GB         Max_MA 13.99 GB         CA 14.24 GB         Max_CA 14 GB 
[2024-03-07 09:27:39,067] [INFO] [utils.py:799:see_memory_usage] CPU Virtual Memory:  used = 83.59 GB, percent = 8.3%
[2024-03-07 09:27:39,186] [INFO] [utils.py:791:see_memory_usage] end bf16_optimizer
[2024-03-07 09:27:39,187] [INFO] [utils.py:792:see_memory_usage] MA 13.99 GB         Max_MA 13.99 GB         CA 14.24 GB         Max_CA 14 GB 
[2024-03-07 09:27:39,187] [INFO] [utils.py:799:see_memory_usage] CPU Virtual Memory:  used = 82.15 GB, percent = 8.2%
[2024-03-07 09:27:39,188] [INFO] [config.py:984:print] DeepSpeedEngine configuration:
[2024-03-07 09:27:39,188] [INFO] [config.py:988:print]   activation_checkpointing_config  {
    "partition_activations": false, 
    "contiguous_memory_optimization": false, 
    "cpu_checkpointing": false, 
    "number_checkpoints": null, 
    "synchronize_checkpoint_boundary": false, 
    "profile": false
}
[2024-03-07 09:27:39,188] [INFO] [config.py:988:print]   aio_config ................... {'block_size': 1048576, 'queue_depth': 8, 'thread_count': 1, 'single_submit': False, 'overlap_events': True}
[2024-03-07 09:27:39,188] [INFO] [config.py:988:print]   amp_enabled .................. False
[2024-03-07 09:27:39,188] [INFO] [config.py:988:print]   amp_params ................... False
[2024-03-07 09:27:39,188] [INFO] [config.py:988:print]   autotuning_config ............ {
    "enabled": false, 
    "start_step": null, 
    "end_step": null, 
    "metric_path": null, 
    "arg_mappings": null, 
    "metric": "throughput", 
    "model_info": null, 
    "results_dir": "autotuning_results", 
    "exps_dir": "autotuning_exps", 
    "overwrite": true, 
    "fast": true, 
    "start_profile_step": 3, 
    "end_profile_step": 5, 
    "tuner_type": "gridsearch", 
    "tuner_early_stopping": 5, 
    "tuner_num_trials": 50, 
    "model_info_path": null, 
    "mp_size": 1, 
    "max_train_batch_size": null, 
    "min_train_batch_size": 1, 
    "max_train_micro_batch_size_per_gpu": 1.024000e+03, 
    "min_train_micro_batch_size_per_gpu": 1, 
    "num_tuning_micro_batch_sizes": 3
}
[2024-03-07 09:27:39,188] [INFO] [config.py:988:print]   bfloat16_enabled ............. True
[2024-03-07 09:27:39,188] [INFO] [config.py:988:print]   checkpoint_parallel_write_pipeline  False
[2024-03-07 09:27:39,188] [INFO] [config.py:988:print]   checkpoint_tag_validation_enabled  True
[2024-03-07 09:27:39,189] [INFO] [config.py:988:print]   checkpoint_tag_validation_fail  False
[2024-03-07 09:27:39,189] [INFO] [config.py:988:print]   comms_config ................. <deepspeed.comm.config.DeepSpeedCommsConfig object at 0x7f5f33d11360>
[2024-03-07 09:27:39,189] [INFO] [config.py:988:print]   communication_data_type ...... None
[2024-03-07 09:27:39,189] [INFO] [config.py:988:print]   compression_config ........... {'weight_quantization': {'shared_parameters': {'enabled': False, 'quantizer_kernel': False, 'schedule_offset': 0, 'quantize_groups': 1, 'quantize_verbose': False, 'quantization_type': 'symmetric', 'quantize_weight_in_forward': False, 'rounding': 'nearest', 'fp16_mixed_quantize': False, 'quantize_change_ratio': 0.001}, 'different_groups': {}}, 'activation_quantization': {'shared_parameters': {'enabled': False, 'quantization_type': 'symmetric', 'range_calibration': 'dynamic', 'schedule_offset': 1000}, 'different_groups': {}}, 'sparse_pruning': {'shared_parameters': {'enabled': False, 'method': 'l1', 'schedule_offset': 1000}, 'different_groups': {}}, 'row_pruning': {'shared_parameters': {'enabled': False, 'method': 'l1', 'schedule_offset': 1000}, 'different_groups': {}}, 'head_pruning': {'shared_parameters': {'enabled': False, 'method': 'topk', 'schedule_offset': 1000}, 'different_groups': {}}, 'channel_pruning': {'shared_parameters': {'enabled': False, 'method': 'l1', 'schedule_offset': 1000}, 'different_groups': {}}, 'layer_reduction': {'enabled': False}}
[2024-03-07 09:27:39,189] [INFO] [config.py:988:print]   curriculum_enabled_legacy .... False
[2024-03-07 09:27:39,189] [INFO] [config.py:988:print]   curriculum_params_legacy ..... False
[2024-03-07 09:27:39,189] [INFO] [config.py:988:print]   data_efficiency_config ....... {'enabled': False, 'seed': 1234, 'data_sampling': {'enabled': False, 'num_epochs': 1000, 'num_workers': 0, 'curriculum_learning': {'enabled': False}}, 'data_routing': {'enabled': False, 'random_ltd': {'enabled': False, 'layer_token_lr_schedule': {'enabled': False}}}}
[2024-03-07 09:27:39,189] [INFO] [config.py:988:print]   data_efficiency_enabled ...... False
[2024-03-07 09:27:39,189] [INFO] [config.py:988:print]   dataloader_drop_last ......... False
[2024-03-07 09:27:39,189] [INFO] [config.py:988:print]   disable_allgather ............ False
[2024-03-07 09:27:39,189] [INFO] [config.py:988:print]   dump_state ................... False
[2024-03-07 09:27:39,189] [INFO] [config.py:988:print]   dynamic_loss_scale_args ...... None
[2024-03-07 09:27:39,189] [INFO] [config.py:988:print]   eigenvalue_enabled ........... False
[2024-03-07 09:27:39,189] [INFO] [config.py:988:print]   eigenvalue_gas_boundary_resolution  1
[2024-03-07 09:27:39,189] [INFO] [config.py:988:print]   eigenvalue_layer_name ........ bert.encoder.layer
[2024-03-07 09:27:39,189] [INFO] [config.py:988:print]   eigenvalue_layer_num ......... 0
[2024-03-07 09:27:39,189] [INFO] [config.py:988:print]   eigenvalue_max_iter .......... 100
[2024-03-07 09:27:39,189] [INFO] [config.py:988:print]   eigenvalue_stability ......... 1e-06
[2024-03-07 09:27:39,189] [INFO] [config.py:988:print]   eigenvalue_tol ............... 0.01
[2024-03-07 09:27:39,189] [INFO] [config.py:988:print]   eigenvalue_verbose ........... False
[2024-03-07 09:27:39,189] [INFO] [config.py:988:print]   elasticity_enabled ........... False
[2024-03-07 09:27:39,189] [INFO] [config.py:988:print]   flops_profiler_config ........ {
    "enabled": false, 
    "recompute_fwd_factor": 0.0, 
    "profile_step": 1, 
    "module_depth": -1, 
    "top_modules": 1, 
    "detailed": true, 
    "output_file": null
}
[2024-03-07 09:27:39,189] [INFO] [config.py:988:print]   fp16_auto_cast ............... None
[2024-03-07 09:27:39,190] [INFO] [config.py:988:print]   fp16_enabled ................. False
[2024-03-07 09:27:39,190] [INFO] [config.py:988:print]   fp16_master_weights_and_gradients  False
[2024-03-07 09:27:39,190] [INFO] [config.py:988:print]   global_rank .................. 0
[2024-03-07 09:27:39,190] [INFO] [config.py:988:print]   grad_accum_dtype ............. None
[2024-03-07 09:27:39,190] [INFO] [config.py:988:print]   gradient_accumulation_steps .. 32
[2024-03-07 09:27:39,190] [INFO] [config.py:988:print]   gradient_clipping ............ 1.0
[2024-03-07 09:27:39,190] [INFO] [config.py:988:print]   gradient_predivide_factor .... 1.0
[2024-03-07 09:27:39,190] [INFO] [config.py:988:print]   graph_harvesting ............. False
[2024-03-07 09:27:39,190] [INFO] [config.py:988:print]   hybrid_engine ................ enabled=False max_out_tokens=512 inference_tp_size=1 release_inference_cache=False pin_parameters=True tp_gather_partition_size=8
[2024-03-07 09:27:39,190] [INFO] [config.py:988:print]   initial_dynamic_scale ........ 1
[2024-03-07 09:27:39,190] [INFO] [config.py:988:print]   load_universal_checkpoint .... False
[2024-03-07 09:27:39,190] [INFO] [config.py:988:print]   loss_scale ................... 1.0
[2024-03-07 09:27:39,190] [INFO] [config.py:988:print]   memory_breakdown ............. False
[2024-03-07 09:27:39,190] [INFO] [config.py:988:print]   mics_hierarchial_params_gather  False
[2024-03-07 09:27:39,190] [INFO] [config.py:988:print]   mics_shard_size .............. -1
[2024-03-07 09:27:39,190] [INFO] [config.py:988:print]   monitor_config ............... tensorboard=TensorBoardConfig(enabled=False, output_path='', job_name='DeepSpeedJobName') wandb=WandbConfig(enabled=False, group=None, team=None, project='deepspeed') csv_monitor=CSVConfig(enabled=False, output_path='', job_name='DeepSpeedJobName') enabled=False
[2024-03-07 09:27:39,190] [INFO] [config.py:988:print]   nebula_config ................ {
    "enabled": false, 
    "persistent_storage_path": null, 
    "persistent_time_interval": 100, 
    "num_of_version_in_retention": 2, 
    "enable_nebula_load": true, 
    "load_path": null
}
[2024-03-07 09:27:39,190] [INFO] [config.py:988:print]   optimizer_legacy_fusion ...... False
[2024-03-07 09:27:39,190] [INFO] [config.py:988:print]   optimizer_name ............... None
[2024-03-07 09:27:39,190] [INFO] [config.py:988:print]   optimizer_params ............. None
[2024-03-07 09:27:39,190] [INFO] [config.py:988:print]   pipeline ..................... {'stages': 'auto', 'partition': 'best', 'seed_layers': False, 'activation_checkpoint_interval': 0, 'pipe_partitioned': True, 'grad_partitioned': True}
[2024-03-07 09:27:39,190] [INFO] [config.py:988:print]   pld_enabled .................. False
[2024-03-07 09:27:39,191] [INFO] [config.py:988:print]   pld_params ................... False
[2024-03-07 09:27:39,191] [INFO] [config.py:988:print]   prescale_gradients ........... False
[2024-03-07 09:27:39,191] [INFO] [config.py:988:print]   scheduler_name ............... None
[2024-03-07 09:27:39,191] [INFO] [config.py:988:print]   scheduler_params ............. None
[2024-03-07 09:27:39,191] [INFO] [config.py:988:print]   seq_parallel_communication_data_type  torch.float32
[2024-03-07 09:27:39,191] [INFO] [config.py:988:print]   sparse_attention ............. None
[2024-03-07 09:27:39,191] [INFO] [config.py:988:print]   sparse_gradients_enabled ..... False
[2024-03-07 09:27:39,191] [INFO] [config.py:988:print]   steps_per_print .............. inf
[2024-03-07 09:27:39,191] [INFO] [config.py:988:print]   train_batch_size ............. 128
[2024-03-07 09:27:39,191] [INFO] [config.py:988:print]   train_micro_batch_size_per_gpu  1
[2024-03-07 09:27:39,191] [INFO] [config.py:988:print]   use_data_before_expert_parallel_  False
[2024-03-07 09:27:39,191] [INFO] [config.py:988:print]   use_node_local_storage ....... False
[2024-03-07 09:27:39,191] [INFO] [config.py:988:print]   wall_clock_breakdown ......... False
[2024-03-07 09:27:39,191] [INFO] [config.py:988:print]   weight_quantization_config ... None
[2024-03-07 09:27:39,191] [INFO] [config.py:988:print]   world_size ................... 4
[2024-03-07 09:27:39,191] [INFO] [config.py:988:print]   zero_allow_untested_optimizer  False
[2024-03-07 09:27:39,191] [INFO] [config.py:988:print]   zero_config .................. stage=0 contiguous_gradients=True reduce_scatter=True reduce_bucket_size=500,000,000 use_multi_rank_bucket_allreduce=True allgather_partitions=True allgather_bucket_size=500,000,000 overlap_comm=False load_from_fp32_weights=True elastic_checkpoint=False offload_param=DeepSpeedZeroOffloadParamConfig(device='none', nvme_path=None, buffer_count=5, buffer_size=100,000,000, max_in_cpu=1,000,000,000, pin_memory=False) offload_optimizer=DeepSpeedZeroOffloadOptimizerConfig(device='none', nvme_path=None, buffer_count=4, pin_memory=False, pipeline=False, pipeline_read=False, pipeline_write=False, fast_init=False, ratio=1.0) sub_group_size=1,000,000,000 cpu_offload_param=None cpu_offload_use_pin_memory=None cpu_offload=None prefetch_bucket_size=50,000,000 param_persistence_threshold=100,000 model_persistence_threshold=sys.maxsize max_live_parameters=1,000,000,000 max_reuse_distance=1,000,000,000 gather_16bit_weights_on_model_save=False stage3_gather_fp16_weights_on_model_save=False ignore_unused_parameters=True legacy_stage1=False round_robin_gradients=False zero_hpz_partition_size=1 zero_quantized_weights=False zero_quantized_nontrainable_weights=False zero_quantized_gradients=False mics_shard_size=-1 mics_hierarchical_params_gather=False memory_efficient_linear=True pipeline_loading_checkpoint=False override_module_apply=True
[2024-03-07 09:27:39,191] [INFO] [config.py:988:print]   zero_enabled ................. False
[2024-03-07 09:27:39,191] [INFO] [config.py:988:print]   zero_force_ds_cpu_optimizer .. True
[2024-03-07 09:27:39,191] [INFO] [config.py:988:print]   zero_optimization_stage ...... 0
[2024-03-07 09:27:39,191] [INFO] [config.py:974:print_user_config]   json = {
    "train_batch_size": 128, 
    "train_micro_batch_size_per_gpu": 1, 
    "gradient_accumulation_steps": 32, 
    "zero_optimization": {
        "stage": 0, 
        "offload_optimizer": {
            "device": "none", 
            "nvme_path": null
        }, 
        "offload_param": {
            "device": "none", 
            "nvme_path": null
        }, 
        "stage3_gather_16bit_weights_on_model_save": false
    }, 
    "gradient_clipping": 1.0, 
    "steps_per_print": inf, 
    "bf16": {
        "enabled": true
    }, 
    "fp16": {
        "enabled": false
    }
}
{'loss': 0.6928, 'learning_rate': 5.2631578947368416e-08, 'rewards/chosen': 0.0, 'rewards/rejected': 0.0, 'rewards/accuracies': 0.0, 'rewards/margins': 0.0, 'logps/rejected': -5.1315436363220215, 'logps/chosen': -4.820912837982178, 'logits/rejected': -3.230926990509033, 'logits/chosen': -3.15230131149292, 'epoch': 0.01}
{'loss': 0.6931, 'learning_rate': 1.0526315789473683e-07, 'rewards/chosen': 0.0, 'rewards/rejected': 0.0, 'rewards/accuracies': 0.0, 'rewards/margins': 0.0, 'logps/rejected': -4.726291179656982, 'logps/chosen': -4.541986465454102, 'logits/rejected': -3.274662733078003, 'logits/chosen': -3.2610485553741455, 'epoch': 0.01}
{'loss': 0.6934, 'learning_rate': 1.5789473684210525e-07, 'rewards/chosen': 0.0010431791888549924, 'rewards/rejected': -0.001427220762707293, 'rewards/accuracies': 0.59375, 'rewards/margins': 0.0024703999515622854, 'logps/rejected': -4.532089710235596, 'logps/chosen': -5.267011642456055, 'logits/rejected': -3.3369104862213135, 'logits/chosen': -3.220395565032959, 'epoch': 0.02}
{'loss': 0.6933, 'learning_rate': 2.1052631578947366e-07, 'rewards/chosen': -0.0033625559881329536, 'rewards/rejected': 0.0010262576397508383, 'rewards/accuracies': 0.3125, 'rewards/margins': -0.004388813395053148, 'logps/rejected': -3.691561698913574, 'logps/chosen': -5.717187404632568, 'logits/rejected': -3.1900224685668945, 'logits/chosen': -3.258176565170288, 'epoch': 0.02}
{'loss': 0.6932, 'learning_rate': 2.631578947368421e-07, 'rewards/chosen': 0.0006971382535994053, 'rewards/rejected': -6.644288077950478e-06, 'rewards/accuracies': 0.5625, 'rewards/margins': 0.0007037826580926776, 'logps/rejected': -6.275381088256836, 'logps/chosen': -4.500636577606201, 'logits/rejected': -3.224642276763916, 'logits/chosen': -3.1910977363586426, 'epoch': 0.03}
{'loss': 0.6933, 'learning_rate': 3.157894736842105e-07, 'rewards/chosen': -0.0012305007549002767, 'rewards/rejected': -0.00233495538122952, 'rewards/accuracies': 0.59375, 'rewards/margins': 0.0011044546263292432, 'logps/rejected': -7.785144329071045, 'logps/chosen': -6.904804706573486, 'logits/rejected': -3.1897003650665283, 'logits/chosen': -3.2401540279388428, 'epoch': 0.03}
{'loss': 0.6932, 'learning_rate': 3.684210526315789e-07, 'rewards/chosen': -0.003588732797652483, 'rewards/rejected': 0.001451442134566605, 'rewards/accuracies': 0.40625, 'rewards/margins': -0.0050401752814650536, 'logps/rejected': -5.81491756439209, 'logps/chosen': -7.543275356292725, 'logits/rejected': -3.104165554046631, 'logits/chosen': -3.32401180267334, 'epoch': 0.04}
{'loss': 0.6916, 'learning_rate': 4.2105263157894733e-07, 'rewards/chosen': 0.004348405171185732, 'rewards/rejected': 0.00016216043150052428, 'rewards/accuracies': 0.59375, 'rewards/margins': 0.004186244681477547, 'logps/rejected': -5.8711724281311035, 'logps/chosen': -4.803200721740723, 'logits/rejected': -3.1846165657043457, 'logits/chosen': -3.2095916271209717, 'epoch': 0.04}
{'loss': 0.6923, 'learning_rate': 4.7368421052631574e-07, 'rewards/chosen': 0.0025502191856503487, 'rewards/rejected': 0.009389559738337994, 'rewards/accuracies': 0.53125, 'rewards/margins': -0.006839340552687645, 'logps/rejected': -6.3307342529296875, 'logps/chosen': -4.4297051429748535, 'logits/rejected': -3.254805564880371, 'logits/chosen': -3.270395517349243, 'epoch': 0.05}
{'loss': 0.6932, 'learning_rate': 5.263157894736842e-07, 'rewards/chosen': -0.010714738629758358, 'rewards/rejected': 0.0012880312278866768, 'rewards/accuracies': 0.40625, 'rewards/margins': -0.012002767994999886, 'logps/rejected': -4.714376449584961, 'logps/chosen': -5.174936294555664, 'logits/rejected': -3.316006660461426, 'logits/chosen': -3.22597074508667, 'epoch': 0.05}
{'loss': 0.6964, 'learning_rate': 5.789473684210526e-07, 'rewards/chosen': -0.0034571189898997545, 'rewards/rejected': 0.0029202799778431654, 'rewards/accuracies': 0.375, 'rewards/margins': -0.0063773998990654945, 'logps/rejected': -4.203583717346191, 'logps/chosen': -4.65233850479126, 'logits/rejected': -3.1293821334838867, 'logits/chosen': -3.2855849266052246, 'epoch': 0.06}
{'loss': 0.6938, 'learning_rate': 6.31578947368421e-07, 'rewards/chosen': 0.02006332390010357, 'rewards/rejected': 0.007900923490524292, 'rewards/accuracies': 0.5625, 'rewards/margins': 0.012162398546934128, 'logps/rejected': -3.833508253097534, 'logps/chosen': -4.702780723571777, 'logits/rejected': -3.1973042488098145, 'logits/chosen': -3.2960548400878906, 'epoch': 0.07}
{'loss': 0.6966, 'learning_rate': 6.842105263157895e-07, 'rewards/chosen': -0.013980614952743053, 'rewards/rejected': -0.00370944757014513, 'rewards/accuracies': 0.4375, 'rewards/margins': -0.010271169245243073, 'logps/rejected': -4.162293434143066, 'logps/chosen': -5.683888912200928, 'logits/rejected': -3.120894432067871, 'logits/chosen': -3.1935276985168457, 'epoch': 0.07}
{'loss': 0.698, 'learning_rate': 7.368421052631578e-07, 'rewards/chosen': -0.024707160890102386, 'rewards/rejected': -0.002468605525791645, 'rewards/accuracies': 0.375, 'rewards/margins': -0.022238558158278465, 'logps/rejected': -3.968313694000244, 'logps/chosen': -5.995385646820068, 'logits/rejected': -3.196455955505371, 'logits/chosen': -3.129625082015991, 'epoch': 0.08}
{'loss': 0.6942, 'learning_rate': 7.894736842105263e-07, 'rewards/chosen': -0.030011143535375595, 'rewards/rejected': -0.02483145147562027, 'rewards/accuracies': 0.53125, 'rewards/margins': -0.005179691128432751, 'logps/rejected': -4.606001853942871, 'logps/chosen': -6.950563907623291, 'logits/rejected': -3.198648452758789, 'logits/chosen': -3.2257368564605713, 'epoch': 0.08}
{'loss': 0.7371, 'learning_rate': 8.421052631578947e-07, 'rewards/chosen': -0.06758159399032593, 'rewards/rejected': -0.04283132404088974, 'rewards/accuracies': 0.59375, 'rewards/margins': -0.02475026622414589, 'logps/rejected': -3.8743093013763428, 'logps/chosen': -4.077810287475586, 'logits/rejected': -3.35005784034729, 'logits/chosen': -3.1692657470703125, 'epoch': 0.09}
{'loss': 0.7167, 'learning_rate': 8.947368421052631e-07, 'rewards/chosen': -0.062070444226264954, 'rewards/rejected': -0.07262994349002838, 'rewards/accuracies': 0.65625, 'rewards/margins': 0.010559512302279472, 'logps/rejected': -6.047986030578613, 'logps/chosen': -5.7417097091674805, 'logits/rejected': -3.1965930461883545, 'logits/chosen': -3.2243590354919434, 'epoch': 0.09}
{'loss': 0.6979, 'learning_rate': 9.473684210526315e-07, 'rewards/chosen': -0.0918462947010994, 'rewards/rejected': -0.08895541727542877, 'rewards/accuracies': 0.5625, 'rewards/margins': -0.002890876494348049, 'logps/rejected': -5.728512763977051, 'logps/chosen': -5.930514812469482, 'logits/rejected': -3.1180851459503174, 'logits/chosen': -3.141049861907959, 'epoch': 0.1}
{'loss': 0.682, 'learning_rate': 1e-06, 'rewards/chosen': -0.07158603519201279, 'rewards/rejected': -0.1610252559185028, 'rewards/accuracies': 0.625, 'rewards/margins': 0.08943921327590942, 'logps/rejected': -6.594785213470459, 'logps/chosen': -7.394078254699707, 'logits/rejected': -3.198882818222046, 'logits/chosen': -3.2653398513793945, 'epoch': 0.1}
{'loss': 0.7266, 'learning_rate': 9.999071352056673e-07, 'rewards/chosen': -0.22271177172660828, 'rewards/rejected': -0.14062516391277313, 'rewards/accuracies': 0.5625, 'rewards/margins': -0.08208662271499634, 'logps/rejected': -4.592361927032471, 'logps/chosen': -9.858000755310059, 'logits/rejected': -3.1579601764678955, 'logits/chosen': -3.3690385818481445, 'epoch': 0.11}
{'loss': 0.717, 'learning_rate': 9.996285753181497e-07, 'rewards/chosen': -0.11960288882255554, 'rewards/rejected': -0.31180816888809204, 'rewards/accuracies': 0.65625, 'rewards/margins': 0.1922052800655365, 'logps/rejected': -8.157889366149902, 'logps/chosen': -5.613280773162842, 'logits/rejected': -3.193361520767212, 'logits/chosen': -3.2215335369110107, 'epoch': 0.12}
{'loss': 0.6853, 'learning_rate': 9.99164423811074e-07, 'rewards/chosen': -0.34100157022476196, 'rewards/rejected': -0.3449932634830475, 'rewards/accuracies': 0.59375, 'rewards/margins': 0.003991675563156605, 'logps/rejected': -9.833066940307617, 'logps/chosen': -9.17513656616211, 'logits/rejected': -3.233912944793701, 'logits/chosen': -3.285694122314453, 'epoch': 0.12}
{'loss': 0.6271, 'learning_rate': 9.985148530977764e-07, 'rewards/chosen': -0.2554820775985718, 'rewards/rejected': -0.43441036343574524, 'rewards/accuracies': 0.6875, 'rewards/margins': 0.17892831563949585, 'logps/rejected': -10.124385833740234, 'logps/chosen': -6.689795017242432, 'logits/rejected': -3.330780029296875, 'logits/chosen': -3.1744370460510254, 'epoch': 0.13}
{'loss': 0.4942, 'learning_rate': 9.976801044672607e-07, 'rewards/chosen': -0.6467404365539551, 'rewards/rejected': -1.066232681274414, 'rewards/accuracies': 0.71875, 'rewards/margins': 0.419492244720459, 'logps/rejected': -18.67511558532715, 'logps/chosen': -13.222431182861328, 'logits/rejected': -3.265604019165039, 'logits/chosen': -3.188155174255371, 'epoch': 0.13}
{'loss': 0.453, 'learning_rate': 9.966604879945656e-07, 'rewards/chosen': -0.570843517780304, 'rewards/rejected': -1.539915680885315, 'rewards/accuracies': 0.71875, 'rewards/margins': 0.9690722227096558, 'logps/rejected': -21.13132095336914, 'logps/chosen': -10.284055709838867, 'logits/rejected': -3.3008995056152344, 'logits/chosen': -3.1655280590057373, 'epoch': 0.14}
{'loss': 0.4907, 'learning_rate': 9.954563824255877e-07, 'rewards/chosen': -0.7296155095100403, 'rewards/rejected': -2.5345678329467773, 'rewards/accuracies': 0.96875, 'rewards/margins': 1.8049521446228027, 'logps/rejected': -31.406719207763672, 'logps/chosen': -12.716634750366211, 'logits/rejected': -3.1940228939056396, 'logits/chosen': -3.3010973930358887, 'epoch': 0.14}
{'loss': 0.2463, 'learning_rate': 9.94068235036391e-07, 'rewards/chosen': -0.9645262360572815, 'rewards/rejected': -3.4233992099761963, 'rewards/accuracies': 0.9375, 'rewards/margins': 2.4588727951049805, 'logps/rejected': -41.22322082519531, 'logps/chosen': -15.732355117797852, 'logits/rejected': -3.1856465339660645, 'logits/chosen': -3.122588634490967, 'epoch': 0.15}
{'loss': 0.4145, 'learning_rate': 9.924965614670628e-07, 'rewards/chosen': -1.5776087045669556, 'rewards/rejected': -4.102585792541504, 'rewards/accuracies': 0.71875, 'rewards/margins': 2.524977207183838, 'logps/rejected': -46.7886962890625, 'logps/chosen': -21.659658432006836, 'logits/rejected': -3.2643868923187256, 'logits/chosen': -3.269526481628418, 'epoch': 0.15}
{'loss': 0.2955, 'learning_rate': 9.90741945530174e-07, 'rewards/chosen': -2.1255993843078613, 'rewards/rejected': -5.5023345947265625, 'rewards/accuracies': 0.9375, 'rewards/margins': 3.376734733581543, 'logps/rejected': -60.98341369628906, 'logps/chosen': -26.788768768310547, 'logits/rejected': -3.218541383743286, 'logits/chosen': -3.2247111797332764, 'epoch': 0.16}
{'loss': 0.331, 'learning_rate': 9.888050389939172e-07, 'rewards/chosen': -2.3758296966552734, 'rewards/rejected': -5.0746684074401855, 'rewards/accuracies': 0.8125, 'rewards/margins': 2.698838710784912, 'logps/rejected': -55.416934967041016, 'logps/chosen': -27.765104293823242, 'logits/rejected': -3.3000102043151855, 'logits/chosen': -3.1857361793518066, 'epoch': 0.16}
{'loss': 0.5106, 'learning_rate': 9.866865613400006e-07, 'rewards/chosen': -2.7274887561798096, 'rewards/rejected': -7.268171310424805, 'rewards/accuracies': 0.8125, 'rewards/margins': 4.540682315826416, 'logps/rejected': -77.20294952392578, 'logps/chosen': -30.560321807861328, 'logits/rejected': -3.245612144470215, 'logits/chosen': -3.089226722717285, 'epoch': 0.17}
{'loss': 0.3143, 'learning_rate': 9.843872994963912e-07, 'rewards/chosen': -3.5232019424438477, 'rewards/rejected': -8.618745803833008, 'rewards/accuracies': 0.8125, 'rewards/margins': 5.09554386138916, 'logps/rejected': -90.06890106201172, 'logps/chosen': -39.64305877685547, 'logits/rejected': -3.141727924346924, 'logits/chosen': -3.2305891513824463, 'epoch': 0.18}
{'loss': 0.2246, 'learning_rate': 9.819081075450013e-07, 'rewards/chosen': -2.560709238052368, 'rewards/rejected': -9.87374210357666, 'rewards/accuracies': 0.90625, 'rewards/margins': 7.313033580780029, 'logps/rejected': -104.00967407226562, 'logps/chosen': -30.386253356933594, 'logits/rejected': -3.2765002250671387, 'logits/chosen': -3.107065200805664, 'epoch': 0.18}
{'loss': 0.2618, 'learning_rate': 9.792499064044342e-07, 'rewards/chosen': -3.6597487926483154, 'rewards/rejected': -9.965469360351562, 'rewards/accuracies': 0.90625, 'rewards/margins': 6.305720329284668, 'logps/rejected': -105.76921844482422, 'logps/chosen': -39.46614074707031, 'logits/rejected': -3.300682544708252, 'logits/chosen': -3.01155161857605, 'epoch': 0.19}
{'loss': 0.3248, 'learning_rate': 9.764136834878985e-07, 'rewards/chosen': -2.811354160308838, 'rewards/rejected': -6.778316497802734, 'rewards/accuracies': 0.8125, 'rewards/margins': 3.9669623374938965, 'logps/rejected': -71.19637298583984, 'logps/chosen': -31.878868103027344, 'logits/rejected': -3.268080472946167, 'logits/chosen': -3.1684765815734863, 'epoch': 0.19}
{'loss': 0.1908, 'learning_rate': 9.734004923364256e-07, 'rewards/chosen': -2.9621589183807373, 'rewards/rejected': -8.174744606018066, 'rewards/accuracies': 0.8125, 'rewards/margins': 5.212586402893066, 'logps/rejected': -86.34739685058594, 'logps/chosen': -33.67513656616211, 'logits/rejected': -3.175137996673584, 'logits/chosen': -3.2780418395996094, 'epoch': 0.2}
{'loss': 0.2783, 'learning_rate': 9.702114522275216e-07, 'rewards/chosen': -3.934403896331787, 'rewards/rejected': -11.154012680053711, 'rewards/accuracies': 0.90625, 'rewards/margins': 7.219608306884766, 'logps/rejected': -117.49630737304688, 'logps/chosen': -44.03563690185547, 'logits/rejected': -3.3782615661621094, 'logits/chosen': -3.0443949699401855, 'epoch': 0.2}
{'loss': 0.2392, 'learning_rate': 9.66847747759402e-07, 'rewards/chosen': -4.1232781410217285, 'rewards/rejected': -9.964313507080078, 'rewards/accuracies': 0.8125, 'rewards/margins': 5.841036319732666, 'logps/rejected': -106.53553771972656, 'logps/chosen': -46.04084014892578, 'logits/rejected': -3.4256043434143066, 'logits/chosen': -3.182124137878418, 'epoch': 0.21}
{'loss': 0.3066, 'learning_rate': 9.63310628410961e-07, 'rewards/chosen': -4.435242652893066, 'rewards/rejected': -10.803815841674805, 'rewards/accuracies': 0.8125, 'rewards/margins': 6.3685736656188965, 'logps/rejected': -113.44548034667969, 'logps/chosen': -49.02247619628906, 'logits/rejected': -3.3846333026885986, 'logits/chosen': -3.257549524307251, 'epoch': 0.21}
{'loss': 0.4249, 'learning_rate': 9.596014080776421e-07, 'rewards/chosen': -3.816754102706909, 'rewards/rejected': -9.382339477539062, 'rewards/accuracies': 0.90625, 'rewards/margins': 5.565586566925049, 'logps/rejected': -98.50376892089844, 'logps/chosen': -43.45768356323242, 'logits/rejected': -3.2873644828796387, 'logits/chosen': -3.2840943336486816, 'epoch': 0.22}
{'loss': 0.2581, 'learning_rate': 9.55721464583379e-07, 'rewards/chosen': -3.9341824054718018, 'rewards/rejected': -8.599515914916992, 'rewards/accuracies': 0.78125, 'rewards/margins': 4.6653337478637695, 'logps/rejected': -90.95671081542969, 'logps/chosen': -45.93846130371094, 'logits/rejected': -3.2004294395446777, 'logits/chosen': -3.3468101024627686, 'epoch': 0.22}
{'loss': 0.1657, 'learning_rate': 9.516722391687902e-07, 'rewards/chosen': -2.854646921157837, 'rewards/rejected': -8.080292701721191, 'rewards/accuracies': 0.9375, 'rewards/margins': 5.225646018981934, 'logps/rejected': -87.78590393066406, 'logps/chosen': -31.48423194885254, 'logits/rejected': -3.4189414978027344, 'logits/chosen': -3.171454429626465, 'epoch': 0.23}
{'loss': 0.1726, 'learning_rate': 9.474552359558165e-07, 'rewards/chosen': -3.1865944862365723, 'rewards/rejected': -9.121017456054688, 'rewards/accuracies': 0.875, 'rewards/margins': 5.934422969818115, 'logps/rejected': -97.18931579589844, 'logps/chosen': -37.01967239379883, 'logits/rejected': -3.4090607166290283, 'logits/chosen': -3.3095502853393555, 'epoch': 0.24}
{'loss': 0.2567, 'learning_rate': 9.430720213890029e-07, 'rewards/chosen': -4.6016669273376465, 'rewards/rejected': -9.006355285644531, 'rewards/accuracies': 0.84375, 'rewards/margins': 4.404689311981201, 'logps/rejected': -96.9000244140625, 'logps/chosen': -54.55252456665039, 'logits/rejected': -3.2310893535614014, 'logits/chosen': -3.378561496734619, 'epoch': 0.24}
{'loss': 0.3074, 'learning_rate': 9.385242236536259e-07, 'rewards/chosen': -3.9086527824401855, 'rewards/rejected': -9.012101173400879, 'rewards/accuracies': 0.84375, 'rewards/margins': 5.103448390960693, 'logps/rejected': -97.10737609863281, 'logps/chosen': -43.329097747802734, 'logits/rejected': -3.4435720443725586, 'logits/chosen': -3.2543373107910156, 'epoch': 0.25}
{'loss': 0.2079, 'learning_rate': 9.338135320708911e-07, 'rewards/chosen': -3.900367021560669, 'rewards/rejected': -8.575199127197266, 'rewards/accuracies': 0.78125, 'rewards/margins': 4.674831390380859, 'logps/rejected': -91.70883178710938, 'logps/chosen': -44.27580261230469, 'logits/rejected': -3.346309185028076, 'logits/chosen': -3.1634318828582764, 'epoch': 0.25}
{'loss': 0.2564, 'learning_rate': 9.289416964704185e-07, 'rewards/chosen': -4.3550262451171875, 'rewards/rejected': -9.595647811889648, 'rewards/accuracies': 0.9375, 'rewards/margins': 5.240621566772461, 'logps/rejected': -104.49779510498047, 'logps/chosen': -49.7136116027832, 'logits/rejected': -3.3770694732666016, 'logits/chosen': -3.157867193222046, 'epoch': 0.26}
{'loss': 0.19, 'learning_rate': 9.239105265402525e-07, 'rewards/chosen': -4.165035247802734, 'rewards/rejected': -11.122095108032227, 'rewards/accuracies': 0.9375, 'rewards/margins': 6.95706033706665, 'logps/rejected': -115.29983520507812, 'logps/chosen': -46.24878692626953, 'logits/rejected': -3.1590723991394043, 'logits/chosen': -3.3032631874084473, 'epoch': 0.26}
{'loss': 0.1327, 'learning_rate': 9.187218911546361e-07, 'rewards/chosen': -3.795428991317749, 'rewards/rejected': -9.272789001464844, 'rewards/accuracies': 0.90625, 'rewards/margins': 5.477359771728516, 'logps/rejected': -97.25215148925781, 'logps/chosen': -45.48204040527344, 'logits/rejected': -3.194983720779419, 'logits/chosen': -3.3009610176086426, 'epoch': 0.27}
{'loss': 0.1702, 'learning_rate': 9.133777176798012e-07, 'rewards/chosen': -3.7220287322998047, 'rewards/rejected': -9.266080856323242, 'rewards/accuracies': 0.90625, 'rewards/margins': 5.544052600860596, 'logps/rejected': -99.16609191894531, 'logps/chosen': -44.343780517578125, 'logits/rejected': -3.294142723083496, 'logits/chosen': -3.174030303955078, 'epoch': 0.27}
{'loss': 0.1612, 'learning_rate': 9.078799912580303e-07, 'rewards/chosen': -3.7977590560913086, 'rewards/rejected': -10.204656600952148, 'rewards/accuracies': 0.875, 'rewards/margins': 6.406898498535156, 'logps/rejected': -107.18515014648438, 'logps/chosen': -42.665645599365234, 'logits/rejected': -3.2593634128570557, 'logits/chosen': -3.110853672027588, 'epoch': 0.28}
{'loss': 0.2224, 'learning_rate': 9.022307540702576e-07, 'rewards/chosen': -3.4374406337738037, 'rewards/rejected': -10.472986221313477, 'rewards/accuracies': 0.9375, 'rewards/margins': 7.035545349121094, 'logps/rejected': -110.40630340576172, 'logps/chosen': -38.89908218383789, 'logits/rejected': -3.2654812335968018, 'logits/chosen': -3.1458353996276855, 'epoch': 0.28}
{'loss': 0.1785, 'learning_rate': 8.964321045774806e-07, 'rewards/chosen': -3.91192889213562, 'rewards/rejected': -10.254146575927734, 'rewards/accuracies': 0.90625, 'rewards/margins': 6.342218399047852, 'logps/rejected': -107.76087188720703, 'logps/chosen': -43.68098449707031, 'logits/rejected': -3.187283754348755, 'logits/chosen': -3.251502513885498, 'epoch': 0.29}
{'loss': 0.2047, 'learning_rate': 8.904861967412701e-07, 'rewards/chosen': -4.46518611907959, 'rewards/rejected': -10.850061416625977, 'rewards/accuracies': 0.9375, 'rewards/margins': 6.3848748207092285, 'logps/rejected': -114.05094146728516, 'logps/chosen': -51.08860778808594, 'logits/rejected': -3.320821523666382, 'logits/chosen': -3.0633530616760254, 'epoch': 0.3}
{'loss': 0.2205, 'learning_rate': 8.843952392236593e-07, 'rewards/chosen': -3.6169326305389404, 'rewards/rejected': -11.098112106323242, 'rewards/accuracies': 0.90625, 'rewards/margins': 7.481179237365723, 'logps/rejected': -117.4403305053711, 'logps/chosen': -40.30780792236328, 'logits/rejected': -3.216003894805908, 'logits/chosen': -3.12973952293396, 'epoch': 0.3}
{'loss': 0.1786, 'learning_rate': 8.781614945667168e-07, 'rewards/chosen': -4.661805629730225, 'rewards/rejected': -11.314498901367188, 'rewards/accuracies': 0.96875, 'rewards/margins': 6.652693748474121, 'logps/rejected': -118.44828033447266, 'logps/chosen': -49.760250091552734, 'logits/rejected': -3.2683000564575195, 'logits/chosen': -3.179809331893921, 'epoch': 0.31}
{'loss': 0.1779, 'learning_rate': 8.717872783521047e-07, 'rewards/chosen': -3.7227962017059326, 'rewards/rejected': -10.477293968200684, 'rewards/accuracies': 0.84375, 'rewards/margins': 6.754497528076172, 'logps/rejected': -109.37267303466797, 'logps/chosen': -42.41486740112305, 'logits/rejected': -3.1522154808044434, 'logits/chosen': -3.104228973388672, 'epoch': 0.31}
{'loss': 0.2958, 'learning_rate': 8.652749583409339e-07, 'rewards/chosen': -3.2668044567108154, 'rewards/rejected': -9.94543170928955, 'rewards/accuracies': 0.8125, 'rewards/margins': 6.678627967834473, 'logps/rejected': -104.52288055419922, 'logps/chosen': -38.496849060058594, 'logits/rejected': -3.1582765579223633, 'logits/chosen': -3.0489661693573, 'epoch': 0.32}
{'loss': 0.1923, 'learning_rate': 8.586269535942385e-07, 'rewards/chosen': -2.2734549045562744, 'rewards/rejected': -11.451162338256836, 'rewards/accuracies': 0.96875, 'rewards/margins': 9.17770767211914, 'logps/rejected': -121.8680419921875, 'logps/chosen': -26.178804397583008, 'logits/rejected': -3.171760320663452, 'logits/chosen': -3.004453420639038, 'epoch': 0.32}
{'loss': 0.1315, 'learning_rate': 8.518457335743924e-07, 'rewards/chosen': -3.4588775634765625, 'rewards/rejected': -12.624746322631836, 'rewards/accuracies': 1.0, 'rewards/margins': 9.165868759155273, 'logps/rejected': -130.70794677734375, 'logps/chosen': -40.10478591918945, 'logits/rejected': -3.0543222427368164, 'logits/chosen': -3.0793685913085938, 'epoch': 0.33}
{'loss': 0.2371, 'learning_rate': 8.449338172278058e-07, 'rewards/chosen': -3.188203811645508, 'rewards/rejected': -11.180768966674805, 'rewards/accuracies': 0.90625, 'rewards/margins': 7.99256706237793, 'logps/rejected': -117.64761352539062, 'logps/chosen': -38.354652404785156, 'logits/rejected': -3.085070848464966, 'logits/chosen': -2.999788761138916, 'epoch': 0.33}
{'loss': 0.1629, 'learning_rate': 8.378937720492383e-07, 'rewards/chosen': -2.8748531341552734, 'rewards/rejected': -9.873560905456543, 'rewards/accuracies': 0.9375, 'rewards/margins': 6.998707294464111, 'logps/rejected': -103.64260864257812, 'logps/chosen': -32.38469696044922, 'logits/rejected': -3.1041054725646973, 'logits/chosen': -2.9925036430358887, 'epoch': 0.34}
{'loss': 0.143, 'learning_rate': 8.307282131280804e-07, 'rewards/chosen': -4.144764423370361, 'rewards/rejected': -13.36292839050293, 'rewards/accuracies': 0.9375, 'rewards/margins': 9.218164443969727, 'logps/rejected': -138.11196899414062, 'logps/chosen': -47.68266296386719, 'logits/rejected': -2.9699912071228027, 'logits/chosen': -3.0939221382141113, 'epoch': 0.35}
{'loss': 0.1703, 'learning_rate': 8.23439802176954e-07, 'rewards/chosen': -3.626089572906494, 'rewards/rejected': -12.523969650268555, 'rewards/accuracies': 0.96875, 'rewards/margins': 8.897879600524902, 'logps/rejected': -132.53431701660156, 'logps/chosen': -40.00166702270508, 'logits/rejected': -3.1168296337127686, 'logits/chosen': -2.943599224090576, 'epoch': 0.35}
{'loss': 0.1292, 'learning_rate': 8.160312465429952e-07, 'rewards/chosen': -4.972758769989014, 'rewards/rejected': -12.259231567382812, 'rewards/accuracies': 0.90625, 'rewards/margins': 7.286473274230957, 'logps/rejected': -131.00376892089844, 'logps/chosen': -54.786922454833984, 'logits/rejected': -3.111804723739624, 'logits/chosen': -3.0907676219940186, 'epoch': 0.36}
{'loss': 0.1735, 'learning_rate': 8.085052982021847e-07, 'rewards/chosen': -4.299909591674805, 'rewards/rejected': -11.987434387207031, 'rewards/accuracies': 0.875, 'rewards/margins': 7.687525272369385, 'logps/rejected': -124.27137756347656, 'logps/chosen': -47.449676513671875, 'logits/rejected': -3.0625269412994385, 'logits/chosen': -3.0633628368377686, 'epoch': 0.36}
{'loss': 0.2192, 'learning_rate': 8.008647527371022e-07, 'rewards/chosen': -4.192063808441162, 'rewards/rejected': -15.016992568969727, 'rewards/accuracies': 0.84375, 'rewards/margins': 10.824929237365723, 'logps/rejected': -155.64186096191406, 'logps/chosen': -48.76464080810547, 'logits/rejected': -2.8281261920928955, 'logits/chosen': -3.0419397354125977, 'epoch': 0.37}
{'loss': 0.1451, 'learning_rate': 7.931124482984801e-07, 'rewards/chosen': -4.473125457763672, 'rewards/rejected': -12.061392784118652, 'rewards/accuracies': 0.96875, 'rewards/margins': 7.588266372680664, 'logps/rejected': -124.06256866455078, 'logps/chosen': -50.718204498291016, 'logits/rejected': -3.0659968852996826, 'logits/chosen': -2.955627202987671, 'epoch': 0.37}
{'loss': 0.188, 'learning_rate': 7.85251264550948e-07, 'rewards/chosen': -5.095720291137695, 'rewards/rejected': -14.630266189575195, 'rewards/accuracies': 0.9375, 'rewards/margins': 9.534546852111816, 'logps/rejected': -151.7145538330078, 'logps/chosen': -56.36869430541992, 'logits/rejected': -3.1312527656555176, 'logits/chosen': -2.926079511642456, 'epoch': 0.38}
{'loss': 0.1522, 'learning_rate': 7.772841216033532e-07, 'rewards/chosen': -5.2928466796875, 'rewards/rejected': -14.459903717041016, 'rewards/accuracies': 0.90625, 'rewards/margins': 9.167057037353516, 'logps/rejected': -148.44351196289062, 'logps/chosen': -59.3381233215332, 'logits/rejected': -3.0140926837921143, 'logits/chosen': -2.926862955093384, 'epoch': 0.38}
{'loss': 0.1439, 'learning_rate': 7.69213978924061e-07, 'rewards/chosen': -3.9831559658050537, 'rewards/rejected': -14.767362594604492, 'rewards/accuracies': 0.90625, 'rewards/margins': 10.78420639038086, 'logps/rejected': -154.0775604248047, 'logps/chosen': -43.22178268432617, 'logits/rejected': -2.9976022243499756, 'logits/chosen': -2.852522611618042, 'epoch': 0.39}
{'loss': 0.1219, 'learning_rate': 7.610438342416319e-07, 'rewards/chosen': -4.2423176765441895, 'rewards/rejected': -13.957915306091309, 'rewards/accuracies': 0.96875, 'rewards/margins': 9.715598106384277, 'logps/rejected': -145.8037872314453, 'logps/chosen': -48.240020751953125, 'logits/rejected': -3.0456557273864746, 'logits/chosen': -2.989903450012207, 'epoch': 0.39}
{'loss': 0.2909, 'learning_rate': 7.527767224312882e-07, 'rewards/chosen': -6.70823860168457, 'rewards/rejected': -15.071680068969727, 'rewards/accuracies': 0.875, 'rewards/margins': 8.363439559936523, 'logps/rejected': -154.38702392578125, 'logps/chosen': -72.35818481445312, 'logits/rejected': -2.9018940925598145, 'logits/chosen': -3.0739853382110596, 'epoch': 0.4}
{'loss': 0.1169, 'learning_rate': 7.444157143875819e-07, 'rewards/chosen': -4.584750175476074, 'rewards/rejected': -13.548404693603516, 'rewards/accuracies': 1.0, 'rewards/margins': 8.963655471801758, 'logps/rejected': -140.4154815673828, 'logps/chosen': -51.99928665161133, 'logits/rejected': -2.8543670177459717, 'logits/chosen': -2.9692981243133545, 'epoch': 0.41}
{'loss': 0.1307, 'learning_rate': 7.359639158836827e-07, 'rewards/chosen': -5.732113361358643, 'rewards/rejected': -13.593656539916992, 'rewards/accuracies': 0.90625, 'rewards/margins': 7.861543655395508, 'logps/rejected': -140.36068725585938, 'logps/chosen': -62.22636413574219, 'logits/rejected': -3.013716220855713, 'logits/chosen': -2.9155027866363525, 'epoch': 0.41}
{'loss': 0.1659, 'learning_rate': 7.274244664177097e-07, 'rewards/chosen': -5.296789646148682, 'rewards/rejected': -11.427864074707031, 'rewards/accuracies': 0.84375, 'rewards/margins': 6.131073474884033, 'logps/rejected': -118.44085693359375, 'logps/chosen': -57.30006408691406, 'logits/rejected': -2.9743802547454834, 'logits/chosen': -3.0626869201660156, 'epoch': 0.42}
{'loss': 0.1533, 'learning_rate': 7.188005380465364e-07, 'rewards/chosen': -4.845882892608643, 'rewards/rejected': -14.030170440673828, 'rewards/accuracies': 0.90625, 'rewards/margins': 9.184287071228027, 'logps/rejected': -145.12303161621094, 'logps/chosen': -56.36043167114258, 'logits/rejected': -2.829124927520752, 'logits/chosen': -2.9877946376800537, 'epoch': 0.42}
{'loss': 0.1446, 'learning_rate': 7.100953342075009e-07, 'rewards/chosen': -4.446390151977539, 'rewards/rejected': -15.276528358459473, 'rewards/accuracies': 0.9375, 'rewards/margins': 10.830138206481934, 'logps/rejected': -158.86868286132812, 'logps/chosen': -49.49166488647461, 'logits/rejected': -2.954133987426758, 'logits/chosen': -2.8866920471191406, 'epoch': 0.43}
{'loss': 0.1463, 'learning_rate': 7.013120885284598e-07, 'rewards/chosen': -5.125147342681885, 'rewards/rejected': -14.363125801086426, 'rewards/accuracies': 0.9375, 'rewards/margins': 9.237977981567383, 'logps/rejected': -148.00765991210938, 'logps/chosen': -57.95125961303711, 'logits/rejected': -2.8963863849639893, 'logits/chosen': -2.9981093406677246, 'epoch': 0.43}
{'loss': 0.1586, 'learning_rate': 6.924540636266272e-07, 'rewards/chosen': -4.551171779632568, 'rewards/rejected': -15.604074478149414, 'rewards/accuracies': 0.96875, 'rewards/margins': 11.052901268005371, 'logps/rejected': -159.4227294921875, 'logps/chosen': -50.544334411621094, 'logits/rejected': -2.8634724617004395, 'logits/chosen': -2.97273588180542, 'epoch': 0.44}
{'loss': 0.1688, 'learning_rate': 6.83524549896646e-07, 'rewards/chosen': -4.781243324279785, 'rewards/rejected': -14.069284439086914, 'rewards/accuracies': 0.84375, 'rewards/margins': 9.288040161132812, 'logps/rejected': -145.7879180908203, 'logps/chosen': -52.8326416015625, 'logits/rejected': -2.945945978164673, 'logits/chosen': -2.949669599533081, 'epoch': 0.44}
{'loss': 0.2356, 'learning_rate': 6.745268642883404e-07, 'rewards/chosen': -5.314153671264648, 'rewards/rejected': -14.103918075561523, 'rewards/accuracies': 0.96875, 'rewards/margins': 8.789763450622559, 'logps/rejected': -147.5203857421875, 'logps/chosen': -58.08094787597656, 'logits/rejected': -3.0150787830352783, 'logits/chosen': -2.862302541732788, 'epoch': 0.45}
{'loss': 0.1844, 'learning_rate': 6.654643490746041e-07, 'rewards/chosen': -5.287776470184326, 'rewards/rejected': -14.833955764770508, 'rewards/accuracies': 0.90625, 'rewards/margins': 9.546178817749023, 'logps/rejected': -154.0784454345703, 'logps/chosen': -57.35545349121094, 'logits/rejected': -3.022588014602661, 'logits/chosen': -2.8728771209716797, 'epoch': 0.45}
{'loss': 0.1265, 'learning_rate': 6.563403706098832e-07, 'rewards/chosen': -5.457788467407227, 'rewards/rejected': -15.969148635864258, 'rewards/accuracies': 1.0, 'rewards/margins': 10.511360168457031, 'logps/rejected': -163.87503051757812, 'logps/chosen': -59.272098541259766, 'logits/rejected': -2.817378044128418, 'logits/chosen': -2.9998364448547363, 'epoch': 0.46}
{'loss': 0.1358, 'learning_rate': 6.47158318079712e-07, 'rewards/chosen': -4.0757036209106445, 'rewards/rejected': -15.001792907714844, 'rewards/accuracies': 1.0, 'rewards/margins': 10.9260892868042, 'logps/rejected': -155.91514587402344, 'logps/chosen': -44.92546081542969, 'logits/rejected': -2.9953432083129883, 'logits/chosen': -2.8484110832214355, 'epoch': 0.47}
{'loss': 0.1929, 'learning_rate': 6.379216022417695e-07, 'rewards/chosen': -7.056190013885498, 'rewards/rejected': -14.940579414367676, 'rewards/accuracies': 0.90625, 'rewards/margins': 7.884389400482178, 'logps/rejected': -156.56773376464844, 'logps/chosen': -75.78388977050781, 'logits/rejected': -2.9853029251098633, 'logits/chosen': -2.977987289428711, 'epoch': 0.47}
{'loss': 0.2065, 'learning_rate': 6.286336541589223e-07, 'rewards/chosen': -5.810402870178223, 'rewards/rejected': -13.918756484985352, 'rewards/accuracies': 0.875, 'rewards/margins': 8.108353614807129, 'logps/rejected': -144.604736328125, 'logps/chosen': -63.529850006103516, 'logits/rejected': -3.0806117057800293, 'logits/chosen': -2.9499645233154297, 'epoch': 0.48}
{'loss': 0.194, 'learning_rate': 6.192979239247242e-07, 'rewards/chosen': -4.9228835105896, 'rewards/rejected': -13.742117881774902, 'rewards/accuracies': 0.90625, 'rewards/margins': 8.819233894348145, 'logps/rejected': -141.8247528076172, 'logps/chosen': -55.3790397644043, 'logits/rejected': -2.8239681720733643, 'logits/chosen': -2.9779510498046875, 'epoch': 0.48}
{'loss': 0.2458, 'learning_rate': 6.099178793818478e-07, 'rewards/chosen': -5.345372676849365, 'rewards/rejected': -12.487409591674805, 'rewards/accuracies': 0.90625, 'rewards/margins': 7.142037868499756, 'logps/rejected': -132.3780517578125, 'logps/chosen': -59.245662689208984, 'logits/rejected': -3.0538463592529297, 'logits/chosen': -2.912125825881958, 'epoch': 0.49}
{'loss': 0.1544, 'learning_rate': 6.004970048339225e-07, 'rewards/chosen': -4.475930213928223, 'rewards/rejected': -12.706140518188477, 'rewards/accuracies': 0.9375, 'rewards/margins': 8.230210304260254, 'logps/rejected': -131.0098419189453, 'logps/chosen': -51.35741424560547, 'logits/rejected': -2.8533337116241455, 'logits/chosen': -2.9604134559631348, 'epoch': 0.49}
{'loss': 0.145, 'learning_rate': 5.910387997512573e-07, 'rewards/chosen': -5.203125476837158, 'rewards/rejected': -11.748700141906738, 'rewards/accuracies': 0.9375, 'rewards/margins': 6.545573711395264, 'logps/rejected': -123.80084991455078, 'logps/chosen': -58.07182312011719, 'logits/rejected': -3.0541634559631348, 'logits/chosen': -2.963763475418091, 'epoch': 0.5}
{'loss': 0.1482, 'learning_rate': 5.815467774709313e-07, 'rewards/chosen': -4.399967670440674, 'rewards/rejected': -14.078668594360352, 'rewards/accuracies': 1.0, 'rewards/margins': 9.67870044708252, 'logps/rejected': -145.13804626464844, 'logps/chosen': -50.576332092285156, 'logits/rejected': -2.8061251640319824, 'logits/chosen': -3.0083818435668945, 'epoch': 0.5}
{'loss': 0.114, 'learning_rate': 5.720244638917323e-07, 'rewards/chosen': -5.180471420288086, 'rewards/rejected': -12.502795219421387, 'rewards/accuracies': 0.875, 'rewards/margins': 7.322322845458984, 'logps/rejected': -130.18690490722656, 'logps/chosen': -58.304500579833984, 'logits/rejected': -2.940049886703491, 'logits/chosen': -2.955784320831299, 'epoch': 0.51}
{'loss': 0.2434, 'learning_rate': 5.624753961644281e-07, 'rewards/chosen': -4.740823268890381, 'rewards/rejected': -12.60427474975586, 'rewards/accuracies': 0.875, 'rewards/margins': 7.863449573516846, 'logps/rejected': -133.3929443359375, 'logps/chosen': -52.124916076660156, 'logits/rejected': -3.0594027042388916, 'logits/chosen': -2.910684108734131, 'epoch': 0.51}
{'loss': 0.1463, 'learning_rate': 5.529031213778614e-07, 'rewards/chosen': -4.095087051391602, 'rewards/rejected': -11.812190055847168, 'rewards/accuracies': 1.0, 'rewards/margins': 7.717103004455566, 'logps/rejected': -123.6877670288086, 'logps/chosen': -46.458412170410156, 'logits/rejected': -2.8882052898406982, 'logits/chosen': -2.992638111114502, 'epoch': 0.52}
{'loss': 0.145, 'learning_rate': 5.433111952413494e-07, 'rewards/chosen': -4.710079193115234, 'rewards/rejected': -12.152801513671875, 'rewards/accuracies': 0.875, 'rewards/margins': 7.442721843719482, 'logps/rejected': -125.70853424072266, 'logps/chosen': -53.94104766845703, 'logits/rejected': -2.82737398147583, 'logits/chosen': -3.0370967388153076, 'epoch': 0.53}
{'loss': 0.1425, 'learning_rate': 5.33703180763884e-07, 'rewards/chosen': -4.631598949432373, 'rewards/rejected': -10.393939018249512, 'rewards/accuracies': 0.875, 'rewards/margins': 5.762339115142822, 'logps/rejected': -109.0287094116211, 'logps/chosen': -50.625762939453125, 'logits/rejected': -3.0685176849365234, 'logits/chosen': -2.934023857116699, 'epoch': 0.53}
{'loss': 0.2317, 'learning_rate': 5.240826469306186e-07, 'rewards/chosen': -4.438377380371094, 'rewards/rejected': -11.933563232421875, 'rewards/accuracies': 0.875, 'rewards/margins': 7.495186805725098, 'logps/rejected': -125.22911834716797, 'logps/chosen': -51.232540130615234, 'logits/rejected': -3.0199615955352783, 'logits/chosen': -2.8450260162353516, 'epoch': 0.54}
{'loss': 0.2013, 'learning_rate': 5.144531673771363e-07, 'rewards/chosen': -5.4366455078125, 'rewards/rejected': -12.256487846374512, 'rewards/accuracies': 0.875, 'rewards/margins': 6.819841384887695, 'logps/rejected': -126.90792846679688, 'logps/chosen': -60.67283630371094, 'logits/rejected': -2.9723258018493652, 'logits/chosen': -2.9743337631225586, 'epoch': 0.54}
{'loss': 0.1689, 'learning_rate': 5.048183190619903e-07, 'rewards/chosen': -4.197685718536377, 'rewards/rejected': -12.541154861450195, 'rewards/accuracies': 0.90625, 'rewards/margins': 8.343469619750977, 'logps/rejected': -132.13455200195312, 'logps/chosen': -46.328182220458984, 'logits/rejected': -3.0977659225463867, 'logits/chosen': -2.935633659362793, 'epoch': 0.55}
{'loss': 0.2278, 'learning_rate': 4.951816809380097e-07, 'rewards/chosen': -4.227646350860596, 'rewards/rejected': -12.374268531799316, 'rewards/accuracies': 0.90625, 'rewards/margins': 8.146622657775879, 'logps/rejected': -129.94168090820312, 'logps/chosen': -45.945159912109375, 'logits/rejected': -3.1042089462280273, 'logits/chosen': -2.9348599910736084, 'epoch': 0.55}
{'loss': 0.2465, 'learning_rate': 4.855468326228638e-07, 'rewards/chosen': -4.34467077255249, 'rewards/rejected': -12.260631561279297, 'rewards/accuracies': 0.90625, 'rewards/margins': 7.915960788726807, 'logps/rejected': -128.0380401611328, 'logps/chosen': -52.578269958496094, 'logits/rejected': -2.8468844890594482, 'logits/chosen': -3.0684449672698975, 'epoch': 0.56}
{'loss': 0.1047, 'learning_rate': 4.7591735306938134e-07, 'rewards/chosen': -4.909271717071533, 'rewards/rejected': -15.761621475219727, 'rewards/accuracies': 1.0, 'rewards/margins': 10.852348327636719, 'logps/rejected': -161.38653564453125, 'logps/chosen': -54.724098205566406, 'logits/rejected': -2.72727370262146, 'logits/chosen': -3.1285274028778076, 'epoch': 0.56}
{'loss': 0.2086, 'learning_rate': 4.6629681923611603e-07, 'rewards/chosen': -4.83865213394165, 'rewards/rejected': -14.644742012023926, 'rewards/accuracies': 0.90625, 'rewards/margins': 9.806090354919434, 'logps/rejected': -153.14837646484375, 'logps/chosen': -52.188072204589844, 'logits/rejected': -3.1151957511901855, 'logits/chosen': -2.8312788009643555, 'epoch': 0.57}
{'loss': 0.1843, 'learning_rate': 4.5668880475865067e-07, 'rewards/chosen': -5.669582843780518, 'rewards/rejected': -12.220388412475586, 'rewards/accuracies': 0.90625, 'rewards/margins': 6.550807476043701, 'logps/rejected': -126.75607299804688, 'logps/chosen': -60.705589294433594, 'logits/rejected': -3.0590431690216064, 'logits/chosen': -2.9863128662109375, 'epoch': 0.58}
{'loss': 0.1625, 'learning_rate': 4.4709687862213864e-07, 'rewards/chosen': -6.782074928283691, 'rewards/rejected': -15.583416938781738, 'rewards/accuracies': 0.96875, 'rewards/margins': 8.80134105682373, 'logps/rejected': -159.81588745117188, 'logps/chosen': -74.49065399169922, 'logits/rejected': -2.913747787475586, 'logits/chosen': -3.0377631187438965, 'epoch': 0.58}
{'loss': 0.1083, 'learning_rate': 4.3752460383557194e-07, 'rewards/chosen': -5.598689079284668, 'rewards/rejected': -13.482107162475586, 'rewards/accuracies': 0.96875, 'rewards/margins': 7.883417129516602, 'logps/rejected': -140.67079162597656, 'logps/chosen': -63.50889587402344, 'logits/rejected': -2.8956122398376465, 'logits/chosen': -2.9980311393737793, 'epoch': 0.59}
{'loss': 0.192, 'learning_rate': 4.2797553610826797e-07, 'rewards/chosen': -5.313134670257568, 'rewards/rejected': -14.745267868041992, 'rewards/accuracies': 0.90625, 'rewards/margins': 9.432133674621582, 'logps/rejected': -153.02989196777344, 'logps/chosen': -57.287635803222656, 'logits/rejected': -2.974130868911743, 'logits/chosen': -2.9496922492980957, 'epoch': 0.59}
{'loss': 0.1469, 'learning_rate': 4.184532225290686e-07, 'rewards/chosen': -5.2741570472717285, 'rewards/rejected': -15.19204044342041, 'rewards/accuracies': 0.9375, 'rewards/margins': 9.917881965637207, 'logps/rejected': -156.53062438964844, 'logps/chosen': -57.88799285888672, 'logits/rejected': -2.9272208213806152, 'logits/chosen': -2.88287353515625, 'epoch': 0.6}
{'loss': 0.1607, 'learning_rate': 4.089612002487428e-07, 'rewards/chosen': -5.79702091217041, 'rewards/rejected': -14.73766040802002, 'rewards/accuracies': 0.9375, 'rewards/margins': 8.940640449523926, 'logps/rejected': -152.26866149902344, 'logps/chosen': -63.7836799621582, 'logits/rejected': -3.04325532913208, 'logits/chosen': -2.959470272064209, 'epoch': 0.6}
{'loss': 0.1337, 'learning_rate': 3.995029951660776e-07, 'rewards/chosen': -6.19661283493042, 'rewards/rejected': -16.489654541015625, 'rewards/accuracies': 0.90625, 'rewards/margins': 10.293041229248047, 'logps/rejected': -168.9359893798828, 'logps/chosen': -69.44468688964844, 'logits/rejected': -2.748548984527588, 'logits/chosen': -2.9845967292785645, 'epoch': 0.61}
{'loss': 0.2239, 'learning_rate': 3.9008212061815207e-07, 'rewards/chosen': -5.825411796569824, 'rewards/rejected': -15.059430122375488, 'rewards/accuracies': 0.96875, 'rewards/margins': 9.234018325805664, 'logps/rejected': -155.09622192382812, 'logps/chosen': -62.404075622558594, 'logits/rejected': -2.8949408531188965, 'logits/chosen': -2.8768956661224365, 'epoch': 0.61}
{'loss': 0.2465, 'learning_rate': 3.8070207607527585e-07, 'rewards/chosen': -6.0167646408081055, 'rewards/rejected': -15.944374084472656, 'rewards/accuracies': 0.9375, 'rewards/margins': 9.927611351013184, 'logps/rejected': -167.0375213623047, 'logps/chosen': -64.90084075927734, 'logits/rejected': -2.9449775218963623, 'logits/chosen': -2.796278476715088, 'epoch': 0.62}
{'loss': 0.1937, 'learning_rate': 3.7136634584107783e-07, 'rewards/chosen': -7.418473243713379, 'rewards/rejected': -15.15632438659668, 'rewards/accuracies': 0.90625, 'rewards/margins': 7.737851142883301, 'logps/rejected': -154.99317932128906, 'logps/chosen': -79.27523803710938, 'logits/rejected': -2.8911538124084473, 'logits/chosen': -2.9676575660705566, 'epoch': 0.62}
{'loss': 0.1705, 'learning_rate': 3.6207839775823047e-07, 'rewards/chosen': -5.815666198730469, 'rewards/rejected': -15.26321792602539, 'rewards/accuracies': 0.90625, 'rewards/margins': 9.447554588317871, 'logps/rejected': -158.26321411132812, 'logps/chosen': -63.0509147644043, 'logits/rejected': -2.754403591156006, 'logits/chosen': -2.8835437297821045, 'epoch': 0.63}
{'loss': 0.1268, 'learning_rate': 3.5284168192028805e-07, 'rewards/chosen': -6.674953937530518, 'rewards/rejected': -15.067713737487793, 'rewards/accuracies': 0.90625, 'rewards/margins': 8.392759323120117, 'logps/rejected': -159.2773895263672, 'logps/chosen': -73.27018737792969, 'logits/rejected': -2.9604685306549072, 'logits/chosen': -2.817095994949341, 'epoch': 0.64}
{'loss': 0.1205, 'learning_rate': 3.4365962939011693e-07, 'rewards/chosen': -5.65852165222168, 'rewards/rejected': -15.079398155212402, 'rewards/accuracies': 0.875, 'rewards/margins': 9.420875549316406, 'logps/rejected': -161.4594268798828, 'logps/chosen': -62.461158752441406, 'logits/rejected': -3.0115840435028076, 'logits/chosen': -2.79740309715271, 'epoch': 0.64}
{'loss': 0.1427, 'learning_rate': 3.345356509253958e-07, 'rewards/chosen': -6.1002936363220215, 'rewards/rejected': -16.701702117919922, 'rewards/accuracies': 0.9375, 'rewards/margins': 10.601408004760742, 'logps/rejected': -172.6238555908203, 'logps/chosen': -66.43701171875, 'logits/rejected': -2.82659649848938, 'logits/chosen': -2.813816785812378, 'epoch': 0.65}
{'loss': 0.1096, 'learning_rate': 3.2547313571165967e-07, 'rewards/chosen': -5.873204231262207, 'rewards/rejected': -16.14944076538086, 'rewards/accuracies': 0.96875, 'rewards/margins': 10.276237487792969, 'logps/rejected': -169.07452392578125, 'logps/chosen': -63.81064987182617, 'logits/rejected': -3.034343957901001, 'logits/chosen': -2.760831117630005, 'epoch': 0.65}
{'loss': 0.1978, 'learning_rate': 3.1647545010335395e-07, 'rewards/chosen': -5.722108840942383, 'rewards/rejected': -15.130379676818848, 'rewards/accuracies': 0.9375, 'rewards/margins': 9.408271789550781, 'logps/rejected': -156.95785522460938, 'logps/chosen': -62.529273986816406, 'logits/rejected': -2.9677724838256836, 'logits/chosen': -2.8819055557250977, 'epoch': 0.66}
{'loss': 0.1491, 'learning_rate': 3.075459363733727e-07, 'rewards/chosen': -5.750125885009766, 'rewards/rejected': -13.969799995422363, 'rewards/accuracies': 0.9375, 'rewards/margins': 8.219675064086914, 'logps/rejected': -145.3550567626953, 'logps/chosen': -61.55089569091797, 'logits/rejected': -2.95186710357666, 'logits/chosen': -2.917484998703003, 'epoch': 0.66}
{'loss': 0.1844, 'learning_rate': 2.9868791147154025e-07, 'rewards/chosen': -7.0799431800842285, 'rewards/rejected': -16.4151668548584, 'rewards/accuracies': 0.90625, 'rewards/margins': 9.335225105285645, 'logps/rejected': -170.34552001953125, 'logps/chosen': -79.6969223022461, 'logits/rejected': -2.8283395767211914, 'logits/chosen': -2.9055261611938477, 'epoch': 0.67}
{'loss': 0.3055, 'learning_rate': 2.8990466579249917e-07, 'rewards/chosen': -6.7877302169799805, 'rewards/rejected': -13.198100090026855, 'rewards/accuracies': 0.84375, 'rewards/margins': 6.410369396209717, 'logps/rejected': -137.47178649902344, 'logps/chosen': -71.03755187988281, 'logits/rejected': -3.000540018081665, 'logits/chosen': -2.8869776725769043, 'epoch': 0.67}
{'loss': 0.1189, 'learning_rate': 2.811994619534637e-07, 'rewards/chosen': -5.908756256103516, 'rewards/rejected': -15.643423080444336, 'rewards/accuracies': 0.90625, 'rewards/margins': 9.73466682434082, 'logps/rejected': -162.52252197265625, 'logps/chosen': -64.28852081298828, 'logits/rejected': -3.0112690925598145, 'logits/chosen': -2.859201669692993, 'epoch': 0.68}
{'loss': 0.1229, 'learning_rate': 2.725755335822903e-07, 'rewards/chosen': -5.04544734954834, 'rewards/rejected': -15.47602653503418, 'rewards/accuracies': 0.875, 'rewards/margins': 10.430578231811523, 'logps/rejected': -160.7791748046875, 'logps/chosen': -54.366676330566406, 'logits/rejected': -2.935183048248291, 'logits/chosen': -2.8731448650360107, 'epoch': 0.68}
{'loss': 0.1375, 'learning_rate': 2.640360841163174e-07, 'rewards/chosen': -6.970520973205566, 'rewards/rejected': -14.671844482421875, 'rewards/accuracies': 0.90625, 'rewards/margins': 7.701322555541992, 'logps/rejected': -153.09921264648438, 'logps/chosen': -74.85316467285156, 'logits/rejected': -2.8375444412231445, 'logits/chosen': -2.872282028198242, 'epoch': 0.69}
{'loss': 0.2353, 'learning_rate': 2.5558428561241816e-07, 'rewards/chosen': -6.795735836029053, 'rewards/rejected': -13.782186508178711, 'rewards/accuracies': 0.78125, 'rewards/margins': 6.986451625823975, 'logps/rejected': -143.24546813964844, 'logps/chosen': -72.26631927490234, 'logits/rejected': -2.888641357421875, 'logits/chosen': -2.890268564224243, 'epoch': 0.7}
{'loss': 0.2202, 'learning_rate': 2.472232775687119e-07, 'rewards/chosen': -5.408394813537598, 'rewards/rejected': -14.987250328063965, 'rewards/accuracies': 0.96875, 'rewards/margins': 9.57885456085205, 'logps/rejected': -155.22769165039062, 'logps/chosen': -57.799842834472656, 'logits/rejected': -2.830669641494751, 'logits/chosen': -2.8510982990264893, 'epoch': 0.7}
{'loss': 0.1569, 'learning_rate': 2.3895616575836806e-07, 'rewards/chosen': -5.702480316162109, 'rewards/rejected': -14.515886306762695, 'rewards/accuracies': 0.84375, 'rewards/margins': 8.813406944274902, 'logps/rejected': -148.5328826904297, 'logps/chosen': -61.01258087158203, 'logits/rejected': -2.773712158203125, 'logits/chosen': -2.9586894512176514, 'epoch': 0.71}
{'loss': 0.1397, 'learning_rate': 2.3078602107593897e-07, 'rewards/chosen': -4.139247417449951, 'rewards/rejected': -15.305350303649902, 'rewards/accuracies': 1.0, 'rewards/margins': 11.166102409362793, 'logps/rejected': -157.99574279785156, 'logps/chosen': -46.55139923095703, 'logits/rejected': -2.813239574432373, 'logits/chosen': -2.78840970993042, 'epoch': 0.71}
{'loss': 0.1574, 'learning_rate': 2.2271587839664668e-07, 'rewards/chosen': -4.477649688720703, 'rewards/rejected': -16.2924747467041, 'rewards/accuracies': 0.96875, 'rewards/margins': 11.814825057983398, 'logps/rejected': -168.67306518554688, 'logps/chosen': -52.87376022338867, 'logits/rejected': -2.7758853435516357, 'logits/chosen': -2.880765438079834, 'epoch': 0.72}
{'loss': 0.1724, 'learning_rate': 2.1474873544905203e-07, 'rewards/chosen': -4.179019927978516, 'rewards/rejected': -15.746249198913574, 'rewards/accuracies': 0.96875, 'rewards/margins': 11.567228317260742, 'logps/rejected': -161.70668029785156, 'logps/chosen': -46.46092987060547, 'logits/rejected': -2.8093318939208984, 'logits/chosen': -2.863417863845825, 'epoch': 0.72}
{'loss': 0.1184, 'learning_rate': 2.0688755170151994e-07, 'rewards/chosen': -4.6588592529296875, 'rewards/rejected': -13.421801567077637, 'rewards/accuracies': 0.90625, 'rewards/margins': 8.762941360473633, 'logps/rejected': -140.35357666015625, 'logps/chosen': -53.31393051147461, 'logits/rejected': -2.8629302978515625, 'logits/chosen': -2.843137741088867, 'epoch': 0.73}
{'loss': 0.1603, 'learning_rate': 1.991352472628978e-07, 'rewards/chosen': -5.421531677246094, 'rewards/rejected': -14.692361831665039, 'rewards/accuracies': 0.9375, 'rewards/margins': 9.270830154418945, 'logps/rejected': -151.87890625, 'logps/chosen': -59.1601448059082, 'logits/rejected': -2.8919754028320312, 'logits/chosen': -2.8492565155029297, 'epoch': 0.73}
{'loss': 0.1621, 'learning_rate': 1.9149470179781529e-07, 'rewards/chosen': -4.264372825622559, 'rewards/rejected': -13.558663368225098, 'rewards/accuracies': 0.9375, 'rewards/margins': 9.294288635253906, 'logps/rejected': -141.93106079101562, 'logps/chosen': -47.95597839355469, 'logits/rejected': -2.9385313987731934, 'logits/chosen': -2.8094863891601562, 'epoch': 0.74}
{'loss': 0.1425, 'learning_rate': 1.8396875345700496e-07, 'rewards/chosen': -4.874259948730469, 'rewards/rejected': -13.509462356567383, 'rewards/accuracies': 0.9375, 'rewards/margins': 8.635201454162598, 'logps/rejected': -141.50527954101562, 'logps/chosen': -54.38759231567383, 'logits/rejected': -2.8855319023132324, 'logits/chosen': -2.826918840408325, 'epoch': 0.74}
{'loss': 0.1351, 'learning_rate': 1.76560197823046e-07, 'rewards/chosen': -5.886961460113525, 'rewards/rejected': -14.610206604003906, 'rewards/accuracies': 0.84375, 'rewards/margins': 8.723243713378906, 'logps/rejected': -151.8554229736328, 'logps/chosen': -64.14241027832031, 'logits/rejected': -2.830437183380127, 'logits/chosen': -2.8943440914154053, 'epoch': 0.75}
{'loss': 0.1667, 'learning_rate': 1.6927178687191952e-07, 'rewards/chosen': -5.389045238494873, 'rewards/rejected': -14.882668495178223, 'rewards/accuracies': 0.875, 'rewards/margins': 9.493623733520508, 'logps/rejected': -153.8739013671875, 'logps/chosen': -59.451683044433594, 'logits/rejected': -2.6714820861816406, 'logits/chosen': -2.9409914016723633, 'epoch': 0.76}
{'loss': 0.1589, 'learning_rate': 1.6210622795076167e-07, 'rewards/chosen': -6.980340957641602, 'rewards/rejected': -15.806413650512695, 'rewards/accuracies': 0.84375, 'rewards/margins': 8.826072692871094, 'logps/rejected': -161.90057373046875, 'logps/chosen': -76.23652648925781, 'logits/rejected': -2.766792058944702, 'logits/chosen': -2.928117513656616, 'epoch': 0.76}
{'loss': 0.1344, 'learning_rate': 1.5506618277219408e-07, 'rewards/chosen': -6.125854015350342, 'rewards/rejected': -14.467900276184082, 'rewards/accuracies': 0.875, 'rewards/margins': 8.342046737670898, 'logps/rejected': -149.6626434326172, 'logps/chosen': -69.3129653930664, 'logits/rejected': -2.708432912826538, 'logits/chosen': -3.0211710929870605, 'epoch': 0.77}
{'loss': 0.1952, 'learning_rate': 1.481542664256075e-07, 'rewards/chosen': -5.713947296142578, 'rewards/rejected': -14.856260299682617, 'rewards/accuracies': 0.875, 'rewards/margins': 9.142312049865723, 'logps/rejected': -153.16017150878906, 'logps/chosen': -62.49854278564453, 'logits/rejected': -2.807343006134033, 'logits/chosen': -2.7695515155792236, 'epoch': 0.77}
{'loss': 0.2186, 'learning_rate': 1.413730464057616e-07, 'rewards/chosen': -7.054664611816406, 'rewards/rejected': -16.81427764892578, 'rewards/accuracies': 0.84375, 'rewards/margins': 9.759614944458008, 'logps/rejected': -174.59005737304688, 'logps/chosen': -77.00552368164062, 'logits/rejected': -2.9150357246398926, 'logits/chosen': -2.803356647491455, 'epoch': 0.78}
{'loss': 0.0914, 'learning_rate': 1.3472504165906612e-07, 'rewards/chosen': -5.273420333862305, 'rewards/rejected': -15.482730865478516, 'rewards/accuracies': 0.9375, 'rewards/margins': 10.209310531616211, 'logps/rejected': -160.02713012695312, 'logps/chosen': -58.107479095458984, 'logits/rejected': -2.8463361263275146, 'logits/chosen': -2.824707269668579, 'epoch': 0.78}
{'loss': 0.1463, 'learning_rate': 1.2821272164789543e-07, 'rewards/chosen': -5.69135046005249, 'rewards/rejected': -15.945672988891602, 'rewards/accuracies': 0.90625, 'rewards/margins': 10.254322052001953, 'logps/rejected': -165.39903259277344, 'logps/chosen': -61.81690216064453, 'logits/rejected': -2.860304594039917, 'logits/chosen': -2.768080711364746, 'epoch': 0.79}
{'loss': 0.119, 'learning_rate': 1.2183850543328312e-07, 'rewards/chosen': -4.453701496124268, 'rewards/rejected': -15.767369270324707, 'rewards/accuracies': 0.96875, 'rewards/margins': 11.313668251037598, 'logps/rejected': -161.49021911621094, 'logps/chosen': -49.10978698730469, 'logits/rejected': -2.768489360809326, 'logits/chosen': -2.841397762298584, 'epoch': 0.79}
{'loss': 0.1987, 'learning_rate': 1.1560476077634069e-07, 'rewards/chosen': -4.419736385345459, 'rewards/rejected': -16.678953170776367, 'rewards/accuracies': 0.96875, 'rewards/margins': 12.2592191696167, 'logps/rejected': -171.43272399902344, 'logps/chosen': -47.29526901245117, 'logits/rejected': -2.7132155895233154, 'logits/chosen': -2.8229568004608154, 'epoch': 0.8}
{'loss': 0.142, 'learning_rate': 1.0951380325872977e-07, 'rewards/chosen': -5.510448455810547, 'rewards/rejected': -16.620559692382812, 'rewards/accuracies': 0.875, 'rewards/margins': 11.110111236572266, 'logps/rejected': -171.35047912597656, 'logps/chosen': -59.79222869873047, 'logits/rejected': -2.8567512035369873, 'logits/chosen': -2.789031982421875, 'epoch': 0.81}
{'loss': 0.2054, 'learning_rate': 1.0356789542251936e-07, 'rewards/chosen': -5.87530517578125, 'rewards/rejected': -13.043741226196289, 'rewards/accuracies': 0.90625, 'rewards/margins': 7.168436527252197, 'logps/rejected': -135.39991760253906, 'logps/chosen': -63.3273811340332, 'logits/rejected': -2.82869029045105, 'logits/chosen': -2.8801910877227783, 'epoch': 0.81}
{'loss': 0.1458, 'learning_rate': 9.776924592974256e-08, 'rewards/chosen': -4.860433101654053, 'rewards/rejected': -16.243492126464844, 'rewards/accuracies': 0.9375, 'rewards/margins': 11.38305950164795, 'logps/rejected': -166.6981658935547, 'logps/chosen': -51.51966857910156, 'logits/rejected': -2.85263991355896, 'logits/chosen': -2.7830729484558105, 'epoch': 0.82}
{'loss': 0.1084, 'learning_rate': 9.212000874196952e-08, 'rewards/chosen': -5.33009672164917, 'rewards/rejected': -14.942143440246582, 'rewards/accuracies': 0.9375, 'rewards/margins': 9.612048149108887, 'logps/rejected': -154.1520538330078, 'logps/chosen': -58.30388641357422, 'logits/rejected': -2.944880485534668, 'logits/chosen': -2.8045642375946045, 'epoch': 0.82}
{'loss': 0.1672, 'learning_rate': 8.662228232019875e-08, 'rewards/chosen': -4.591947078704834, 'rewards/rejected': -16.270889282226562, 'rewards/accuracies': 0.875, 'rewards/margins': 11.67894172668457, 'logps/rejected': -168.383056640625, 'logps/chosen': -50.42277526855469, 'logits/rejected': -2.802748203277588, 'logits/chosen': -2.793368339538574, 'epoch': 0.83}
{'loss': 0.0964, 'learning_rate': 8.127810884536402e-08, 'rewards/chosen': -5.053264617919922, 'rewards/rejected': -17.079267501831055, 'rewards/accuracies': 0.90625, 'rewards/margins': 12.02600383758545, 'logps/rejected': -177.6614532470703, 'logps/chosen': -56.426673889160156, 'logits/rejected': -2.692500114440918, 'logits/chosen': -2.8172595500946045, 'epoch': 0.83}
{'loss': 0.1094, 'learning_rate': 7.608947345974759e-08, 'rewards/chosen': -4.929265022277832, 'rewards/rejected': -15.446110725402832, 'rewards/accuracies': 0.9375, 'rewards/margins': 10.516845703125, 'logps/rejected': -159.4129638671875, 'logps/chosen': -52.79945373535156, 'logits/rejected': -2.8623673915863037, 'logits/chosen': -2.7913405895233154, 'epoch': 0.84}
{'loss': 0.1676, 'learning_rate': 7.105830352958142e-08, 'rewards/chosen': -4.60124397277832, 'rewards/rejected': -12.796756744384766, 'rewards/accuracies': 0.9375, 'rewards/margins': 8.195512771606445, 'logps/rejected': -135.2312469482422, 'logps/chosen': -49.25783157348633, 'logits/rejected': -2.925873041152954, 'logits/chosen': -2.7067642211914062, 'epoch': 0.84}
{'loss': 0.1292, 'learning_rate': 6.618646792910893e-08, 'rewards/chosen': -6.239192962646484, 'rewards/rejected': -15.578765869140625, 'rewards/accuracies': 0.90625, 'rewards/margins': 9.339573860168457, 'logps/rejected': -162.96429443359375, 'logps/chosen': -67.6348648071289, 'logits/rejected': -2.7817277908325195, 'logits/chosen': -2.83833646774292, 'epoch': 0.85}
{'loss': 0.0992, 'learning_rate': 6.147577634637413e-08, 'rewards/chosen': -5.47237491607666, 'rewards/rejected': -15.057689666748047, 'rewards/accuracies': 0.96875, 'rewards/margins': 9.585315704345703, 'logps/rejected': -154.69033813476562, 'logps/chosen': -60.3165168762207, 'logits/rejected': -2.8296926021575928, 'logits/chosen': -2.8346524238586426, 'epoch': 0.85}
{'loss': 0.2003, 'learning_rate': 5.692797861099718e-08, 'rewards/chosen': -5.923649787902832, 'rewards/rejected': -13.904314041137695, 'rewards/accuracies': 0.84375, 'rewards/margins': 7.9806647300720215, 'logps/rejected': -145.17724609375, 'logps/chosen': -65.35343933105469, 'logits/rejected': -2.730604648590088, 'logits/chosen': -2.840409517288208, 'epoch': 0.86}
{'loss': 0.1083, 'learning_rate': 5.25447640441834e-08, 'rewards/chosen': -5.388867378234863, 'rewards/rejected': -17.320581436157227, 'rewards/accuracies': 0.96875, 'rewards/margins': 11.93171501159668, 'logps/rejected': -179.36439514160156, 'logps/chosen': -58.39740753173828, 'logits/rejected': -2.8319497108459473, 'logits/chosen': -2.7290542125701904, 'epoch': 0.87}
{'loss': 0.1675, 'learning_rate': 4.832776083120982e-08, 'rewards/chosen': -5.652844429016113, 'rewards/rejected': -14.372438430786133, 'rewards/accuracies': 0.96875, 'rewards/margins': 8.719594955444336, 'logps/rejected': -147.95706176757812, 'logps/chosen': -60.6432991027832, 'logits/rejected': -2.852085828781128, 'logits/chosen': -2.771160840988159, 'epoch': 0.87}
{'loss': 0.2281, 'learning_rate': 4.427853541662091e-08, 'rewards/chosen': -5.2595744132995605, 'rewards/rejected': -15.619617462158203, 'rewards/accuracies': 1.0, 'rewards/margins': 10.3600435256958, 'logps/rejected': -160.8732452392578, 'logps/chosen': -56.13959503173828, 'logits/rejected': -2.8751745223999023, 'logits/chosen': -2.800654888153076, 'epoch': 0.88}
{'loss': 0.1161, 'learning_rate': 4.039859192235778e-08, 'rewards/chosen': -4.945208549499512, 'rewards/rejected': -14.857799530029297, 'rewards/accuracies': 0.96875, 'rewards/margins': 9.912591934204102, 'logps/rejected': -152.48179626464844, 'logps/chosen': -56.16762161254883, 'logits/rejected': -2.599151372909546, 'logits/chosen': -2.8302667140960693, 'epoch': 0.88}
{'loss': 0.2464, 'learning_rate': 3.668937158903901e-08, 'rewards/chosen': -6.071040630340576, 'rewards/rejected': -14.830000877380371, 'rewards/accuracies': 0.9375, 'rewards/margins': 8.758960723876953, 'logps/rejected': -153.58416748046875, 'logps/chosen': -67.22674560546875, 'logits/rejected': -2.850104808807373, 'logits/chosen': -2.7757930755615234, 'epoch': 0.89}
{'loss': 0.1532, 'learning_rate': 3.3152252240598086e-08, 'rewards/chosen': -4.956404209136963, 'rewards/rejected': -15.281055450439453, 'rewards/accuracies': 0.96875, 'rewards/margins': 10.324652671813965, 'logps/rejected': -158.63818359375, 'logps/chosen': -56.21192932128906, 'logits/rejected': -2.842836856842041, 'logits/chosen': -2.7790679931640625, 'epoch': 0.89}
{'loss': 0.209, 'learning_rate': 2.978854777247841e-08, 'rewards/chosen': -5.953200340270996, 'rewards/rejected': -15.186415672302246, 'rewards/accuracies': 0.9375, 'rewards/margins': 9.233214378356934, 'logps/rejected': -155.87709045410156, 'logps/chosen': -64.76000213623047, 'logits/rejected': -2.7137255668640137, 'logits/chosen': -2.908958911895752, 'epoch': 0.9}
{'loss': 0.1434, 'learning_rate': 2.6599507663574384e-08, 'rewards/chosen': -4.883181571960449, 'rewards/rejected': -14.289434432983398, 'rewards/accuracies': 0.9375, 'rewards/margins': 9.40625286102295, 'logps/rejected': -148.97891235351562, 'logps/chosen': -52.967742919921875, 'logits/rejected': -2.849125862121582, 'logits/chosen': -2.7348289489746094, 'epoch': 0.9}
{'loss': 0.2413, 'learning_rate': 2.358631651210141e-08, 'rewards/chosen': -5.349920749664307, 'rewards/rejected': -15.148988723754883, 'rewards/accuracies': 0.90625, 'rewards/margins': 9.799068450927734, 'logps/rejected': -156.98841857910156, 'logps/chosen': -58.764320373535156, 'logits/rejected': -2.7294464111328125, 'logits/chosen': -2.8273000717163086, 'epoch': 0.91}
{'loss': 0.2166, 'learning_rate': 2.0750093595565733e-08, 'rewards/chosen': -6.763928413391113, 'rewards/rejected': -16.292312622070312, 'rewards/accuracies': 0.84375, 'rewards/margins': 9.5283842086792, 'logps/rejected': -167.1702880859375, 'logps/chosen': -74.58567810058594, 'logits/rejected': -2.670259714126587, 'logits/chosen': -2.865859031677246, 'epoch': 0.91}
{'loss': 0.1937, 'learning_rate': 1.8091892454998593e-08, 'rewards/chosen': -5.789696216583252, 'rewards/rejected': -15.316672325134277, 'rewards/accuracies': 0.9375, 'rewards/margins': 9.526975631713867, 'logps/rejected': -157.90512084960938, 'logps/chosen': -63.70973205566406, 'logits/rejected': -2.8470678329467773, 'logits/chosen': -2.8308451175689697, 'epoch': 0.92}
{'loss': 0.1238, 'learning_rate': 1.5612700503608967e-08, 'rewards/chosen': -5.621372222900391, 'rewards/rejected': -14.153547286987305, 'rewards/accuracies': 0.90625, 'rewards/margins': 8.532175064086914, 'logps/rejected': -147.25167846679688, 'logps/chosen': -61.9825553894043, 'logits/rejected': -2.778648853302002, 'logits/chosen': -2.8071014881134033, 'epoch': 0.93}
{'loss': 0.1363, 'learning_rate': 1.3313438659999399e-08, 'rewards/chosen': -4.779415607452393, 'rewards/rejected': -15.342841148376465, 'rewards/accuracies': 0.90625, 'rewards/margins': 10.563424110412598, 'logps/rejected': -157.57952880859375, 'logps/chosen': -54.02001953125, 'logits/rejected': -2.7322447299957275, 'logits/chosen': -2.8942019939422607, 'epoch': 0.93}
{'loss': 0.2016, 'learning_rate': 1.119496100608297e-08, 'rewards/chosen': -6.909476280212402, 'rewards/rejected': -15.860647201538086, 'rewards/accuracies': 0.875, 'rewards/margins': 8.951170921325684, 'logps/rejected': -162.55543518066406, 'logps/chosen': -72.78753662109375, 'logits/rejected': -2.7610974311828613, 'logits/chosen': -2.8484559059143066, 'epoch': 0.94}
{'loss': 0.2133, 'learning_rate': 9.258054469825972e-09, 'rewards/chosen': -4.352251052856445, 'rewards/rejected': -16.797279357910156, 'rewards/accuracies': 1.0, 'rewards/margins': 12.445027351379395, 'logps/rejected': -174.24111938476562, 'logps/chosen': -48.36456298828125, 'logits/rejected': -2.7773962020874023, 'logits/chosen': -2.7734200954437256, 'epoch': 0.94}
{'loss': 0.1254, 'learning_rate': 7.503438532937168e-09, 'rewards/chosen': -5.47931432723999, 'rewards/rejected': -16.247821807861328, 'rewards/accuracies': 0.9375, 'rewards/margins': 10.76850700378418, 'logps/rejected': -168.0440673828125, 'logps/chosen': -58.21621322631836, 'logits/rejected': -2.8165502548217773, 'logits/chosen': -2.7457659244537354, 'epoch': 0.95}
{'loss': 0.1203, 'learning_rate': 5.931764963608865e-09, 'rewards/chosen': -6.4747209548950195, 'rewards/rejected': -13.586703300476074, 'rewards/accuracies': 0.90625, 'rewards/margins': 7.111983299255371, 'logps/rejected': -142.24559020996094, 'logps/chosen': -72.48474884033203, 'logits/rejected': -2.7633748054504395, 'logits/chosen': -2.869297504425049, 'epoch': 0.95}
{'loss': 0.1581, 'learning_rate': 4.543617574412184e-09, 'rewards/chosen': -5.473456382751465, 'rewards/rejected': -16.481792449951172, 'rewards/accuracies': 0.875, 'rewards/margins': 11.008336067199707, 'logps/rejected': -169.52821350097656, 'logps/chosen': -61.66349792480469, 'logits/rejected': -2.721118927001953, 'logits/chosen': -2.8157286643981934, 'epoch': 0.96}
{'loss': 0.1793, 'learning_rate': 3.3395120054343086e-09, 'rewards/chosen': -6.37118673324585, 'rewards/rejected': -16.488853454589844, 'rewards/accuracies': 0.9375, 'rewards/margins': 10.11766529083252, 'logps/rejected': -168.20236206054688, 'logps/chosen': -68.84639739990234, 'logits/rejected': -2.7048802375793457, 'logits/chosen': -2.845571994781494, 'epoch': 0.96}
{'loss': 0.2491, 'learning_rate': 2.3198955327393686e-09, 'rewards/chosen': -6.019259929656982, 'rewards/rejected': -16.192344665527344, 'rewards/accuracies': 0.90625, 'rewards/margins': 10.17308521270752, 'logps/rejected': -169.0345458984375, 'logps/chosen': -68.34063720703125, 'logits/rejected': -2.744990587234497, 'logits/chosen': -2.885810613632202, 'epoch': 0.97}
{'loss': 0.199, 'learning_rate': 1.4851469022233997e-09, 'rewards/chosen': -6.138439178466797, 'rewards/rejected': -13.636263847351074, 'rewards/accuracies': 0.78125, 'rewards/margins': 7.497824668884277, 'logps/rejected': -142.2417449951172, 'logps/chosen': -69.08308410644531, 'logits/rejected': -2.7907590866088867, 'logits/chosen': -2.8763864040374756, 'epoch': 0.98}
{'loss': 0.1815, 'learning_rate': 8.35576188926046e-10, 'rewards/chosen': -4.76878547668457, 'rewards/rejected': -15.997015953063965, 'rewards/accuracies': 0.9375, 'rewards/margins': 11.228229522705078, 'logps/rejected': -164.43321228027344, 'logps/chosen': -51.90037155151367, 'logits/rejected': -2.8296005725860596, 'logits/chosen': -2.8175902366638184, 'epoch': 0.98}
{'loss': 0.1796, 'learning_rate': 3.71424681850141e-10, 'rewards/chosen': -5.92615270614624, 'rewards/rejected': -16.557695388793945, 'rewards/accuracies': 0.9375, 'rewards/margins': 10.63154125213623, 'logps/rejected': -172.4639892578125, 'logps/chosen': -63.61723327636719, 'logits/rejected': -2.8247907161712646, 'logits/chosen': -2.7074015140533447, 'epoch': 0.99}
{'loss': 0.157, 'learning_rate': 9.286479433257e-11, 'rewards/chosen': -6.09525728225708, 'rewards/rejected': -15.652400970458984, 'rewards/accuracies': 0.96875, 'rewards/margins': 9.55714225769043, 'logps/rejected': -161.85427856445312, 'logps/chosen': -64.93390655517578, 'logits/rejected': -2.8158516883850098, 'logits/chosen': -2.7803707122802734, 'epoch': 0.99}
{'loss': 0.1365, 'learning_rate': 0.0, 'rewards/chosen': -5.8838911056518555, 'rewards/rejected': -15.480056762695312, 'rewards/accuracies': 0.9375, 'rewards/margins': 9.59616470336914, 'logps/rejected': -159.3026123046875, 'logps/chosen': -63.41114807128906, 'logits/rejected': -2.69050931930542, 'logits/chosen': -2.8489136695861816, 'epoch': 1.0}
{'train_runtime': 2232.3218, 'train_samples_per_second': 10.467, 'train_steps_per_second': 0.082, 'train_loss': 0.2544835740802707, 'epoch': 1.0}
