[2024-01-17 22:58:51,937][root][INFO] - Evaluating rlhf_test_gen_mixtral_7b_base_eval_mixtral_7b_base_gen_prompt_generation_prompt_base_2_run_1 using mixtral_7b_base_peft_cai_data_hh_rlhf_combined on train
/scr/jphilipp/scai/trained_models/Mixtral-8x7B-v0.1/cai_data_hh_rlhf_combined/merged/ is quantized.
[2024-01-17 22:59:21,317][root][INFO] - RUNNING MCQ
[2024-01-17 23:00:00,859][root][INFO] - Evaluating rlhf_test_gen_mixtral_7b_base_eval_mixtral_7b_base_gen_prompt_generation_prompt_base_2_run_2 using mixtral_7b_base_peft_cai_data_hh_rlhf_combined on train
/scr/jphilipp/scai/trained_models/Mixtral-8x7B-v0.1/cai_data_hh_rlhf_combined/merged/ is quantized.
[2024-01-17 23:00:24,197][root][INFO] - RUNNING MCQ
[2024-01-17 23:01:03,417][root][INFO] - Evaluating rlhf_test_gen_mixtral_7b_base_eval_mixtral_7b_base_gen_prompt_generation_prompt_base_2_run_3 using mixtral_7b_base_peft_cai_data_hh_rlhf_combined on train
/scr/jphilipp/scai/trained_models/Mixtral-8x7B-v0.1/cai_data_hh_rlhf_combined/merged/ is quantized.
[2024-01-17 23:01:26,894][root][INFO] - RUNNING MCQ
[2024-01-17 23:02:06,027][root][INFO] - Evaluating rlhf_test_gen_mixtral_7b_base_eval_mixtral_7b_base_gen_prompt_generation_prompt_base_2_run_4 using mixtral_7b_base_peft_cai_data_hh_rlhf_combined on train
/scr/jphilipp/scai/trained_models/Mixtral-8x7B-v0.1/cai_data_hh_rlhf_combined/merged/ is quantized.
[2024-01-17 23:02:29,096][root][INFO] - RUNNING MCQ
[2024-01-17 23:03:07,022][root][INFO] - Evaluating rlhf_test_gen_mixtral_7b_base_eval_mixtral_7b_base_gen_prompt_generation_prompt_base_2_run_5 using mixtral_7b_base_peft_cai_data_hh_rlhf_combined on train
/scr/jphilipp/scai/trained_models/Mixtral-8x7B-v0.1/cai_data_hh_rlhf_combined/merged/ is quantized.
[2024-01-17 23:03:30,145][root][INFO] - RUNNING MCQ
[2024-01-17 23:04:08,353][root][INFO] - Evaluating rlhf_test_gen_mixtral_7b_base_eval_mixtral_7b_base_gen_prompt_generation_prompt_base_2_run_6 using mixtral_7b_base_peft_cai_data_hh_rlhf_combined on train
/scr/jphilipp/scai/trained_models/Mixtral-8x7B-v0.1/cai_data_hh_rlhf_combined/merged/ is quantized.
[2024-01-17 23:04:31,753][root][INFO] - RUNNING MCQ
[2024-01-17 23:05:09,991][root][INFO] - Evaluating rlhf_test_gen_mixtral_7b_base_eval_mixtral_7b_base_gen_prompt_generation_prompt_base_2_run_7 using mixtral_7b_base_peft_cai_data_hh_rlhf_combined on train
/scr/jphilipp/scai/trained_models/Mixtral-8x7B-v0.1/cai_data_hh_rlhf_combined/merged/ is quantized.
[2024-01-17 23:05:33,463][root][INFO] - RUNNING MCQ
[2024-01-17 23:06:11,423][root][INFO] - Evaluating rlhf_test_gen_mixtral_7b_base_eval_mixtral_7b_base_gen_prompt_generation_prompt_base_2_run_8 using mixtral_7b_base_peft_cai_data_hh_rlhf_combined on train
/scr/jphilipp/scai/trained_models/Mixtral-8x7B-v0.1/cai_data_hh_rlhf_combined/merged/ is quantized.
[2024-01-17 23:06:34,648][root][INFO] - RUNNING MCQ
[2024-01-17 23:07:13,622][root][INFO] - Evaluating rlhf_test_gen_mixtral_7b_base_eval_mixtral_7b_base_gen_prompt_generation_prompt_base_2_run_9 using mixtral_7b_base_peft_cai_data_hh_rlhf_combined on train
/scr/jphilipp/scai/trained_models/Mixtral-8x7B-v0.1/cai_data_hh_rlhf_combined/merged/ is quantized.
[2024-01-17 23:07:36,660][root][INFO] - RUNNING MCQ
[2024-01-17 23:08:15,338][root][INFO] - Evaluating rlhf_test_gen_mixtral_7b_base_eval_mixtral_7b_base_gen_prompt_generation_prompt_base_2_run_10 using mixtral_7b_base_peft_cai_data_hh_rlhf_combined on train
/scr/jphilipp/scai/trained_models/Mixtral-8x7B-v0.1/cai_data_hh_rlhf_combined/merged/ is quantized.
[2024-01-17 23:08:38,421][root][INFO] - RUNNING MCQ
[2024-01-17 23:09:16,736][root][INFO] - Evaluating rlhf_test_gen_mixtral_7b_base_eval_mixtral_7b_base_gen_prompt_generation_prompt_base_2_run_1 using mixtral_7b_base_peft_cai_data_hh_rlhf on train
/scr/jphilipp/scai/trained_models/Mixtral-8x7B-v0.1/cai_data_hh_rlhf/merged/ is quantized.
[2024-01-17 23:09:34,403][root][INFO] - RUNNING MCQ
[2024-01-17 23:10:13,774][root][INFO] - Evaluating rlhf_test_gen_mixtral_7b_base_eval_mixtral_7b_base_gen_prompt_generation_prompt_base_2_run_2 using mixtral_7b_base_peft_cai_data_hh_rlhf on train
/scr/jphilipp/scai/trained_models/Mixtral-8x7B-v0.1/cai_data_hh_rlhf/merged/ is quantized.
[2024-01-17 23:10:31,149][root][INFO] - RUNNING MCQ
[2024-01-17 23:11:10,415][root][INFO] - Evaluating rlhf_test_gen_mixtral_7b_base_eval_mixtral_7b_base_gen_prompt_generation_prompt_base_2_run_3 using mixtral_7b_base_peft_cai_data_hh_rlhf on train
/scr/jphilipp/scai/trained_models/Mixtral-8x7B-v0.1/cai_data_hh_rlhf/merged/ is quantized.
[2024-01-17 23:11:27,783][root][INFO] - RUNNING MCQ
[2024-01-17 23:12:06,734][root][INFO] - Evaluating rlhf_test_gen_mixtral_7b_base_eval_mixtral_7b_base_gen_prompt_generation_prompt_base_2_run_4 using mixtral_7b_base_peft_cai_data_hh_rlhf on train
/scr/jphilipp/scai/trained_models/Mixtral-8x7B-v0.1/cai_data_hh_rlhf/merged/ is quantized.
[2024-01-17 23:12:24,605][root][INFO] - RUNNING MCQ
[2024-01-17 23:13:02,729][root][INFO] - Evaluating rlhf_test_gen_mixtral_7b_base_eval_mixtral_7b_base_gen_prompt_generation_prompt_base_2_run_5 using mixtral_7b_base_peft_cai_data_hh_rlhf on train
/scr/jphilipp/scai/trained_models/Mixtral-8x7B-v0.1/cai_data_hh_rlhf/merged/ is quantized.
[2024-01-17 23:13:20,578][root][INFO] - RUNNING MCQ
[2024-01-17 23:13:58,641][root][INFO] - Evaluating rlhf_test_gen_mixtral_7b_base_eval_mixtral_7b_base_gen_prompt_generation_prompt_base_2_run_6 using mixtral_7b_base_peft_cai_data_hh_rlhf on train
/scr/jphilipp/scai/trained_models/Mixtral-8x7B-v0.1/cai_data_hh_rlhf/merged/ is quantized.
[2024-01-17 23:14:16,825][root][INFO] - RUNNING MCQ
[2024-01-17 23:14:54,848][root][INFO] - Evaluating rlhf_test_gen_mixtral_7b_base_eval_mixtral_7b_base_gen_prompt_generation_prompt_base_2_run_7 using mixtral_7b_base_peft_cai_data_hh_rlhf on train
/scr/jphilipp/scai/trained_models/Mixtral-8x7B-v0.1/cai_data_hh_rlhf/merged/ is quantized.
[2024-01-17 23:15:12,592][root][INFO] - RUNNING MCQ
[2024-01-17 23:15:50,285][root][INFO] - Evaluating rlhf_test_gen_mixtral_7b_base_eval_mixtral_7b_base_gen_prompt_generation_prompt_base_2_run_8 using mixtral_7b_base_peft_cai_data_hh_rlhf on train
/scr/jphilipp/scai/trained_models/Mixtral-8x7B-v0.1/cai_data_hh_rlhf/merged/ is quantized.
[2024-01-17 23:16:07,994][root][INFO] - RUNNING MCQ
[2024-01-17 23:16:46,524][root][INFO] - Evaluating rlhf_test_gen_mixtral_7b_base_eval_mixtral_7b_base_gen_prompt_generation_prompt_base_2_run_9 using mixtral_7b_base_peft_cai_data_hh_rlhf on train
/scr/jphilipp/scai/trained_models/Mixtral-8x7B-v0.1/cai_data_hh_rlhf/merged/ is quantized.
[2024-01-17 23:17:03,951][root][INFO] - RUNNING MCQ
[2024-01-17 23:17:42,637][root][INFO] - Evaluating rlhf_test_gen_mixtral_7b_base_eval_mixtral_7b_base_gen_prompt_generation_prompt_base_2_run_10 using mixtral_7b_base_peft_cai_data_hh_rlhf on train
/scr/jphilipp/scai/trained_models/Mixtral-8x7B-v0.1/cai_data_hh_rlhf/merged/ is quantized.
[2024-01-17 23:17:59,897][root][INFO] - RUNNING MCQ
[2024-01-17 23:18:38,204][root][INFO] - Evaluating rlhf_test_gen_mixtral_7b_base_eval_mixtral_7b_base_gen_prompt_generation_prompt_base_2_run_1 using mixtral_7b_base_peft_cai_data_hh_rlhf_flipped on train
/scr/jphilipp/scai/trained_models/Mixtral-8x7B-v0.1/cai_data_hh_rlhf_flipped/merged/ is quantized.
[2024-01-17 23:19:02,800][root][INFO] - RUNNING MCQ
[2024-01-17 23:19:41,738][root][INFO] - Evaluating rlhf_test_gen_mixtral_7b_base_eval_mixtral_7b_base_gen_prompt_generation_prompt_base_2_run_2 using mixtral_7b_base_peft_cai_data_hh_rlhf_flipped on train
/scr/jphilipp/scai/trained_models/Mixtral-8x7B-v0.1/cai_data_hh_rlhf_flipped/merged/ is quantized.
[2024-01-17 23:20:09,251][root][INFO] - RUNNING MCQ
[2024-01-17 23:20:48,316][root][INFO] - Evaluating rlhf_test_gen_mixtral_7b_base_eval_mixtral_7b_base_gen_prompt_generation_prompt_base_2_run_3 using mixtral_7b_base_peft_cai_data_hh_rlhf_flipped on train
/scr/jphilipp/scai/trained_models/Mixtral-8x7B-v0.1/cai_data_hh_rlhf_flipped/merged/ is quantized.
[2024-01-17 23:21:13,048][root][INFO] - RUNNING MCQ
[2024-01-17 23:21:52,210][root][INFO] - Evaluating rlhf_test_gen_mixtral_7b_base_eval_mixtral_7b_base_gen_prompt_generation_prompt_base_2_run_4 using mixtral_7b_base_peft_cai_data_hh_rlhf_flipped on train
/scr/jphilipp/scai/trained_models/Mixtral-8x7B-v0.1/cai_data_hh_rlhf_flipped/merged/ is quantized.
[2024-01-17 23:22:17,297][root][INFO] - RUNNING MCQ
[2024-01-17 23:22:55,158][root][INFO] - Evaluating rlhf_test_gen_mixtral_7b_base_eval_mixtral_7b_base_gen_prompt_generation_prompt_base_2_run_5 using mixtral_7b_base_peft_cai_data_hh_rlhf_flipped on train
/scr/jphilipp/scai/trained_models/Mixtral-8x7B-v0.1/cai_data_hh_rlhf_flipped/merged/ is quantized.
[2024-01-17 23:23:19,778][root][INFO] - RUNNING MCQ
[2024-01-17 23:23:57,856][root][INFO] - Evaluating rlhf_test_gen_mixtral_7b_base_eval_mixtral_7b_base_gen_prompt_generation_prompt_base_2_run_6 using mixtral_7b_base_peft_cai_data_hh_rlhf_flipped on train
/scr/jphilipp/scai/trained_models/Mixtral-8x7B-v0.1/cai_data_hh_rlhf_flipped/merged/ is quantized.
[2024-01-17 23:24:23,146][root][INFO] - RUNNING MCQ
[2024-01-17 23:25:01,409][root][INFO] - Evaluating rlhf_test_gen_mixtral_7b_base_eval_mixtral_7b_base_gen_prompt_generation_prompt_base_2_run_7 using mixtral_7b_base_peft_cai_data_hh_rlhf_flipped on train
/scr/jphilipp/scai/trained_models/Mixtral-8x7B-v0.1/cai_data_hh_rlhf_flipped/merged/ is quantized.
[2024-01-17 23:25:25,958][root][INFO] - RUNNING MCQ
[2024-01-17 23:26:04,033][root][INFO] - Evaluating rlhf_test_gen_mixtral_7b_base_eval_mixtral_7b_base_gen_prompt_generation_prompt_base_2_run_8 using mixtral_7b_base_peft_cai_data_hh_rlhf_flipped on train
/scr/jphilipp/scai/trained_models/Mixtral-8x7B-v0.1/cai_data_hh_rlhf_flipped/merged/ is quantized.
[2024-01-17 23:26:27,058][root][INFO] - RUNNING MCQ
[2024-01-17 23:27:05,705][root][INFO] - Evaluating rlhf_test_gen_mixtral_7b_base_eval_mixtral_7b_base_gen_prompt_generation_prompt_base_2_run_9 using mixtral_7b_base_peft_cai_data_hh_rlhf_flipped on train
/scr/jphilipp/scai/trained_models/Mixtral-8x7B-v0.1/cai_data_hh_rlhf_flipped/merged/ is quantized.
[2024-01-17 23:27:30,808][root][INFO] - RUNNING MCQ
[2024-01-17 23:28:09,846][root][INFO] - Evaluating rlhf_test_gen_mixtral_7b_base_eval_mixtral_7b_base_gen_prompt_generation_prompt_base_2_run_10 using mixtral_7b_base_peft_cai_data_hh_rlhf_flipped on train
/scr/jphilipp/scai/trained_models/Mixtral-8x7B-v0.1/cai_data_hh_rlhf_flipped/merged/ is quantized.
[2024-01-17 23:28:34,455][root][INFO] - RUNNING MCQ
[2024-01-17 23:29:12,726][root][INFO] - Evaluating rlhf_test_gen_mixtral_7b_base_eval_mixtral_7b_base_gen_prompt_generation_prompt_base_2_run_1 using mixtral_7b_base on train
mistralai/Mixtral-8x7B-v0.1 is quantized.
[2024-01-17 23:29:40,197][root][INFO] - RUNNING MCQ
[2024-01-17 23:30:19,470][root][INFO] - Evaluating rlhf_test_gen_mixtral_7b_base_eval_mixtral_7b_base_gen_prompt_generation_prompt_base_2_run_2 using mixtral_7b_base on train
mistralai/Mixtral-8x7B-v0.1 is quantized.
[2024-01-17 23:30:47,059][root][INFO] - RUNNING MCQ
[2024-01-17 23:31:26,416][root][INFO] - Evaluating rlhf_test_gen_mixtral_7b_base_eval_mixtral_7b_base_gen_prompt_generation_prompt_base_2_run_3 using mixtral_7b_base on train
mistralai/Mixtral-8x7B-v0.1 is quantized.
[2024-01-17 23:31:55,552][root][INFO] - RUNNING MCQ
[2024-01-17 23:32:34,278][root][INFO] - Evaluating rlhf_test_gen_mixtral_7b_base_eval_mixtral_7b_base_gen_prompt_generation_prompt_base_2_run_4 using mixtral_7b_base on train
mistralai/Mixtral-8x7B-v0.1 is quantized.
[2024-01-17 23:33:02,147][root][INFO] - RUNNING MCQ
[2024-01-17 23:33:40,155][root][INFO] - Evaluating rlhf_test_gen_mixtral_7b_base_eval_mixtral_7b_base_gen_prompt_generation_prompt_base_2_run_5 using mixtral_7b_base on train
mistralai/Mixtral-8x7B-v0.1 is quantized.
[2024-01-17 23:34:09,117][root][INFO] - RUNNING MCQ
[2024-01-17 23:34:47,240][root][INFO] - Evaluating rlhf_test_gen_mixtral_7b_base_eval_mixtral_7b_base_gen_prompt_generation_prompt_base_2_run_6 using mixtral_7b_base on train
mistralai/Mixtral-8x7B-v0.1 is quantized.
[2024-01-17 23:35:15,897][root][INFO] - RUNNING MCQ
[2024-01-17 23:35:53,937][root][INFO] - Evaluating rlhf_test_gen_mixtral_7b_base_eval_mixtral_7b_base_gen_prompt_generation_prompt_base_2_run_7 using mixtral_7b_base on train
mistralai/Mixtral-8x7B-v0.1 is quantized.
[2024-01-17 23:36:23,268][root][INFO] - RUNNING MCQ
[2024-01-17 23:37:00,839][root][INFO] - Evaluating rlhf_test_gen_mixtral_7b_base_eval_mixtral_7b_base_gen_prompt_generation_prompt_base_2_run_8 using mixtral_7b_base on train
mistralai/Mixtral-8x7B-v0.1 is quantized.
[2024-01-17 23:37:29,270][root][INFO] - RUNNING MCQ
[2024-01-17 23:38:07,989][root][INFO] - Evaluating rlhf_test_gen_mixtral_7b_base_eval_mixtral_7b_base_gen_prompt_generation_prompt_base_2_run_9 using mixtral_7b_base on train
mistralai/Mixtral-8x7B-v0.1 is quantized.
[2024-01-17 23:38:36,358][root][INFO] - RUNNING MCQ
[2024-01-17 23:39:15,037][root][INFO] - Evaluating rlhf_test_gen_mixtral_7b_base_eval_mixtral_7b_base_gen_prompt_generation_prompt_base_2_run_10 using mixtral_7b_base on train
mistralai/Mixtral-8x7B-v0.1 is quantized.
[2024-01-17 23:39:43,308][root][INFO] - RUNNING MCQ
