[2024-01-17 22:59:31,920][root][INFO] - Evaluating rlhf_reversed_test_gen_mixtral_7b_base_eval_mixtral_7b_base_gen_prompt_generation_prompt_base_2_run_1 using mixtral_7b_base_peft_cai_data_hh_rlhf_combined on train
/scr/jphilipp/scai/trained_models/Mixtral-8x7B-v0.1/cai_data_hh_rlhf_combined/merged/ is quantized.
[2024-01-17 22:59:53,962][root][INFO] - RUNNING MCQ
[2024-01-17 23:00:34,474][root][INFO] - Evaluating rlhf_reversed_test_gen_mixtral_7b_base_eval_mixtral_7b_base_gen_prompt_generation_prompt_base_2_run_2 using mixtral_7b_base_peft_cai_data_hh_rlhf_combined on train
/scr/jphilipp/scai/trained_models/Mixtral-8x7B-v0.1/cai_data_hh_rlhf_combined/merged/ is quantized.
[2024-01-17 23:00:56,638][root][INFO] - RUNNING MCQ
[2024-01-17 23:01:36,190][root][INFO] - Evaluating rlhf_reversed_test_gen_mixtral_7b_base_eval_mixtral_7b_base_gen_prompt_generation_prompt_base_2_run_3 using mixtral_7b_base_peft_cai_data_hh_rlhf_combined on train
/scr/jphilipp/scai/trained_models/Mixtral-8x7B-v0.1/cai_data_hh_rlhf_combined/merged/ is quantized.
[2024-01-17 23:01:58,417][root][INFO] - RUNNING MCQ
[2024-01-17 23:02:38,010][root][INFO] - Evaluating rlhf_reversed_test_gen_mixtral_7b_base_eval_mixtral_7b_base_gen_prompt_generation_prompt_base_2_run_4 using mixtral_7b_base_peft_cai_data_hh_rlhf_combined on train
/scr/jphilipp/scai/trained_models/Mixtral-8x7B-v0.1/cai_data_hh_rlhf_combined/merged/ is quantized.
[2024-01-17 23:03:00,167][root][INFO] - RUNNING MCQ
[2024-01-17 23:03:39,490][root][INFO] - Evaluating rlhf_reversed_test_gen_mixtral_7b_base_eval_mixtral_7b_base_gen_prompt_generation_prompt_base_2_run_5 using mixtral_7b_base_peft_cai_data_hh_rlhf_combined on train
/scr/jphilipp/scai/trained_models/Mixtral-8x7B-v0.1/cai_data_hh_rlhf_combined/merged/ is quantized.
[2024-01-17 23:04:01,880][root][INFO] - RUNNING MCQ
[2024-01-17 23:04:40,087][root][INFO] - Evaluating rlhf_reversed_test_gen_mixtral_7b_base_eval_mixtral_7b_base_gen_prompt_generation_prompt_base_2_run_6 using mixtral_7b_base_peft_cai_data_hh_rlhf_combined on train
/scr/jphilipp/scai/trained_models/Mixtral-8x7B-v0.1/cai_data_hh_rlhf_combined/merged/ is quantized.
[2024-01-17 23:05:02,225][root][INFO] - RUNNING MCQ
[2024-01-17 23:05:41,653][root][INFO] - Evaluating rlhf_reversed_test_gen_mixtral_7b_base_eval_mixtral_7b_base_gen_prompt_generation_prompt_base_2_run_7 using mixtral_7b_base_peft_cai_data_hh_rlhf_combined on train
/scr/jphilipp/scai/trained_models/Mixtral-8x7B-v0.1/cai_data_hh_rlhf_combined/merged/ is quantized.
[2024-01-17 23:06:03,691][root][INFO] - RUNNING MCQ
[2024-01-17 23:06:41,511][root][INFO] - Evaluating rlhf_reversed_test_gen_mixtral_7b_base_eval_mixtral_7b_base_gen_prompt_generation_prompt_base_2_run_8 using mixtral_7b_base_peft_cai_data_hh_rlhf_combined on train
/scr/jphilipp/scai/trained_models/Mixtral-8x7B-v0.1/cai_data_hh_rlhf_combined/merged/ is quantized.
[2024-01-17 23:07:03,683][root][INFO] - RUNNING MCQ
[2024-01-17 23:07:42,654][root][INFO] - Evaluating rlhf_reversed_test_gen_mixtral_7b_base_eval_mixtral_7b_base_gen_prompt_generation_prompt_base_2_run_9 using mixtral_7b_base_peft_cai_data_hh_rlhf_combined on train
/scr/jphilipp/scai/trained_models/Mixtral-8x7B-v0.1/cai_data_hh_rlhf_combined/merged/ is quantized.
[2024-01-17 23:08:04,924][root][INFO] - RUNNING MCQ
[2024-01-17 23:08:44,982][root][INFO] - Evaluating rlhf_reversed_test_gen_mixtral_7b_base_eval_mixtral_7b_base_gen_prompt_generation_prompt_base_2_run_10 using mixtral_7b_base_peft_cai_data_hh_rlhf_combined on train
/scr/jphilipp/scai/trained_models/Mixtral-8x7B-v0.1/cai_data_hh_rlhf_combined/merged/ is quantized.
[2024-01-17 23:09:06,916][root][INFO] - RUNNING MCQ
[2024-01-17 23:09:46,650][root][INFO] - Evaluating rlhf_reversed_test_gen_mixtral_7b_base_eval_mixtral_7b_base_gen_prompt_generation_prompt_base_2_run_1 using mixtral_7b_base_peft_cai_data_hh_rlhf on train
/scr/jphilipp/scai/trained_models/Mixtral-8x7B-v0.1/cai_data_hh_rlhf/merged/ is quantized.
[2024-01-17 23:10:10,094][root][INFO] - RUNNING MCQ
[2024-01-17 23:10:50,969][root][INFO] - Evaluating rlhf_reversed_test_gen_mixtral_7b_base_eval_mixtral_7b_base_gen_prompt_generation_prompt_base_2_run_2 using mixtral_7b_base_peft_cai_data_hh_rlhf on train
/scr/jphilipp/scai/trained_models/Mixtral-8x7B-v0.1/cai_data_hh_rlhf/merged/ is quantized.
[2024-01-17 23:11:14,198][root][INFO] - RUNNING MCQ
[2024-01-17 23:11:53,780][root][INFO] - Evaluating rlhf_reversed_test_gen_mixtral_7b_base_eval_mixtral_7b_base_gen_prompt_generation_prompt_base_2_run_3 using mixtral_7b_base_peft_cai_data_hh_rlhf on train
/scr/jphilipp/scai/trained_models/Mixtral-8x7B-v0.1/cai_data_hh_rlhf/merged/ is quantized.
[2024-01-17 23:12:17,106][root][INFO] - RUNNING MCQ
[2024-01-17 23:12:56,571][root][INFO] - Evaluating rlhf_reversed_test_gen_mixtral_7b_base_eval_mixtral_7b_base_gen_prompt_generation_prompt_base_2_run_4 using mixtral_7b_base_peft_cai_data_hh_rlhf on train
/scr/jphilipp/scai/trained_models/Mixtral-8x7B-v0.1/cai_data_hh_rlhf/merged/ is quantized.
[2024-01-17 23:13:19,990][root][INFO] - RUNNING MCQ
[2024-01-17 23:13:59,373][root][INFO] - Evaluating rlhf_reversed_test_gen_mixtral_7b_base_eval_mixtral_7b_base_gen_prompt_generation_prompt_base_2_run_5 using mixtral_7b_base_peft_cai_data_hh_rlhf on train
/scr/jphilipp/scai/trained_models/Mixtral-8x7B-v0.1/cai_data_hh_rlhf/merged/ is quantized.
[2024-01-17 23:14:22,578][root][INFO] - RUNNING MCQ
[2024-01-17 23:15:00,583][root][INFO] - Evaluating rlhf_reversed_test_gen_mixtral_7b_base_eval_mixtral_7b_base_gen_prompt_generation_prompt_base_2_run_6 using mixtral_7b_base_peft_cai_data_hh_rlhf on train
/scr/jphilipp/scai/trained_models/Mixtral-8x7B-v0.1/cai_data_hh_rlhf/merged/ is quantized.
[2024-01-17 23:15:23,719][root][INFO] - RUNNING MCQ
[2024-01-17 23:16:03,252][root][INFO] - Evaluating rlhf_reversed_test_gen_mixtral_7b_base_eval_mixtral_7b_base_gen_prompt_generation_prompt_base_2_run_7 using mixtral_7b_base_peft_cai_data_hh_rlhf on train
/scr/jphilipp/scai/trained_models/Mixtral-8x7B-v0.1/cai_data_hh_rlhf/merged/ is quantized.
[2024-01-17 23:16:26,230][root][INFO] - RUNNING MCQ
[2024-01-17 23:17:04,004][root][INFO] - Evaluating rlhf_reversed_test_gen_mixtral_7b_base_eval_mixtral_7b_base_gen_prompt_generation_prompt_base_2_run_8 using mixtral_7b_base_peft_cai_data_hh_rlhf on train
/scr/jphilipp/scai/trained_models/Mixtral-8x7B-v0.1/cai_data_hh_rlhf/merged/ is quantized.
[2024-01-17 23:17:27,429][root][INFO] - RUNNING MCQ
[2024-01-17 23:18:06,532][root][INFO] - Evaluating rlhf_reversed_test_gen_mixtral_7b_base_eval_mixtral_7b_base_gen_prompt_generation_prompt_base_2_run_9 using mixtral_7b_base_peft_cai_data_hh_rlhf on train
/scr/jphilipp/scai/trained_models/Mixtral-8x7B-v0.1/cai_data_hh_rlhf/merged/ is quantized.
[2024-01-17 23:18:29,654][root][INFO] - RUNNING MCQ
[2024-01-17 23:19:09,949][root][INFO] - Evaluating rlhf_reversed_test_gen_mixtral_7b_base_eval_mixtral_7b_base_gen_prompt_generation_prompt_base_2_run_10 using mixtral_7b_base_peft_cai_data_hh_rlhf on train
/scr/jphilipp/scai/trained_models/Mixtral-8x7B-v0.1/cai_data_hh_rlhf/merged/ is quantized.
[2024-01-17 23:19:32,890][root][INFO] - RUNNING MCQ
[2024-01-17 23:20:12,281][root][INFO] - Evaluating rlhf_reversed_test_gen_mixtral_7b_base_eval_mixtral_7b_base_gen_prompt_generation_prompt_base_2_run_1 using mixtral_7b_base_peft_cai_data_hh_rlhf_flipped on train
/scr/jphilipp/scai/trained_models/Mixtral-8x7B-v0.1/cai_data_hh_rlhf_flipped/merged/ is quantized.
[2024-01-17 23:20:31,393][root][INFO] - RUNNING MCQ
[2024-01-17 23:21:12,257][root][INFO] - Evaluating rlhf_reversed_test_gen_mixtral_7b_base_eval_mixtral_7b_base_gen_prompt_generation_prompt_base_2_run_2 using mixtral_7b_base_peft_cai_data_hh_rlhf_flipped on train
/scr/jphilipp/scai/trained_models/Mixtral-8x7B-v0.1/cai_data_hh_rlhf_flipped/merged/ is quantized.
[2024-01-17 23:21:32,921][root][INFO] - RUNNING MCQ
[2024-01-17 23:22:12,280][root][INFO] - Evaluating rlhf_reversed_test_gen_mixtral_7b_base_eval_mixtral_7b_base_gen_prompt_generation_prompt_base_2_run_3 using mixtral_7b_base_peft_cai_data_hh_rlhf_flipped on train
/scr/jphilipp/scai/trained_models/Mixtral-8x7B-v0.1/cai_data_hh_rlhf_flipped/merged/ is quantized.
[2024-01-17 23:22:31,406][root][INFO] - RUNNING MCQ
[2024-01-17 23:23:10,700][root][INFO] - Evaluating rlhf_reversed_test_gen_mixtral_7b_base_eval_mixtral_7b_base_gen_prompt_generation_prompt_base_2_run_4 using mixtral_7b_base_peft_cai_data_hh_rlhf_flipped on train
/scr/jphilipp/scai/trained_models/Mixtral-8x7B-v0.1/cai_data_hh_rlhf_flipped/merged/ is quantized.
[2024-01-17 23:23:29,475][root][INFO] - RUNNING MCQ
[2024-01-17 23:24:08,819][root][INFO] - Evaluating rlhf_reversed_test_gen_mixtral_7b_base_eval_mixtral_7b_base_gen_prompt_generation_prompt_base_2_run_5 using mixtral_7b_base_peft_cai_data_hh_rlhf_flipped on train
/scr/jphilipp/scai/trained_models/Mixtral-8x7B-v0.1/cai_data_hh_rlhf_flipped/merged/ is quantized.
[2024-01-17 23:24:27,989][root][INFO] - RUNNING MCQ
[2024-01-17 23:25:06,195][root][INFO] - Evaluating rlhf_reversed_test_gen_mixtral_7b_base_eval_mixtral_7b_base_gen_prompt_generation_prompt_base_2_run_6 using mixtral_7b_base_peft_cai_data_hh_rlhf_flipped on train
/scr/jphilipp/scai/trained_models/Mixtral-8x7B-v0.1/cai_data_hh_rlhf_flipped/merged/ is quantized.
[2024-01-17 23:25:25,038][root][INFO] - RUNNING MCQ
[2024-01-17 23:26:04,808][root][INFO] - Evaluating rlhf_reversed_test_gen_mixtral_7b_base_eval_mixtral_7b_base_gen_prompt_generation_prompt_base_2_run_7 using mixtral_7b_base_peft_cai_data_hh_rlhf_flipped on train
/scr/jphilipp/scai/trained_models/Mixtral-8x7B-v0.1/cai_data_hh_rlhf_flipped/merged/ is quantized.
[2024-01-17 23:26:27,061][root][INFO] - RUNNING MCQ
[2024-01-17 23:27:04,775][root][INFO] - Evaluating rlhf_reversed_test_gen_mixtral_7b_base_eval_mixtral_7b_base_gen_prompt_generation_prompt_base_2_run_8 using mixtral_7b_base_peft_cai_data_hh_rlhf_flipped on train
/scr/jphilipp/scai/trained_models/Mixtral-8x7B-v0.1/cai_data_hh_rlhf_flipped/merged/ is quantized.
[2024-01-17 23:27:24,568][root][INFO] - RUNNING MCQ
[2024-01-17 23:28:03,527][root][INFO] - Evaluating rlhf_reversed_test_gen_mixtral_7b_base_eval_mixtral_7b_base_gen_prompt_generation_prompt_base_2_run_9 using mixtral_7b_base_peft_cai_data_hh_rlhf_flipped on train
/scr/jphilipp/scai/trained_models/Mixtral-8x7B-v0.1/cai_data_hh_rlhf_flipped/merged/ is quantized.
[2024-01-17 23:28:22,588][root][INFO] - RUNNING MCQ
[2024-01-17 23:29:02,690][root][INFO] - Evaluating rlhf_reversed_test_gen_mixtral_7b_base_eval_mixtral_7b_base_gen_prompt_generation_prompt_base_2_run_10 using mixtral_7b_base_peft_cai_data_hh_rlhf_flipped on train
/scr/jphilipp/scai/trained_models/Mixtral-8x7B-v0.1/cai_data_hh_rlhf_flipped/merged/ is quantized.
[2024-01-17 23:29:21,873][root][INFO] - RUNNING MCQ
[2024-01-17 23:30:01,478][root][INFO] - Evaluating rlhf_reversed_test_gen_mixtral_7b_base_eval_mixtral_7b_base_gen_prompt_generation_prompt_base_2_run_1 using mixtral_7b_base on train
mistralai/Mixtral-8x7B-v0.1 is quantized.
[2024-01-17 23:30:29,797][root][INFO] - RUNNING MCQ
[2024-01-17 23:31:10,490][root][INFO] - Evaluating rlhf_reversed_test_gen_mixtral_7b_base_eval_mixtral_7b_base_gen_prompt_generation_prompt_base_2_run_2 using mixtral_7b_base on train
mistralai/Mixtral-8x7B-v0.1 is quantized.
[2024-01-17 23:31:38,614][root][INFO] - RUNNING MCQ
[2024-01-17 23:32:18,023][root][INFO] - Evaluating rlhf_reversed_test_gen_mixtral_7b_base_eval_mixtral_7b_base_gen_prompt_generation_prompt_base_2_run_3 using mixtral_7b_base on train
mistralai/Mixtral-8x7B-v0.1 is quantized.
[2024-01-17 23:32:45,643][root][INFO] - RUNNING MCQ
[2024-01-17 23:33:24,946][root][INFO] - Evaluating rlhf_reversed_test_gen_mixtral_7b_base_eval_mixtral_7b_base_gen_prompt_generation_prompt_base_2_run_4 using mixtral_7b_base on train
mistralai/Mixtral-8x7B-v0.1 is quantized.
[2024-01-17 23:33:53,177][root][INFO] - RUNNING MCQ
[2024-01-17 23:34:32,617][root][INFO] - Evaluating rlhf_reversed_test_gen_mixtral_7b_base_eval_mixtral_7b_base_gen_prompt_generation_prompt_base_2_run_5 using mixtral_7b_base on train
mistralai/Mixtral-8x7B-v0.1 is quantized.
[2024-01-17 23:35:01,361][root][INFO] - RUNNING MCQ
[2024-01-17 23:35:39,226][root][INFO] - Evaluating rlhf_reversed_test_gen_mixtral_7b_base_eval_mixtral_7b_base_gen_prompt_generation_prompt_base_2_run_6 using mixtral_7b_base on train
mistralai/Mixtral-8x7B-v0.1 is quantized.
[2024-01-17 23:36:07,230][root][INFO] - RUNNING MCQ
[2024-01-17 23:36:46,594][root][INFO] - Evaluating rlhf_reversed_test_gen_mixtral_7b_base_eval_mixtral_7b_base_gen_prompt_generation_prompt_base_2_run_7 using mixtral_7b_base on train
mistralai/Mixtral-8x7B-v0.1 is quantized.
[2024-01-17 23:37:15,089][root][INFO] - RUNNING MCQ
[2024-01-17 23:37:52,987][root][INFO] - Evaluating rlhf_reversed_test_gen_mixtral_7b_base_eval_mixtral_7b_base_gen_prompt_generation_prompt_base_2_run_8 using mixtral_7b_base on train
mistralai/Mixtral-8x7B-v0.1 is quantized.
[2024-01-17 23:38:21,232][root][INFO] - RUNNING MCQ
[2024-01-17 23:39:00,309][root][INFO] - Evaluating rlhf_reversed_test_gen_mixtral_7b_base_eval_mixtral_7b_base_gen_prompt_generation_prompt_base_2_run_9 using mixtral_7b_base on train
mistralai/Mixtral-8x7B-v0.1 is quantized.
[2024-01-17 23:39:27,799][root][INFO] - RUNNING MCQ
[2024-01-17 23:40:07,778][root][INFO] - Evaluating rlhf_reversed_test_gen_mixtral_7b_base_eval_mixtral_7b_base_gen_prompt_generation_prompt_base_2_run_10 using mixtral_7b_base on train
mistralai/Mixtral-8x7B-v0.1 is quantized.
[2024-01-17 23:40:35,644][root][INFO] - RUNNING MCQ
