[2024-03-05 21:07:45,695] [INFO] [real_accelerator.py:161:get_accelerator] Setting ds_accelerator to cuda (auto detect)
[2024-03-05 21:07:45,699] [INFO] [real_accelerator.py:161:get_accelerator] Setting ds_accelerator to cuda (auto detect)
[2024-03-05 21:07:45,701] [INFO] [real_accelerator.py:161:get_accelerator] Setting ds_accelerator to cuda (auto detect)
[2024-03-05 21:07:45,701] [INFO] [real_accelerator.py:161:get_accelerator] Setting ds_accelerator to cuda (auto detect)
Dataset({
    features: ['prompt', 'chosen', 'rejected'],
    num_rows: 23366
})
7399 4284
[2024-03-05 21:08:05,577] [INFO] [comm.py:637:init_distributed] cdb=None
[2024-03-05 21:08:05,578] [INFO] [comm.py:668:init_distributed] Initializing TorchBackend in DeepSpeed with backend nccl
[2024-03-05 21:08:05,798][datasets.fingerprint][WARNING] - Parameter 'function'=<bound method DPOTrainer.tokenize_row of <trl.trainer.dpo_trainer.DPOTrainer object at 0x7f74b1c3b370>> of the transform datasets.arrow_dataset.Dataset._map_single couldn't be hashed properly, a random hash was used instead. Make sure your transforms and parameters are serializable with pickle or dill for the dataset fingerprinting and caching to work. If you reuse this transform, the caching mechanism will consider it to be different from the previous calls and recompute everything. This warning is only showed once. Subsequent hashing failures won't be showed.
Dataset({
    features: ['prompt', 'chosen', 'rejected'],
    num_rows: 23366
})
7399 4284
[2024-03-05 21:08:05,871] [INFO] [comm.py:637:init_distributed] cdb=None
Dataset({
    features: ['prompt', 'chosen', 'rejected'],
    num_rows: 23366
})
7399 4284
[2024-03-05 21:08:06,183] [INFO] [comm.py:637:init_distributed] cdb=None
Dataset({
    features: ['prompt', 'chosen', 'rejected'],
    num_rows: 23366
})
7399 4284
[2024-03-05 21:08:06,426] [INFO] [comm.py:637:init_distributed] cdb=None
[2024-03-05 21:08:46,481][accelerate.utils.other][WARNING] - Detected kernel version 5.4.0, which is below the recommended minimum of 5.5.0; this can cause the process to hang. It is recommended to upgrade the kernel to the minimum version or higher.
[2024-03-05 21:08:46,484] [INFO] [logging.py:96:log_dist] [Rank 0] DeepSpeed info: version=0.12.6, git-hash=unknown, git-branch=unknown
[2024-03-05 21:08:46,640][datasets.fingerprint][WARNING] - Parameter 'function'=<bound method DPOTrainer.tokenize_row of <trl.trainer.dpo_trainer.DPOTrainer object at 0x7fb8f5853430>> of the transform datasets.arrow_dataset.Dataset._map_single couldn't be hashed properly, a random hash was used instead. Make sure your transforms and parameters are serializable with pickle or dill for the dataset fingerprinting and caching to work. If you reuse this transform, the caching mechanism will consider it to be different from the previous calls and recompute everything. This warning is only showed once. Subsequent hashing failures won't be showed.
[2024-03-05 21:08:46,640][datasets.fingerprint][WARNING] - Parameter 'function'=<bound method DPOTrainer.tokenize_row of <trl.trainer.dpo_trainer.DPOTrainer object at 0x7f44318868c0>> of the transform datasets.arrow_dataset.Dataset._map_single couldn't be hashed properly, a random hash was used instead. Make sure your transforms and parameters are serializable with pickle or dill for the dataset fingerprinting and caching to work. If you reuse this transform, the caching mechanism will consider it to be different from the previous calls and recompute everything. This warning is only showed once. Subsequent hashing failures won't be showed.
[2024-03-05 21:08:46,640][datasets.fingerprint][WARNING] - Parameter 'function'=<bound method DPOTrainer.tokenize_row of <trl.trainer.dpo_trainer.DPOTrainer object at 0x7fae9b466ad0>> of the transform datasets.arrow_dataset.Dataset._map_single couldn't be hashed properly, a random hash was used instead. Make sure your transforms and parameters are serializable with pickle or dill for the dataset fingerprinting and caching to work. If you reuse this transform, the caching mechanism will consider it to be different from the previous calls and recompute everything. This warning is only showed once. Subsequent hashing failures won't be showed.
[2024-03-05 21:09:29,675] [INFO] [logging.py:96:log_dist] [Rank 0] DeepSpeed Flops Profiler Enabled: False
[2024-03-05 21:09:29,676] [INFO] [logging.py:96:log_dist] [Rank 0] Creating BF16 optimizer
[2024-03-05 21:09:29,799] [INFO] [utils.py:791:see_memory_usage] begin bf16_optimizer
[2024-03-05 21:09:29,800] [INFO] [utils.py:792:see_memory_usage] MA 13.99 GB         Max_MA 13.99 GB         CA 14.24 GB         Max_CA 14 GB 
[2024-03-05 21:09:29,800] [INFO] [utils.py:799:see_memory_usage] CPU Virtual Memory:  used = 92.44 GB, percent = 9.2%
[2024-03-05 21:09:29,923] [INFO] [utils.py:791:see_memory_usage] end bf16_optimizer
[2024-03-05 21:09:29,924] [INFO] [utils.py:792:see_memory_usage] MA 13.99 GB         Max_MA 13.99 GB         CA 14.24 GB         Max_CA 14 GB 
[2024-03-05 21:09:29,924] [INFO] [utils.py:799:see_memory_usage] CPU Virtual Memory:  used = 90.31 GB, percent = 9.0%
[2024-03-05 21:09:29,925] [INFO] [config.py:984:print] DeepSpeedEngine configuration:
[2024-03-05 21:09:29,925] [INFO] [config.py:988:print]   activation_checkpointing_config  {
    "partition_activations": false, 
    "contiguous_memory_optimization": false, 
    "cpu_checkpointing": false, 
    "number_checkpoints": null, 
    "synchronize_checkpoint_boundary": false, 
    "profile": false
}
[2024-03-05 21:09:29,925] [INFO] [config.py:988:print]   aio_config ................... {'block_size': 1048576, 'queue_depth': 8, 'thread_count': 1, 'single_submit': False, 'overlap_events': True}
[2024-03-05 21:09:29,925] [INFO] [config.py:988:print]   amp_enabled .................. False
[2024-03-05 21:09:29,925] [INFO] [config.py:988:print]   amp_params ................... False
[2024-03-05 21:09:29,925] [INFO] [config.py:988:print]   autotuning_config ............ {
    "enabled": false, 
    "start_step": null, 
    "end_step": null, 
    "metric_path": null, 
    "arg_mappings": null, 
    "metric": "throughput", 
    "model_info": null, 
    "results_dir": "autotuning_results", 
    "exps_dir": "autotuning_exps", 
    "overwrite": true, 
    "fast": true, 
    "start_profile_step": 3, 
    "end_profile_step": 5, 
    "tuner_type": "gridsearch", 
    "tuner_early_stopping": 5, 
    "tuner_num_trials": 50, 
    "model_info_path": null, 
    "mp_size": 1, 
    "max_train_batch_size": null, 
    "min_train_batch_size": 1, 
    "max_train_micro_batch_size_per_gpu": 1.024000e+03, 
    "min_train_micro_batch_size_per_gpu": 1, 
    "num_tuning_micro_batch_sizes": 3
}
[2024-03-05 21:09:29,925] [INFO] [config.py:988:print]   bfloat16_enabled ............. True
[2024-03-05 21:09:29,925] [INFO] [config.py:988:print]   checkpoint_parallel_write_pipeline  False
[2024-03-05 21:09:29,925] [INFO] [config.py:988:print]   checkpoint_tag_validation_enabled  True
[2024-03-05 21:09:29,925] [INFO] [config.py:988:print]   checkpoint_tag_validation_fail  False
[2024-03-05 21:09:29,926] [INFO] [config.py:988:print]   comms_config ................. <deepspeed.comm.config.DeepSpeedCommsConfig object at 0x7f74b1c80f10>
[2024-03-05 21:09:29,926] [INFO] [config.py:988:print]   communication_data_type ...... None
[2024-03-05 21:09:29,926] [INFO] [config.py:988:print]   compression_config ........... {'weight_quantization': {'shared_parameters': {'enabled': False, 'quantizer_kernel': False, 'schedule_offset': 0, 'quantize_groups': 1, 'quantize_verbose': False, 'quantization_type': 'symmetric', 'quantize_weight_in_forward': False, 'rounding': 'nearest', 'fp16_mixed_quantize': False, 'quantize_change_ratio': 0.001}, 'different_groups': {}}, 'activation_quantization': {'shared_parameters': {'enabled': False, 'quantization_type': 'symmetric', 'range_calibration': 'dynamic', 'schedule_offset': 1000}, 'different_groups': {}}, 'sparse_pruning': {'shared_parameters': {'enabled': False, 'method': 'l1', 'schedule_offset': 1000}, 'different_groups': {}}, 'row_pruning': {'shared_parameters': {'enabled': False, 'method': 'l1', 'schedule_offset': 1000}, 'different_groups': {}}, 'head_pruning': {'shared_parameters': {'enabled': False, 'method': 'topk', 'schedule_offset': 1000}, 'different_groups': {}}, 'channel_pruning': {'shared_parameters': {'enabled': False, 'method': 'l1', 'schedule_offset': 1000}, 'different_groups': {}}, 'layer_reduction': {'enabled': False}}
[2024-03-05 21:09:29,926] [INFO] [config.py:988:print]   curriculum_enabled_legacy .... False
[2024-03-05 21:09:29,926] [INFO] [config.py:988:print]   curriculum_params_legacy ..... False
[2024-03-05 21:09:29,926] [INFO] [config.py:988:print]   data_efficiency_config ....... {'enabled': False, 'seed': 1234, 'data_sampling': {'enabled': False, 'num_epochs': 1000, 'num_workers': 0, 'curriculum_learning': {'enabled': False}}, 'data_routing': {'enabled': False, 'random_ltd': {'enabled': False, 'layer_token_lr_schedule': {'enabled': False}}}}
[2024-03-05 21:09:29,926] [INFO] [config.py:988:print]   data_efficiency_enabled ...... False
[2024-03-05 21:09:29,926] [INFO] [config.py:988:print]   dataloader_drop_last ......... False
[2024-03-05 21:09:29,926] [INFO] [config.py:988:print]   disable_allgather ............ False
[2024-03-05 21:09:29,926] [INFO] [config.py:988:print]   dump_state ................... False
[2024-03-05 21:09:29,926] [INFO] [config.py:988:print]   dynamic_loss_scale_args ...... None
[2024-03-05 21:09:29,926] [INFO] [config.py:988:print]   eigenvalue_enabled ........... False
[2024-03-05 21:09:29,926] [INFO] [config.py:988:print]   eigenvalue_gas_boundary_resolution  1
[2024-03-05 21:09:29,926] [INFO] [config.py:988:print]   eigenvalue_layer_name ........ bert.encoder.layer
[2024-03-05 21:09:29,926] [INFO] [config.py:988:print]   eigenvalue_layer_num ......... 0
[2024-03-05 21:09:29,926] [INFO] [config.py:988:print]   eigenvalue_max_iter .......... 100
[2024-03-05 21:09:29,926] [INFO] [config.py:988:print]   eigenvalue_stability ......... 1e-06
[2024-03-05 21:09:29,926] [INFO] [config.py:988:print]   eigenvalue_tol ............... 0.01
[2024-03-05 21:09:29,926] [INFO] [config.py:988:print]   eigenvalue_verbose ........... False
[2024-03-05 21:09:29,926] [INFO] [config.py:988:print]   elasticity_enabled ........... False
[2024-03-05 21:09:29,926] [INFO] [config.py:988:print]   flops_profiler_config ........ {
    "enabled": false, 
    "recompute_fwd_factor": 0.0, 
    "profile_step": 1, 
    "module_depth": -1, 
    "top_modules": 1, 
    "detailed": true, 
    "output_file": null
}
[2024-03-05 21:09:29,926] [INFO] [config.py:988:print]   fp16_auto_cast ............... None
[2024-03-05 21:09:29,926] [INFO] [config.py:988:print]   fp16_enabled ................. False
[2024-03-05 21:09:29,926] [INFO] [config.py:988:print]   fp16_master_weights_and_gradients  False
[2024-03-05 21:09:29,927] [INFO] [config.py:988:print]   global_rank .................. 0
[2024-03-05 21:09:29,927] [INFO] [config.py:988:print]   grad_accum_dtype ............. None
[2024-03-05 21:09:29,927] [INFO] [config.py:988:print]   gradient_accumulation_steps .. 32
[2024-03-05 21:09:29,927] [INFO] [config.py:988:print]   gradient_clipping ............ 1.0
[2024-03-05 21:09:29,927] [INFO] [config.py:988:print]   gradient_predivide_factor .... 1.0
[2024-03-05 21:09:29,927] [INFO] [config.py:988:print]   graph_harvesting ............. False
[2024-03-05 21:09:29,927] [INFO] [config.py:988:print]   hybrid_engine ................ enabled=False max_out_tokens=512 inference_tp_size=1 release_inference_cache=False pin_parameters=True tp_gather_partition_size=8
[2024-03-05 21:09:29,927] [INFO] [config.py:988:print]   initial_dynamic_scale ........ 1
[2024-03-05 21:09:29,927] [INFO] [config.py:988:print]   load_universal_checkpoint .... False
[2024-03-05 21:09:29,927] [INFO] [config.py:988:print]   loss_scale ................... 1.0
[2024-03-05 21:09:29,927] [INFO] [config.py:988:print]   memory_breakdown ............. False
[2024-03-05 21:09:29,927] [INFO] [config.py:988:print]   mics_hierarchial_params_gather  False
[2024-03-05 21:09:29,927] [INFO] [config.py:988:print]   mics_shard_size .............. -1
[2024-03-05 21:09:29,927] [INFO] [config.py:988:print]   monitor_config ............... tensorboard=TensorBoardConfig(enabled=False, output_path='', job_name='DeepSpeedJobName') wandb=WandbConfig(enabled=False, group=None, team=None, project='deepspeed') csv_monitor=CSVConfig(enabled=False, output_path='', job_name='DeepSpeedJobName') enabled=False
[2024-03-05 21:09:29,927] [INFO] [config.py:988:print]   nebula_config ................ {
    "enabled": false, 
    "persistent_storage_path": null, 
    "persistent_time_interval": 100, 
    "num_of_version_in_retention": 2, 
    "enable_nebula_load": true, 
    "load_path": null
}
[2024-03-05 21:09:29,927] [INFO] [config.py:988:print]   optimizer_legacy_fusion ...... False
[2024-03-05 21:09:29,927] [INFO] [config.py:988:print]   optimizer_name ............... None
[2024-03-05 21:09:29,927] [INFO] [config.py:988:print]   optimizer_params ............. None
[2024-03-05 21:09:29,927] [INFO] [config.py:988:print]   pipeline ..................... {'stages': 'auto', 'partition': 'best', 'seed_layers': False, 'activation_checkpoint_interval': 0, 'pipe_partitioned': True, 'grad_partitioned': True}
[2024-03-05 21:09:29,927] [INFO] [config.py:988:print]   pld_enabled .................. False
[2024-03-05 21:09:29,927] [INFO] [config.py:988:print]   pld_params ................... False
[2024-03-05 21:09:29,928] [INFO] [config.py:988:print]   prescale_gradients ........... False
[2024-03-05 21:09:29,928] [INFO] [config.py:988:print]   scheduler_name ............... None
[2024-03-05 21:09:29,928] [INFO] [config.py:988:print]   scheduler_params ............. None
[2024-03-05 21:09:29,928] [INFO] [config.py:988:print]   seq_parallel_communication_data_type  torch.float32
[2024-03-05 21:09:29,928] [INFO] [config.py:988:print]   sparse_attention ............. None
[2024-03-05 21:09:29,928] [INFO] [config.py:988:print]   sparse_gradients_enabled ..... False
[2024-03-05 21:09:29,928] [INFO] [config.py:988:print]   steps_per_print .............. inf
[2024-03-05 21:09:29,928] [INFO] [config.py:988:print]   train_batch_size ............. 128
[2024-03-05 21:09:29,928] [INFO] [config.py:988:print]   train_micro_batch_size_per_gpu  1
[2024-03-05 21:09:29,928] [INFO] [config.py:988:print]   use_data_before_expert_parallel_  False
[2024-03-05 21:09:29,928] [INFO] [config.py:988:print]   use_node_local_storage ....... False
[2024-03-05 21:09:29,928] [INFO] [config.py:988:print]   wall_clock_breakdown ......... False
[2024-03-05 21:09:29,928] [INFO] [config.py:988:print]   weight_quantization_config ... None
[2024-03-05 21:09:29,928] [INFO] [config.py:988:print]   world_size ................... 4
[2024-03-05 21:09:29,928] [INFO] [config.py:988:print]   zero_allow_untested_optimizer  False
[2024-03-05 21:09:29,928] [INFO] [config.py:988:print]   zero_config .................. stage=0 contiguous_gradients=True reduce_scatter=True reduce_bucket_size=500,000,000 use_multi_rank_bucket_allreduce=True allgather_partitions=True allgather_bucket_size=500,000,000 overlap_comm=False load_from_fp32_weights=True elastic_checkpoint=False offload_param=DeepSpeedZeroOffloadParamConfig(device='none', nvme_path=None, buffer_count=5, buffer_size=100,000,000, max_in_cpu=1,000,000,000, pin_memory=False) offload_optimizer=DeepSpeedZeroOffloadOptimizerConfig(device='none', nvme_path=None, buffer_count=4, pin_memory=False, pipeline=False, pipeline_read=False, pipeline_write=False, fast_init=False, ratio=1.0) sub_group_size=1,000,000,000 cpu_offload_param=None cpu_offload_use_pin_memory=None cpu_offload=None prefetch_bucket_size=50,000,000 param_persistence_threshold=100,000 model_persistence_threshold=sys.maxsize max_live_parameters=1,000,000,000 max_reuse_distance=1,000,000,000 gather_16bit_weights_on_model_save=False stage3_gather_fp16_weights_on_model_save=False ignore_unused_parameters=True legacy_stage1=False round_robin_gradients=False zero_hpz_partition_size=1 zero_quantized_weights=False zero_quantized_nontrainable_weights=False zero_quantized_gradients=False mics_shard_size=-1 mics_hierarchical_params_gather=False memory_efficient_linear=True pipeline_loading_checkpoint=False override_module_apply=True
[2024-03-05 21:09:29,928] [INFO] [config.py:988:print]   zero_enabled ................. False
[2024-03-05 21:09:29,928] [INFO] [config.py:988:print]   zero_force_ds_cpu_optimizer .. True
[2024-03-05 21:09:29,928] [INFO] [config.py:988:print]   zero_optimization_stage ...... 0
[2024-03-05 21:09:29,928] [INFO] [config.py:974:print_user_config]   json = {
    "train_batch_size": 128, 
    "train_micro_batch_size_per_gpu": 1, 
    "gradient_accumulation_steps": 32, 
    "zero_optimization": {
        "stage": 0, 
        "offload_optimizer": {
            "device": "none", 
            "nvme_path": null
        }, 
        "offload_param": {
            "device": "none", 
            "nvme_path": null
        }, 
        "stage3_gather_16bit_weights_on_model_save": false
    }, 
    "gradient_clipping": 1.0, 
    "steps_per_print": inf, 
    "bf16": {
        "enabled": true
    }, 
    "fp16": {
        "enabled": false
    }
}
{'loss': 0.6932, 'learning_rate': 5.2631578947368416e-08, 'rewards/chosen': 0.0, 'rewards/rejected': 0.0, 'rewards/accuracies': 0.0, 'rewards/margins': 0.0, 'logps/rejected': -43.08111572265625, 'logps/chosen': -41.99167251586914, 'logits/rejected': -2.920428991317749, 'logits/chosen': -2.81837797164917, 'epoch': 0.01}
{'loss': 0.6931, 'learning_rate': 1.0526315789473683e-07, 'rewards/chosen': 0.0, 'rewards/rejected': 0.0, 'rewards/accuracies': 0.0, 'rewards/margins': 0.0, 'logps/rejected': -36.901187896728516, 'logps/chosen': -34.050392150878906, 'logits/rejected': -2.909254312515259, 'logits/chosen': -2.9031498432159424, 'epoch': 0.01}
{'loss': 0.6946, 'learning_rate': 1.5789473684210525e-07, 'rewards/chosen': 0.0011055921204388142, 'rewards/rejected': 0.004004439804702997, 'rewards/accuracies': 0.4375, 'rewards/margins': -0.0028988481499254704, 'logps/rejected': -42.97142791748047, 'logps/chosen': -38.22450256347656, 'logits/rejected': -2.9843382835388184, 'logits/chosen': -2.870976686477661, 'epoch': 0.02}
{'loss': 0.6917, 'learning_rate': 2.1052631578947366e-07, 'rewards/chosen': -0.0026280584279447794, 'rewards/rejected': -0.005210554227232933, 'rewards/accuracies': 0.53125, 'rewards/margins': 0.0025824964977800846, 'logps/rejected': -37.87217712402344, 'logps/chosen': -40.741981506347656, 'logits/rejected': -2.8471639156341553, 'logits/chosen': -2.925403356552124, 'epoch': 0.02}
{'loss': 0.6879, 'learning_rate': 2.631578947368421e-07, 'rewards/chosen': 0.0045162467285990715, 'rewards/rejected': -0.008445793762803078, 'rewards/accuracies': 0.625, 'rewards/margins': 0.01296204049140215, 'logps/rejected': -38.64487075805664, 'logps/chosen': -37.0116081237793, 'logits/rejected': -2.874194383621216, 'logits/chosen': -2.8469419479370117, 'epoch': 0.03}
{'loss': 0.6778, 'learning_rate': 3.157894736842105e-07, 'rewards/chosen': 0.007384428754448891, 'rewards/rejected': -0.025464309379458427, 'rewards/accuracies': 0.6875, 'rewards/margins': 0.03284873813390732, 'logps/rejected': -42.12260437011719, 'logps/chosen': -43.38883590698242, 'logits/rejected': -2.8680408000946045, 'logits/chosen': -2.907788038253784, 'epoch': 0.03}
{'loss': 0.665, 'learning_rate': 3.684210526315789e-07, 'rewards/chosen': -0.001412194804288447, 'rewards/rejected': -0.05734504759311676, 'rewards/accuracies': 0.8125, 'rewards/margins': 0.055932845920324326, 'logps/rejected': -41.490699768066406, 'logps/chosen': -49.87242889404297, 'logits/rejected': -2.805466413497925, 'logits/chosen': -3.020808696746826, 'epoch': 0.04}
{'loss': 0.6217, 'learning_rate': 4.2105263157894733e-07, 'rewards/chosen': -0.03238344565033913, 'rewards/rejected': -0.16077230870723724, 'rewards/accuracies': 0.84375, 'rewards/margins': 0.12838885188102722, 'logps/rejected': -45.63117218017578, 'logps/chosen': -45.37651062011719, 'logits/rejected': -2.8979759216308594, 'logits/chosen': -2.904710292816162, 'epoch': 0.04}
{'loss': 0.595, 'learning_rate': 4.7368421052631574e-07, 'rewards/chosen': -0.02214188687503338, 'rewards/rejected': -0.25137859582901, 'rewards/accuracies': 0.78125, 'rewards/margins': 0.22923672199249268, 'logps/rejected': -40.52739715576172, 'logps/chosen': -37.476585388183594, 'logits/rejected': -2.9244868755340576, 'logits/chosen': -2.94549560546875, 'epoch': 0.05}
{'loss': 0.5657, 'learning_rate': 5.263157894736842e-07, 'rewards/chosen': -0.03944535180926323, 'rewards/rejected': -0.2759879529476166, 'rewards/accuracies': 0.78125, 'rewards/margins': 0.23654262721538544, 'logps/rejected': -41.57265090942383, 'logps/chosen': -39.22654342651367, 'logits/rejected': -2.982343912124634, 'logits/chosen': -2.898165702819824, 'epoch': 0.05}
{'loss': 0.528, 'learning_rate': 5.789473684210526e-07, 'rewards/chosen': -0.10524605214595795, 'rewards/rejected': -0.6705083847045898, 'rewards/accuracies': 0.78125, 'rewards/margins': 0.5652621984481812, 'logps/rejected': -40.94483947753906, 'logps/chosen': -37.797698974609375, 'logits/rejected': -2.8345580101013184, 'logits/chosen': -2.992556095123291, 'epoch': 0.06}
{'loss': 0.4541, 'learning_rate': 6.31578947368421e-07, 'rewards/chosen': -0.04426414147019386, 'rewards/rejected': -1.013480544090271, 'rewards/accuracies': 0.96875, 'rewards/margins': 0.9692164659500122, 'logps/rejected': -47.02718734741211, 'logps/chosen': -37.9505500793457, 'logits/rejected': -2.898313045501709, 'logits/chosen': -3.0024993419647217, 'epoch': 0.07}
{'loss': 0.3842, 'learning_rate': 6.842105263157895e-07, 'rewards/chosen': -0.14894960820674896, 'rewards/rejected': -0.9997223615646362, 'rewards/accuracies': 0.9375, 'rewards/margins': 0.8507727384567261, 'logps/rejected': -51.766849517822266, 'logps/chosen': -47.17829895019531, 'logits/rejected': -2.8772366046905518, 'logits/chosen': -2.952159881591797, 'epoch': 0.07}
{'loss': 0.3005, 'learning_rate': 7.368421052631578e-07, 'rewards/chosen': -0.47943317890167236, 'rewards/rejected': -1.7809921503067017, 'rewards/accuracies': 0.90625, 'rewards/margins': 1.3015588521957397, 'logps/rejected': -54.270320892333984, 'logps/chosen': -45.84543228149414, 'logits/rejected': -2.9183461666107178, 'logits/chosen': -2.8661746978759766, 'epoch': 0.08}
{'loss': 0.2998, 'learning_rate': 7.894736842105263e-07, 'rewards/chosen': -0.5908712148666382, 'rewards/rejected': -2.7714052200317383, 'rewards/accuracies': 0.875, 'rewards/margins': 2.1805338859558105, 'logps/rejected': -68.61997985839844, 'logps/chosen': -48.523719787597656, 'logits/rejected': -2.918992042541504, 'logits/chosen': -2.9615700244903564, 'epoch': 0.08}
{'loss': 0.2126, 'learning_rate': 8.421052631578947e-07, 'rewards/chosen': -1.0666786432266235, 'rewards/rejected': -3.7015938758850098, 'rewards/accuracies': 0.84375, 'rewards/margins': 2.634915351867676, 'logps/rejected': -77.11627960205078, 'logps/chosen': -38.96421813964844, 'logits/rejected': -3.024945020675659, 'logits/chosen': -2.8620471954345703, 'epoch': 0.09}
{'loss': 0.2901, 'learning_rate': 8.947368421052631e-07, 'rewards/chosen': -1.186824083328247, 'rewards/rejected': -4.325584411621094, 'rewards/accuracies': 0.875, 'rewards/margins': 3.1387603282928467, 'logps/rejected': -79.61746215820312, 'logps/chosen': -50.20801544189453, 'logits/rejected': -2.89400315284729, 'logits/chosen': -2.9481348991394043, 'epoch': 0.09}
{'loss': 0.224, 'learning_rate': 9.473684210526315e-07, 'rewards/chosen': -0.8997926712036133, 'rewards/rejected': -4.905683994293213, 'rewards/accuracies': 0.9375, 'rewards/margins': 4.0058913230896, 'logps/rejected': -88.30503845214844, 'logps/chosen': -50.272789001464844, 'logits/rejected': -2.8708925247192383, 'logits/chosen': -2.9018325805664062, 'epoch': 0.1}
{'loss': 0.1899, 'learning_rate': 1e-06, 'rewards/chosen': -1.7275668382644653, 'rewards/rejected': -6.112104892730713, 'rewards/accuracies': 0.9375, 'rewards/margins': 4.384538173675537, 'logps/rejected': -101.0731201171875, 'logps/chosen': -62.384883880615234, 'logits/rejected': -2.9239602088928223, 'logits/chosen': -3.0139219760894775, 'epoch': 0.1}
{'loss': 0.217, 'learning_rate': 9.999071352056673e-07, 'rewards/chosen': -1.60740327835083, 'rewards/rejected': -6.0542778968811035, 'rewards/accuracies': 0.78125, 'rewards/margins': 4.446874618530273, 'logps/rejected': -93.6821060180664, 'logps/chosen': -61.3360481262207, 'logits/rejected': -2.8790624141693115, 'logits/chosen': -3.1038217544555664, 'epoch': 0.11}
{'loss': 0.2117, 'learning_rate': 9.996285753181497e-07, 'rewards/chosen': -2.2225232124328613, 'rewards/rejected': -7.850741386413574, 'rewards/accuracies': 0.84375, 'rewards/margins': 5.628217697143555, 'logps/rejected': -120.55221557617188, 'logps/chosen': -60.36713409423828, 'logits/rejected': -2.915668487548828, 'logits/chosen': -2.9658424854278564, 'epoch': 0.12}
{'loss': 0.3198, 'learning_rate': 9.99164423811074e-07, 'rewards/chosen': -2.287815570831299, 'rewards/rejected': -8.568281173706055, 'rewards/accuracies': 0.90625, 'rewards/margins': 6.280465126037598, 'logps/rejected': -129.01695251464844, 'logps/chosen': -69.75151824951172, 'logits/rejected': -2.9516899585723877, 'logits/chosen': -3.0191164016723633, 'epoch': 0.12}
{'loss': 0.2332, 'learning_rate': 9.985148530977764e-07, 'rewards/chosen': -1.1291662454605103, 'rewards/rejected': -8.476222038269043, 'rewards/accuracies': 0.84375, 'rewards/margins': 7.347055912017822, 'logps/rejected': -126.70702362060547, 'logps/chosen': -46.157936096191406, 'logits/rejected': -2.995107650756836, 'logits/chosen': -2.9002301692962646, 'epoch': 0.13}
{'loss': 0.2893, 'learning_rate': 9.976801044672607e-07, 'rewards/chosen': -2.9279890060424805, 'rewards/rejected': -9.550618171691895, 'rewards/accuracies': 0.9375, 'rewards/margins': 6.622629165649414, 'logps/rejected': -141.1221160888672, 'logps/chosen': -72.51473999023438, 'logits/rejected': -2.947165012359619, 'logits/chosen': -2.8932995796203613, 'epoch': 0.13}
{'loss': 0.1996, 'learning_rate': 9.966604879945656e-07, 'rewards/chosen': -1.344223976135254, 'rewards/rejected': -9.067117691040039, 'rewards/accuracies': 0.96875, 'rewards/margins': 7.722893714904785, 'logps/rejected': -136.1699981689453, 'logps/chosen': -51.360382080078125, 'logits/rejected': -2.9645962715148926, 'logits/chosen': -2.8635458946228027, 'epoch': 0.14}
{'loss': 0.1757, 'learning_rate': 9.954563824255877e-07, 'rewards/chosen': -1.10264253616333, 'rewards/rejected': -8.502317428588867, 'rewards/accuracies': 0.96875, 'rewards/margins': 7.399674415588379, 'logps/rejected': -127.31707763671875, 'logps/chosen': -52.33757781982422, 'logits/rejected': -2.868119955062866, 'logits/chosen': -2.970405340194702, 'epoch': 0.14}
{'loss': 0.1255, 'learning_rate': 9.94068235036391e-07, 'rewards/chosen': -1.3404860496520996, 'rewards/rejected': -9.247925758361816, 'rewards/accuracies': 0.96875, 'rewards/margins': 7.907440185546875, 'logps/rejected': -135.41990661621094, 'logps/chosen': -54.77533721923828, 'logits/rejected': -2.8604984283447266, 'logits/chosen': -2.803532838821411, 'epoch': 0.15}
{'loss': 0.2058, 'learning_rate': 9.924965614670628e-07, 'rewards/chosen': -1.9317587614059448, 'rewards/rejected': -7.93328332901001, 'rewards/accuracies': 0.8125, 'rewards/margins': 6.001523971557617, 'logps/rejected': -121.43023681640625, 'logps/chosen': -60.09951400756836, 'logits/rejected': -2.905712842941284, 'logits/chosen': -2.92744517326355, 'epoch': 0.15}
{'loss': 0.197, 'learning_rate': 9.90741945530174e-07, 'rewards/chosen': -1.8757843971252441, 'rewards/rejected': -8.246028900146484, 'rewards/accuracies': 0.9375, 'rewards/margins': 6.370244026184082, 'logps/rejected': -124.56531524658203, 'logps/chosen': -61.187198638916016, 'logits/rejected': -2.8877980709075928, 'logits/chosen': -2.8797638416290283, 'epoch': 0.16}
{'loss': 0.2302, 'learning_rate': 9.888050389939172e-07, 'rewards/chosen': -2.414128065109253, 'rewards/rejected': -6.973344326019287, 'rewards/accuracies': 0.78125, 'rewards/margins': 4.559216499328613, 'logps/rejected': -108.90862274169922, 'logps/chosen': -59.20011520385742, 'logits/rejected': -2.9814906120300293, 'logits/chosen': -2.879040241241455, 'epoch': 0.16}
{'loss': 0.3029, 'learning_rate': 9.866865613400006e-07, 'rewards/chosen': -1.4041154384613037, 'rewards/rejected': -8.726147651672363, 'rewards/accuracies': 0.90625, 'rewards/margins': 7.322032451629639, 'logps/rejected': -126.28008270263672, 'logps/chosen': -46.96793746948242, 'logits/rejected': -2.9373457431793213, 'logits/chosen': -2.8037142753601074, 'epoch': 0.17}
{'loss': 0.2814, 'learning_rate': 9.843872994963912e-07, 'rewards/chosen': -2.3029112815856934, 'rewards/rejected': -9.419029235839844, 'rewards/accuracies': 0.90625, 'rewards/margins': 7.11611795425415, 'logps/rejected': -134.14230346679688, 'logps/chosen': -65.6111068725586, 'logits/rejected': -2.8795289993286133, 'logits/chosen': -2.972578763961792, 'epoch': 0.18}
{'loss': 0.1877, 'learning_rate': 9.819081075450013e-07, 'rewards/chosen': -0.9430412650108337, 'rewards/rejected': -9.251592636108398, 'rewards/accuracies': 0.9375, 'rewards/margins': 8.308549880981445, 'logps/rejected': -131.42474365234375, 'logps/chosen': -45.501468658447266, 'logits/rejected': -3.0031306743621826, 'logits/chosen': -2.8654630184173584, 'epoch': 0.18}
{'loss': 0.1527, 'learning_rate': 9.792499064044342e-07, 'rewards/chosen': -1.5603322982788086, 'rewards/rejected': -8.381696701049805, 'rewards/accuracies': 0.96875, 'rewards/margins': 6.821363925933838, 'logps/rejected': -130.300537109375, 'logps/chosen': -48.614105224609375, 'logits/rejected': -3.01770281791687, 'logits/chosen': -2.771541118621826, 'epoch': 0.19}
{'loss': 0.222, 'learning_rate': 9.764136834878985e-07, 'rewards/chosen': -1.2150795459747314, 'rewards/rejected': -6.188258171081543, 'rewards/accuracies': 0.875, 'rewards/margins': 4.973178386688232, 'logps/rejected': -96.13106536865234, 'logps/chosen': -42.92219924926758, 'logits/rejected': -2.9820597171783447, 'logits/chosen': -2.9051265716552734, 'epoch': 0.19}
{'loss': 0.2115, 'learning_rate': 9.734004923364256e-07, 'rewards/chosen': -1.1842312812805176, 'rewards/rejected': -7.498558044433594, 'rewards/accuracies': 0.84375, 'rewards/margins': 6.314326286315918, 'logps/rejected': -111.67259216308594, 'logps/chosen': -49.69560241699219, 'logits/rejected': -2.86834454536438, 'logits/chosen': -3.002220392227173, 'epoch': 0.2}
{'loss': 0.219, 'learning_rate': 9.702114522275216e-07, 'rewards/chosen': -1.598392367362976, 'rewards/rejected': -9.100604057312012, 'rewards/accuracies': 0.90625, 'rewards/margins': 7.5022125244140625, 'logps/rejected': -137.1116485595703, 'logps/chosen': -48.92261505126953, 'logits/rejected': -3.0342230796813965, 'logits/chosen': -2.778839111328125, 'epoch': 0.2}
{'loss': 0.1867, 'learning_rate': 9.66847747759402e-07, 'rewards/chosen': -2.63063907623291, 'rewards/rejected': -8.235664367675781, 'rewards/accuracies': 0.84375, 'rewards/margins': 5.605025291442871, 'logps/rejected': -129.232421875, 'logps/chosen': -63.62881851196289, 'logits/rejected': -3.051910400390625, 'logits/chosen': -2.8716909885406494, 'epoch': 0.21}
{'loss': 0.2878, 'learning_rate': 9.63310628410961e-07, 'rewards/chosen': -3.1156694889068604, 'rewards/rejected': -9.015812873840332, 'rewards/accuracies': 0.8125, 'rewards/margins': 5.900143623352051, 'logps/rejected': -135.21194458007812, 'logps/chosen': -69.88946533203125, 'logits/rejected': -2.9925506114959717, 'logits/chosen': -2.93253493309021, 'epoch': 0.21}
{'loss': 0.3089, 'learning_rate': 9.596014080776421e-07, 'rewards/chosen': -1.654943585395813, 'rewards/rejected': -8.775001525878906, 'rewards/accuracies': 0.90625, 'rewards/margins': 7.120057582855225, 'logps/rejected': -127.66661071777344, 'logps/chosen': -55.73639678955078, 'logits/rejected': -2.8844153881073, 'logits/chosen': -2.9343607425689697, 'epoch': 0.22}
{'loss': 0.1537, 'learning_rate': 9.55721464583379e-07, 'rewards/chosen': -1.7998343706130981, 'rewards/rejected': -8.704378128051758, 'rewards/accuracies': 0.875, 'rewards/margins': 6.904543876647949, 'logps/rejected': -128.2271728515625, 'logps/chosen': -62.31626892089844, 'logits/rejected': -2.796853542327881, 'logits/chosen': -2.963103771209717, 'epoch': 0.22}
{'loss': 0.1152, 'learning_rate': 9.516722391687902e-07, 'rewards/chosen': -1.6221333742141724, 'rewards/rejected': -9.22348690032959, 'rewards/accuracies': 0.90625, 'rewards/margins': 7.601354122161865, 'logps/rejected': -137.8037872314453, 'logps/chosen': -48.309120178222656, 'logits/rejected': -2.9647021293640137, 'logits/chosen': -2.8023173809051514, 'epoch': 0.23}
{'loss': 0.1487, 'learning_rate': 9.474552359558165e-07, 'rewards/chosen': -1.588627815246582, 'rewards/rejected': -10.400111198425293, 'rewards/accuracies': 0.875, 'rewards/margins': 8.811483383178711, 'logps/rejected': -152.5209503173828, 'logps/chosen': -54.94777297973633, 'logits/rejected': -2.962078094482422, 'logits/chosen': -2.924772024154663, 'epoch': 0.24}
{'loss': 0.1997, 'learning_rate': 9.430720213890029e-07, 'rewards/chosen': -2.574831008911133, 'rewards/rejected': -10.117012023925781, 'rewards/accuracies': 0.96875, 'rewards/margins': 7.542180061340332, 'logps/rejected': -142.38839721679688, 'logps/chosen': -74.37562561035156, 'logits/rejected': -2.8258674144744873, 'logits/chosen': -2.971749782562256, 'epoch': 0.24}
{'loss': 0.2406, 'learning_rate': 9.385242236536259e-07, 'rewards/chosen': -2.2507824897766113, 'rewards/rejected': -9.94002628326416, 'rewards/accuracies': 0.8125, 'rewards/margins': 7.689244747161865, 'logps/rejected': -142.9125518798828, 'logps/chosen': -58.75055694580078, 'logits/rejected': -2.9783921241760254, 'logits/chosen': -2.866100311279297, 'epoch': 0.25}
{'loss': 0.1936, 'learning_rate': 9.338135320708911e-07, 'rewards/chosen': -2.0348618030548096, 'rewards/rejected': -8.81167221069336, 'rewards/accuracies': 0.78125, 'rewards/margins': 6.776810646057129, 'logps/rejected': -129.57785034179688, 'logps/chosen': -57.33777618408203, 'logits/rejected': -2.9432740211486816, 'logits/chosen': -2.813124895095825, 'epoch': 0.25}
{'loss': 0.2479, 'learning_rate': 9.289416964704185e-07, 'rewards/chosen': -3.4765543937683105, 'rewards/rejected': -10.58135986328125, 'rewards/accuracies': 0.9375, 'rewards/margins': 7.104804039001465, 'logps/rejected': -155.713134765625, 'logps/chosen': -73.71221160888672, 'logits/rejected': -2.992302179336548, 'logits/chosen': -2.819593906402588, 'epoch': 0.26}
{'loss': 0.1554, 'learning_rate': 9.239105265402525e-07, 'rewards/chosen': -1.7702726125717163, 'rewards/rejected': -10.933456420898438, 'rewards/accuracies': 0.9375, 'rewards/margins': 9.163183212280273, 'logps/rejected': -148.70083618164062, 'logps/chosen': -56.88337326049805, 'logits/rejected': -2.8541529178619385, 'logits/chosen': -2.9882118701934814, 'epoch': 0.26}
{'loss': 0.1212, 'learning_rate': 9.187218911546361e-07, 'rewards/chosen': -2.2589235305786133, 'rewards/rejected': -9.655329704284668, 'rewards/accuracies': 0.9375, 'rewards/margins': 7.396406173706055, 'logps/rejected': -135.11248779296875, 'logps/chosen': -66.97525787353516, 'logits/rejected': -2.900479793548584, 'logits/chosen': -2.992406129837036, 'epoch': 0.27}
{'loss': 0.2058, 'learning_rate': 9.133777176798012e-07, 'rewards/chosen': -1.7679824829101562, 'rewards/rejected': -8.323661804199219, 'rewards/accuracies': 0.9375, 'rewards/margins': 6.555680274963379, 'logps/rejected': -132.3413543701172, 'logps/chosen': -59.31812286376953, 'logits/rejected': -3.0130410194396973, 'logits/chosen': -2.9050402641296387, 'epoch': 0.27}
{'loss': 0.1179, 'learning_rate': 9.078799912580303e-07, 'rewards/chosen': -1.820568323135376, 'rewards/rejected': -9.823980331420898, 'rewards/accuracies': 0.9375, 'rewards/margins': 8.003412246704102, 'logps/rejected': -141.028564453125, 'logps/chosen': -55.70872116088867, 'logits/rejected': -2.994403123855591, 'logits/chosen': -2.8685302734375, 'epoch': 0.28}
{'loss': 0.2228, 'learning_rate': 9.022307540702576e-07, 'rewards/chosen': -1.6481486558914185, 'rewards/rejected': -10.148480415344238, 'rewards/accuracies': 0.96875, 'rewards/margins': 8.50033187866211, 'logps/rejected': -143.0238800048828, 'logps/chosen': -54.34130096435547, 'logits/rejected': -3.0022854804992676, 'logits/chosen': -2.9061944484710693, 'epoch': 0.28}
{'loss': 0.1289, 'learning_rate': 8.964321045774806e-07, 'rewards/chosen': -2.1038219928741455, 'rewards/rejected': -9.470643043518066, 'rewards/accuracies': 0.90625, 'rewards/margins': 7.3668212890625, 'logps/rejected': -136.54541015625, 'logps/chosen': -62.02162551879883, 'logits/rejected': -2.943305492401123, 'logits/chosen': -3.02420973777771, 'epoch': 0.29}
{'loss': 0.1226, 'learning_rate': 8.904861967412701e-07, 'rewards/chosen': -2.0192384719848633, 'rewards/rejected': -9.49207592010498, 'rewards/accuracies': 1.0, 'rewards/margins': 7.472836494445801, 'logps/rejected': -142.4837646484375, 'logps/chosen': -59.553550720214844, 'logits/rejected': -3.0512661933898926, 'logits/chosen': -2.855440139770508, 'epoch': 0.3}
{'loss': 0.1703, 'learning_rate': 8.843952392236593e-07, 'rewards/chosen': -1.530134916305542, 'rewards/rejected': -10.195419311523438, 'rewards/accuracies': 0.9375, 'rewards/margins': 8.665284156799316, 'logps/rejected': -147.5784912109375, 'logps/chosen': -52.1004638671875, 'logits/rejected': -3.0029654502868652, 'logits/chosen': -2.942816972732544, 'epoch': 0.3}
{'loss': 0.1425, 'learning_rate': 8.781614945667168e-07, 'rewards/chosen': -2.6338088512420654, 'rewards/rejected': -10.975204467773438, 'rewards/accuracies': 0.96875, 'rewards/margins': 8.34139633178711, 'logps/rejected': -151.97439575195312, 'logps/chosen': -59.722206115722656, 'logits/rejected': -3.0232505798339844, 'logits/chosen': -2.980740547180176, 'epoch': 0.31}
{'loss': 0.1439, 'learning_rate': 8.717872783521047e-07, 'rewards/chosen': -1.90407133102417, 'rewards/rejected': -9.313891410827637, 'rewards/accuracies': 0.90625, 'rewards/margins': 7.409820556640625, 'logps/rejected': -134.0940399169922, 'logps/chosen': -58.502044677734375, 'logits/rejected': -2.962690830230713, 'logits/chosen': -2.9484713077545166, 'epoch': 0.31}
{'loss': 0.2368, 'learning_rate': 8.652749583409339e-07, 'rewards/chosen': -1.4897314310073853, 'rewards/rejected': -9.351268768310547, 'rewards/accuracies': 0.875, 'rewards/margins': 7.861537456512451, 'logps/rejected': -136.68873596191406, 'logps/chosen': -54.43038558959961, 'logits/rejected': -2.9760243892669678, 'logits/chosen': -2.929422378540039, 'epoch': 0.32}
{'loss': 0.138, 'learning_rate': 8.586269535942385e-07, 'rewards/chosen': -0.29058271646499634, 'rewards/rejected': -9.810302734375, 'rewards/accuracies': 0.96875, 'rewards/margins': 9.519720077514648, 'logps/rejected': -143.5823974609375, 'logps/chosen': -35.817134857177734, 'logits/rejected': -3.0356571674346924, 'logits/chosen': -2.9105465412139893, 'epoch': 0.32}
{'loss': 0.1443, 'learning_rate': 8.518457335743924e-07, 'rewards/chosen': -1.372769832611084, 'rewards/rejected': -11.469025611877441, 'rewards/accuracies': 0.9375, 'rewards/margins': 10.096254348754883, 'logps/rejected': -154.59535217285156, 'logps/chosen': -54.71479415893555, 'logits/rejected': -2.93453311920166, 'logits/chosen': -2.9906601905822754, 'epoch': 0.33}
{'loss': 0.1592, 'learning_rate': 8.449338172278058e-07, 'rewards/chosen': -1.512228012084961, 'rewards/rejected': -10.52163314819336, 'rewards/accuracies': 1.0, 'rewards/margins': 9.009404182434082, 'logps/rejected': -149.53732299804688, 'logps/chosen': -51.931121826171875, 'logits/rejected': -2.999000072479248, 'logits/chosen': -2.9385900497436523, 'epoch': 0.33}
{'loss': 0.1165, 'learning_rate': 8.378937720492383e-07, 'rewards/chosen': -1.1520357131958008, 'rewards/rejected': -9.771161079406738, 'rewards/accuracies': 0.96875, 'rewards/margins': 8.619125366210938, 'logps/rejected': -135.7757568359375, 'logps/chosen': -47.727630615234375, 'logits/rejected': -3.029340982437134, 'logits/chosen': -2.9605913162231445, 'epoch': 0.34}
{'loss': 0.1615, 'learning_rate': 8.307282131280804e-07, 'rewards/chosen': -2.025822639465332, 'rewards/rejected': -12.034160614013672, 'rewards/accuracies': 0.90625, 'rewards/margins': 10.00833797454834, 'logps/rejected': -161.38671875, 'logps/chosen': -62.7648811340332, 'logits/rejected': -2.9316749572753906, 'logits/chosen': -3.057828426361084, 'epoch': 0.35}
{'loss': 0.157, 'learning_rate': 8.23439802176954e-07, 'rewards/chosen': -2.2609939575195312, 'rewards/rejected': -11.531037330627441, 'rewards/accuracies': 0.875, 'rewards/margins': 9.27004337310791, 'logps/rejected': -161.138427734375, 'logps/chosen': -58.99298095703125, 'logits/rejected': -3.0861740112304688, 'logits/chosen': -2.9662389755249023, 'epoch': 0.35}
{'loss': 0.1271, 'learning_rate': 8.160312465429952e-07, 'rewards/chosen': -3.0550410747528076, 'rewards/rejected': -11.133745193481445, 'rewards/accuracies': 0.9375, 'rewards/margins': 8.078704833984375, 'logps/rejected': -155.40878295898438, 'logps/chosen': -72.62794494628906, 'logits/rejected': -3.0846359729766846, 'logits/chosen': -3.091883659362793, 'epoch': 0.36}
{'loss': 0.1516, 'learning_rate': 8.085052982021847e-07, 'rewards/chosen': -2.5124998092651367, 'rewards/rejected': -11.271105766296387, 'rewards/accuracies': 0.84375, 'rewards/margins': 8.758605003356934, 'logps/rejected': -152.1352081298828, 'logps/chosen': -65.75111389160156, 'logits/rejected': -3.0536017417907715, 'logits/chosen': -3.0725784301757812, 'epoch': 0.36}
{'loss': 0.1831, 'learning_rate': 8.008647527371022e-07, 'rewards/chosen': -1.3117622137069702, 'rewards/rejected': -13.533133506774902, 'rewards/accuracies': 0.9375, 'rewards/margins': 12.221370697021484, 'logps/rejected': -177.06300354003906, 'logps/chosen': -57.22206115722656, 'logits/rejected': -2.8638250827789307, 'logits/chosen': -3.055939197540283, 'epoch': 0.37}
{'loss': 0.1416, 'learning_rate': 7.931124482984801e-07, 'rewards/chosen': -2.21911358833313, 'rewards/rejected': -10.39090347290039, 'rewards/accuracies': 1.0, 'rewards/margins': 8.171791076660156, 'logps/rejected': -141.4554443359375, 'logps/chosen': -59.08428192138672, 'logits/rejected': -3.0428295135498047, 'logits/chosen': -2.9799551963806152, 'epoch': 0.37}
{'loss': 0.1121, 'learning_rate': 7.85251264550948e-07, 'rewards/chosen': -3.178041934967041, 'rewards/rejected': -12.459903717041016, 'rewards/accuracies': 0.96875, 'rewards/margins': 9.281861305236816, 'logps/rejected': -171.06475830078125, 'logps/chosen': -65.80300903320312, 'logits/rejected': -3.098599910736084, 'logits/chosen': -2.9377143383026123, 'epoch': 0.38}
{'loss': 0.1728, 'learning_rate': 7.772841216033532e-07, 'rewards/chosen': -3.2096376419067383, 'rewards/rejected': -12.175607681274414, 'rewards/accuracies': 0.90625, 'rewards/margins': 8.965970993041992, 'logps/rejected': -161.73574829101562, 'logps/chosen': -71.93190002441406, 'logits/rejected': -2.9924280643463135, 'logits/chosen': -2.931284189224243, 'epoch': 0.38}
{'loss': 0.1419, 'learning_rate': 7.69213978924061e-07, 'rewards/chosen': -2.2226359844207764, 'rewards/rejected': -13.349003791809082, 'rewards/accuracies': 0.875, 'rewards/margins': 11.126368522644043, 'logps/rejected': -175.32965087890625, 'logps/chosen': -56.847084045410156, 'logits/rejected': -2.987959623336792, 'logits/chosen': -2.873239040374756, 'epoch': 0.39}
{'loss': 0.1111, 'learning_rate': 7.610438342416319e-07, 'rewards/chosen': -2.2444417476654053, 'rewards/rejected': -12.328202247619629, 'rewards/accuracies': 0.96875, 'rewards/margins': 10.083760261535645, 'logps/rejected': -171.85293579101562, 'logps/chosen': -66.99977111816406, 'logits/rejected': -3.0298783779144287, 'logits/chosen': -2.994379997253418, 'epoch': 0.39}
{'loss': 0.2223, 'learning_rate': 7.527767224312882e-07, 'rewards/chosen': -5.195974349975586, 'rewards/rejected': -13.885478019714355, 'rewards/accuracies': 0.9375, 'rewards/margins': 8.689502716064453, 'logps/rejected': -174.8375244140625, 'logps/chosen': -95.69254302978516, 'logits/rejected': -2.8894481658935547, 'logits/chosen': -3.0557308197021484, 'epoch': 0.4}
{'loss': 0.1457, 'learning_rate': 7.444157143875819e-07, 'rewards/chosen': -2.944002866744995, 'rewards/rejected': -12.314830780029297, 'rewards/accuracies': 0.96875, 'rewards/margins': 9.370828628540039, 'logps/rejected': -165.59576416015625, 'logps/chosen': -74.59487915039062, 'logits/rejected': -2.858008861541748, 'logits/chosen': -2.9705748558044434, 'epoch': 0.41}
{'loss': 0.1372, 'learning_rate': 7.359639158836827e-07, 'rewards/chosen': -3.8926336765289307, 'rewards/rejected': -12.471990585327148, 'rewards/accuracies': 0.90625, 'rewards/margins': 8.57935905456543, 'logps/rejected': -165.1118927001953, 'logps/chosen': -73.98419189453125, 'logits/rejected': -3.002497911453247, 'logits/chosen': -2.923701047897339, 'epoch': 0.41}
{'loss': 0.0965, 'learning_rate': 7.274244664177097e-07, 'rewards/chosen': -4.092087268829346, 'rewards/rejected': -10.700054168701172, 'rewards/accuracies': 0.9375, 'rewards/margins': 6.607966423034668, 'logps/rejected': -142.1748809814453, 'logps/chosen': -79.33975219726562, 'logits/rejected': -2.9546756744384766, 'logits/chosen': -3.07102370262146, 'epoch': 0.42}
{'loss': 0.1269, 'learning_rate': 7.188005380465364e-07, 'rewards/chosen': -2.534489631652832, 'rewards/rejected': -12.382765769958496, 'rewards/accuracies': 0.90625, 'rewards/margins': 9.84827709197998, 'logps/rejected': -161.92320251464844, 'logps/chosen': -72.28970336914062, 'logits/rejected': -2.8509433269500732, 'logits/chosen': -3.0201029777526855, 'epoch': 0.42}
{'loss': 0.0904, 'learning_rate': 7.100953342075009e-07, 'rewards/chosen': -2.528724193572998, 'rewards/rejected': -13.878107070922852, 'rewards/accuracies': 0.96875, 'rewards/margins': 11.349383354187012, 'logps/rejected': -183.89569091796875, 'logps/chosen': -65.65909576416016, 'logits/rejected': -2.93369197845459, 'logits/chosen': -2.9188740253448486, 'epoch': 0.43}
{'loss': 0.1294, 'learning_rate': 7.013120885284598e-07, 'rewards/chosen': -3.375473976135254, 'rewards/rejected': -12.227758407592773, 'rewards/accuracies': 0.875, 'rewards/margins': 8.85228443145752, 'logps/rejected': -161.8775634765625, 'logps/chosen': -77.71237182617188, 'logits/rejected': -2.911391258239746, 'logits/chosen': -3.020808219909668, 'epoch': 0.43}
{'loss': 0.1747, 'learning_rate': 6.924540636266272e-07, 'rewards/chosen': -3.1542441844940186, 'rewards/rejected': -14.086966514587402, 'rewards/accuracies': 0.96875, 'rewards/margins': 10.932723999023438, 'logps/rejected': -177.44778442382812, 'logps/chosen': -71.56021118164062, 'logits/rejected': -2.8691792488098145, 'logits/chosen': -2.9929070472717285, 'epoch': 0.44}
{'loss': 0.1334, 'learning_rate': 6.83524549896646e-07, 'rewards/chosen': -2.403838634490967, 'rewards/rejected': -12.873547554016113, 'rewards/accuracies': 0.875, 'rewards/margins': 10.469710350036621, 'logps/rejected': -170.02633666992188, 'logps/chosen': -65.04833221435547, 'logits/rejected': -2.914567232131958, 'logits/chosen': -2.9579553604125977, 'epoch': 0.44}
{'loss': 0.252, 'learning_rate': 6.745268642883404e-07, 'rewards/chosen': -4.302457332611084, 'rewards/rejected': -13.984838485717773, 'rewards/accuracies': 0.96875, 'rewards/margins': 9.682381629943848, 'logps/rejected': -187.60711669921875, 'logps/chosen': -80.76275634765625, 'logits/rejected': -2.976198673248291, 'logits/chosen': -2.875734806060791, 'epoch': 0.45}
{'loss': 0.1316, 'learning_rate': 6.654643490746041e-07, 'rewards/chosen': -4.2605485916137695, 'rewards/rejected': -13.621079444885254, 'rewards/accuracies': 0.96875, 'rewards/margins': 9.360532760620117, 'logps/rejected': -181.7682647705078, 'logps/chosen': -77.26570129394531, 'logits/rejected': -3.0066566467285156, 'logits/chosen': -2.886093854904175, 'epoch': 0.45}
{'loss': 0.1459, 'learning_rate': 6.563403706098832e-07, 'rewards/chosen': -4.162144660949707, 'rewards/rejected': -15.138044357299805, 'rewards/accuracies': 0.9375, 'rewards/margins': 10.975899696350098, 'logps/rejected': -188.72894287109375, 'logps/chosen': -85.4588623046875, 'logits/rejected': -2.812386989593506, 'logits/chosen': -2.998110055923462, 'epoch': 0.46}
{'loss': 0.0937, 'learning_rate': 6.47158318079712e-07, 'rewards/chosen': -2.4681272506713867, 'rewards/rejected': -13.755460739135742, 'rewards/accuracies': 1.0, 'rewards/margins': 11.287332534790039, 'logps/rejected': -179.5089874267578, 'logps/chosen': -60.98468780517578, 'logits/rejected': -2.9703798294067383, 'logits/chosen': -2.877291679382324, 'epoch': 0.47}
{'loss': 0.1141, 'learning_rate': 6.379216022417695e-07, 'rewards/chosen': -4.122011661529541, 'rewards/rejected': -13.569547653198242, 'rewards/accuracies': 0.90625, 'rewards/margins': 9.44753646850586, 'logps/rejected': -180.69003295898438, 'logps/chosen': -80.47472381591797, 'logits/rejected': -2.965465784072876, 'logits/chosen': -2.965144634246826, 'epoch': 0.47}
{'loss': 0.2077, 'learning_rate': 6.286336541589223e-07, 'rewards/chosen': -3.355741500854492, 'rewards/rejected': -11.548017501831055, 'rewards/accuracies': 0.875, 'rewards/margins': 8.192276000976562, 'logps/rejected': -161.56553649902344, 'logps/chosen': -71.44546508789062, 'logits/rejected': -3.0320444107055664, 'logits/chosen': -2.9479732513427734, 'epoch': 0.48}
{'loss': 0.17, 'learning_rate': 6.192979239247242e-07, 'rewards/chosen': -2.423414945602417, 'rewards/rejected': -12.193269729614258, 'rewards/accuracies': 0.875, 'rewards/margins': 9.769855499267578, 'logps/rejected': -161.68698120117188, 'logps/chosen': -69.20348358154297, 'logits/rejected': -2.8552184104919434, 'logits/chosen': -3.0057079792022705, 'epoch': 0.48}
{'loss': 0.2493, 'learning_rate': 6.099178793818478e-07, 'rewards/chosen': -2.5094199180603027, 'rewards/rejected': -11.002242088317871, 'rewards/accuracies': 0.9375, 'rewards/margins': 8.49282169342041, 'logps/rejected': -156.926025390625, 'logps/chosen': -68.18450164794922, 'logits/rejected': -3.0287609100341797, 'logits/chosen': -2.922322988510132, 'epoch': 0.49}
{'loss': 0.1552, 'learning_rate': 6.004970048339225e-07, 'rewards/chosen': -1.7822827100753784, 'rewards/rejected': -11.554557800292969, 'rewards/accuracies': 0.9375, 'rewards/margins': 9.772275924682617, 'logps/rejected': -155.66213989257812, 'logps/chosen': -61.36140060424805, 'logits/rejected': -2.8655881881713867, 'logits/chosen': -2.978667974472046, 'epoch': 0.49}
{'loss': 0.1093, 'learning_rate': 5.910387997512573e-07, 'rewards/chosen': -2.4069509506225586, 'rewards/rejected': -10.247671127319336, 'rewards/accuracies': 0.9375, 'rewards/margins': 7.8407206535339355, 'logps/rejected': -148.49842834472656, 'logps/chosen': -63.61476135253906, 'logits/rejected': -3.031618595123291, 'logits/chosen': -2.976118564605713, 'epoch': 0.5}
{'loss': 0.1715, 'learning_rate': 5.815467774709313e-07, 'rewards/chosen': -1.0196094512939453, 'rewards/rejected': -13.85145378112793, 'rewards/accuracies': 0.96875, 'rewards/margins': 12.8318452835083, 'logps/rejected': -175.29595947265625, 'logps/chosen': -57.63134765625, 'logits/rejected': -2.820327043533325, 'logits/chosen': -3.0394692420959473, 'epoch': 0.5}
{'loss': 0.1043, 'learning_rate': 5.720244638917323e-07, 'rewards/chosen': -2.7174901962280273, 'rewards/rejected': -12.314796447753906, 'rewards/accuracies': 0.84375, 'rewards/margins': 9.597307205200195, 'logps/rejected': -165.7493133544922, 'logps/chosen': -69.55863952636719, 'logits/rejected': -2.914842367172241, 'logits/chosen': -2.962517023086548, 'epoch': 0.51}
{'loss': 0.207, 'learning_rate': 5.624753961644281e-07, 'rewards/chosen': -2.39286208152771, 'rewards/rejected': -11.915987014770508, 'rewards/accuracies': 0.875, 'rewards/margins': 9.523125648498535, 'logps/rejected': -168.94137573242188, 'logps/chosen': -66.44994354248047, 'logits/rejected': -3.021143913269043, 'logits/chosen': -2.9216628074645996, 'epoch': 0.51}
{'loss': 0.1179, 'learning_rate': 5.529031213778614e-07, 'rewards/chosen': -2.255969524383545, 'rewards/rejected': -11.63019847869873, 'rewards/accuracies': 0.96875, 'rewards/margins': 9.374228477478027, 'logps/rejected': -156.6588897705078, 'logps/chosen': -65.03978729248047, 'logits/rejected': -2.8816473484039307, 'logits/chosen': -3.0135104656219482, 'epoch': 0.52}
{'loss': 0.1203, 'learning_rate': 5.433111952413494e-07, 'rewards/chosen': -3.171560287475586, 'rewards/rejected': -12.192672729492188, 'rewards/accuracies': 0.875, 'rewards/margins': 9.021111488342285, 'logps/rejected': -160.5430450439453, 'logps/chosen': -78.07926177978516, 'logits/rejected': -2.8100805282592773, 'logits/chosen': -3.0140576362609863, 'epoch': 0.53}
{'loss': 0.1401, 'learning_rate': 5.33703180763884e-07, 'rewards/chosen': -3.536217212677002, 'rewards/rejected': -10.773982048034668, 'rewards/accuracies': 0.875, 'rewards/margins': 7.237764358520508, 'logps/rejected': -151.05099487304688, 'logps/chosen': -69.49053955078125, 'logits/rejected': -2.971052408218384, 'logits/chosen': -2.913212299346924, 'epoch': 0.53}
{'loss': 0.1781, 'learning_rate': 5.240826469306186e-07, 'rewards/chosen': -2.158468246459961, 'rewards/rejected': -12.066737174987793, 'rewards/accuracies': 0.90625, 'rewards/margins': 9.908268928527832, 'logps/rejected': -169.20968627929688, 'logps/chosen': -62.72944259643555, 'logits/rejected': -2.978541374206543, 'logits/chosen': -2.842029571533203, 'epoch': 0.54}
{'loss': 0.1169, 'learning_rate': 5.144531673771363e-07, 'rewards/chosen': -3.686384439468384, 'rewards/rejected': -12.552414894104004, 'rewards/accuracies': 0.90625, 'rewards/margins': 8.866029739379883, 'logps/rejected': -162.3759002685547, 'logps/chosen': -75.41783142089844, 'logits/rejected': -2.9301998615264893, 'logits/chosen': -2.9586687088012695, 'epoch': 0.54}
{'loss': 0.1379, 'learning_rate': 5.048183190619903e-07, 'rewards/chosen': -2.2168326377868652, 'rewards/rejected': -13.522722244262695, 'rewards/accuracies': 0.96875, 'rewards/margins': 11.305889129638672, 'logps/rejected': -180.13693237304688, 'logps/chosen': -59.01051330566406, 'logits/rejected': -3.0041370391845703, 'logits/chosen': -2.9193243980407715, 'epoch': 0.55}
{'loss': 0.1869, 'learning_rate': 4.951816809380097e-07, 'rewards/chosen': -3.087244987487793, 'rewards/rejected': -14.263810157775879, 'rewards/accuracies': 0.875, 'rewards/margins': 11.176566123962402, 'logps/rejected': -188.80735778808594, 'logps/chosen': -66.92672729492188, 'logits/rejected': -3.0232365131378174, 'logits/chosen': -2.9029507637023926, 'epoch': 0.55}
{'loss': 0.2266, 'learning_rate': 4.855468326228638e-07, 'rewards/chosen': -2.739499092102051, 'rewards/rejected': -12.881701469421387, 'rewards/accuracies': 0.90625, 'rewards/margins': 10.142202377319336, 'logps/rejected': -169.5594482421875, 'logps/chosen': -81.24622344970703, 'logits/rejected': -2.7960426807403564, 'logits/chosen': -3.034031391143799, 'epoch': 0.56}
{'loss': 0.109, 'learning_rate': 4.7591735306938134e-07, 'rewards/chosen': -3.536846160888672, 'rewards/rejected': -17.099000930786133, 'rewards/accuracies': 1.0, 'rewards/margins': 13.562152862548828, 'logps/rejected': -206.93869018554688, 'logps/chosen': -80.74018096923828, 'logits/rejected': -2.7353885173797607, 'logits/chosen': -3.1126627922058105, 'epoch': 0.56}
{'loss': 0.1962, 'learning_rate': 4.6629681923611603e-07, 'rewards/chosen': -3.9037394523620605, 'rewards/rejected': -16.22690200805664, 'rewards/accuracies': 0.90625, 'rewards/margins': 12.323162078857422, 'logps/rejected': -214.3641357421875, 'logps/chosen': -74.58345031738281, 'logits/rejected': -3.043741464614868, 'logits/chosen': -2.82568097114563, 'epoch': 0.57}
{'loss': 0.1571, 'learning_rate': 4.5668880475865067e-07, 'rewards/chosen': -4.9123005867004395, 'rewards/rejected': -13.723705291748047, 'rewards/accuracies': 0.90625, 'rewards/margins': 8.811405181884766, 'logps/rejected': -175.9427032470703, 'logps/chosen': -84.84722137451172, 'logits/rejected': -3.004976511001587, 'logits/chosen': -2.9688353538513184, 'epoch': 0.58}
{'loss': 0.1979, 'learning_rate': 4.4709687862213864e-07, 'rewards/chosen': -6.816966533660889, 'rewards/rejected': -16.705373764038086, 'rewards/accuracies': 0.84375, 'rewards/margins': 9.888406753540039, 'logps/rejected': -209.51414489746094, 'logps/chosen': -113.66551971435547, 'logits/rejected': -2.8575751781463623, 'logits/chosen': -3.0177013874053955, 'epoch': 0.58}
{'loss': 0.0858, 'learning_rate': 4.3752460383557194e-07, 'rewards/chosen': -4.857815742492676, 'rewards/rejected': -15.566061973571777, 'rewards/accuracies': 0.96875, 'rewards/margins': 10.708247184753418, 'logps/rejected': -196.32476806640625, 'logps/chosen': -96.33644104003906, 'logits/rejected': -2.860294818878174, 'logits/chosen': -2.9884440898895264, 'epoch': 0.59}
{'loss': 0.1651, 'learning_rate': 4.2797553610826797e-07, 'rewards/chosen': -4.410797595977783, 'rewards/rejected': -16.719839096069336, 'rewards/accuracies': 0.90625, 'rewards/margins': 12.309041023254395, 'logps/rejected': -211.6308135986328, 'logps/chosen': -81.36137390136719, 'logits/rejected': -2.9125046730041504, 'logits/chosen': -2.934743642807007, 'epoch': 0.59}
{'loss': 0.0949, 'learning_rate': 4.184532225290686e-07, 'rewards/chosen': -4.993801593780518, 'rewards/rejected': -17.729759216308594, 'rewards/accuracies': 0.875, 'rewards/margins': 12.735958099365234, 'logps/rejected': -218.81040954589844, 'logps/chosen': -86.458740234375, 'logits/rejected': -2.8772308826446533, 'logits/chosen': -2.8792965412139893, 'epoch': 0.6}
{'loss': 0.1771, 'learning_rate': 4.089612002487428e-07, 'rewards/chosen': -5.916540622711182, 'rewards/rejected': -17.135435104370117, 'rewards/accuracies': 0.9375, 'rewards/margins': 11.218894958496094, 'logps/rejected': -216.23434448242188, 'logps/chosen': -101.5071792602539, 'logits/rejected': -2.9649484157562256, 'logits/chosen': -2.938465118408203, 'epoch': 0.6}
{'loss': 0.0762, 'learning_rate': 3.995029951660776e-07, 'rewards/chosen': -4.984906196594238, 'rewards/rejected': -19.15887451171875, 'rewards/accuracies': 0.9375, 'rewards/margins': 14.173966407775879, 'logps/rejected': -231.9913330078125, 'logps/chosen': -98.340576171875, 'logits/rejected': -2.740748167037964, 'logits/chosen': -2.981365919113159, 'epoch': 0.61}
{'loss': 0.2156, 'learning_rate': 3.9008212061815207e-07, 'rewards/chosen': -6.070346355438232, 'rewards/rejected': -17.79473876953125, 'rewards/accuracies': 0.90625, 'rewards/margins': 11.72439193725586, 'logps/rejected': -219.260986328125, 'logps/chosen': -103.29190063476562, 'logits/rejected': -2.868821859359741, 'logits/chosen': -2.9105772972106934, 'epoch': 0.61}
{'loss': 0.1918, 'learning_rate': 3.8070207607527585e-07, 'rewards/chosen': -5.831909656524658, 'rewards/rejected': -18.36623191833496, 'rewards/accuracies': 0.90625, 'rewards/margins': 12.534320831298828, 'logps/rejected': -229.69387817382812, 'logps/chosen': -93.76179504394531, 'logits/rejected': -2.9236745834350586, 'logits/chosen': -2.829069137573242, 'epoch': 0.62}
{'loss': 0.1887, 'learning_rate': 3.7136634584107783e-07, 'rewards/chosen': -7.493284225463867, 'rewards/rejected': -17.176376342773438, 'rewards/accuracies': 0.90625, 'rewards/margins': 9.683091163635254, 'logps/rejected': -208.97271728515625, 'logps/chosen': -113.576904296875, 'logits/rejected': -2.877918004989624, 'logits/chosen': -2.970682144165039, 'epoch': 0.62}
{'loss': 0.1879, 'learning_rate': 3.6207839775823047e-07, 'rewards/chosen': -5.760284423828125, 'rewards/rejected': -16.420686721801758, 'rewards/accuracies': 0.875, 'rewards/margins': 10.660400390625, 'logps/rejected': -202.98545837402344, 'logps/chosen': -97.12433624267578, 'logits/rejected': -2.771791696548462, 'logits/chosen': -2.903240919113159, 'epoch': 0.63}
{'loss': 0.0857, 'learning_rate': 3.5284168192028805e-07, 'rewards/chosen': -5.752716541290283, 'rewards/rejected': -16.876537322998047, 'rewards/accuracies': 0.90625, 'rewards/margins': 11.123821258544922, 'logps/rejected': -217.6171417236328, 'logps/chosen': -104.13019561767578, 'logits/rejected': -2.9236786365509033, 'logits/chosen': -2.840770721435547, 'epoch': 0.64}
{'loss': 0.1027, 'learning_rate': 3.4365962939011693e-07, 'rewards/chosen': -4.706423759460449, 'rewards/rejected': -16.706192016601562, 'rewards/accuracies': 0.90625, 'rewards/margins': 11.999767303466797, 'logps/rejected': -217.08863830566406, 'logps/chosen': -86.08722686767578, 'logits/rejected': -2.992544174194336, 'logits/chosen': -2.818925380706787, 'epoch': 0.64}
{'loss': 0.1324, 'learning_rate': 3.345356509253958e-07, 'rewards/chosen': -4.4237565994262695, 'rewards/rejected': -17.338218688964844, 'rewards/accuracies': 0.9375, 'rewards/margins': 12.914460182189941, 'logps/rejected': -212.51785278320312, 'logps/chosen': -81.06249237060547, 'logits/rejected': -2.843940258026123, 'logits/chosen': -2.860532760620117, 'epoch': 0.65}
{'loss': 0.1329, 'learning_rate': 3.2547313571165967e-07, 'rewards/chosen': -5.111476421356201, 'rewards/rejected': -17.27628517150879, 'rewards/accuracies': 0.96875, 'rewards/margins': 12.164811134338379, 'logps/rejected': -223.83131408691406, 'logps/chosen': -90.71340942382812, 'logits/rejected': -3.0011823177337646, 'logits/chosen': -2.8070383071899414, 'epoch': 0.65}
{'loss': 0.1735, 'learning_rate': 3.1647545010335395e-07, 'rewards/chosen': -4.3107781410217285, 'rewards/rejected': -15.62929630279541, 'rewards/accuracies': 0.96875, 'rewards/margins': 11.318516731262207, 'logps/rejected': -198.74630737304688, 'logps/chosen': -84.29702758789062, 'logits/rejected': -2.943732738494873, 'logits/chosen': -2.9063830375671387, 'epoch': 0.66}
{'loss': 0.0904, 'learning_rate': 3.075459363733727e-07, 'rewards/chosen': -4.109368801116943, 'rewards/rejected': -15.04931354522705, 'rewards/accuracies': 0.96875, 'rewards/margins': 10.939945220947266, 'logps/rejected': -187.1613006591797, 'logps/chosen': -76.32514190673828, 'logits/rejected': -2.9346084594726562, 'logits/chosen': -2.925710439682007, 'epoch': 0.66}
{'loss': 0.1931, 'learning_rate': 2.9868791147154025e-07, 'rewards/chosen': -5.7068352699279785, 'rewards/rejected': -16.419286727905273, 'rewards/accuracies': 0.90625, 'rewards/margins': 10.712451934814453, 'logps/rejected': -208.9547882080078, 'logps/chosen': -104.49908447265625, 'logits/rejected': -2.859851121902466, 'logits/chosen': -2.9487087726593018, 'epoch': 0.67}
{'loss': 0.2698, 'learning_rate': 2.8990466579249917e-07, 'rewards/chosen': -5.704482555389404, 'rewards/rejected': -13.148555755615234, 'rewards/accuracies': 1.0, 'rewards/margins': 7.444072723388672, 'logps/rejected': -168.5413818359375, 'logps/chosen': -88.67610168457031, 'logits/rejected': -3.0080912113189697, 'logits/chosen': -2.9382622241973877, 'epoch': 0.67}
{'loss': 0.1087, 'learning_rate': 2.811994619534637e-07, 'rewards/chosen': -5.482008457183838, 'rewards/rejected': -16.589529037475586, 'rewards/accuracies': 0.9375, 'rewards/margins': 11.10752010345459, 'logps/rejected': -209.8534698486328, 'logps/chosen': -92.59773254394531, 'logits/rejected': -2.993652105331421, 'logits/chosen': -2.880415916442871, 'epoch': 0.68}
{'loss': 0.1356, 'learning_rate': 2.725755335822903e-07, 'rewards/chosen': -4.224137783050537, 'rewards/rejected': -16.69028663635254, 'rewards/accuracies': 0.9375, 'rewards/margins': 12.46614933013916, 'logps/rejected': -212.79580688476562, 'logps/chosen': -80.640380859375, 'logits/rejected': -2.9189178943634033, 'logits/chosen': -2.891207456588745, 'epoch': 0.68}
{'loss': 0.1231, 'learning_rate': 2.640360841163174e-07, 'rewards/chosen': -5.964710235595703, 'rewards/rejected': -15.742412567138672, 'rewards/accuracies': 0.90625, 'rewards/margins': 9.777703285217285, 'logps/rejected': -197.4745330810547, 'logps/chosen': -102.92471313476562, 'logits/rejected': -2.8210737705230713, 'logits/chosen': -2.888831853866577, 'epoch': 0.69}
{'loss': 0.2218, 'learning_rate': 2.5558428561241816e-07, 'rewards/chosen': -5.883667469024658, 'rewards/rejected': -14.141510963439941, 'rewards/accuracies': 0.78125, 'rewards/margins': 8.257844924926758, 'logps/rejected': -183.16934204101562, 'logps/chosen': -96.99115753173828, 'logits/rejected': -2.881744861602783, 'logits/chosen': -2.8775222301483154, 'epoch': 0.7}
{'loss': 0.2009, 'learning_rate': 2.472232775687119e-07, 'rewards/chosen': -4.186471462249756, 'rewards/rejected': -15.756765365600586, 'rewards/accuracies': 0.9375, 'rewards/margins': 11.570292472839355, 'logps/rejected': -197.7793426513672, 'logps/chosen': -80.60441589355469, 'logits/rejected': -2.822444438934326, 'logits/chosen': -2.89560604095459, 'epoch': 0.7}
{'loss': 0.1058, 'learning_rate': 2.3895616575836806e-07, 'rewards/chosen': -4.328428745269775, 'rewards/rejected': -14.886873245239258, 'rewards/accuracies': 0.90625, 'rewards/margins': 10.55844497680664, 'logps/rejected': -183.24644470214844, 'logps/chosen': -79.07294464111328, 'logits/rejected': -2.798677444458008, 'logits/chosen': -2.985222339630127, 'epoch': 0.71}
{'loss': 0.1503, 'learning_rate': 2.3078602107593897e-07, 'rewards/chosen': -2.5662012100219727, 'rewards/rejected': -15.311589241027832, 'rewards/accuracies': 0.96875, 'rewards/margins': 12.745388984680176, 'logps/rejected': -196.57424926757812, 'logps/chosen': -66.69784545898438, 'logits/rejected': -2.8218343257904053, 'logits/chosen': -2.8523356914520264, 'epoch': 0.71}
{'loss': 0.167, 'learning_rate': 2.2271587839664668e-07, 'rewards/chosen': -3.33929443359375, 'rewards/rejected': -15.964913368225098, 'rewards/accuracies': 0.9375, 'rewards/margins': 12.625619888305664, 'logps/rejected': -201.90365600585938, 'logps/chosen': -77.77974700927734, 'logits/rejected': -2.7952847480773926, 'logits/chosen': -2.9129374027252197, 'epoch': 0.72}
{'loss': 0.1187, 'learning_rate': 2.1474873544905203e-07, 'rewards/chosen': -2.6549365520477295, 'rewards/rejected': -16.113296508789062, 'rewards/accuracies': 1.0, 'rewards/margins': 13.458359718322754, 'logps/rejected': -197.90557861328125, 'logps/chosen': -65.62271118164062, 'logits/rejected': -2.792529821395874, 'logits/chosen': -2.8903393745422363, 'epoch': 0.72}
{'loss': 0.1267, 'learning_rate': 2.0688755170151994e-07, 'rewards/chosen': -3.1099817752838135, 'rewards/rejected': -13.457091331481934, 'rewards/accuracies': 0.875, 'rewards/margins': 10.3471097946167, 'logps/rejected': -179.118408203125, 'logps/chosen': -73.4237060546875, 'logits/rejected': -2.864522933959961, 'logits/chosen': -2.8882932662963867, 'epoch': 0.73}
{'loss': 0.1496, 'learning_rate': 1.991352472628978e-07, 'rewards/chosen': -3.7437784671783447, 'rewards/rejected': -15.109281539916992, 'rewards/accuracies': 0.96875, 'rewards/margins': 11.365501403808594, 'logps/rejected': -195.11170959472656, 'logps/chosen': -80.18425750732422, 'logits/rejected': -2.8802003860473633, 'logits/chosen': -2.874471664428711, 'epoch': 0.73}
{'loss': 0.1868, 'learning_rate': 1.9149470179781529e-07, 'rewards/chosen': -2.7765731811523438, 'rewards/rejected': -13.852036476135254, 'rewards/accuracies': 0.90625, 'rewards/margins': 11.07546329498291, 'logps/rejected': -181.18228149414062, 'logps/chosen': -62.22423553466797, 'logits/rejected': -2.9331448078155518, 'logits/chosen': -2.841233730316162, 'epoch': 0.74}
{'loss': 0.1419, 'learning_rate': 1.8396875345700496e-07, 'rewards/chosen': -3.044517993927002, 'rewards/rejected': -13.897022247314453, 'rewards/accuracies': 0.96875, 'rewards/margins': 10.852503776550293, 'logps/rejected': -183.77806091308594, 'logps/chosen': -73.64405059814453, 'logits/rejected': -2.8706023693084717, 'logits/chosen': -2.8481626510620117, 'epoch': 0.74}
{'loss': 0.1026, 'learning_rate': 1.76560197823046e-07, 'rewards/chosen': -4.461275100708008, 'rewards/rejected': -14.559065818786621, 'rewards/accuracies': 0.90625, 'rewards/margins': 10.097790718078613, 'logps/rejected': -186.23902893066406, 'logps/chosen': -91.445556640625, 'logits/rejected': -2.836869716644287, 'logits/chosen': -2.935224771499634, 'epoch': 0.75}
{'loss': 0.1394, 'learning_rate': 1.6927178687191952e-07, 'rewards/chosen': -4.698824882507324, 'rewards/rejected': -15.987298965454102, 'rewards/accuracies': 0.875, 'rewards/margins': 11.288475036621094, 'logps/rejected': -191.6295623779297, 'logps/chosen': -88.66108703613281, 'logits/rejected': -2.714907169342041, 'logits/chosen': -2.981396436691284, 'epoch': 0.76}
{'loss': 0.123, 'learning_rate': 1.6210622795076167e-07, 'rewards/chosen': -5.48475980758667, 'rewards/rejected': -16.093183517456055, 'rewards/accuracies': 0.8125, 'rewards/margins': 10.60842227935791, 'logps/rejected': -198.7849884033203, 'logps/chosen': -101.78822326660156, 'logits/rejected': -2.801459312438965, 'logits/chosen': -2.968421459197998, 'epoch': 0.76}
{'loss': 0.1926, 'learning_rate': 1.5506618277219408e-07, 'rewards/chosen': -5.589807033538818, 'rewards/rejected': -15.189872741699219, 'rewards/accuracies': 0.84375, 'rewards/margins': 9.600064277648926, 'logps/rejected': -191.7042236328125, 'logps/chosen': -106.95500183105469, 'logits/rejected': -2.7264347076416016, 'logits/chosen': -3.0276520252227783, 'epoch': 0.77}
{'loss': 0.1721, 'learning_rate': 1.481542664256075e-07, 'rewards/chosen': -4.804839134216309, 'rewards/rejected': -15.803647994995117, 'rewards/accuracies': 0.9375, 'rewards/margins': 10.998807907104492, 'logps/rejected': -197.78079223632812, 'logps/chosen': -85.509033203125, 'logits/rejected': -2.8294060230255127, 'logits/chosen': -2.832730770111084, 'epoch': 0.77}
{'loss': 0.1629, 'learning_rate': 1.413730464057616e-07, 'rewards/chosen': -5.914151191711426, 'rewards/rejected': -18.071420669555664, 'rewards/accuracies': 0.9375, 'rewards/margins': 12.157268524169922, 'logps/rejected': -228.40060424804688, 'logps/chosen': -104.94725036621094, 'logits/rejected': -2.891254425048828, 'logits/chosen': -2.83335280418396, 'epoch': 0.78}
{'loss': 0.1262, 'learning_rate': 1.3472504165906612e-07, 'rewards/chosen': -4.147274017333984, 'rewards/rejected': -15.565055847167969, 'rewards/accuracies': 0.90625, 'rewards/margins': 11.4177827835083, 'logps/rejected': -199.35971069335938, 'logps/chosen': -83.11321258544922, 'logits/rejected': -2.8593499660491943, 'logits/chosen': -2.8742055892944336, 'epoch': 0.78}
{'loss': 0.2164, 'learning_rate': 1.2821272164789543e-07, 'rewards/chosen': -5.370968818664551, 'rewards/rejected': -18.111499786376953, 'rewards/accuracies': 0.90625, 'rewards/margins': 12.740530014038086, 'logps/rejected': -223.8024444580078, 'logps/chosen': -90.90547180175781, 'logits/rejected': -2.8333218097686768, 'logits/chosen': -2.805507183074951, 'epoch': 0.79}
{'loss': 0.0935, 'learning_rate': 1.2183850543328312e-07, 'rewards/chosen': -3.101472854614258, 'rewards/rejected': -17.08375358581543, 'rewards/accuracies': 0.9375, 'rewards/margins': 13.982280731201172, 'logps/rejected': -207.1980438232422, 'logps/chosen': -69.10867309570312, 'logits/rejected': -2.773808479309082, 'logits/chosen': -2.8839457035064697, 'epoch': 0.79}
{'loss': 0.1406, 'learning_rate': 1.1560476077634069e-07, 'rewards/chosen': -3.4815125465393066, 'rewards/rejected': -17.512548446655273, 'rewards/accuracies': 1.0, 'rewards/margins': 14.031036376953125, 'logps/rejected': -215.4173583984375, 'logps/chosen': -73.50050354003906, 'logits/rejected': -2.7270588874816895, 'logits/chosen': -2.85488224029541, 'epoch': 0.8}
{'loss': 0.1178, 'learning_rate': 1.0951380325872977e-07, 'rewards/chosen': -4.933987617492676, 'rewards/rejected': -18.075855255126953, 'rewards/accuracies': 0.96875, 'rewards/margins': 13.141868591308594, 'logps/rejected': -227.11654663085938, 'logps/chosen': -87.4903564453125, 'logits/rejected': -2.85329270362854, 'logits/chosen': -2.8095648288726807, 'epoch': 0.81}
{'loss': 0.1411, 'learning_rate': 1.0356789542251936e-07, 'rewards/chosen': -5.719364643096924, 'rewards/rejected': -13.987964630126953, 'rewards/accuracies': 0.8125, 'rewards/margins': 8.268600463867188, 'logps/rejected': -181.4989776611328, 'logps/chosen': -96.44520568847656, 'logits/rejected': -2.8558168411254883, 'logits/chosen': -2.930717706680298, 'epoch': 0.81}
{'loss': 0.158, 'learning_rate': 9.776924592974256e-08, 'rewards/chosen': -4.259781837463379, 'rewards/rejected': -17.043170928955078, 'rewards/accuracies': 0.96875, 'rewards/margins': 12.783388137817383, 'logps/rejected': -212.4769287109375, 'logps/chosen': -76.4740982055664, 'logits/rejected': -2.8524303436279297, 'logits/chosen': -2.8152151107788086, 'epoch': 0.82}
{'loss': 0.1043, 'learning_rate': 9.212000874196952e-08, 'rewards/chosen': -4.7583112716674805, 'rewards/rejected': -16.05023956298828, 'rewards/accuracies': 0.90625, 'rewards/margins': 11.2919282913208, 'logps/rejected': -203.48097229003906, 'logps/chosen': -83.89949798583984, 'logits/rejected': -2.9295992851257324, 'logits/chosen': -2.840078353881836, 'epoch': 0.82}
{'loss': 0.1473, 'learning_rate': 8.662228232019875e-08, 'rewards/chosen': -3.518604040145874, 'rewards/rejected': -16.773183822631836, 'rewards/accuracies': 0.9375, 'rewards/margins': 13.2545804977417, 'logps/rejected': -207.07846069335938, 'logps/chosen': -74.15333557128906, 'logits/rejected': -2.8322901725769043, 'logits/chosen': -2.8487277030944824, 'epoch': 0.83}
{'loss': 0.1039, 'learning_rate': 8.127810884536402e-08, 'rewards/chosen': -3.9024696350097656, 'rewards/rejected': -17.37516212463379, 'rewards/accuracies': 0.875, 'rewards/margins': 13.472692489624023, 'logps/rejected': -215.44821166992188, 'logps/chosen': -79.45368957519531, 'logits/rejected': -2.7324323654174805, 'logits/chosen': -2.8663330078125, 'epoch': 0.83}
{'loss': 0.0673, 'learning_rate': 7.608947345974759e-08, 'rewards/chosen': -3.5503933429718018, 'rewards/rejected': -16.52301788330078, 'rewards/accuracies': 1.0, 'rewards/margins': 12.972623825073242, 'logps/rejected': -203.099853515625, 'logps/chosen': -69.94792175292969, 'logits/rejected': -2.8689112663269043, 'logits/chosen': -2.837951183319092, 'epoch': 0.84}
{'loss': 0.1466, 'learning_rate': 7.105830352958142e-08, 'rewards/chosen': -3.709263801574707, 'rewards/rejected': -14.137889862060547, 'rewards/accuracies': 0.96875, 'rewards/margins': 10.428627014160156, 'logps/rejected': -186.57957458496094, 'logps/chosen': -71.48497009277344, 'logits/rejected': -2.9319827556610107, 'logits/chosen': -2.770211935043335, 'epoch': 0.84}
{'loss': 0.0995, 'learning_rate': 6.618646792910893e-08, 'rewards/chosen': -4.6866774559021, 'rewards/rejected': -16.9399356842041, 'rewards/accuracies': 0.90625, 'rewards/margins': 12.25325870513916, 'logps/rejected': -213.71363830566406, 'logps/chosen': -94.18118286132812, 'logits/rejected': -2.8060503005981445, 'logits/chosen': -2.888247013092041, 'epoch': 0.85}
{'loss': 0.1027, 'learning_rate': 6.147577634637413e-08, 'rewards/chosen': -4.356375217437744, 'rewards/rejected': -16.0048828125, 'rewards/accuracies': 0.96875, 'rewards/margins': 11.648508071899414, 'logps/rejected': -199.17874145507812, 'logps/chosen': -82.75204467773438, 'logits/rejected': -2.85272216796875, 'logits/chosen': -2.8922955989837646, 'epoch': 0.85}
{'loss': 0.1249, 'learning_rate': 5.692797861099718e-08, 'rewards/chosen': -4.436855792999268, 'rewards/rejected': -13.925308227539062, 'rewards/accuracies': 0.875, 'rewards/margins': 9.488451957702637, 'logps/rejected': -174.21798706054688, 'logps/chosen': -85.64572143554688, 'logits/rejected': -2.76845121383667, 'logits/chosen': -2.9005966186523438, 'epoch': 0.86}
{'loss': 0.1543, 'learning_rate': 5.25447640441834e-08, 'rewards/chosen': -4.240296363830566, 'rewards/rejected': -18.088760375976562, 'rewards/accuracies': 0.9375, 'rewards/margins': 13.848464965820312, 'logps/rejected': -225.6463623046875, 'logps/chosen': -78.49404907226562, 'logits/rejected': -2.8375792503356934, 'logits/chosen': -2.7860255241394043, 'epoch': 0.87}
{'loss': 0.1153, 'learning_rate': 4.832776083120982e-08, 'rewards/chosen': -4.6660475730896, 'rewards/rejected': -14.489195823669434, 'rewards/accuracies': 0.96875, 'rewards/margins': 9.823148727416992, 'logps/rejected': -181.87594604492188, 'logps/chosen': -80.52949523925781, 'logits/rejected': -2.8714277744293213, 'logits/chosen': -2.824890613555908, 'epoch': 0.87}
{'loss': 0.2246, 'learning_rate': 4.427853541662091e-08, 'rewards/chosen': -4.134521961212158, 'rewards/rejected': -16.77931022644043, 'rewards/accuracies': 0.96875, 'rewards/margins': 12.64478874206543, 'logps/rejected': -208.98382568359375, 'logps/chosen': -80.19254302978516, 'logits/rejected': -2.9006271362304688, 'logits/chosen': -2.853806734085083, 'epoch': 0.88}
{'loss': 0.1175, 'learning_rate': 4.039859192235778e-08, 'rewards/chosen': -3.5711185932159424, 'rewards/rejected': -15.22750473022461, 'rewards/accuracies': 0.96875, 'rewards/margins': 11.65638542175293, 'logps/rejected': -186.451171875, 'logps/chosen': -81.39717102050781, 'logits/rejected': -2.6583356857299805, 'logits/chosen': -2.9074740409851074, 'epoch': 0.88}
{'loss': 0.2144, 'learning_rate': 3.668937158903901e-08, 'rewards/chosen': -4.466347694396973, 'rewards/rejected': -15.00805377960205, 'rewards/accuracies': 0.9375, 'rewards/margins': 10.541706085205078, 'logps/rejected': -192.61912536621094, 'logps/chosen': -86.93805694580078, 'logits/rejected': -2.8838648796081543, 'logits/chosen': -2.839789628982544, 'epoch': 0.89}
{'loss': 0.1797, 'learning_rate': 3.3152252240598086e-08, 'rewards/chosen': -3.87693190574646, 'rewards/rejected': -15.285128593444824, 'rewards/accuracies': 0.96875, 'rewards/margins': 11.408196449279785, 'logps/rejected': -198.99188232421875, 'logps/chosen': -79.34622955322266, 'logits/rejected': -2.871356248855591, 'logits/chosen': -2.841820240020752, 'epoch': 0.89}
{'loss': 0.2534, 'learning_rate': 2.978854777247841e-08, 'rewards/chosen': -4.353335380554199, 'rewards/rejected': -14.744632720947266, 'rewards/accuracies': 0.90625, 'rewards/margins': 10.39129638671875, 'logps/rejected': -183.07374572753906, 'logps/chosen': -87.16484832763672, 'logits/rejected': -2.7731308937072754, 'logits/chosen': -2.9710898399353027, 'epoch': 0.9}
{'loss': 0.1174, 'learning_rate': 2.6599507663574384e-08, 'rewards/chosen': -4.225314617156982, 'rewards/rejected': -14.802675247192383, 'rewards/accuracies': 0.9375, 'rewards/margins': 10.577360153198242, 'logps/rejected': -187.85235595703125, 'logps/chosen': -75.6082992553711, 'logits/rejected': -2.8933563232421875, 'logits/chosen': -2.814910888671875, 'epoch': 0.9}
{'loss': 0.2307, 'learning_rate': 2.358631651210141e-08, 'rewards/chosen': -3.914580821990967, 'rewards/rejected': -16.260854721069336, 'rewards/accuracies': 0.9375, 'rewards/margins': 12.346273422241211, 'logps/rejected': -202.13072204589844, 'logps/chosen': -79.54214477539062, 'logits/rejected': -2.7859930992126465, 'logits/chosen': -2.911738634109497, 'epoch': 0.91}
{'loss': 0.1654, 'learning_rate': 2.0750093595565733e-08, 'rewards/chosen': -5.655855178833008, 'rewards/rejected': -16.814132690429688, 'rewards/accuracies': 0.875, 'rewards/margins': 11.15827751159668, 'logps/rejected': -207.29409790039062, 'logps/chosen': -105.15235900878906, 'logits/rejected': -2.717691421508789, 'logits/chosen': -2.934026002883911, 'epoch': 0.91}
{'loss': 0.2309, 'learning_rate': 1.8091892454998593e-08, 'rewards/chosen': -4.409572124481201, 'rewards/rejected': -15.464325904846191, 'rewards/accuracies': 0.9375, 'rewards/margins': 11.054753303527832, 'logps/rejected': -196.8260040283203, 'logps/chosen': -83.53097534179688, 'logits/rejected': -2.8658344745635986, 'logits/chosen': -2.8892433643341064, 'epoch': 0.92}
{'loss': 0.1413, 'learning_rate': 1.5612700503608967e-08, 'rewards/chosen': -5.374665260314941, 'rewards/rejected': -14.821144104003906, 'rewards/accuracies': 0.875, 'rewards/margins': 9.446478843688965, 'logps/rejected': -186.2607421875, 'logps/chosen': -88.20234680175781, 'logits/rejected': -2.8439602851867676, 'logits/chosen': -2.8872487545013428, 'epoch': 0.93}
{'loss': 0.0918, 'learning_rate': 1.3313438659999399e-08, 'rewards/chosen': -3.3152689933776855, 'rewards/rejected': -15.59576416015625, 'rewards/accuracies': 0.9375, 'rewards/margins': 12.280494689941406, 'logps/rejected': -198.2347412109375, 'logps/chosen': -78.43946075439453, 'logits/rejected': -2.768857002258301, 'logits/chosen': -2.9756875038146973, 'epoch': 0.93}
{'loss': 0.1686, 'learning_rate': 1.119496100608297e-08, 'rewards/chosen': -6.32883358001709, 'rewards/rejected': -16.33751106262207, 'rewards/accuracies': 0.875, 'rewards/margins': 10.00867748260498, 'logps/rejected': -198.8592071533203, 'logps/chosen': -98.23486328125, 'logits/rejected': -2.8214123249053955, 'logits/chosen': -2.911710262298584, 'epoch': 0.94}
{'loss': 0.2026, 'learning_rate': 9.258054469825972e-09, 'rewards/chosen': -2.913931369781494, 'rewards/rejected': -17.492414474487305, 'rewards/accuracies': 1.0, 'rewards/margins': 14.57848072052002, 'logps/rejected': -220.26290893554688, 'logps/chosen': -65.77699279785156, 'logits/rejected': -2.8315253257751465, 'logits/chosen': -2.8438925743103027, 'epoch': 0.94}
{'loss': 0.0969, 'learning_rate': 7.503438532937168e-09, 'rewards/chosen': -3.485525608062744, 'rewards/rejected': -17.423295974731445, 'rewards/accuracies': 0.90625, 'rewards/margins': 13.93777084350586, 'logps/rejected': -216.14036560058594, 'logps/chosen': -72.37821197509766, 'logits/rejected': -2.835373640060425, 'logits/chosen': -2.811706781387329, 'epoch': 0.95}
{'loss': 0.1551, 'learning_rate': 5.931764963608865e-09, 'rewards/chosen': -5.239015102386475, 'rewards/rejected': -13.450922966003418, 'rewards/accuracies': 0.875, 'rewards/margins': 8.211908340454102, 'logps/rejected': -180.54183959960938, 'logps/chosen': -100.8188705444336, 'logits/rejected': -2.8095598220825195, 'logits/chosen': -2.92507004737854, 'epoch': 0.95}
{'loss': 0.1475, 'learning_rate': 4.543617574412184e-09, 'rewards/chosen': -4.132869243621826, 'rewards/rejected': -16.996719360351562, 'rewards/accuracies': 0.84375, 'rewards/margins': 12.863849639892578, 'logps/rejected': -213.51332092285156, 'logps/chosen': -86.97368621826172, 'logits/rejected': -2.7593276500701904, 'logits/chosen': -2.8951001167297363, 'epoch': 0.96}
{'loss': 0.1064, 'learning_rate': 3.3395120054343086e-09, 'rewards/chosen': -4.873022556304932, 'rewards/rejected': -16.61223602294922, 'rewards/accuracies': 1.0, 'rewards/margins': 11.739214897155762, 'logps/rejected': -206.70339965820312, 'logps/chosen': -93.40776824951172, 'logits/rejected': -2.76212477684021, 'logits/chosen': -2.9281630516052246, 'epoch': 0.96}
{'loss': 0.2586, 'learning_rate': 2.3198955327393686e-09, 'rewards/chosen': -4.758218765258789, 'rewards/rejected': -17.606935501098633, 'rewards/accuracies': 0.9375, 'rewards/margins': 12.848716735839844, 'logps/rejected': -222.06436157226562, 'logps/chosen': -95.39884185791016, 'logits/rejected': -2.7734906673431396, 'logits/chosen': -2.9430532455444336, 'epoch': 0.97}
{'loss': 0.0832, 'learning_rate': 1.4851469022233997e-09, 'rewards/chosen': -4.4299845695495605, 'rewards/rejected': -13.981014251708984, 'rewards/accuracies': 0.90625, 'rewards/margins': 9.551030158996582, 'logps/rejected': -183.1564483642578, 'logps/chosen': -87.40648651123047, 'logits/rejected': -2.8378517627716064, 'logits/chosen': -2.94645094871521, 'epoch': 0.98}
{'loss': 0.1211, 'learning_rate': 8.35576188926046e-10, 'rewards/chosen': -2.8400683403015137, 'rewards/rejected': -16.26117706298828, 'rewards/accuracies': 0.96875, 'rewards/margins': 13.421110153198242, 'logps/rejected': -200.64602661132812, 'logps/chosen': -66.53173065185547, 'logits/rejected': -2.8813304901123047, 'logits/chosen': -2.8939030170440674, 'epoch': 0.98}
{'loss': 0.1418, 'learning_rate': 3.71424681850141e-10, 'rewards/chosen': -4.537827014923096, 'rewards/rejected': -17.261693954467773, 'rewards/accuracies': 0.9375, 'rewards/margins': 12.723867416381836, 'logps/rejected': -221.09454345703125, 'logps/chosen': -83.09095764160156, 'logits/rejected': -2.87477445602417, 'logits/chosen': -2.7912020683288574, 'epoch': 0.99}
{'loss': 0.1793, 'learning_rate': 9.286479433257e-11, 'rewards/chosen': -4.613856792449951, 'rewards/rejected': -15.604270935058594, 'rewards/accuracies': 0.9375, 'rewards/margins': 10.990413665771484, 'logps/rejected': -200.20907592773438, 'logps/chosen': -88.0368881225586, 'logits/rejected': -2.8546934127807617, 'logits/chosen': -2.8485348224639893, 'epoch': 0.99}
{'loss': 0.1532, 'learning_rate': 0.0, 'rewards/chosen': -4.1390275955200195, 'rewards/rejected': -15.083168983459473, 'rewards/accuracies': 0.90625, 'rewards/margins': 10.944141387939453, 'logps/rejected': -186.08448791503906, 'logps/chosen': -79.82247924804688, 'logits/rejected': -2.7500970363616943, 'logits/chosen': -2.9252588748931885, 'epoch': 1.0}
{'train_runtime': 2192.1781, 'train_samples_per_second': 10.659, 'train_steps_per_second': 0.083, 'train_loss': 0.19729078258131885, 'epoch': 1.0}
