[2024-03-07 14:12:29,439] [INFO] [real_accelerator.py:161:get_accelerator] Setting ds_accelerator to cuda (auto detect)
[2024-03-07 14:12:29,441] [INFO] [real_accelerator.py:161:get_accelerator] Setting ds_accelerator to cuda (auto detect)
[2024-03-07 14:12:29,442] [INFO] [real_accelerator.py:161:get_accelerator] Setting ds_accelerator to cuda (auto detect)
[2024-03-07 14:12:29,443] [INFO] [real_accelerator.py:161:get_accelerator] Setting ds_accelerator to cuda (auto detect)
[2024-03-07 14:12:49,242] [INFO] [comm.py:637:init_distributed] cdb=None
[2024-03-07 14:12:49,246] [INFO] [comm.py:637:init_distributed] cdb=None
[2024-03-07 14:12:49,273] [INFO] [comm.py:637:init_distributed] cdb=None
[2024-03-07 14:12:49,273] [INFO] [comm.py:668:init_distributed] Initializing TorchBackend in DeepSpeed with backend nccl
[2024-03-07 14:12:49,273] [INFO] [comm.py:637:init_distributed] cdb=None
[2024-03-07 14:12:49,779][datasets.fingerprint][WARNING] - Parameter 'function'=<bound method DPOTrainer.tokenize_row of <trl.trainer.dpo_trainer.DPOTrainer object at 0x7f434451bd90>> of the transform datasets.arrow_dataset.Dataset._map_single couldn't be hashed properly, a random hash was used instead. Make sure your transforms and parameters are serializable with pickle or dill for the dataset fingerprinting and caching to work. If you reuse this transform, the caching mechanism will consider it to be different from the previous calls and recompute everything. This warning is only showed once. Subsequent hashing failures won't be showed.
[2024-03-07 14:13:31,206][accelerate.utils.other][WARNING] - Detected kernel version 5.4.0, which is below the recommended minimum of 5.5.0; this can cause the process to hang. It is recommended to upgrade the kernel to the minimum version or higher.
[2024-03-07 14:13:31,210] [INFO] [logging.py:96:log_dist] [Rank 0] DeepSpeed info: version=0.12.6, git-hash=unknown, git-branch=unknown
[2024-03-07 14:13:31,409][datasets.fingerprint][WARNING] - Parameter 'function'=<bound method DPOTrainer.tokenize_row of <trl.trainer.dpo_trainer.DPOTrainer object at 0x7f9ba3ad2020>> of the transform datasets.arrow_dataset.Dataset._map_single couldn't be hashed properly, a random hash was used instead. Make sure your transforms and parameters are serializable with pickle or dill for the dataset fingerprinting and caching to work. If you reuse this transform, the caching mechanism will consider it to be different from the previous calls and recompute everything. This warning is only showed once. Subsequent hashing failures won't be showed.
[2024-03-07 14:13:31,411][datasets.fingerprint][WARNING] - Parameter 'function'=<bound method DPOTrainer.tokenize_row of <trl.trainer.dpo_trainer.DPOTrainer object at 0x7fb6f988a020>> of the transform datasets.arrow_dataset.Dataset._map_single couldn't be hashed properly, a random hash was used instead. Make sure your transforms and parameters are serializable with pickle or dill for the dataset fingerprinting and caching to work. If you reuse this transform, the caching mechanism will consider it to be different from the previous calls and recompute everything. This warning is only showed once. Subsequent hashing failures won't be showed.
[2024-03-07 14:13:31,424][datasets.fingerprint][WARNING] - Parameter 'function'=<bound method DPOTrainer.tokenize_row of <trl.trainer.dpo_trainer.DPOTrainer object at 0x7f7d89a05fc0>> of the transform datasets.arrow_dataset.Dataset._map_single couldn't be hashed properly, a random hash was used instead. Make sure your transforms and parameters are serializable with pickle or dill for the dataset fingerprinting and caching to work. If you reuse this transform, the caching mechanism will consider it to be different from the previous calls and recompute everything. This warning is only showed once. Subsequent hashing failures won't be showed.
[2024-03-07 14:14:16,399] [INFO] [logging.py:96:log_dist] [Rank 0] DeepSpeed Flops Profiler Enabled: False
[2024-03-07 14:14:16,401] [INFO] [logging.py:96:log_dist] [Rank 0] Creating BF16 optimizer
[2024-03-07 14:14:16,531] [INFO] [utils.py:791:see_memory_usage] begin bf16_optimizer
[2024-03-07 14:14:16,532] [INFO] [utils.py:792:see_memory_usage] MA 13.99 GB         Max_MA 13.99 GB         CA 14.24 GB         Max_CA 14 GB 
[2024-03-07 14:14:16,532] [INFO] [utils.py:799:see_memory_usage] CPU Virtual Memory:  used = 104.74 GB, percent = 10.4%
[2024-03-07 14:14:16,646] [INFO] [utils.py:791:see_memory_usage] end bf16_optimizer
[2024-03-07 14:14:16,647] [INFO] [utils.py:792:see_memory_usage] MA 13.99 GB         Max_MA 13.99 GB         CA 14.24 GB         Max_CA 14 GB 
[2024-03-07 14:14:16,647] [INFO] [utils.py:799:see_memory_usage] CPU Virtual Memory:  used = 102.52 GB, percent = 10.2%
[2024-03-07 14:14:16,648] [INFO] [config.py:984:print] DeepSpeedEngine configuration:
[2024-03-07 14:14:16,648] [INFO] [config.py:988:print]   activation_checkpointing_config  {
    "partition_activations": false, 
    "contiguous_memory_optimization": false, 
    "cpu_checkpointing": false, 
    "number_checkpoints": null, 
    "synchronize_checkpoint_boundary": false, 
    "profile": false
}
[2024-03-07 14:14:16,649] [INFO] [config.py:988:print]   aio_config ................... {'block_size': 1048576, 'queue_depth': 8, 'thread_count': 1, 'single_submit': False, 'overlap_events': True}
[2024-03-07 14:14:16,649] [INFO] [config.py:988:print]   amp_enabled .................. False
[2024-03-07 14:14:16,649] [INFO] [config.py:988:print]   amp_params ................... False
[2024-03-07 14:14:16,649] [INFO] [config.py:988:print]   autotuning_config ............ {
    "enabled": false, 
    "start_step": null, 
    "end_step": null, 
    "metric_path": null, 
    "arg_mappings": null, 
    "metric": "throughput", 
    "model_info": null, 
    "results_dir": "autotuning_results", 
    "exps_dir": "autotuning_exps", 
    "overwrite": true, 
    "fast": true, 
    "start_profile_step": 3, 
    "end_profile_step": 5, 
    "tuner_type": "gridsearch", 
    "tuner_early_stopping": 5, 
    "tuner_num_trials": 50, 
    "model_info_path": null, 
    "mp_size": 1, 
    "max_train_batch_size": null, 
    "min_train_batch_size": 1, 
    "max_train_micro_batch_size_per_gpu": 1.024000e+03, 
    "min_train_micro_batch_size_per_gpu": 1, 
    "num_tuning_micro_batch_sizes": 3
}
[2024-03-07 14:14:16,649] [INFO] [config.py:988:print]   bfloat16_enabled ............. True
[2024-03-07 14:14:16,649] [INFO] [config.py:988:print]   checkpoint_parallel_write_pipeline  False
[2024-03-07 14:14:16,649] [INFO] [config.py:988:print]   checkpoint_tag_validation_enabled  True
[2024-03-07 14:14:16,649] [INFO] [config.py:988:print]   checkpoint_tag_validation_fail  False
[2024-03-07 14:14:16,649] [INFO] [config.py:988:print]   comms_config ................. <deepspeed.comm.config.DeepSpeedCommsConfig object at 0x7f43443654e0>
[2024-03-07 14:14:16,649] [INFO] [config.py:988:print]   communication_data_type ...... None
[2024-03-07 14:14:16,649] [INFO] [config.py:988:print]   compression_config ........... {'weight_quantization': {'shared_parameters': {'enabled': False, 'quantizer_kernel': False, 'schedule_offset': 0, 'quantize_groups': 1, 'quantize_verbose': False, 'quantization_type': 'symmetric', 'quantize_weight_in_forward': False, 'rounding': 'nearest', 'fp16_mixed_quantize': False, 'quantize_change_ratio': 0.001}, 'different_groups': {}}, 'activation_quantization': {'shared_parameters': {'enabled': False, 'quantization_type': 'symmetric', 'range_calibration': 'dynamic', 'schedule_offset': 1000}, 'different_groups': {}}, 'sparse_pruning': {'shared_parameters': {'enabled': False, 'method': 'l1', 'schedule_offset': 1000}, 'different_groups': {}}, 'row_pruning': {'shared_parameters': {'enabled': False, 'method': 'l1', 'schedule_offset': 1000}, 'different_groups': {}}, 'head_pruning': {'shared_parameters': {'enabled': False, 'method': 'topk', 'schedule_offset': 1000}, 'different_groups': {}}, 'channel_pruning': {'shared_parameters': {'enabled': False, 'method': 'l1', 'schedule_offset': 1000}, 'different_groups': {}}, 'layer_reduction': {'enabled': False}}
[2024-03-07 14:14:16,649] [INFO] [config.py:988:print]   curriculum_enabled_legacy .... False
[2024-03-07 14:14:16,649] [INFO] [config.py:988:print]   curriculum_params_legacy ..... False
[2024-03-07 14:14:16,649] [INFO] [config.py:988:print]   data_efficiency_config ....... {'enabled': False, 'seed': 1234, 'data_sampling': {'enabled': False, 'num_epochs': 1000, 'num_workers': 0, 'curriculum_learning': {'enabled': False}}, 'data_routing': {'enabled': False, 'random_ltd': {'enabled': False, 'layer_token_lr_schedule': {'enabled': False}}}}
[2024-03-07 14:14:16,649] [INFO] [config.py:988:print]   data_efficiency_enabled ...... False
[2024-03-07 14:14:16,649] [INFO] [config.py:988:print]   dataloader_drop_last ......... False
[2024-03-07 14:14:16,649] [INFO] [config.py:988:print]   disable_allgather ............ False
[2024-03-07 14:14:16,649] [INFO] [config.py:988:print]   dump_state ................... False
[2024-03-07 14:14:16,649] [INFO] [config.py:988:print]   dynamic_loss_scale_args ...... None
[2024-03-07 14:14:16,650] [INFO] [config.py:988:print]   eigenvalue_enabled ........... False
[2024-03-07 14:14:16,650] [INFO] [config.py:988:print]   eigenvalue_gas_boundary_resolution  1
[2024-03-07 14:14:16,650] [INFO] [config.py:988:print]   eigenvalue_layer_name ........ bert.encoder.layer
[2024-03-07 14:14:16,650] [INFO] [config.py:988:print]   eigenvalue_layer_num ......... 0
[2024-03-07 14:14:16,650] [INFO] [config.py:988:print]   eigenvalue_max_iter .......... 100
[2024-03-07 14:14:16,650] [INFO] [config.py:988:print]   eigenvalue_stability ......... 1e-06
[2024-03-07 14:14:16,650] [INFO] [config.py:988:print]   eigenvalue_tol ............... 0.01
[2024-03-07 14:14:16,650] [INFO] [config.py:988:print]   eigenvalue_verbose ........... False
[2024-03-07 14:14:16,650] [INFO] [config.py:988:print]   elasticity_enabled ........... False
[2024-03-07 14:14:16,650] [INFO] [config.py:988:print]   flops_profiler_config ........ {
    "enabled": false, 
    "recompute_fwd_factor": 0.0, 
    "profile_step": 1, 
    "module_depth": -1, 
    "top_modules": 1, 
    "detailed": true, 
    "output_file": null
}
[2024-03-07 14:14:16,650] [INFO] [config.py:988:print]   fp16_auto_cast ............... None
[2024-03-07 14:14:16,650] [INFO] [config.py:988:print]   fp16_enabled ................. False
[2024-03-07 14:14:16,650] [INFO] [config.py:988:print]   fp16_master_weights_and_gradients  False
[2024-03-07 14:14:16,650] [INFO] [config.py:988:print]   global_rank .................. 0
[2024-03-07 14:14:16,650] [INFO] [config.py:988:print]   grad_accum_dtype ............. None
[2024-03-07 14:14:16,650] [INFO] [config.py:988:print]   gradient_accumulation_steps .. 32
[2024-03-07 14:14:16,650] [INFO] [config.py:988:print]   gradient_clipping ............ 1.0
[2024-03-07 14:14:16,650] [INFO] [config.py:988:print]   gradient_predivide_factor .... 1.0
[2024-03-07 14:14:16,650] [INFO] [config.py:988:print]   graph_harvesting ............. False
[2024-03-07 14:14:16,650] [INFO] [config.py:988:print]   hybrid_engine ................ enabled=False max_out_tokens=512 inference_tp_size=1 release_inference_cache=False pin_parameters=True tp_gather_partition_size=8
[2024-03-07 14:14:16,650] [INFO] [config.py:988:print]   initial_dynamic_scale ........ 1
[2024-03-07 14:14:16,650] [INFO] [config.py:988:print]   load_universal_checkpoint .... False
[2024-03-07 14:14:16,650] [INFO] [config.py:988:print]   loss_scale ................... 1.0
[2024-03-07 14:14:16,650] [INFO] [config.py:988:print]   memory_breakdown ............. False
[2024-03-07 14:14:16,651] [INFO] [config.py:988:print]   mics_hierarchial_params_gather  False
[2024-03-07 14:14:16,651] [INFO] [config.py:988:print]   mics_shard_size .............. -1
[2024-03-07 14:14:16,651] [INFO] [config.py:988:print]   monitor_config ............... tensorboard=TensorBoardConfig(enabled=False, output_path='', job_name='DeepSpeedJobName') wandb=WandbConfig(enabled=False, group=None, team=None, project='deepspeed') csv_monitor=CSVConfig(enabled=False, output_path='', job_name='DeepSpeedJobName') enabled=False
[2024-03-07 14:14:16,651] [INFO] [config.py:988:print]   nebula_config ................ {
    "enabled": false, 
    "persistent_storage_path": null, 
    "persistent_time_interval": 100, 
    "num_of_version_in_retention": 2, 
    "enable_nebula_load": true, 
    "load_path": null
}
[2024-03-07 14:14:16,651] [INFO] [config.py:988:print]   optimizer_legacy_fusion ...... False
[2024-03-07 14:14:16,651] [INFO] [config.py:988:print]   optimizer_name ............... None
[2024-03-07 14:14:16,651] [INFO] [config.py:988:print]   optimizer_params ............. None
[2024-03-07 14:14:16,651] [INFO] [config.py:988:print]   pipeline ..................... {'stages': 'auto', 'partition': 'best', 'seed_layers': False, 'activation_checkpoint_interval': 0, 'pipe_partitioned': True, 'grad_partitioned': True}
[2024-03-07 14:14:16,651] [INFO] [config.py:988:print]   pld_enabled .................. False
[2024-03-07 14:14:16,651] [INFO] [config.py:988:print]   pld_params ................... False
[2024-03-07 14:14:16,651] [INFO] [config.py:988:print]   prescale_gradients ........... False
[2024-03-07 14:14:16,651] [INFO] [config.py:988:print]   scheduler_name ............... None
[2024-03-07 14:14:16,651] [INFO] [config.py:988:print]   scheduler_params ............. None
[2024-03-07 14:14:16,651] [INFO] [config.py:988:print]   seq_parallel_communication_data_type  torch.float32
[2024-03-07 14:14:16,651] [INFO] [config.py:988:print]   sparse_attention ............. None
[2024-03-07 14:14:16,651] [INFO] [config.py:988:print]   sparse_gradients_enabled ..... False
[2024-03-07 14:14:16,651] [INFO] [config.py:988:print]   steps_per_print .............. inf
[2024-03-07 14:14:16,651] [INFO] [config.py:988:print]   train_batch_size ............. 128
[2024-03-07 14:14:16,651] [INFO] [config.py:988:print]   train_micro_batch_size_per_gpu  1
[2024-03-07 14:14:16,651] [INFO] [config.py:988:print]   use_data_before_expert_parallel_  False
[2024-03-07 14:14:16,651] [INFO] [config.py:988:print]   use_node_local_storage ....... False
[2024-03-07 14:14:16,651] [INFO] [config.py:988:print]   wall_clock_breakdown ......... False
[2024-03-07 14:14:16,652] [INFO] [config.py:988:print]   weight_quantization_config ... None
[2024-03-07 14:14:16,652] [INFO] [config.py:988:print]   world_size ................... 4
[2024-03-07 14:14:16,652] [INFO] [config.py:988:print]   zero_allow_untested_optimizer  False
[2024-03-07 14:14:16,652] [INFO] [config.py:988:print]   zero_config .................. stage=0 contiguous_gradients=True reduce_scatter=True reduce_bucket_size=500,000,000 use_multi_rank_bucket_allreduce=True allgather_partitions=True allgather_bucket_size=500,000,000 overlap_comm=False load_from_fp32_weights=True elastic_checkpoint=False offload_param=DeepSpeedZeroOffloadParamConfig(device='none', nvme_path=None, buffer_count=5, buffer_size=100,000,000, max_in_cpu=1,000,000,000, pin_memory=False) offload_optimizer=DeepSpeedZeroOffloadOptimizerConfig(device='none', nvme_path=None, buffer_count=4, pin_memory=False, pipeline=False, pipeline_read=False, pipeline_write=False, fast_init=False, ratio=1.0) sub_group_size=1,000,000,000 cpu_offload_param=None cpu_offload_use_pin_memory=None cpu_offload=None prefetch_bucket_size=50,000,000 param_persistence_threshold=100,000 model_persistence_threshold=sys.maxsize max_live_parameters=1,000,000,000 max_reuse_distance=1,000,000,000 gather_16bit_weights_on_model_save=False stage3_gather_fp16_weights_on_model_save=False ignore_unused_parameters=True legacy_stage1=False round_robin_gradients=False zero_hpz_partition_size=1 zero_quantized_weights=False zero_quantized_nontrainable_weights=False zero_quantized_gradients=False mics_shard_size=-1 mics_hierarchical_params_gather=False memory_efficient_linear=True pipeline_loading_checkpoint=False override_module_apply=True
[2024-03-07 14:14:16,652] [INFO] [config.py:988:print]   zero_enabled ................. False
[2024-03-07 14:14:16,652] [INFO] [config.py:988:print]   zero_force_ds_cpu_optimizer .. True
[2024-03-07 14:14:16,652] [INFO] [config.py:988:print]   zero_optimization_stage ...... 0
[2024-03-07 14:14:16,652] [INFO] [config.py:974:print_user_config]   json = {
    "train_batch_size": 128, 
    "train_micro_batch_size_per_gpu": 1, 
    "gradient_accumulation_steps": 32, 
    "zero_optimization": {
        "stage": 0, 
        "offload_optimizer": {
            "device": "none", 
            "nvme_path": null
        }, 
        "offload_param": {
            "device": "none", 
            "nvme_path": null
        }, 
        "stage3_gather_16bit_weights_on_model_save": false
    }, 
    "gradient_clipping": 1.0, 
    "steps_per_print": inf, 
    "bf16": {
        "enabled": true
    }, 
    "fp16": {
        "enabled": false
    }
}
{'loss': 0.6931, 'learning_rate': 5.2631578947368416e-08, 'rewards/chosen': 0.0, 'rewards/rejected': 0.0, 'rewards/accuracies': 0.0, 'rewards/margins': 0.0, 'logps/rejected': -18.206920623779297, 'logps/chosen': -11.4987154006958, 'logits/rejected': -3.3006486892700195, 'logits/chosen': -3.2096996307373047, 'epoch': 0.01}
{'loss': 0.6931, 'learning_rate': 1.0526315789473683e-07, 'rewards/chosen': 0.0, 'rewards/rejected': 0.0, 'rewards/accuracies': 0.0, 'rewards/margins': 0.0, 'logps/rejected': -14.142271995544434, 'logps/chosen': -10.272762298583984, 'logits/rejected': -3.336509943008423, 'logits/chosen': -3.313202142715454, 'epoch': 0.01}
{'loss': 0.6913, 'learning_rate': 1.5789473684210525e-07, 'rewards/chosen': 0.003908711485564709, 'rewards/rejected': -0.005642940290272236, 'rewards/accuracies': 0.65625, 'rewards/margins': 0.009551649913191795, 'logps/rejected': -16.192623138427734, 'logps/chosen': -11.849752426147461, 'logits/rejected': -3.40105938911438, 'logits/chosen': -3.2726259231567383, 'epoch': 0.02}
{'loss': 0.6925, 'learning_rate': 2.1052631578947366e-07, 'rewards/chosen': -0.0017197855049744248, 'rewards/rejected': -0.0021616430021822453, 'rewards/accuracies': 0.5, 'rewards/margins': 0.0004418573807924986, 'logps/rejected': -14.74300765991211, 'logps/chosen': -12.465204238891602, 'logits/rejected': -3.2454090118408203, 'logits/chosen': -3.3078906536102295, 'epoch': 0.02}
{'loss': 0.6834, 'learning_rate': 2.631578947368421e-07, 'rewards/chosen': 0.000690653920173645, 'rewards/rejected': -0.015847167000174522, 'rewards/accuracies': 0.5625, 'rewards/margins': 0.01653781719505787, 'logps/rejected': -14.623146057128906, 'logps/chosen': -10.310072898864746, 'logits/rejected': -3.2840895652770996, 'logits/chosen': -3.2465052604675293, 'epoch': 0.03}
{'loss': 0.6779, 'learning_rate': 3.157894736842105e-07, 'rewards/chosen': -0.006638707127422094, 'rewards/rejected': -0.040346529334783554, 'rewards/accuracies': 0.84375, 'rewards/margins': 0.03370782360434532, 'logps/rejected': -17.487060546875, 'logps/chosen': -12.883724212646484, 'logits/rejected': -3.252595901489258, 'logits/chosen': -3.2896995544433594, 'epoch': 0.03}
{'loss': 0.6513, 'learning_rate': 3.684210526315789e-07, 'rewards/chosen': -0.00985036138445139, 'rewards/rejected': -0.08308537304401398, 'rewards/accuracies': 0.875, 'rewards/margins': 0.07323501259088516, 'logps/rejected': -18.612106323242188, 'logps/chosen': -16.790668487548828, 'logits/rejected': -3.177436590194702, 'logits/chosen': -3.3858373165130615, 'epoch': 0.04}
{'loss': 0.6051, 'learning_rate': 4.2105263157894733e-07, 'rewards/chosen': -0.021999964490532875, 'rewards/rejected': -0.21978846192359924, 'rewards/accuracies': 0.96875, 'rewards/margins': 0.19778850674629211, 'logps/rejected': -19.870384216308594, 'logps/chosen': -12.272894859313965, 'logits/rejected': -3.2602760791778564, 'logits/chosen': -3.2747490406036377, 'epoch': 0.04}
{'loss': 0.5456, 'learning_rate': 4.7368421052631574e-07, 'rewards/chosen': -0.03704529255628586, 'rewards/rejected': -0.32005730271339417, 'rewards/accuracies': 0.84375, 'rewards/margins': 0.2830119729042053, 'logps/rejected': -17.719236373901367, 'logps/chosen': -12.102770805358887, 'logits/rejected': -3.3200011253356934, 'logits/chosen': -3.329880952835083, 'epoch': 0.05}
{'loss': 0.494, 'learning_rate': 5.263157894736842e-07, 'rewards/chosen': -0.030798625200986862, 'rewards/rejected': -0.444801926612854, 'rewards/accuracies': 0.84375, 'rewards/margins': 0.41400328278541565, 'logps/rejected': -19.404077529907227, 'logps/chosen': -11.142024993896484, 'logits/rejected': -3.3788869380950928, 'logits/chosen': -3.2852158546447754, 'epoch': 0.05}
{'loss': 0.3683, 'learning_rate': 5.789473684210526e-07, 'rewards/chosen': -0.1510053277015686, 'rewards/rejected': -1.295517921447754, 'rewards/accuracies': 0.90625, 'rewards/margins': 1.1445127725601196, 'logps/rejected': -26.22730255126953, 'logps/chosen': -12.998856544494629, 'logits/rejected': -3.201809883117676, 'logits/chosen': -3.3362412452697754, 'epoch': 0.06}
{'loss': 0.3125, 'learning_rate': 6.31578947368421e-07, 'rewards/chosen': -0.361882746219635, 'rewards/rejected': -2.427206039428711, 'rewards/accuracies': 0.90625, 'rewards/margins': 2.0653233528137207, 'logps/rejected': -41.47864532470703, 'logps/chosen': -13.964117050170898, 'logits/rejected': -3.27066707611084, 'logits/chosen': -3.3464627265930176, 'epoch': 0.07}
{'loss': 0.2098, 'learning_rate': 6.842105263157895e-07, 'rewards/chosen': -0.4069401025772095, 'rewards/rejected': -2.677919626235962, 'rewards/accuracies': 0.96875, 'rewards/margins': 2.270979642868042, 'logps/rejected': -44.899662017822266, 'logps/chosen': -16.4754581451416, 'logits/rejected': -3.192411422729492, 'logits/chosen': -3.2373127937316895, 'epoch': 0.07}
{'loss': 0.1758, 'learning_rate': 7.368421052631578e-07, 'rewards/chosen': -0.9793169498443604, 'rewards/rejected': -3.798884868621826, 'rewards/accuracies': 0.90625, 'rewards/margins': 2.819568157196045, 'logps/rejected': -52.13471984863281, 'logps/chosen': -21.71257781982422, 'logits/rejected': -3.2443878650665283, 'logits/chosen': -3.1677193641662598, 'epoch': 0.08}
{'loss': 0.2092, 'learning_rate': 7.894736842105263e-07, 'rewards/chosen': -1.4978604316711426, 'rewards/rejected': -6.084590435028076, 'rewards/accuracies': 0.9375, 'rewards/margins': 4.586729526519775, 'logps/rejected': -76.86698913574219, 'logps/chosen': -27.461421966552734, 'logits/rejected': -3.201843023300171, 'logits/chosen': -3.190906286239624, 'epoch': 0.08}
{'loss': 0.1928, 'learning_rate': 8.421052631578947e-07, 'rewards/chosen': -3.27097749710083, 'rewards/rejected': -8.830536842346191, 'rewards/accuracies': 0.875, 'rewards/margins': 5.559558391571045, 'logps/rejected': -101.08829498291016, 'logps/chosen': -38.63508224487305, 'logits/rejected': -3.3189046382904053, 'logits/chosen': -3.117483139038086, 'epoch': 0.09}
{'loss': 0.3486, 'learning_rate': 8.947368421052631e-07, 'rewards/chosen': -3.5531527996063232, 'rewards/rejected': -9.943424224853516, 'rewards/accuracies': 0.84375, 'rewards/margins': 6.39027214050293, 'logps/rejected': -115.82720947265625, 'logps/chosen': -47.96393585205078, 'logits/rejected': -3.148970365524292, 'logits/chosen': -3.12540864944458, 'epoch': 0.09}
{'loss': 0.2171, 'learning_rate': 9.473684210526315e-07, 'rewards/chosen': -3.3326101303100586, 'rewards/rejected': -11.32010555267334, 'rewards/accuracies': 0.875, 'rewards/margins': 7.987495422363281, 'logps/rejected': -130.42686462402344, 'logps/chosen': -44.89930725097656, 'logits/rejected': -3.0370399951934814, 'logits/chosen': -3.0016632080078125, 'epoch': 0.1}
{'loss': 0.2273, 'learning_rate': 1e-06, 'rewards/chosen': -4.631289482116699, 'rewards/rejected': -11.85313606262207, 'rewards/accuracies': 0.90625, 'rewards/margins': 7.221845626831055, 'logps/rejected': -135.8320770263672, 'logps/chosen': -61.35234069824219, 'logits/rejected': -3.0923805236816406, 'logits/chosen': -3.1076109409332275, 'epoch': 0.1}
{'loss': 0.2061, 'learning_rate': 9.999071352056673e-07, 'rewards/chosen': -4.617827892303467, 'rewards/rejected': -11.11351490020752, 'rewards/accuracies': 0.75, 'rewards/margins': 6.495687484741211, 'logps/rejected': -123.85214233398438, 'logps/chosen': -61.218204498291016, 'logits/rejected': -2.9929516315460205, 'logits/chosen': -3.148357629776001, 'epoch': 0.11}
{'loss': 0.2645, 'learning_rate': 9.996285753181497e-07, 'rewards/chosen': -5.734406471252441, 'rewards/rejected': -13.713001251220703, 'rewards/accuracies': 0.8125, 'rewards/margins': 7.978593349456787, 'logps/rejected': -158.29995727539062, 'logps/chosen': -68.12155151367188, 'logits/rejected': -3.0578479766845703, 'logits/chosen': -3.0444562435150146, 'epoch': 0.12}
{'loss': 0.4828, 'learning_rate': 9.99164423811074e-07, 'rewards/chosen': -6.372262477874756, 'rewards/rejected': -14.402891159057617, 'rewards/accuracies': 0.84375, 'rewards/margins': 8.030630111694336, 'logps/rejected': -161.37942504882812, 'logps/chosen': -78.37318420410156, 'logits/rejected': -3.0243637561798096, 'logits/chosen': -3.0422544479370117, 'epoch': 0.12}
{'loss': 0.301, 'learning_rate': 9.985148530977764e-07, 'rewards/chosen': -4.443943023681641, 'rewards/rejected': -14.211959838867188, 'rewards/accuracies': 0.84375, 'rewards/margins': 9.768016815185547, 'logps/rejected': -159.18394470214844, 'logps/chosen': -54.70339584350586, 'logits/rejected': -3.099308967590332, 'logits/chosen': -2.9322447776794434, 'epoch': 0.13}
{'loss': 0.4062, 'learning_rate': 9.976801044672607e-07, 'rewards/chosen': -7.894918441772461, 'rewards/rejected': -16.097509384155273, 'rewards/accuracies': 0.9375, 'rewards/margins': 8.202592849731445, 'logps/rejected': -179.18963623046875, 'logps/chosen': -93.72123718261719, 'logits/rejected': -3.078519105911255, 'logits/chosen': -2.9829399585723877, 'epoch': 0.13}
{'loss': 0.3145, 'learning_rate': 9.966604879945656e-07, 'rewards/chosen': -4.535067081451416, 'rewards/rejected': -16.0837459564209, 'rewards/accuracies': 0.9375, 'rewards/margins': 11.548681259155273, 'logps/rejected': -177.64666748046875, 'logps/chosen': -55.287620544433594, 'logits/rejected': -3.111379384994507, 'logits/chosen': -2.96596360206604, 'epoch': 0.14}
{'loss': 0.3103, 'learning_rate': 9.954563824255877e-07, 'rewards/chosen': -4.792244911193848, 'rewards/rejected': -14.461673736572266, 'rewards/accuracies': 0.875, 'rewards/margins': 9.669428825378418, 'logps/rejected': -162.18032836914062, 'logps/chosen': -59.25630187988281, 'logits/rejected': -3.03769850730896, 'logits/chosen': -3.1111671924591064, 'epoch': 0.14}
{'loss': 0.1633, 'learning_rate': 9.94068235036391e-07, 'rewards/chosen': -3.6181163787841797, 'rewards/rejected': -14.263799667358398, 'rewards/accuracies': 1.0, 'rewards/margins': 10.645682334899902, 'logps/rejected': -159.99501037597656, 'logps/chosen': -47.302913665771484, 'logits/rejected': -3.0812416076660156, 'logits/chosen': -2.995706081390381, 'epoch': 0.15}
{'loss': 0.2233, 'learning_rate': 9.924965614670628e-07, 'rewards/chosen': -4.282548904418945, 'rewards/rejected': -11.910750389099121, 'rewards/accuracies': 0.84375, 'rewards/margins': 7.628201484680176, 'logps/rejected': -135.9341278076172, 'logps/chosen': -54.228145599365234, 'logits/rejected': -3.200725555419922, 'logits/chosen': -3.2023165225982666, 'epoch': 0.15}
{'loss': 0.2349, 'learning_rate': 9.90741945530174e-07, 'rewards/chosen': -4.363348484039307, 'rewards/rejected': -13.060062408447266, 'rewards/accuracies': 0.9375, 'rewards/margins': 8.696714401245117, 'logps/rejected': -151.493896484375, 'logps/chosen': -56.815330505371094, 'logits/rejected': -3.2203667163848877, 'logits/chosen': -3.205524444580078, 'epoch': 0.16}
{'loss': 0.205, 'learning_rate': 9.888050389939172e-07, 'rewards/chosen': -4.2756757736206055, 'rewards/rejected': -8.811491966247559, 'rewards/accuracies': 0.75, 'rewards/margins': 4.535815715789795, 'logps/rejected': -102.36122131347656, 'logps/chosen': -49.27130126953125, 'logits/rejected': -3.351651668548584, 'logits/chosen': -3.2500057220458984, 'epoch': 0.16}
{'loss': 0.2715, 'learning_rate': 9.866865613400006e-07, 'rewards/chosen': -3.5392844676971436, 'rewards/rejected': -10.928536415100098, 'rewards/accuracies': 0.8125, 'rewards/margins': 7.389250755310059, 'logps/rejected': -125.3829345703125, 'logps/chosen': -42.34344482421875, 'logits/rejected': -3.3528785705566406, 'logits/chosen': -3.2033233642578125, 'epoch': 0.17}
{'loss': 0.2573, 'learning_rate': 9.843872994963912e-07, 'rewards/chosen': -4.686428070068359, 'rewards/rejected': -11.98086929321289, 'rewards/accuracies': 0.78125, 'rewards/margins': 7.294441223144531, 'logps/rejected': -137.09693908691406, 'logps/chosen': -56.75735092163086, 'logits/rejected': -3.278940439224243, 'logits/chosen': -3.3749947547912598, 'epoch': 0.18}
{'loss': 0.1987, 'learning_rate': 9.819081075450013e-07, 'rewards/chosen': -2.779273271560669, 'rewards/rejected': -11.460602760314941, 'rewards/accuracies': 0.9375, 'rewards/margins': 8.681329727172852, 'logps/rejected': -129.3642578125, 'logps/chosen': -35.890106201171875, 'logits/rejected': -3.4119873046875, 'logits/chosen': -3.2560606002807617, 'epoch': 0.18}
{'loss': 0.1846, 'learning_rate': 9.792499064044342e-07, 'rewards/chosen': -3.2892906665802, 'rewards/rejected': -10.033016204833984, 'rewards/accuracies': 0.9375, 'rewards/margins': 6.743725776672363, 'logps/rejected': -119.51912689208984, 'logps/chosen': -39.219520568847656, 'logits/rejected': -3.438471794128418, 'logits/chosen': -3.1634631156921387, 'epoch': 0.19}
{'loss': 0.2589, 'learning_rate': 9.764136834878985e-07, 'rewards/chosen': -2.5852701663970947, 'rewards/rejected': -7.536133766174316, 'rewards/accuracies': 0.9375, 'rewards/margins': 4.950863838195801, 'logps/rejected': -86.9544677734375, 'logps/chosen': -31.693233489990234, 'logits/rejected': -3.3653697967529297, 'logits/chosen': -3.272690773010254, 'epoch': 0.19}
{'loss': 0.195, 'learning_rate': 9.734004923364256e-07, 'rewards/chosen': -2.853998899459839, 'rewards/rejected': -8.196715354919434, 'rewards/accuracies': 0.84375, 'rewards/margins': 5.342715740203857, 'logps/rejected': -94.51317596435547, 'logps/chosen': -37.142051696777344, 'logits/rejected': -3.2676167488098145, 'logits/chosen': -3.383580207824707, 'epoch': 0.2}
{'loss': 0.2826, 'learning_rate': 9.702114522275216e-07, 'rewards/chosen': -2.731091260910034, 'rewards/rejected': -9.617693901062012, 'rewards/accuracies': 0.9375, 'rewards/margins': 6.886603355407715, 'logps/rejected': -115.69227600097656, 'logps/chosen': -34.530731201171875, 'logits/rejected': -3.454500198364258, 'logits/chosen': -3.148857593536377, 'epoch': 0.2}
{'loss': 0.236, 'learning_rate': 9.66847747759402e-07, 'rewards/chosen': -3.5323872566223145, 'rewards/rejected': -8.954631805419922, 'rewards/accuracies': 0.90625, 'rewards/margins': 5.422245502471924, 'logps/rejected': -107.13569641113281, 'logps/chosen': -43.92412185668945, 'logits/rejected': -3.465956211090088, 'logits/chosen': -3.2402403354644775, 'epoch': 0.21}
{'loss': 0.2466, 'learning_rate': 9.63310628410961e-07, 'rewards/chosen': -3.62107253074646, 'rewards/rejected': -9.669723510742188, 'rewards/accuracies': 0.8125, 'rewards/margins': 6.048650741577148, 'logps/rejected': -114.59463500976562, 'logps/chosen': -44.2827033996582, 'logits/rejected': -3.4001035690307617, 'logits/chosen': -3.2874741554260254, 'epoch': 0.21}
{'loss': 0.2996, 'learning_rate': 9.596014080776421e-07, 'rewards/chosen': -3.032721996307373, 'rewards/rejected': -9.558650016784668, 'rewards/accuracies': 0.84375, 'rewards/margins': 6.525928974151611, 'logps/rejected': -110.05581665039062, 'logps/chosen': -39.94314193725586, 'logits/rejected': -3.2580013275146484, 'logits/chosen': -3.2728965282440186, 'epoch': 0.22}
{'loss': 0.1274, 'learning_rate': 9.55721464583379e-07, 'rewards/chosen': -3.1852946281433105, 'rewards/rejected': -9.318903923034668, 'rewards/accuracies': 0.96875, 'rewards/margins': 6.133609771728516, 'logps/rejected': -107.83877563476562, 'logps/chosen': -45.49628829956055, 'logits/rejected': -3.132045269012451, 'logits/chosen': -3.2770445346832275, 'epoch': 0.22}
{'loss': 0.143, 'learning_rate': 9.516722391687902e-07, 'rewards/chosen': -2.6634087562561035, 'rewards/rejected': -9.462976455688477, 'rewards/accuracies': 0.875, 'rewards/margins': 6.799567222595215, 'logps/rejected': -112.6854019165039, 'logps/chosen': -32.492679595947266, 'logits/rejected': -3.306014060974121, 'logits/chosen': -3.0885283946990967, 'epoch': 0.23}
{'loss': 0.1295, 'learning_rate': 9.474552359558165e-07, 'rewards/chosen': -3.360853433609009, 'rewards/rejected': -10.87887191772461, 'rewards/accuracies': 0.875, 'rewards/margins': 7.51801872253418, 'logps/rejected': -128.26466369628906, 'logps/chosen': -41.79998779296875, 'logits/rejected': -3.263248920440674, 'logits/chosen': -3.182640790939331, 'epoch': 0.24}
{'loss': 0.2173, 'learning_rate': 9.430720213890029e-07, 'rewards/chosen': -4.572595596313477, 'rewards/rejected': -11.20720100402832, 'rewards/accuracies': 0.90625, 'rewards/margins': 6.634605407714844, 'logps/rejected': -128.3004608154297, 'logps/chosen': -60.06855010986328, 'logits/rejected': -3.093101978302002, 'logits/chosen': -3.2253246307373047, 'epoch': 0.24}
{'loss': 0.2725, 'learning_rate': 9.385242236536259e-07, 'rewards/chosen': -3.89095139503479, 'rewards/rejected': -10.94384765625, 'rewards/accuracies': 0.90625, 'rewards/margins': 7.052895545959473, 'logps/rejected': -125.26981353759766, 'logps/chosen': -46.5765380859375, 'logits/rejected': -3.296247959136963, 'logits/chosen': -3.127227783203125, 'epoch': 0.25}
{'loss': 0.1677, 'learning_rate': 9.338135320708911e-07, 'rewards/chosen': -3.8477280139923096, 'rewards/rejected': -10.436922073364258, 'rewards/accuracies': 0.84375, 'rewards/margins': 6.589194297790527, 'logps/rejected': -119.75685119628906, 'logps/chosen': -46.46080780029297, 'logits/rejected': -3.2152044773101807, 'logits/chosen': -3.0418522357940674, 'epoch': 0.25}
{'loss': 0.2073, 'learning_rate': 9.289416964704185e-07, 'rewards/chosen': -4.925057888031006, 'rewards/rejected': -11.89716625213623, 'rewards/accuracies': 0.90625, 'rewards/margins': 6.972108840942383, 'logps/rejected': -136.70680236816406, 'logps/chosen': -57.34089660644531, 'logits/rejected': -3.2595324516296387, 'logits/chosen': -3.053149700164795, 'epoch': 0.26}
{'loss': 0.1695, 'learning_rate': 9.239105265402525e-07, 'rewards/chosen': -3.6740453243255615, 'rewards/rejected': -13.05046272277832, 'rewards/accuracies': 0.96875, 'rewards/margins': 9.376418113708496, 'logps/rejected': -147.8826904296875, 'logps/chosen': -45.22707748413086, 'logits/rejected': -3.0560355186462402, 'logits/chosen': -3.198488473892212, 'epoch': 0.26}
{'loss': 0.1394, 'learning_rate': 9.187218911546361e-07, 'rewards/chosen': -3.9066648483276367, 'rewards/rejected': -11.462493896484375, 'rewards/accuracies': 0.96875, 'rewards/margins': 7.555827617645264, 'logps/rejected': -130.755126953125, 'logps/chosen': -50.888893127441406, 'logits/rejected': -3.0616772174835205, 'logits/chosen': -3.1571004390716553, 'epoch': 0.27}
{'loss': 0.1909, 'learning_rate': 9.133777176798012e-07, 'rewards/chosen': -4.029246807098389, 'rewards/rejected': -10.97571086883545, 'rewards/accuracies': 0.9375, 'rewards/margins': 6.946464538574219, 'logps/rejected': -127.57772827148438, 'logps/chosen': -51.738792419433594, 'logits/rejected': -3.163705348968506, 'logits/chosen': -3.0421760082244873, 'epoch': 0.27}
{'loss': 0.0847, 'learning_rate': 9.078799912580303e-07, 'rewards/chosen': -3.9742555618286133, 'rewards/rejected': -13.140374183654785, 'rewards/accuracies': 0.9375, 'rewards/margins': 9.166119575500488, 'logps/rejected': -148.5625762939453, 'logps/chosen': -47.42769241333008, 'logits/rejected': -3.1257591247558594, 'logits/chosen': -2.9821391105651855, 'epoch': 0.28}
{'loss': 0.1904, 'learning_rate': 9.022307540702576e-07, 'rewards/chosen': -4.625546455383301, 'rewards/rejected': -13.255035400390625, 'rewards/accuracies': 0.96875, 'rewards/margins': 8.62948989868164, 'logps/rejected': -147.1423797607422, 'logps/chosen': -53.438133239746094, 'logits/rejected': -3.13183856010437, 'logits/chosen': -3.0164072513580322, 'epoch': 0.28}
{'loss': 0.1349, 'learning_rate': 8.964321045774806e-07, 'rewards/chosen': -4.726665496826172, 'rewards/rejected': -12.96908187866211, 'rewards/accuracies': 0.875, 'rewards/margins': 8.242416381835938, 'logps/rejected': -149.03590393066406, 'logps/chosen': -56.466800689697266, 'logits/rejected': -3.060781240463257, 'logits/chosen': -3.127042770385742, 'epoch': 0.29}
{'loss': 0.1236, 'learning_rate': 8.904861967412701e-07, 'rewards/chosen': -4.642618656158447, 'rewards/rejected': -12.972868919372559, 'rewards/accuracies': 0.9375, 'rewards/margins': 8.330251693725586, 'logps/rejected': -149.28237915039062, 'logps/chosen': -54.9203987121582, 'logits/rejected': -3.223903179168701, 'logits/chosen': -2.9636340141296387, 'epoch': 0.3}
{'loss': 0.184, 'learning_rate': 8.843952392236593e-07, 'rewards/chosen': -4.983460903167725, 'rewards/rejected': -14.417956352233887, 'rewards/accuracies': 0.9375, 'rewards/margins': 9.434494972229004, 'logps/rejected': -163.34996032714844, 'logps/chosen': -57.08932113647461, 'logits/rejected': -3.096454620361328, 'logits/chosen': -2.993006706237793, 'epoch': 0.3}
{'loss': 0.1594, 'learning_rate': 8.781614945667168e-07, 'rewards/chosen': -4.947828769683838, 'rewards/rejected': -14.8974027633667, 'rewards/accuracies': 0.96875, 'rewards/margins': 9.949573516845703, 'logps/rejected': -167.885498046875, 'logps/chosen': -56.40825653076172, 'logits/rejected': -3.178114414215088, 'logits/chosen': -3.074190139770508, 'epoch': 0.31}
{'loss': 0.1538, 'learning_rate': 8.717872783521047e-07, 'rewards/chosen': -4.4726691246032715, 'rewards/rejected': -12.866548538208008, 'rewards/accuracies': 0.875, 'rewards/margins': 8.393878936767578, 'logps/rejected': -141.83441162109375, 'logps/chosen': -52.6663703918457, 'logits/rejected': -3.05708646774292, 'logits/chosen': -3.0083913803100586, 'epoch': 0.31}
{'loss': 0.2704, 'learning_rate': 8.652749583409339e-07, 'rewards/chosen': -3.5586256980895996, 'rewards/rejected': -11.564535140991211, 'rewards/accuracies': 0.875, 'rewards/margins': 8.005910873413086, 'logps/rejected': -131.9556884765625, 'logps/chosen': -44.68421936035156, 'logits/rejected': -3.103238344192505, 'logits/chosen': -2.982858419418335, 'epoch': 0.32}
{'loss': 0.1885, 'learning_rate': 8.586269535942385e-07, 'rewards/chosen': -3.1110880374908447, 'rewards/rejected': -13.573180198669434, 'rewards/accuracies': 0.9375, 'rewards/margins': 10.462091445922852, 'logps/rejected': -154.19451904296875, 'logps/chosen': -36.02544403076172, 'logits/rejected': -3.088881731033325, 'logits/chosen': -2.906806230545044, 'epoch': 0.32}
{'loss': 0.1331, 'learning_rate': 8.518457335743924e-07, 'rewards/chosen': -4.1195526123046875, 'rewards/rejected': -15.30650806427002, 'rewards/accuracies': 1.0, 'rewards/margins': 11.186956405639648, 'logps/rejected': -173.301513671875, 'logps/chosen': -49.11088562011719, 'logits/rejected': -2.9966838359832764, 'logits/chosen': -3.0021750926971436, 'epoch': 0.33}
{'loss': 0.1552, 'learning_rate': 8.449338172278058e-07, 'rewards/chosen': -3.375206708908081, 'rewards/rejected': -13.55355453491211, 'rewards/accuracies': 0.90625, 'rewards/margins': 10.178346633911133, 'logps/rejected': -152.34329223632812, 'logps/chosen': -42.225399017333984, 'logits/rejected': -3.035768747329712, 'logits/chosen': -2.9358670711517334, 'epoch': 0.33}
{'loss': 0.1439, 'learning_rate': 8.378937720492383e-07, 'rewards/chosen': -3.48028826713562, 'rewards/rejected': -12.305795669555664, 'rewards/accuracies': 0.90625, 'rewards/margins': 8.825508117675781, 'logps/rejected': -135.7659454345703, 'logps/chosen': -41.40155792236328, 'logits/rejected': -3.0459868907928467, 'logits/chosen': -2.9353554248809814, 'epoch': 0.34}
{'loss': 0.1617, 'learning_rate': 8.307282131280804e-07, 'rewards/chosen': -4.823086738586426, 'rewards/rejected': -16.474763870239258, 'rewards/accuracies': 0.9375, 'rewards/margins': 11.651676177978516, 'logps/rejected': -182.6983642578125, 'logps/chosen': -55.665462493896484, 'logits/rejected': -2.922137975692749, 'logits/chosen': -3.0252737998962402, 'epoch': 0.35}
{'loss': 0.1376, 'learning_rate': 8.23439802176954e-07, 'rewards/chosen': -3.876873016357422, 'rewards/rejected': -14.761529922485352, 'rewards/accuracies': 0.9375, 'rewards/margins': 10.88465690612793, 'logps/rejected': -168.22109985351562, 'logps/chosen': -47.005126953125, 'logits/rejected': -3.0775504112243652, 'logits/chosen': -2.908886671066284, 'epoch': 0.35}
{'loss': 0.1368, 'learning_rate': 8.160312465429952e-07, 'rewards/chosen': -5.588270664215088, 'rewards/rejected': -14.873123168945312, 'rewards/accuracies': 0.90625, 'rewards/margins': 9.284850120544434, 'logps/rejected': -166.78500366210938, 'logps/chosen': -66.01789855957031, 'logits/rejected': -3.0807244777679443, 'logits/chosen': -3.0479090213775635, 'epoch': 0.36}
{'loss': 0.1967, 'learning_rate': 8.085052982021847e-07, 'rewards/chosen': -4.968668460845947, 'rewards/rejected': -15.451693534851074, 'rewards/accuracies': 0.875, 'rewards/margins': 10.483023643493652, 'logps/rejected': -168.48532104492188, 'logps/chosen': -58.59435272216797, 'logits/rejected': -3.0069081783294678, 'logits/chosen': -3.0055413246154785, 'epoch': 0.36}
{'loss': 0.1404, 'learning_rate': 8.008647527371022e-07, 'rewards/chosen': -4.546375751495361, 'rewards/rejected': -18.939369201660156, 'rewards/accuracies': 0.90625, 'rewards/margins': 14.392992973327637, 'logps/rejected': -206.79281616210938, 'logps/chosen': -54.330047607421875, 'logits/rejected': -2.7714219093322754, 'logits/chosen': -2.9628381729125977, 'epoch': 0.37}
{'loss': 0.1372, 'learning_rate': 7.931124482984801e-07, 'rewards/chosen': -4.457075595855713, 'rewards/rejected': -13.8575439453125, 'rewards/accuracies': 1.0, 'rewards/margins': 9.400466918945312, 'logps/rejected': -152.39381408691406, 'logps/chosen': -51.90087127685547, 'logits/rejected': -3.0158944129943848, 'logits/chosen': -2.8993937969207764, 'epoch': 0.37}
{'loss': 0.1281, 'learning_rate': 7.85251264550948e-07, 'rewards/chosen': -4.766450881958008, 'rewards/rejected': -15.995319366455078, 'rewards/accuracies': 0.96875, 'rewards/margins': 11.228869438171387, 'logps/rejected': -180.07774353027344, 'logps/chosen': -55.35695266723633, 'logits/rejected': -3.095404624938965, 'logits/chosen': -2.897111415863037, 'epoch': 0.38}
{'loss': 0.1777, 'learning_rate': 7.772841216033532e-07, 'rewards/chosen': -4.8159942626953125, 'rewards/rejected': -14.872749328613281, 'rewards/accuracies': 0.9375, 'rewards/margins': 10.056755065917969, 'logps/rejected': -163.25242614746094, 'logps/chosen': -57.28324890136719, 'logits/rejected': -2.985975742340088, 'logits/chosen': -2.9024500846862793, 'epoch': 0.38}
{'loss': 0.1295, 'learning_rate': 7.69213978924061e-07, 'rewards/chosen': -3.9644861221313477, 'rewards/rejected': -16.403839111328125, 'rewards/accuracies': 0.90625, 'rewards/margins': 12.439352989196777, 'logps/rejected': -180.27127075195312, 'logps/chosen': -45.17866897583008, 'logits/rejected': -2.9541478157043457, 'logits/chosen': -2.805182933807373, 'epoch': 0.39}
{'loss': 0.1018, 'learning_rate': 7.610438342416319e-07, 'rewards/chosen': -4.78610897064209, 'rewards/rejected': -15.037577629089355, 'rewards/accuracies': 0.96875, 'rewards/margins': 10.251468658447266, 'logps/rejected': -168.11578369140625, 'logps/chosen': -57.64482116699219, 'logits/rejected': -2.989616632461548, 'logits/chosen': -2.929643392562866, 'epoch': 0.39}
{'loss': 0.2188, 'learning_rate': 7.527767224312882e-07, 'rewards/chosen': -7.138668537139893, 'rewards/rejected': -16.617401123046875, 'rewards/accuracies': 0.875, 'rewards/margins': 9.478731155395508, 'logps/rejected': -180.44166564941406, 'logps/chosen': -79.7247314453125, 'logits/rejected': -2.8427059650421143, 'logits/chosen': -3.00211763381958, 'epoch': 0.4}
{'loss': 0.152, 'learning_rate': 7.444157143875819e-07, 'rewards/chosen': -5.586612224578857, 'rewards/rejected': -15.10685920715332, 'rewards/accuracies': 0.96875, 'rewards/margins': 9.520246505737305, 'logps/rejected': -167.27203369140625, 'logps/chosen': -66.1756591796875, 'logits/rejected': -2.771216869354248, 'logits/chosen': -2.885403633117676, 'epoch': 0.41}
{'loss': 0.1507, 'learning_rate': 7.359639158836827e-07, 'rewards/chosen': -5.649284362792969, 'rewards/rejected': -14.017123222351074, 'rewards/accuracies': 0.90625, 'rewards/margins': 8.367838859558105, 'logps/rejected': -156.4391632080078, 'logps/chosen': -62.73076248168945, 'logits/rejected': -2.9453794956207275, 'logits/chosen': -2.855219602584839, 'epoch': 0.41}
{'loss': 0.1374, 'learning_rate': 7.274244664177097e-07, 'rewards/chosen': -5.071228981018066, 'rewards/rejected': -11.973020553588867, 'rewards/accuracies': 0.84375, 'rewards/margins': 6.901791572570801, 'logps/rejected': -133.2665557861328, 'logps/chosen': -59.108951568603516, 'logits/rejected': -2.9240188598632812, 'logits/chosen': -3.010568857192993, 'epoch': 0.42}
{'loss': 0.2184, 'learning_rate': 7.188005380465364e-07, 'rewards/chosen': -4.707056045532227, 'rewards/rejected': -14.863588333129883, 'rewards/accuracies': 0.875, 'rewards/margins': 10.15653133392334, 'logps/rejected': -164.58676147460938, 'logps/chosen': -57.16374588012695, 'logits/rejected': -2.781745672225952, 'logits/chosen': -2.950986862182617, 'epoch': 0.42}
{'loss': 0.1406, 'learning_rate': 7.100953342075009e-07, 'rewards/chosen': -4.189366340637207, 'rewards/rejected': -15.50106430053711, 'rewards/accuracies': 0.9375, 'rewards/margins': 11.311697959899902, 'logps/rejected': -171.79458618164062, 'logps/chosen': -49.359336853027344, 'logits/rejected': -2.9263453483581543, 'logits/chosen': -2.8797011375427246, 'epoch': 0.43}
{'loss': 0.1436, 'learning_rate': 7.013120885284598e-07, 'rewards/chosen': -4.9617767333984375, 'rewards/rejected': -14.311156272888184, 'rewards/accuracies': 0.90625, 'rewards/margins': 9.349380493164062, 'logps/rejected': -159.30374145507812, 'logps/chosen': -58.22285461425781, 'logits/rejected': -2.8514556884765625, 'logits/chosen': -2.960235595703125, 'epoch': 0.43}
{'loss': 0.1951, 'learning_rate': 6.924540636266272e-07, 'rewards/chosen': -4.274311065673828, 'rewards/rejected': -15.498222351074219, 'rewards/accuracies': 0.9375, 'rewards/margins': 11.22391128540039, 'logps/rejected': -170.410400390625, 'logps/chosen': -49.206687927246094, 'logits/rejected': -2.8247649669647217, 'logits/chosen': -2.936756134033203, 'epoch': 0.44}
{'loss': 0.145, 'learning_rate': 6.83524549896646e-07, 'rewards/chosen': -3.7145652770996094, 'rewards/rejected': -14.014961242675781, 'rewards/accuracies': 0.875, 'rewards/margins': 10.300395011901855, 'logps/rejected': -158.38853454589844, 'logps/chosen': -45.22667694091797, 'logits/rejected': -2.9130353927612305, 'logits/chosen': -2.9385387897491455, 'epoch': 0.44}
{'loss': 0.2938, 'learning_rate': 6.745268642883404e-07, 'rewards/chosen': -4.45779275894165, 'rewards/rejected': -14.806055068969727, 'rewards/accuracies': 0.96875, 'rewards/margins': 10.348261833190918, 'logps/rejected': -166.11322021484375, 'logps/chosen': -51.24359893798828, 'logits/rejected': -2.9834272861480713, 'logits/chosen': -2.844621181488037, 'epoch': 0.45}
{'loss': 0.2081, 'learning_rate': 6.654643490746041e-07, 'rewards/chosen': -5.730491638183594, 'rewards/rejected': -14.696561813354492, 'rewards/accuracies': 0.90625, 'rewards/margins': 8.966069221496582, 'logps/rejected': -164.90557861328125, 'logps/chosen': -63.4984016418457, 'logits/rejected': -2.9887170791625977, 'logits/chosen': -2.8461852073669434, 'epoch': 0.45}
{'loss': 0.1756, 'learning_rate': 6.563403706098832e-07, 'rewards/chosen': -4.868227958679199, 'rewards/rejected': -16.36136817932129, 'rewards/accuracies': 0.96875, 'rewards/margins': 11.49314022064209, 'logps/rejected': -177.88357543945312, 'logps/chosen': -56.21394348144531, 'logits/rejected': -2.7702460289001465, 'logits/chosen': -2.9520933628082275, 'epoch': 0.46}
{'loss': 0.1391, 'learning_rate': 6.47158318079712e-07, 'rewards/chosen': -4.168854713439941, 'rewards/rejected': -15.286551475524902, 'rewards/accuracies': 0.96875, 'rewards/margins': 11.117695808410645, 'logps/rejected': -170.32278442382812, 'logps/chosen': -47.92826461791992, 'logits/rejected': -2.945432662963867, 'logits/chosen': -2.810896635055542, 'epoch': 0.47}
{'loss': 0.1659, 'learning_rate': 6.379216022417695e-07, 'rewards/chosen': -5.9510087966918945, 'rewards/rejected': -15.213361740112305, 'rewards/accuracies': 0.84375, 'rewards/margins': 9.26235294342041, 'logps/rejected': -173.25918579101562, 'logps/chosen': -67.26979064941406, 'logits/rejected': -2.935293197631836, 'logits/chosen': -2.9266610145568848, 'epoch': 0.47}
{'loss': 0.1782, 'learning_rate': 6.286336541589223e-07, 'rewards/chosen': -5.830152988433838, 'rewards/rejected': -14.79716682434082, 'rewards/accuracies': 0.875, 'rewards/margins': 8.967012405395508, 'logps/rejected': -166.755859375, 'logps/chosen': -64.55964660644531, 'logits/rejected': -3.0073068141937256, 'logits/chosen': -2.8860280513763428, 'epoch': 0.48}
{'loss': 0.1805, 'learning_rate': 6.192979239247242e-07, 'rewards/chosen': -5.260286331176758, 'rewards/rejected': -14.969596862792969, 'rewards/accuracies': 0.84375, 'rewards/margins': 9.709310531616211, 'logps/rejected': -165.76284790039062, 'logps/chosen': -61.12976837158203, 'logits/rejected': -2.7291769981384277, 'logits/chosen': -2.8775293827056885, 'epoch': 0.48}
{'loss': 0.3888, 'learning_rate': 6.099178793818478e-07, 'rewards/chosen': -5.8548102378845215, 'rewards/rejected': -14.449474334716797, 'rewards/accuracies': 0.9375, 'rewards/margins': 8.594664573669434, 'logps/rejected': -165.24600219726562, 'logps/chosen': -66.92753601074219, 'logits/rejected': -2.957174301147461, 'logits/chosen': -2.8258049488067627, 'epoch': 0.49}
{'loss': 0.1798, 'learning_rate': 6.004970048339225e-07, 'rewards/chosen': -5.094613075256348, 'rewards/rejected': -15.179723739624023, 'rewards/accuracies': 0.90625, 'rewards/margins': 10.08510971069336, 'logps/rejected': -170.59188842773438, 'logps/chosen': -58.872596740722656, 'logits/rejected': -2.7534494400024414, 'logits/chosen': -2.846034288406372, 'epoch': 0.49}
{'loss': 0.153, 'learning_rate': 5.910387997512573e-07, 'rewards/chosen': -4.42006778717041, 'rewards/rejected': -13.307979583740234, 'rewards/accuracies': 0.96875, 'rewards/margins': 8.887910842895508, 'logps/rejected': -150.22093200683594, 'logps/chosen': -52.01322555541992, 'logits/rejected': -2.9593095779418945, 'logits/chosen': -2.8689327239990234, 'epoch': 0.5}
{'loss': 0.1533, 'learning_rate': 5.815467774709313e-07, 'rewards/chosen': -3.7062976360321045, 'rewards/rejected': -17.044517517089844, 'rewards/accuracies': 1.0, 'rewards/margins': 13.33821964263916, 'logps/rejected': -186.328369140625, 'logps/chosen': -46.39736557006836, 'logits/rejected': -2.71867036819458, 'logits/chosen': -2.915039539337158, 'epoch': 0.5}
{'loss': 0.1076, 'learning_rate': 5.720244638917323e-07, 'rewards/chosen': -5.312074184417725, 'rewards/rejected': -15.417088508605957, 'rewards/accuracies': 0.90625, 'rewards/margins': 10.10501480102539, 'logps/rejected': -169.91329956054688, 'logps/chosen': -62.23421096801758, 'logits/rejected': -2.8673644065856934, 'logits/chosen': -2.8845386505126953, 'epoch': 0.51}
{'loss': 0.2297, 'learning_rate': 5.624753961644281e-07, 'rewards/chosen': -5.223052978515625, 'rewards/rejected': -15.330436706542969, 'rewards/accuracies': 0.84375, 'rewards/margins': 10.107381820678711, 'logps/rejected': -174.45997619628906, 'logps/chosen': -59.713226318359375, 'logits/rejected': -2.9719181060791016, 'logits/chosen': -2.842790365219116, 'epoch': 0.51}
{'loss': 0.1445, 'learning_rate': 5.529031213778614e-07, 'rewards/chosen': -4.079015254974365, 'rewards/rejected': -13.881900787353516, 'rewards/accuracies': 1.0, 'rewards/margins': 9.802885055541992, 'logps/rejected': -155.74879455566406, 'logps/chosen': -48.69826126098633, 'logits/rejected': -2.7983243465423584, 'logits/chosen': -2.8948540687561035, 'epoch': 0.52}
{'loss': 0.1566, 'learning_rate': 5.433111952413494e-07, 'rewards/chosen': -5.546607494354248, 'rewards/rejected': -14.614830017089844, 'rewards/accuracies': 0.875, 'rewards/margins': 9.068222999572754, 'logps/rejected': -160.48895263671875, 'logps/chosen': -66.1197509765625, 'logits/rejected': -2.742016315460205, 'logits/chosen': -2.9331395626068115, 'epoch': 0.53}
{'loss': 0.1501, 'learning_rate': 5.33703180763884e-07, 'rewards/chosen': -5.5142693519592285, 'rewards/rejected': -13.568060874938965, 'rewards/accuracies': 0.875, 'rewards/margins': 8.053791046142578, 'logps/rejected': -153.5365447998047, 'logps/chosen': -60.50029373168945, 'logits/rejected': -2.987017869949341, 'logits/chosen': -2.8687000274658203, 'epoch': 0.53}
{'loss': 0.2832, 'learning_rate': 5.240826469306186e-07, 'rewards/chosen': -3.979679822921753, 'rewards/rejected': -14.357009887695312, 'rewards/accuracies': 0.9375, 'rewards/margins': 10.37732982635498, 'logps/rejected': -162.74716186523438, 'logps/chosen': -48.12655258178711, 'logits/rejected': -2.9383292198181152, 'logits/chosen': -2.7678511142730713, 'epoch': 0.54}
{'loss': 0.0924, 'learning_rate': 5.144531673771363e-07, 'rewards/chosen': -5.579859733581543, 'rewards/rejected': -14.738410949707031, 'rewards/accuracies': 0.90625, 'rewards/margins': 9.158552169799805, 'logps/rejected': -162.26626586914062, 'logps/chosen': -63.62173843383789, 'logits/rejected': -2.8663597106933594, 'logits/chosen': -2.8700504302978516, 'epoch': 0.54}
{'loss': 0.2156, 'learning_rate': 5.048183190619903e-07, 'rewards/chosen': -3.7000436782836914, 'rewards/rejected': -15.248831748962402, 'rewards/accuracies': 0.9375, 'rewards/margins': 11.548788070678711, 'logps/rejected': -173.9157257080078, 'logps/chosen': -43.47114181518555, 'logits/rejected': -3.0130300521850586, 'logits/chosen': -2.8565335273742676, 'epoch': 0.55}
{'loss': 0.2279, 'learning_rate': 4.951816809380097e-07, 'rewards/chosen': -5.164661407470703, 'rewards/rejected': -15.967924118041992, 'rewards/accuracies': 0.84375, 'rewards/margins': 10.803263664245605, 'logps/rejected': -181.636474609375, 'logps/chosen': -56.39427947998047, 'logits/rejected': -3.0203938484191895, 'logits/chosen': -2.8458352088928223, 'epoch': 0.55}
{'loss': 0.2951, 'learning_rate': 4.855468326228638e-07, 'rewards/chosen': -5.279214859008789, 'rewards/rejected': -15.183792114257812, 'rewards/accuracies': 0.90625, 'rewards/margins': 9.90457534790039, 'logps/rejected': -167.0025634765625, 'logps/chosen': -65.96368408203125, 'logits/rejected': -2.7617931365966797, 'logits/chosen': -2.965567111968994, 'epoch': 0.56}
{'loss': 0.09, 'learning_rate': 4.7591735306938134e-07, 'rewards/chosen': -5.718097686767578, 'rewards/rejected': -19.169078826904297, 'rewards/accuracies': 1.0, 'rewards/margins': 13.450981140136719, 'logps/rejected': -208.646240234375, 'logps/chosen': -64.41203308105469, 'logits/rejected': -2.6451785564422607, 'logits/chosen': -3.0191774368286133, 'epoch': 0.56}
{'loss': 0.1503, 'learning_rate': 4.6629681923611603e-07, 'rewards/chosen': -4.483310222625732, 'rewards/rejected': -17.785358428955078, 'rewards/accuracies': 0.90625, 'rewards/margins': 13.30204963684082, 'logps/rejected': -200.52413940429688, 'logps/chosen': -49.02696228027344, 'logits/rejected': -3.044558525085449, 'logits/chosen': -2.748995065689087, 'epoch': 0.57}
{'loss': 0.2151, 'learning_rate': 4.5668880475865067e-07, 'rewards/chosen': -6.291568756103516, 'rewards/rejected': -15.247724533081055, 'rewards/accuracies': 0.9375, 'rewards/margins': 8.956156730651855, 'logps/rejected': -165.66171264648438, 'logps/chosen': -68.26994323730469, 'logits/rejected': -2.9725160598754883, 'logits/chosen': -2.888674259185791, 'epoch': 0.58}
{'loss': 0.2046, 'learning_rate': 4.4709687862213864e-07, 'rewards/chosen': -7.992738723754883, 'rewards/rejected': -18.437545776367188, 'rewards/accuracies': 0.875, 'rewards/margins': 10.444808006286621, 'logps/rejected': -201.55628967285156, 'logps/chosen': -88.0642318725586, 'logits/rejected': -2.8529300689697266, 'logits/chosen': -2.956109046936035, 'epoch': 0.58}
{'loss': 0.1331, 'learning_rate': 4.3752460383557194e-07, 'rewards/chosen': -6.5470991134643555, 'rewards/rejected': -16.412460327148438, 'rewards/accuracies': 0.875, 'rewards/margins': 9.865361213684082, 'logps/rejected': -180.80006408691406, 'logps/chosen': -75.07592010498047, 'logits/rejected': -2.8179380893707275, 'logits/chosen': -2.9063663482666016, 'epoch': 0.59}
{'loss': 0.1947, 'learning_rate': 4.2797553610826797e-07, 'rewards/chosen': -5.582546234130859, 'rewards/rejected': -18.72986602783203, 'rewards/accuracies': 0.9375, 'rewards/margins': 13.147317886352539, 'logps/rejected': -206.44961547851562, 'logps/chosen': -60.96628189086914, 'logits/rejected': -2.9081170558929443, 'logits/chosen': -2.867081880569458, 'epoch': 0.59}
{'loss': 0.1461, 'learning_rate': 4.184532225290686e-07, 'rewards/chosen': -5.722146034240723, 'rewards/rejected': -17.59553337097168, 'rewards/accuracies': 0.875, 'rewards/margins': 11.87338638305664, 'logps/rejected': -192.35130310058594, 'logps/chosen': -63.38591003417969, 'logits/rejected': -2.8822686672210693, 'logits/chosen': -2.8082802295684814, 'epoch': 0.6}
{'loss': 0.2103, 'learning_rate': 4.089612002487428e-07, 'rewards/chosen': -6.059661388397217, 'rewards/rejected': -16.878414154052734, 'rewards/accuracies': 0.90625, 'rewards/margins': 10.818751335144043, 'logps/rejected': -184.99655151367188, 'logps/chosen': -68.44759368896484, 'logits/rejected': -3.0094165802001953, 'logits/chosen': -2.914893865585327, 'epoch': 0.6}
{'loss': 0.0862, 'learning_rate': 3.995029951660776e-07, 'rewards/chosen': -6.040229320526123, 'rewards/rejected': -19.312299728393555, 'rewards/accuracies': 0.9375, 'rewards/margins': 13.27206802368164, 'logps/rejected': -208.9626007080078, 'logps/chosen': -68.85980224609375, 'logits/rejected': -2.725653886795044, 'logits/chosen': -2.933677911758423, 'epoch': 0.61}
{'loss': 0.2062, 'learning_rate': 3.9008212061815207e-07, 'rewards/chosen': -5.82095193862915, 'rewards/rejected': -17.67275619506836, 'rewards/accuracies': 0.96875, 'rewards/margins': 11.851804733276367, 'logps/rejected': -195.06246948242188, 'logps/chosen': -66.07246398925781, 'logits/rejected': -2.8902227878570557, 'logits/chosen': -2.860403299331665, 'epoch': 0.61}
{'loss': 0.193, 'learning_rate': 3.8070207607527585e-07, 'rewards/chosen': -5.694118976593018, 'rewards/rejected': -17.193065643310547, 'rewards/accuracies': 0.9375, 'rewards/margins': 11.498946189880371, 'logps/rejected': -192.1751708984375, 'logps/chosen': -63.19908905029297, 'logits/rejected': -2.9539506435394287, 'logits/chosen': -2.7873125076293945, 'epoch': 0.62}
{'loss': 0.2031, 'learning_rate': 3.7136634584107783e-07, 'rewards/chosen': -7.413499355316162, 'rewards/rejected': -16.1669864654541, 'rewards/accuracies': 0.9375, 'rewards/margins': 8.753487586975098, 'logps/rejected': -175.9673614501953, 'logps/chosen': -80.91360473632812, 'logits/rejected': -2.9073660373687744, 'logits/chosen': -2.965742826461792, 'epoch': 0.62}
{'loss': 0.203, 'learning_rate': 3.6207839775823047e-07, 'rewards/chosen': -5.717591762542725, 'rewards/rejected': -16.68927001953125, 'rewards/accuracies': 0.84375, 'rewards/margins': 10.97167682647705, 'logps/rejected': -183.01913452148438, 'logps/chosen': -63.24977493286133, 'logits/rejected': -2.7594809532165527, 'logits/chosen': -2.8652822971343994, 'epoch': 0.63}
{'loss': 0.1399, 'learning_rate': 3.5284168192028805e-07, 'rewards/chosen': -6.796766757965088, 'rewards/rejected': -16.517446517944336, 'rewards/accuracies': 0.875, 'rewards/margins': 9.720680236816406, 'logps/rejected': -185.19662475585938, 'logps/chosen': -77.63409423828125, 'logits/rejected': -2.9820902347564697, 'logits/chosen': -2.814570426940918, 'epoch': 0.64}
{'loss': 0.1279, 'learning_rate': 3.4365962939011693e-07, 'rewards/chosen': -5.111620903015137, 'rewards/rejected': -16.19241714477539, 'rewards/accuracies': 0.9375, 'rewards/margins': 11.08079719543457, 'logps/rejected': -184.56248474121094, 'logps/chosen': -57.49222183227539, 'logits/rejected': -3.028660774230957, 'logits/chosen': -2.801536798477173, 'epoch': 0.64}
{'loss': 0.1467, 'learning_rate': 3.345356509253958e-07, 'rewards/chosen': -5.100306034088135, 'rewards/rejected': -16.931612014770508, 'rewards/accuracies': 0.9375, 'rewards/margins': 11.831304550170898, 'logps/rejected': -185.8831329345703, 'logps/chosen': -57.041324615478516, 'logits/rejected': -2.8407974243164062, 'logits/chosen': -2.8113856315612793, 'epoch': 0.65}
{'loss': 0.1229, 'learning_rate': 3.2547313571165967e-07, 'rewards/chosen': -5.629082202911377, 'rewards/rejected': -16.868816375732422, 'rewards/accuracies': 0.96875, 'rewards/margins': 11.239733695983887, 'logps/rejected': -188.87298583984375, 'logps/chosen': -63.40195846557617, 'logits/rejected': -3.048490524291992, 'logits/chosen': -2.760575771331787, 'epoch': 0.65}
{'loss': 0.1641, 'learning_rate': 3.1647545010335395e-07, 'rewards/chosen': -5.082723140716553, 'rewards/rejected': -16.108407974243164, 'rewards/accuracies': 0.96875, 'rewards/margins': 11.025684356689453, 'logps/rejected': -177.2123565673828, 'logps/chosen': -58.2105712890625, 'logits/rejected': -2.9885599613189697, 'logits/chosen': -2.8862414360046387, 'epoch': 0.66}
{'loss': 0.1343, 'learning_rate': 3.075459363733727e-07, 'rewards/chosen': -4.679910659790039, 'rewards/rejected': -15.1759614944458, 'rewards/accuracies': 0.96875, 'rewards/margins': 10.496051788330078, 'logps/rejected': -168.6546630859375, 'logps/chosen': -51.63505935668945, 'logits/rejected': -2.9597692489624023, 'logits/chosen': -2.9134023189544678, 'epoch': 0.66}
{'loss': 0.1294, 'learning_rate': 2.9868791147154025e-07, 'rewards/chosen': -6.1642913818359375, 'rewards/rejected': -17.045257568359375, 'rewards/accuracies': 0.9375, 'rewards/margins': 10.88096809387207, 'logps/rejected': -189.9155731201172, 'logps/chosen': -70.85261535644531, 'logits/rejected': -2.827073574066162, 'logits/chosen': -2.898411512374878, 'epoch': 0.67}
{'loss': 0.2887, 'learning_rate': 2.8990466579249917e-07, 'rewards/chosen': -6.452314376831055, 'rewards/rejected': -13.694507598876953, 'rewards/accuracies': 0.96875, 'rewards/margins': 7.242193698883057, 'logps/rejected': -151.16888427734375, 'logps/chosen': -69.4770736694336, 'logits/rejected': -3.012195110321045, 'logits/chosen': -2.896618366241455, 'epoch': 0.67}
{'loss': 0.1354, 'learning_rate': 2.811994619534637e-07, 'rewards/chosen': -5.450346946716309, 'rewards/rejected': -17.183595657348633, 'rewards/accuracies': 0.9375, 'rewards/margins': 11.73324966430664, 'logps/rejected': -189.28506469726562, 'logps/chosen': -60.69247055053711, 'logits/rejected': -3.029195785522461, 'logits/chosen': -2.858027458190918, 'epoch': 0.68}
{'loss': 0.1844, 'learning_rate': 2.725755335822903e-07, 'rewards/chosen': -4.628274440765381, 'rewards/rejected': -16.7463321685791, 'rewards/accuracies': 0.875, 'rewards/margins': 12.118059158325195, 'logps/rejected': -187.2994842529297, 'logps/chosen': -51.71200180053711, 'logits/rejected': -2.938840866088867, 'logits/chosen': -2.857619285583496, 'epoch': 0.68}
{'loss': 0.141, 'learning_rate': 2.640360841163174e-07, 'rewards/chosen': -6.200908184051514, 'rewards/rejected': -15.531278610229492, 'rewards/accuracies': 0.90625, 'rewards/margins': 9.33036994934082, 'logps/rejected': -172.609130859375, 'logps/chosen': -69.17208099365234, 'logits/rejected': -2.8630263805389404, 'logits/chosen': -2.86262583732605, 'epoch': 0.69}
{'loss': 0.2718, 'learning_rate': 2.5558428561241816e-07, 'rewards/chosen': -6.276207447052002, 'rewards/rejected': -14.740123748779297, 'rewards/accuracies': 0.71875, 'rewards/margins': 8.46391487121582, 'logps/rejected': -163.20797729492188, 'logps/chosen': -68.76132202148438, 'logits/rejected': -2.8827707767486572, 'logits/chosen': -2.8589258193969727, 'epoch': 0.7}
{'loss': 0.1808, 'learning_rate': 2.472232775687119e-07, 'rewards/chosen': -5.134518623352051, 'rewards/rejected': -15.76453971862793, 'rewards/accuracies': 0.90625, 'rewards/margins': 10.630022048950195, 'logps/rejected': -175.78436279296875, 'logps/chosen': -57.18769073486328, 'logits/rejected': -2.8159995079040527, 'logits/chosen': -2.8105721473693848, 'epoch': 0.7}
{'loss': 0.1768, 'learning_rate': 2.3895616575836806e-07, 'rewards/chosen': -5.601019859313965, 'rewards/rejected': -16.480060577392578, 'rewards/accuracies': 0.875, 'rewards/margins': 10.87904167175293, 'logps/rejected': -178.445068359375, 'logps/chosen': -60.25605010986328, 'logits/rejected': -2.765376567840576, 'logits/chosen': -2.9104719161987305, 'epoch': 0.71}
{'loss': 0.1786, 'learning_rate': 2.3078602107593897e-07, 'rewards/chosen': -4.331572532653809, 'rewards/rejected': -16.263994216918945, 'rewards/accuracies': 1.0, 'rewards/margins': 11.932422637939453, 'logps/rejected': -178.54908752441406, 'logps/chosen': -51.83198928833008, 'logits/rejected': -2.8207645416259766, 'logits/chosen': -2.7712414264678955, 'epoch': 0.71}
{'loss': 0.2476, 'learning_rate': 2.2271587839664668e-07, 'rewards/chosen': -4.613855361938477, 'rewards/rejected': -17.861635208129883, 'rewards/accuracies': 0.9375, 'rewards/margins': 13.247779846191406, 'logps/rejected': -197.12290954589844, 'logps/chosen': -54.71002960205078, 'logits/rejected': -2.771791696548462, 'logits/chosen': -2.838660717010498, 'epoch': 0.72}
{'loss': 0.1824, 'learning_rate': 2.1474873544905203e-07, 'rewards/chosen': -4.194316387176514, 'rewards/rejected': -17.29729461669922, 'rewards/accuracies': 0.9375, 'rewards/margins': 13.10297966003418, 'logps/rejected': -189.59336853027344, 'logps/chosen': -47.35443878173828, 'logits/rejected': -2.7976326942443848, 'logits/chosen': -2.8349127769470215, 'epoch': 0.72}
{'loss': 0.1401, 'learning_rate': 2.0688755170151994e-07, 'rewards/chosen': -4.459953784942627, 'rewards/rejected': -14.313502311706543, 'rewards/accuracies': 0.90625, 'rewards/margins': 9.853548049926758, 'logps/rejected': -161.0130615234375, 'logps/chosen': -51.694313049316406, 'logits/rejected': -2.868232488632202, 'logits/chosen': -2.826125144958496, 'epoch': 0.73}
{'loss': 0.1761, 'learning_rate': 1.991352472628978e-07, 'rewards/chosen': -5.512203216552734, 'rewards/rejected': -16.597013473510742, 'rewards/accuracies': 0.9375, 'rewards/margins': 11.084811210632324, 'logps/rejected': -185.7296142578125, 'logps/chosen': -61.00491714477539, 'logits/rejected': -2.885051965713501, 'logits/chosen': -2.81441330909729, 'epoch': 0.73}
{'loss': 0.1697, 'learning_rate': 1.9149470179781529e-07, 'rewards/chosen': -3.990628242492676, 'rewards/rejected': -14.40464973449707, 'rewards/accuracies': 0.90625, 'rewards/margins': 10.414023399353027, 'logps/rejected': -161.77682495117188, 'logps/chosen': -44.988433837890625, 'logits/rejected': -2.941368579864502, 'logits/chosen': -2.7839527130126953, 'epoch': 0.74}
{'loss': 0.1454, 'learning_rate': 1.8396875345700496e-07, 'rewards/chosen': -5.037951469421387, 'rewards/rejected': -14.773008346557617, 'rewards/accuracies': 0.9375, 'rewards/margins': 9.73505687713623, 'logps/rejected': -167.62989807128906, 'logps/chosen': -57.098758697509766, 'logits/rejected': -2.887733221054077, 'logits/chosen': -2.805891275405884, 'epoch': 0.74}
{'loss': 0.1242, 'learning_rate': 1.76560197823046e-07, 'rewards/chosen': -5.775918960571289, 'rewards/rejected': -15.463969230651855, 'rewards/accuracies': 0.90625, 'rewards/margins': 9.688050270080566, 'logps/rejected': -171.7965087890625, 'logps/chosen': -64.50222778320312, 'logits/rejected': -2.848529100418091, 'logits/chosen': -2.8883109092712402, 'epoch': 0.75}
{'loss': 0.1286, 'learning_rate': 1.6927178687191952e-07, 'rewards/chosen': -5.644415855407715, 'rewards/rejected': -17.318105697631836, 'rewards/accuracies': 0.875, 'rewards/margins': 11.673690795898438, 'logps/rejected': -184.879638671875, 'logps/chosen': -62.84661102294922, 'logits/rejected': -2.683478355407715, 'logits/chosen': -2.916285514831543, 'epoch': 0.76}
{'loss': 0.1111, 'learning_rate': 1.6210622795076167e-07, 'rewards/chosen': -6.922118186950684, 'rewards/rejected': -17.792285919189453, 'rewards/accuracies': 0.84375, 'rewards/margins': 10.870168685913086, 'logps/rejected': -192.01693725585938, 'logps/chosen': -76.66619873046875, 'logits/rejected': -2.7699718475341797, 'logits/chosen': -2.901475429534912, 'epoch': 0.76}
{'loss': 0.1911, 'learning_rate': 1.5506618277219408e-07, 'rewards/chosen': -6.470170021057129, 'rewards/rejected': -15.464494705200195, 'rewards/accuracies': 0.84375, 'rewards/margins': 8.99432373046875, 'logps/rejected': -171.6250762939453, 'logps/chosen': -74.23371887207031, 'logits/rejected': -2.729733943939209, 'logits/chosen': -3.00901198387146, 'epoch': 0.77}
{'loss': 0.2147, 'learning_rate': 1.481542664256075e-07, 'rewards/chosen': -6.05078125, 'rewards/rejected': -16.575111389160156, 'rewards/accuracies': 0.875, 'rewards/margins': 10.524332046508789, 'logps/rejected': -180.2987060546875, 'logps/chosen': -65.8968734741211, 'logits/rejected': -2.8222758769989014, 'logits/chosen': -2.770358085632324, 'epoch': 0.77}
{'loss': 0.2783, 'learning_rate': 1.413730464057616e-07, 'rewards/chosen': -7.477493762969971, 'rewards/rejected': -18.758056640625, 'rewards/accuracies': 0.875, 'rewards/margins': 11.280562400817871, 'logps/rejected': -207.84495544433594, 'logps/chosen': -82.90491485595703, 'logits/rejected': -2.9444069862365723, 'logits/chosen': -2.8206777572631836, 'epoch': 0.78}
{'loss': 0.1642, 'learning_rate': 1.3472504165906612e-07, 'rewards/chosen': -5.582690715789795, 'rewards/rejected': -16.647247314453125, 'rewards/accuracies': 0.9375, 'rewards/margins': 11.064557075500488, 'logps/rejected': -182.6442413330078, 'logps/chosen': -62.469642639160156, 'logits/rejected': -2.8361501693725586, 'logits/chosen': -2.7989654541015625, 'epoch': 0.78}
{'loss': 0.1725, 'learning_rate': 1.2821272164789543e-07, 'rewards/chosen': -5.942049503326416, 'rewards/rejected': -17.719511032104492, 'rewards/accuracies': 0.875, 'rewards/margins': 11.777461051940918, 'logps/rejected': -195.4805908203125, 'logps/chosen': -65.32410430908203, 'logits/rejected': -2.8812978267669678, 'logits/chosen': -2.762676239013672, 'epoch': 0.79}
{'loss': 0.1119, 'learning_rate': 1.2183850543328312e-07, 'rewards/chosen': -4.191249370574951, 'rewards/rejected': -18.163536071777344, 'rewards/accuracies': 0.9375, 'rewards/margins': 13.972286224365234, 'logps/rejected': -196.67591857910156, 'logps/chosen': -47.16899108886719, 'logits/rejected': -2.784184694290161, 'logits/chosen': -2.8274807929992676, 'epoch': 0.79}
{'loss': 0.1578, 'learning_rate': 1.1560476077634069e-07, 'rewards/chosen': -4.7659525871276855, 'rewards/rejected': -18.50470733642578, 'rewards/accuracies': 0.96875, 'rewards/margins': 13.738755226135254, 'logps/rejected': -201.843505859375, 'logps/chosen': -52.87205123901367, 'logits/rejected': -2.7275686264038086, 'logits/chosen': -2.8044538497924805, 'epoch': 0.8}
{'loss': 0.122, 'learning_rate': 1.0951380325872977e-07, 'rewards/chosen': -5.93956995010376, 'rewards/rejected': -17.932861328125, 'rewards/accuracies': 0.9375, 'rewards/margins': 11.993291854858398, 'logps/rejected': -198.8227081298828, 'logps/chosen': -65.20880126953125, 'logits/rejected': -2.8795433044433594, 'logits/chosen': -2.7730917930603027, 'epoch': 0.81}
{'loss': 0.1878, 'learning_rate': 1.0356789542251936e-07, 'rewards/chosen': -7.163733005523682, 'rewards/rejected': -14.902292251586914, 'rewards/accuracies': 0.875, 'rewards/margins': 7.738559722900391, 'logps/rejected': -164.10353088378906, 'logps/chosen': -75.98361206054688, 'logits/rejected': -2.8383610248565674, 'logits/chosen': -2.8604507446289062, 'epoch': 0.81}
{'loss': 0.1953, 'learning_rate': 9.776924592974256e-08, 'rewards/chosen': -5.190832614898682, 'rewards/rejected': -18.209030151367188, 'rewards/accuracies': 0.9375, 'rewards/margins': 13.018198013305664, 'logps/rejected': -199.04095458984375, 'logps/chosen': -55.4348258972168, 'logits/rejected': -2.873116970062256, 'logits/chosen': -2.7700235843658447, 'epoch': 0.82}
{'loss': 0.1598, 'learning_rate': 9.212000874196952e-08, 'rewards/chosen': -5.825769424438477, 'rewards/rejected': -16.3812313079834, 'rewards/accuracies': 0.875, 'rewards/margins': 10.555459976196289, 'logps/rejected': -180.07135009765625, 'logps/chosen': -63.415283203125, 'logits/rejected': -2.9582724571228027, 'logits/chosen': -2.793581008911133, 'epoch': 0.82}
{'loss': 0.1363, 'learning_rate': 8.662228232019875e-08, 'rewards/chosen': -5.21591329574585, 'rewards/rejected': -19.142742156982422, 'rewards/accuracies': 0.90625, 'rewards/margins': 13.926830291748047, 'logps/rejected': -209.74801635742188, 'logps/chosen': -58.40452194213867, 'logits/rejected': -2.79213809967041, 'logits/chosen': -2.7586591243743896, 'epoch': 0.83}
{'loss': 0.1029, 'learning_rate': 8.127810884536402e-08, 'rewards/chosen': -5.225950241088867, 'rewards/rejected': -18.79510498046875, 'rewards/accuracies': 0.84375, 'rewards/margins': 13.56915283203125, 'logps/rejected': -208.4790802001953, 'logps/chosen': -58.657772064208984, 'logits/rejected': -2.689207077026367, 'logits/chosen': -2.7736101150512695, 'epoch': 0.83}
{'loss': 0.0681, 'learning_rate': 7.608947345974759e-08, 'rewards/chosen': -5.033182144165039, 'rewards/rejected': -17.653438568115234, 'rewards/accuracies': 1.0, 'rewards/margins': 12.620256423950195, 'logps/rejected': -193.3674774169922, 'logps/chosen': -54.426700592041016, 'logits/rejected': -2.871929883956909, 'logits/chosen': -2.765735149383545, 'epoch': 0.84}
{'loss': 0.1535, 'learning_rate': 7.105830352958142e-08, 'rewards/chosen': -5.203686714172363, 'rewards/rejected': -14.673919677734375, 'rewards/accuracies': 0.90625, 'rewards/margins': 9.470232963562012, 'logps/rejected': -166.11666870117188, 'logps/chosen': -56.575958251953125, 'logits/rejected': -2.9247817993164062, 'logits/chosen': -2.68162202835083, 'epoch': 0.84}
{'loss': 0.1103, 'learning_rate': 6.618646792910893e-08, 'rewards/chosen': -6.269593238830566, 'rewards/rejected': -17.631303787231445, 'rewards/accuracies': 0.90625, 'rewards/margins': 11.361712455749512, 'logps/rejected': -195.91781616210938, 'logps/chosen': -70.16886138916016, 'logits/rejected': -2.794353723526001, 'logits/chosen': -2.8014426231384277, 'epoch': 0.85}
{'loss': 0.0996, 'learning_rate': 6.147577634637413e-08, 'rewards/chosen': -5.833163261413574, 'rewards/rejected': -16.967239379882812, 'rewards/accuracies': 0.90625, 'rewards/margins': 11.134077072143555, 'logps/rejected': -184.2630615234375, 'logps/chosen': -64.64256286621094, 'logits/rejected': -2.839672327041626, 'logits/chosen': -2.8002095222473145, 'epoch': 0.85}
{'loss': 0.225, 'learning_rate': 5.692797861099718e-08, 'rewards/chosen': -6.026898384094238, 'rewards/rejected': -15.272216796875, 'rewards/accuracies': 0.84375, 'rewards/margins': 9.245316505432129, 'logps/rejected': -168.64859008789062, 'logps/chosen': -68.30657196044922, 'logits/rejected': -2.735790729522705, 'logits/chosen': -2.8071320056915283, 'epoch': 0.86}
{'loss': 0.2039, 'learning_rate': 5.25447640441834e-08, 'rewards/chosen': -6.2413153648376465, 'rewards/rejected': -18.901226043701172, 'rewards/accuracies': 0.875, 'rewards/margins': 12.659912109375, 'logps/rejected': -208.98069763183594, 'logps/chosen': -67.0835189819336, 'logits/rejected': -2.859994411468506, 'logits/chosen': -2.742306709289551, 'epoch': 0.87}
{'loss': 0.1523, 'learning_rate': 4.832776083120982e-08, 'rewards/chosen': -6.458360195159912, 'rewards/rejected': -16.27660369873047, 'rewards/accuracies': 0.9375, 'rewards/margins': 9.818243980407715, 'logps/rejected': -177.16563415527344, 'logps/chosen': -69.16383361816406, 'logits/rejected': -2.8514304161071777, 'logits/chosen': -2.7370033264160156, 'epoch': 0.87}
{'loss': 0.2799, 'learning_rate': 4.427853541662091e-08, 'rewards/chosen': -5.957143306732178, 'rewards/rejected': -17.453426361083984, 'rewards/accuracies': 0.96875, 'rewards/margins': 11.496280670166016, 'logps/rejected': -190.1830596923828, 'logps/chosen': -65.12577056884766, 'logits/rejected': -2.887455463409424, 'logits/chosen': -2.7862131595611572, 'epoch': 0.88}
{'loss': 0.1153, 'learning_rate': 4.039859192235778e-08, 'rewards/chosen': -5.618222236633301, 'rewards/rejected': -16.6693115234375, 'rewards/accuracies': 0.9375, 'rewards/margins': 11.051091194152832, 'logps/rejected': -179.86624145507812, 'logps/chosen': -65.42160034179688, 'logits/rejected': -2.612241744995117, 'logits/chosen': -2.793616533279419, 'epoch': 0.88}
{'loss': 0.2955, 'learning_rate': 3.668937158903901e-08, 'rewards/chosen': -6.686861515045166, 'rewards/rejected': -16.141250610351562, 'rewards/accuracies': 0.9375, 'rewards/margins': 9.454389572143555, 'logps/rejected': -179.93495178222656, 'logps/chosen': -74.39571380615234, 'logits/rejected': -2.864246129989624, 'logits/chosen': -2.7518303394317627, 'epoch': 0.89}
{'loss': 0.1322, 'learning_rate': 3.3152252240598086e-08, 'rewards/chosen': -5.446688652038574, 'rewards/rejected': -17.163389205932617, 'rewards/accuracies': 0.96875, 'rewards/margins': 11.716702461242676, 'logps/rejected': -190.65188598632812, 'logps/chosen': -61.84138870239258, 'logits/rejected': -2.849247932434082, 'logits/chosen': -2.766315460205078, 'epoch': 0.89}
{'loss': 0.2666, 'learning_rate': 2.978854777247841e-08, 'rewards/chosen': -6.290865421295166, 'rewards/rejected': -16.845521926879883, 'rewards/accuracies': 0.875, 'rewards/margins': 10.554656982421875, 'logps/rejected': -182.28321838378906, 'logps/chosen': -71.28982543945312, 'logits/rejected': -2.7010393142700195, 'logits/chosen': -2.863769769668579, 'epoch': 0.9}
{'loss': 0.1515, 'learning_rate': 2.6599507663574384e-08, 'rewards/chosen': -5.770451068878174, 'rewards/rejected': -16.290508270263672, 'rewards/accuracies': 0.90625, 'rewards/margins': 10.520057678222656, 'logps/rejected': -179.1779022216797, 'logps/chosen': -62.94482421875, 'logits/rejected': -2.8385746479034424, 'logits/chosen': -2.7089643478393555, 'epoch': 0.9}
{'loss': 0.2659, 'learning_rate': 2.358631651210141e-08, 'rewards/chosen': -5.874050617218018, 'rewards/rejected': -17.57064437866211, 'rewards/accuracies': 0.90625, 'rewards/margins': 11.696592330932617, 'logps/rejected': -191.386962890625, 'logps/chosen': -65.66921997070312, 'logits/rejected': -2.7294678688049316, 'logits/chosen': -2.793043613433838, 'epoch': 0.91}
{'loss': 0.2667, 'learning_rate': 2.0750093595565733e-08, 'rewards/chosen': -6.841446399688721, 'rewards/rejected': -17.94161605834961, 'rewards/accuracies': 0.875, 'rewards/margins': 11.100170135498047, 'logps/rejected': -194.23915100097656, 'logps/chosen': -79.22027587890625, 'logits/rejected': -2.687957525253296, 'logits/chosen': -2.845917224884033, 'epoch': 0.91}
{'loss': 0.1578, 'learning_rate': 1.8091892454998593e-08, 'rewards/chosen': -6.136877059936523, 'rewards/rejected': -16.945682525634766, 'rewards/accuracies': 0.9375, 'rewards/margins': 10.808804512023926, 'logps/rejected': -185.8084259033203, 'logps/chosen': -68.962890625, 'logits/rejected': -2.866483211517334, 'logits/chosen': -2.8108015060424805, 'epoch': 0.92}
{'loss': 0.166, 'learning_rate': 1.5612700503608967e-08, 'rewards/chosen': -6.707838535308838, 'rewards/rejected': -15.663684844970703, 'rewards/accuracies': 0.78125, 'rewards/margins': 8.955845832824707, 'logps/rejected': -171.7377166748047, 'logps/chosen': -74.15129089355469, 'logits/rejected': -2.779092311859131, 'logits/chosen': -2.7726874351501465, 'epoch': 0.93}
{'loss': 0.1134, 'learning_rate': 1.3313438659999399e-08, 'rewards/chosen': -5.35861349105835, 'rewards/rejected': -17.43036651611328, 'rewards/accuracies': 0.9375, 'rewards/margins': 12.071754455566406, 'logps/rejected': -190.24853515625, 'logps/chosen': -63.576820373535156, 'logits/rejected': -2.723949670791626, 'logits/chosen': -2.861027956008911, 'epoch': 0.93}
{'loss': 0.1679, 'learning_rate': 1.119496100608297e-08, 'rewards/chosen': -7.49463415145874, 'rewards/rejected': -17.863300323486328, 'rewards/accuracies': 0.875, 'rewards/margins': 10.368666648864746, 'logps/rejected': -191.13897705078125, 'logps/chosen': -80.96521759033203, 'logits/rejected': -2.750171661376953, 'logits/chosen': -2.8090436458587646, 'epoch': 0.94}
{'loss': 0.2934, 'learning_rate': 9.258054469825972e-09, 'rewards/chosen': -4.782254695892334, 'rewards/rejected': -19.551393508911133, 'rewards/accuracies': 1.0, 'rewards/margins': 14.769139289855957, 'logps/rejected': -215.3251495361328, 'logps/chosen': -55.24694061279297, 'logits/rejected': -2.777170419692993, 'logits/chosen': -2.742994785308838, 'epoch': 0.94}
{'loss': 0.1021, 'learning_rate': 7.503438532937168e-09, 'rewards/chosen': -5.410205364227295, 'rewards/rejected': -17.57680892944336, 'rewards/accuracies': 0.96875, 'rewards/margins': 12.166604995727539, 'logps/rejected': -192.57135009765625, 'logps/chosen': -60.55341720581055, 'logits/rejected': -2.8353042602539062, 'logits/chosen': -2.7451696395874023, 'epoch': 0.95}
{'loss': 0.1658, 'learning_rate': 5.931764963608865e-09, 'rewards/chosen': -7.177651405334473, 'rewards/rejected': -15.29631233215332, 'rewards/accuracies': 0.9375, 'rewards/margins': 8.118659019470215, 'logps/rejected': -170.7057647705078, 'logps/chosen': -86.05078125, 'logits/rejected': -2.7737820148468018, 'logits/chosen': -2.8415069580078125, 'epoch': 0.95}
{'loss': 0.2064, 'learning_rate': 4.543617574412184e-09, 'rewards/chosen': -6.130086898803711, 'rewards/rejected': -18.292072296142578, 'rewards/accuracies': 0.875, 'rewards/margins': 12.161985397338867, 'logps/rejected': -200.1654815673828, 'logps/chosen': -72.91483306884766, 'logits/rejected': -2.724395275115967, 'logits/chosen': -2.792963743209839, 'epoch': 0.96}
{'loss': 0.1428, 'learning_rate': 3.3395120054343086e-09, 'rewards/chosen': -6.687546730041504, 'rewards/rejected': -17.918588638305664, 'rewards/accuracies': 0.96875, 'rewards/margins': 11.23104190826416, 'logps/rejected': -193.87039184570312, 'logps/chosen': -78.68714904785156, 'logits/rejected': -2.7233612537384033, 'logits/chosen': -2.830146312713623, 'epoch': 0.96}
{'loss': 0.3116, 'learning_rate': 2.3198955327393686e-09, 'rewards/chosen': -5.957489967346191, 'rewards/rejected': -18.319072723388672, 'rewards/accuracies': 0.90625, 'rewards/margins': 12.36158561706543, 'logps/rejected': -202.4851837158203, 'logps/chosen': -77.33404541015625, 'logits/rejected': -2.7601611614227295, 'logits/chosen': -2.880430221557617, 'epoch': 0.97}
{'loss': 0.1042, 'learning_rate': 1.4851469022233997e-09, 'rewards/chosen': -6.352649688720703, 'rewards/rejected': -14.957107543945312, 'rewards/accuracies': 0.875, 'rewards/margins': 8.60445785522461, 'logps/rejected': -168.92352294921875, 'logps/chosen': -75.99092102050781, 'logits/rejected': -2.7854270935058594, 'logits/chosen': -2.847214460372925, 'epoch': 0.98}
{'loss': 0.2278, 'learning_rate': 8.35576188926046e-10, 'rewards/chosen': -4.929082870483398, 'rewards/rejected': -17.640884399414062, 'rewards/accuracies': 0.96875, 'rewards/margins': 12.711801528930664, 'logps/rejected': -191.1361083984375, 'logps/chosen': -58.977901458740234, 'logits/rejected': -2.835022449493408, 'logits/chosen': -2.7952146530151367, 'epoch': 0.98}
{'loss': 0.2237, 'learning_rate': 3.71424681850141e-10, 'rewards/chosen': -6.073339462280273, 'rewards/rejected': -18.880090713500977, 'rewards/accuracies': 0.9375, 'rewards/margins': 12.806753158569336, 'logps/rejected': -208.0846405029297, 'logps/chosen': -70.9036636352539, 'logits/rejected': -2.8299202919006348, 'logits/chosen': -2.6856746673583984, 'epoch': 0.99}
{'loss': 0.1449, 'learning_rate': 9.286479433257e-11, 'rewards/chosen': -6.5708136558532715, 'rewards/rejected': -17.818342208862305, 'rewards/accuracies': 0.9375, 'rewards/margins': 11.247529983520508, 'logps/rejected': -195.531005859375, 'logps/chosen': -76.0848617553711, 'logits/rejected': -2.8197576999664307, 'logits/chosen': -2.7518389225006104, 'epoch': 0.99}
{'loss': 0.1794, 'learning_rate': 0.0, 'rewards/chosen': -6.067328453063965, 'rewards/rejected': -16.74674415588379, 'rewards/accuracies': 0.9375, 'rewards/margins': 10.679414749145508, 'logps/rejected': -182.2677001953125, 'logps/chosen': -72.32292175292969, 'logits/rejected': -2.693817138671875, 'logits/chosen': -2.80356502532959, 'epoch': 1.0}
{'train_runtime': 2256.0295, 'train_samples_per_second': 10.357, 'train_steps_per_second': 0.081, 'train_loss': 0.21350832897555697, 'epoch': 1.0}
