[2024-03-05 17:22:39,529] [INFO] [real_accelerator.py:161:get_accelerator] Setting ds_accelerator to cuda (auto detect)
[2024-03-05 17:22:39,544] [INFO] [real_accelerator.py:161:get_accelerator] Setting ds_accelerator to cuda (auto detect)
[2024-03-05 17:22:39,575] [INFO] [real_accelerator.py:161:get_accelerator] Setting ds_accelerator to cuda (auto detect)
[2024-03-05 17:22:39,591] [INFO] [real_accelerator.py:161:get_accelerator] Setting ds_accelerator to cuda (auto detect)
Dataset({
    features: ['prompt', 'chosen', 'rejected'],
    num_rows: 23366
})
7399 4284
[2024-03-05 17:22:58,841] [INFO] [comm.py:637:init_distributed] cdb=None
Dataset({
    features: ['prompt', 'chosen', 'rejected'],
    num_rows: 23366
})
7399 4284
Dataset({
    features: ['prompt', 'chosen', 'rejected'],
    num_rows: 23366
})
7399 4284
[2024-03-05 17:22:58,978] [INFO] [comm.py:637:init_distributed] cdb=None
[2024-03-05 17:22:58,978] [INFO] [comm.py:668:init_distributed] Initializing TorchBackend in DeepSpeed with backend nccl
[2024-03-05 17:22:59,032] [INFO] [comm.py:637:init_distributed] cdb=None
Dataset({
    features: ['prompt', 'chosen', 'rejected'],
    num_rows: 23366
})
7399 4284
[2024-03-05 17:22:59,160] [INFO] [comm.py:637:init_distributed] cdb=None
[2024-03-05 17:22:59,334][datasets.fingerprint][WARNING] - Parameter 'function'=<bound method DPOTrainer.tokenize_row of <trl.trainer.dpo_trainer.DPOTrainer object at 0x7f0630863670>> of the transform datasets.arrow_dataset.Dataset._map_single couldn't be hashed properly, a random hash was used instead. Make sure your transforms and parameters are serializable with pickle or dill for the dataset fingerprinting and caching to work. If you reuse this transform, the caching mechanism will consider it to be different from the previous calls and recompute everything. This warning is only showed once. Subsequent hashing failures won't be showed.
[2024-03-05 17:23:40,231][accelerate.utils.other][WARNING] - Detected kernel version 5.4.0, which is below the recommended minimum of 5.5.0; this can cause the process to hang. It is recommended to upgrade the kernel to the minimum version or higher.
[2024-03-05 17:23:40,235] [INFO] [logging.py:96:log_dist] [Rank 0] DeepSpeed info: version=0.12.6, git-hash=unknown, git-branch=unknown
[2024-03-05 17:23:40,397][datasets.fingerprint][WARNING] - Parameter 'function'=<bound method DPOTrainer.tokenize_row of <trl.trainer.dpo_trainer.DPOTrainer object at 0x7f701879fb80>> of the transform datasets.arrow_dataset.Dataset._map_single couldn't be hashed properly, a random hash was used instead. Make sure your transforms and parameters are serializable with pickle or dill for the dataset fingerprinting and caching to work. If you reuse this transform, the caching mechanism will consider it to be different from the previous calls and recompute everything. This warning is only showed once. Subsequent hashing failures won't be showed.
[2024-03-05 17:23:40,397][datasets.fingerprint][WARNING] - Parameter 'function'=<bound method DPOTrainer.tokenize_row of <trl.trainer.dpo_trainer.DPOTrainer object at 0x7f1dc2eb16c0>> of the transform datasets.arrow_dataset.Dataset._map_single couldn't be hashed properly, a random hash was used instead. Make sure your transforms and parameters are serializable with pickle or dill for the dataset fingerprinting and caching to work. If you reuse this transform, the caching mechanism will consider it to be different from the previous calls and recompute everything. This warning is only showed once. Subsequent hashing failures won't be showed.
[2024-03-05 17:23:40,398][datasets.fingerprint][WARNING] - Parameter 'function'=<bound method DPOTrainer.tokenize_row of <trl.trainer.dpo_trainer.DPOTrainer object at 0x7f94f2c1b580>> of the transform datasets.arrow_dataset.Dataset._map_single couldn't be hashed properly, a random hash was used instead. Make sure your transforms and parameters are serializable with pickle or dill for the dataset fingerprinting and caching to work. If you reuse this transform, the caching mechanism will consider it to be different from the previous calls and recompute everything. This warning is only showed once. Subsequent hashing failures won't be showed.
[2024-03-05 17:24:23,682] [INFO] [logging.py:96:log_dist] [Rank 0] DeepSpeed Flops Profiler Enabled: False
[2024-03-05 17:24:23,683] [INFO] [logging.py:96:log_dist] [Rank 0] Creating BF16 optimizer
[2024-03-05 17:24:23,807] [INFO] [utils.py:791:see_memory_usage] begin bf16_optimizer
[2024-03-05 17:24:23,808] [INFO] [utils.py:792:see_memory_usage] MA 13.99 GB         Max_MA 13.99 GB         CA 14.24 GB         Max_CA 14 GB 
[2024-03-05 17:24:23,808] [INFO] [utils.py:799:see_memory_usage] CPU Virtual Memory:  used = 91.81 GB, percent = 9.1%
[2024-03-05 17:24:23,930] [INFO] [utils.py:791:see_memory_usage] end bf16_optimizer
[2024-03-05 17:24:23,931] [INFO] [utils.py:792:see_memory_usage] MA 13.99 GB         Max_MA 13.99 GB         CA 14.24 GB         Max_CA 14 GB 
[2024-03-05 17:24:23,931] [INFO] [utils.py:799:see_memory_usage] CPU Virtual Memory:  used = 89.73 GB, percent = 8.9%
[2024-03-05 17:24:23,932] [INFO] [config.py:984:print] DeepSpeedEngine configuration:
[2024-03-05 17:24:23,932] [INFO] [config.py:988:print]   activation_checkpointing_config  {
    "partition_activations": false, 
    "contiguous_memory_optimization": false, 
    "cpu_checkpointing": false, 
    "number_checkpoints": null, 
    "synchronize_checkpoint_boundary": false, 
    "profile": false
}
[2024-03-05 17:24:23,932] [INFO] [config.py:988:print]   aio_config ................... {'block_size': 1048576, 'queue_depth': 8, 'thread_count': 1, 'single_submit': False, 'overlap_events': True}
[2024-03-05 17:24:23,932] [INFO] [config.py:988:print]   amp_enabled .................. False
[2024-03-05 17:24:23,932] [INFO] [config.py:988:print]   amp_params ................... False
[2024-03-05 17:24:23,932] [INFO] [config.py:988:print]   autotuning_config ............ {
    "enabled": false, 
    "start_step": null, 
    "end_step": null, 
    "metric_path": null, 
    "arg_mappings": null, 
    "metric": "throughput", 
    "model_info": null, 
    "results_dir": "autotuning_results", 
    "exps_dir": "autotuning_exps", 
    "overwrite": true, 
    "fast": true, 
    "start_profile_step": 3, 
    "end_profile_step": 5, 
    "tuner_type": "gridsearch", 
    "tuner_early_stopping": 5, 
    "tuner_num_trials": 50, 
    "model_info_path": null, 
    "mp_size": 1, 
    "max_train_batch_size": null, 
    "min_train_batch_size": 1, 
    "max_train_micro_batch_size_per_gpu": 1.024000e+03, 
    "min_train_micro_batch_size_per_gpu": 1, 
    "num_tuning_micro_batch_sizes": 3
}
[2024-03-05 17:24:23,932] [INFO] [config.py:988:print]   bfloat16_enabled ............. True
[2024-03-05 17:24:23,932] [INFO] [config.py:988:print]   checkpoint_parallel_write_pipeline  False
[2024-03-05 17:24:23,932] [INFO] [config.py:988:print]   checkpoint_tag_validation_enabled  True
[2024-03-05 17:24:23,932] [INFO] [config.py:988:print]   checkpoint_tag_validation_fail  False
[2024-03-05 17:24:23,932] [INFO] [config.py:988:print]   comms_config ................. <deepspeed.comm.config.DeepSpeedCommsConfig object at 0x7f0630731d80>
[2024-03-05 17:24:23,933] [INFO] [config.py:988:print]   communication_data_type ...... None
[2024-03-05 17:24:23,933] [INFO] [config.py:988:print]   compression_config ........... {'weight_quantization': {'shared_parameters': {'enabled': False, 'quantizer_kernel': False, 'schedule_offset': 0, 'quantize_groups': 1, 'quantize_verbose': False, 'quantization_type': 'symmetric', 'quantize_weight_in_forward': False, 'rounding': 'nearest', 'fp16_mixed_quantize': False, 'quantize_change_ratio': 0.001}, 'different_groups': {}}, 'activation_quantization': {'shared_parameters': {'enabled': False, 'quantization_type': 'symmetric', 'range_calibration': 'dynamic', 'schedule_offset': 1000}, 'different_groups': {}}, 'sparse_pruning': {'shared_parameters': {'enabled': False, 'method': 'l1', 'schedule_offset': 1000}, 'different_groups': {}}, 'row_pruning': {'shared_parameters': {'enabled': False, 'method': 'l1', 'schedule_offset': 1000}, 'different_groups': {}}, 'head_pruning': {'shared_parameters': {'enabled': False, 'method': 'topk', 'schedule_offset': 1000}, 'different_groups': {}}, 'channel_pruning': {'shared_parameters': {'enabled': False, 'method': 'l1', 'schedule_offset': 1000}, 'different_groups': {}}, 'layer_reduction': {'enabled': False}}
[2024-03-05 17:24:23,933] [INFO] [config.py:988:print]   curriculum_enabled_legacy .... False
[2024-03-05 17:24:23,933] [INFO] [config.py:988:print]   curriculum_params_legacy ..... False
[2024-03-05 17:24:23,933] [INFO] [config.py:988:print]   data_efficiency_config ....... {'enabled': False, 'seed': 1234, 'data_sampling': {'enabled': False, 'num_epochs': 1000, 'num_workers': 0, 'curriculum_learning': {'enabled': False}}, 'data_routing': {'enabled': False, 'random_ltd': {'enabled': False, 'layer_token_lr_schedule': {'enabled': False}}}}
[2024-03-05 17:24:23,933] [INFO] [config.py:988:print]   data_efficiency_enabled ...... False
[2024-03-05 17:24:23,933] [INFO] [config.py:988:print]   dataloader_drop_last ......... False
[2024-03-05 17:24:23,933] [INFO] [config.py:988:print]   disable_allgather ............ False
[2024-03-05 17:24:23,933] [INFO] [config.py:988:print]   dump_state ................... False
[2024-03-05 17:24:23,933] [INFO] [config.py:988:print]   dynamic_loss_scale_args ...... None
[2024-03-05 17:24:23,933] [INFO] [config.py:988:print]   eigenvalue_enabled ........... False
[2024-03-05 17:24:23,933] [INFO] [config.py:988:print]   eigenvalue_gas_boundary_resolution  1
[2024-03-05 17:24:23,933] [INFO] [config.py:988:print]   eigenvalue_layer_name ........ bert.encoder.layer
[2024-03-05 17:24:23,933] [INFO] [config.py:988:print]   eigenvalue_layer_num ......... 0
[2024-03-05 17:24:23,933] [INFO] [config.py:988:print]   eigenvalue_max_iter .......... 100
[2024-03-05 17:24:23,933] [INFO] [config.py:988:print]   eigenvalue_stability ......... 1e-06
[2024-03-05 17:24:23,933] [INFO] [config.py:988:print]   eigenvalue_tol ............... 0.01
[2024-03-05 17:24:23,933] [INFO] [config.py:988:print]   eigenvalue_verbose ........... False
[2024-03-05 17:24:23,933] [INFO] [config.py:988:print]   elasticity_enabled ........... False
[2024-03-05 17:24:23,933] [INFO] [config.py:988:print]   flops_profiler_config ........ {
    "enabled": false, 
    "recompute_fwd_factor": 0.0, 
    "profile_step": 1, 
    "module_depth": -1, 
    "top_modules": 1, 
    "detailed": true, 
    "output_file": null
}
[2024-03-05 17:24:23,933] [INFO] [config.py:988:print]   fp16_auto_cast ............... None
[2024-03-05 17:24:23,933] [INFO] [config.py:988:print]   fp16_enabled ................. False
[2024-03-05 17:24:23,933] [INFO] [config.py:988:print]   fp16_master_weights_and_gradients  False
[2024-03-05 17:24:23,934] [INFO] [config.py:988:print]   global_rank .................. 0
[2024-03-05 17:24:23,934] [INFO] [config.py:988:print]   grad_accum_dtype ............. None
[2024-03-05 17:24:23,934] [INFO] [config.py:988:print]   gradient_accumulation_steps .. 32
[2024-03-05 17:24:23,934] [INFO] [config.py:988:print]   gradient_clipping ............ 1.0
[2024-03-05 17:24:23,934] [INFO] [config.py:988:print]   gradient_predivide_factor .... 1.0
[2024-03-05 17:24:23,934] [INFO] [config.py:988:print]   graph_harvesting ............. False
[2024-03-05 17:24:23,934] [INFO] [config.py:988:print]   hybrid_engine ................ enabled=False max_out_tokens=512 inference_tp_size=1 release_inference_cache=False pin_parameters=True tp_gather_partition_size=8
[2024-03-05 17:24:23,934] [INFO] [config.py:988:print]   initial_dynamic_scale ........ 1
[2024-03-05 17:24:23,934] [INFO] [config.py:988:print]   load_universal_checkpoint .... False
[2024-03-05 17:24:23,934] [INFO] [config.py:988:print]   loss_scale ................... 1.0
[2024-03-05 17:24:23,934] [INFO] [config.py:988:print]   memory_breakdown ............. False
[2024-03-05 17:24:23,934] [INFO] [config.py:988:print]   mics_hierarchial_params_gather  False
[2024-03-05 17:24:23,934] [INFO] [config.py:988:print]   mics_shard_size .............. -1
[2024-03-05 17:24:23,934] [INFO] [config.py:988:print]   monitor_config ............... tensorboard=TensorBoardConfig(enabled=False, output_path='', job_name='DeepSpeedJobName') wandb=WandbConfig(enabled=False, group=None, team=None, project='deepspeed') csv_monitor=CSVConfig(enabled=False, output_path='', job_name='DeepSpeedJobName') enabled=False
[2024-03-05 17:24:23,934] [INFO] [config.py:988:print]   nebula_config ................ {
    "enabled": false, 
    "persistent_storage_path": null, 
    "persistent_time_interval": 100, 
    "num_of_version_in_retention": 2, 
    "enable_nebula_load": true, 
    "load_path": null
}
[2024-03-05 17:24:23,934] [INFO] [config.py:988:print]   optimizer_legacy_fusion ...... False
[2024-03-05 17:24:23,934] [INFO] [config.py:988:print]   optimizer_name ............... None
[2024-03-05 17:24:23,934] [INFO] [config.py:988:print]   optimizer_params ............. None
[2024-03-05 17:24:23,934] [INFO] [config.py:988:print]   pipeline ..................... {'stages': 'auto', 'partition': 'best', 'seed_layers': False, 'activation_checkpoint_interval': 0, 'pipe_partitioned': True, 'grad_partitioned': True}
[2024-03-05 17:24:23,934] [INFO] [config.py:988:print]   pld_enabled .................. False
[2024-03-05 17:24:23,934] [INFO] [config.py:988:print]   pld_params ................... False
[2024-03-05 17:24:23,934] [INFO] [config.py:988:print]   prescale_gradients ........... False
[2024-03-05 17:24:23,934] [INFO] [config.py:988:print]   scheduler_name ............... None
[2024-03-05 17:24:23,935] [INFO] [config.py:988:print]   scheduler_params ............. None
[2024-03-05 17:24:23,935] [INFO] [config.py:988:print]   seq_parallel_communication_data_type  torch.float32
[2024-03-05 17:24:23,935] [INFO] [config.py:988:print]   sparse_attention ............. None
[2024-03-05 17:24:23,935] [INFO] [config.py:988:print]   sparse_gradients_enabled ..... False
[2024-03-05 17:24:23,935] [INFO] [config.py:988:print]   steps_per_print .............. inf
[2024-03-05 17:24:23,935] [INFO] [config.py:988:print]   train_batch_size ............. 128
[2024-03-05 17:24:23,935] [INFO] [config.py:988:print]   train_micro_batch_size_per_gpu  1
[2024-03-05 17:24:23,935] [INFO] [config.py:988:print]   use_data_before_expert_parallel_  False
[2024-03-05 17:24:23,935] [INFO] [config.py:988:print]   use_node_local_storage ....... False
[2024-03-05 17:24:23,935] [INFO] [config.py:988:print]   wall_clock_breakdown ......... False
[2024-03-05 17:24:23,935] [INFO] [config.py:988:print]   weight_quantization_config ... None
[2024-03-05 17:24:23,935] [INFO] [config.py:988:print]   world_size ................... 4
[2024-03-05 17:24:23,935] [INFO] [config.py:988:print]   zero_allow_untested_optimizer  False
[2024-03-05 17:24:23,935] [INFO] [config.py:988:print]   zero_config .................. stage=0 contiguous_gradients=True reduce_scatter=True reduce_bucket_size=500,000,000 use_multi_rank_bucket_allreduce=True allgather_partitions=True allgather_bucket_size=500,000,000 overlap_comm=False load_from_fp32_weights=True elastic_checkpoint=False offload_param=DeepSpeedZeroOffloadParamConfig(device='none', nvme_path=None, buffer_count=5, buffer_size=100,000,000, max_in_cpu=1,000,000,000, pin_memory=False) offload_optimizer=DeepSpeedZeroOffloadOptimizerConfig(device='none', nvme_path=None, buffer_count=4, pin_memory=False, pipeline=False, pipeline_read=False, pipeline_write=False, fast_init=False, ratio=1.0) sub_group_size=1,000,000,000 cpu_offload_param=None cpu_offload_use_pin_memory=None cpu_offload=None prefetch_bucket_size=50,000,000 param_persistence_threshold=100,000 model_persistence_threshold=sys.maxsize max_live_parameters=1,000,000,000 max_reuse_distance=1,000,000,000 gather_16bit_weights_on_model_save=False stage3_gather_fp16_weights_on_model_save=False ignore_unused_parameters=True legacy_stage1=False round_robin_gradients=False zero_hpz_partition_size=1 zero_quantized_weights=False zero_quantized_nontrainable_weights=False zero_quantized_gradients=False mics_shard_size=-1 mics_hierarchical_params_gather=False memory_efficient_linear=True pipeline_loading_checkpoint=False override_module_apply=True
[2024-03-05 17:24:23,935] [INFO] [config.py:988:print]   zero_enabled ................. False
[2024-03-05 17:24:23,935] [INFO] [config.py:988:print]   zero_force_ds_cpu_optimizer .. True
[2024-03-05 17:24:23,935] [INFO] [config.py:988:print]   zero_optimization_stage ...... 0
[2024-03-05 17:24:23,935] [INFO] [config.py:974:print_user_config]   json = {
    "train_batch_size": 128, 
    "train_micro_batch_size_per_gpu": 1, 
    "gradient_accumulation_steps": 32, 
    "zero_optimization": {
        "stage": 0, 
        "offload_optimizer": {
            "device": "none", 
            "nvme_path": null
        }, 
        "offload_param": {
            "device": "none", 
            "nvme_path": null
        }, 
        "stage3_gather_16bit_weights_on_model_save": false
    }, 
    "gradient_clipping": 1.0, 
    "steps_per_print": inf, 
    "bf16": {
        "enabled": true
    }, 
    "fp16": {
        "enabled": false
    }
}
{'loss': 0.6932, 'learning_rate': 5.2631578947368416e-08, 'rewards/chosen': 0.0, 'rewards/rejected': 0.0, 'rewards/accuracies': 0.0, 'rewards/margins': 0.0, 'logps/rejected': -43.08111572265625, 'logps/chosen': -41.99167251586914, 'logits/rejected': -2.920428991317749, 'logits/chosen': -2.81837797164917, 'epoch': 0.01}
{'loss': 0.6931, 'learning_rate': 1.0526315789473683e-07, 'rewards/chosen': 0.0, 'rewards/rejected': 0.0, 'rewards/accuracies': 0.0, 'rewards/margins': 0.0, 'logps/rejected': -36.901187896728516, 'logps/chosen': -34.050392150878906, 'logits/rejected': -2.909254312515259, 'logits/chosen': -2.9031498432159424, 'epoch': 0.01}
{'loss': 0.6936, 'learning_rate': 1.5789473684210525e-07, 'rewards/chosen': 0.0026526094879955053, 'rewards/rejected': 0.0022749751806259155, 'rewards/accuracies': 0.46875, 'rewards/margins': 0.00037763392901979387, 'logps/rejected': -42.98872756958008, 'logps/chosen': -38.20903015136719, 'logits/rejected': -2.9843192100524902, 'logits/chosen': -2.8704471588134766, 'epoch': 0.02}
{'loss': 0.6928, 'learning_rate': 2.1052631578947366e-07, 'rewards/chosen': -0.0005023300182074308, 'rewards/rejected': -0.0007319808355532587, 'rewards/accuracies': 0.53125, 'rewards/margins': 0.00022965064272284508, 'logps/rejected': -37.82738494873047, 'logps/chosen': -40.720726013183594, 'logits/rejected': -2.847238540649414, 'logits/chosen': -2.9252593517303467, 'epoch': 0.02}
{'loss': 0.6877, 'learning_rate': 2.631578947368421e-07, 'rewards/chosen': 0.003409913508221507, 'rewards/rejected': -0.0057446775026619434, 'rewards/accuracies': 0.5625, 'rewards/margins': 0.009154591709375381, 'logps/rejected': -38.61785888671875, 'logps/chosen': -37.02267074584961, 'logits/rejected': -2.8742411136627197, 'logits/chosen': -2.8466506004333496, 'epoch': 0.03}
{'loss': 0.6782, 'learning_rate': 3.157894736842105e-07, 'rewards/chosen': 0.008718964643776417, 'rewards/rejected': -0.024421844631433487, 'rewards/accuracies': 0.71875, 'rewards/margins': 0.03314080834388733, 'logps/rejected': -42.11217498779297, 'logps/chosen': -43.375492095947266, 'logits/rejected': -2.8675849437713623, 'logits/chosen': -2.9073452949523926, 'epoch': 0.03}
{'loss': 0.6646, 'learning_rate': 3.684210526315789e-07, 'rewards/chosen': -0.0031122141517698765, 'rewards/rejected': -0.05814937874674797, 'rewards/accuracies': 0.8125, 'rewards/margins': 0.05503716319799423, 'logps/rejected': -41.498748779296875, 'logps/chosen': -49.889427185058594, 'logits/rejected': -2.805514335632324, 'logits/chosen': -3.0211644172668457, 'epoch': 0.04}
{'loss': 0.6223, 'learning_rate': 4.2105263157894733e-07, 'rewards/chosen': -0.03537863865494728, 'rewards/rejected': -0.16102264821529388, 'rewards/accuracies': 0.875, 'rewards/margins': 0.1256440132856369, 'logps/rejected': -45.63367462158203, 'logps/chosen': -45.40645980834961, 'logits/rejected': -2.8979969024658203, 'logits/chosen': -2.9044437408447266, 'epoch': 0.04}
{'loss': 0.5961, 'learning_rate': 4.7368421052631574e-07, 'rewards/chosen': -0.024985965341329575, 'rewards/rejected': -0.2507389187812805, 'rewards/accuracies': 0.78125, 'rewards/margins': 0.22575294971466064, 'logps/rejected': -40.52099609375, 'logps/chosen': -37.50502395629883, 'logits/rejected': -2.9243485927581787, 'logits/chosen': -2.946071147918701, 'epoch': 0.05}
{'loss': 0.5643, 'learning_rate': 5.263157894736842e-07, 'rewards/chosen': -0.038130905479192734, 'rewards/rejected': -0.27678874135017395, 'rewards/accuracies': 0.8125, 'rewards/margins': 0.2386578470468521, 'logps/rejected': -41.580657958984375, 'logps/chosen': -39.21339797973633, 'logits/rejected': -2.981626033782959, 'logits/chosen': -2.8977391719818115, 'epoch': 0.05}
{'loss': 0.5291, 'learning_rate': 5.789473684210526e-07, 'rewards/chosen': -0.1015092208981514, 'rewards/rejected': -0.6677578091621399, 'rewards/accuracies': 0.78125, 'rewards/margins': 0.5662485361099243, 'logps/rejected': -40.917327880859375, 'logps/chosen': -37.76033020019531, 'logits/rejected': -2.8345911502838135, 'logits/chosen': -2.992631673812866, 'epoch': 0.06}
{'loss': 0.454, 'learning_rate': 6.31578947368421e-07, 'rewards/chosen': -0.037364039570093155, 'rewards/rejected': -1.0101234912872314, 'rewards/accuracies': 0.96875, 'rewards/margins': 0.972759485244751, 'logps/rejected': -46.99361038208008, 'logps/chosen': -37.88154602050781, 'logits/rejected': -2.898472309112549, 'logits/chosen': -3.002678394317627, 'epoch': 0.07}
{'loss': 0.3841, 'learning_rate': 6.842105263157895e-07, 'rewards/chosen': -0.1406063288450241, 'rewards/rejected': -0.9933609366416931, 'rewards/accuracies': 0.9375, 'rewards/margins': 0.8527546525001526, 'logps/rejected': -51.7032356262207, 'logps/chosen': -47.0948600769043, 'logits/rejected': -2.8778789043426514, 'logits/chosen': -2.9524288177490234, 'epoch': 0.07}
{'loss': 0.3009, 'learning_rate': 7.368421052631578e-07, 'rewards/chosen': -0.4743841290473938, 'rewards/rejected': -1.7706776857376099, 'rewards/accuracies': 0.90625, 'rewards/margins': 1.2962936162948608, 'logps/rejected': -54.16717529296875, 'logps/chosen': -45.79494094848633, 'logits/rejected': -2.91809344291687, 'logits/chosen': -2.865234851837158, 'epoch': 0.08}
{'loss': 0.3005, 'learning_rate': 7.894736842105263e-07, 'rewards/chosen': -0.5817425847053528, 'rewards/rejected': -2.740084648132324, 'rewards/accuracies': 0.875, 'rewards/margins': 2.158342123031616, 'logps/rejected': -68.30677032470703, 'logps/chosen': -48.432437896728516, 'logits/rejected': -2.9186174869537354, 'logits/chosen': -2.96203875541687, 'epoch': 0.08}
{'loss': 0.2128, 'learning_rate': 8.421052631578947e-07, 'rewards/chosen': -1.05901300907135, 'rewards/rejected': -3.6904234886169434, 'rewards/accuracies': 0.8125, 'rewards/margins': 2.6314101219177246, 'logps/rejected': -77.00457000732422, 'logps/chosen': -38.88756561279297, 'logits/rejected': -3.0243077278137207, 'logits/chosen': -2.8608548641204834, 'epoch': 0.09}
{'loss': 0.2892, 'learning_rate': 8.947368421052631e-07, 'rewards/chosen': -1.174766182899475, 'rewards/rejected': -4.3103179931640625, 'rewards/accuracies': 0.875, 'rewards/margins': 3.135551929473877, 'logps/rejected': -79.46479797363281, 'logps/chosen': -50.08743667602539, 'logits/rejected': -2.8941006660461426, 'logits/chosen': -2.9481799602508545, 'epoch': 0.09}
{'loss': 0.2236, 'learning_rate': 9.473684210526315e-07, 'rewards/chosen': -0.8958632946014404, 'rewards/rejected': -4.896629333496094, 'rewards/accuracies': 0.9375, 'rewards/margins': 4.000765800476074, 'logps/rejected': -88.21449279785156, 'logps/chosen': -50.23349380493164, 'logits/rejected': -2.8703112602233887, 'logits/chosen': -2.9013047218322754, 'epoch': 0.1}
{'loss': 0.1899, 'learning_rate': 1e-06, 'rewards/chosen': -1.7255282402038574, 'rewards/rejected': -6.101988792419434, 'rewards/accuracies': 0.9375, 'rewards/margins': 4.376460075378418, 'logps/rejected': -100.9719467163086, 'logps/chosen': -62.364498138427734, 'logits/rejected': -2.923159122467041, 'logits/chosen': -3.013171911239624, 'epoch': 0.1}
{'loss': 0.2176, 'learning_rate': 9.999071352056673e-07, 'rewards/chosen': -1.6030430793762207, 'rewards/rejected': -6.054072380065918, 'rewards/accuracies': 0.8125, 'rewards/margins': 4.451029300689697, 'logps/rejected': -93.6800537109375, 'logps/chosen': -61.29243850708008, 'logits/rejected': -2.8779172897338867, 'logits/chosen': -3.1018595695495605, 'epoch': 0.11}
{'loss': 0.2119, 'learning_rate': 9.996285753181497e-07, 'rewards/chosen': -2.218858003616333, 'rewards/rejected': -7.827985763549805, 'rewards/accuracies': 0.84375, 'rewards/margins': 5.609127998352051, 'logps/rejected': -120.32466888427734, 'logps/chosen': -60.330482482910156, 'logits/rejected': -2.9136078357696533, 'logits/chosen': -2.9642999172210693, 'epoch': 0.12}
{'loss': 0.3199, 'learning_rate': 9.99164423811074e-07, 'rewards/chosen': -2.2588493824005127, 'rewards/rejected': -8.518473625183105, 'rewards/accuracies': 0.90625, 'rewards/margins': 6.259625434875488, 'logps/rejected': -128.51889038085938, 'logps/chosen': -69.46185302734375, 'logits/rejected': -2.9509429931640625, 'logits/chosen': -3.019101858139038, 'epoch': 0.12}
{'loss': 0.2321, 'learning_rate': 9.985148530977764e-07, 'rewards/chosen': -1.1241174936294556, 'rewards/rejected': -8.465263366699219, 'rewards/accuracies': 0.8125, 'rewards/margins': 7.341146469116211, 'logps/rejected': -126.5974349975586, 'logps/chosen': -46.107444763183594, 'logits/rejected': -2.994605779647827, 'logits/chosen': -2.900390386581421, 'epoch': 0.13}
{'loss': 0.294, 'learning_rate': 9.976801044672607e-07, 'rewards/chosen': -2.948989152908325, 'rewards/rejected': -9.562582969665527, 'rewards/accuracies': 0.90625, 'rewards/margins': 6.613594055175781, 'logps/rejected': -141.24176025390625, 'logps/chosen': -72.72474670410156, 'logits/rejected': -2.9449081420898438, 'logits/chosen': -2.89156174659729, 'epoch': 0.13}
{'loss': 0.1972, 'learning_rate': 9.966604879945656e-07, 'rewards/chosen': -1.3490612506866455, 'rewards/rejected': -9.117111206054688, 'rewards/accuracies': 0.96875, 'rewards/margins': 7.768050193786621, 'logps/rejected': -136.669921875, 'logps/chosen': -51.408748626708984, 'logits/rejected': -2.9613192081451416, 'logits/chosen': -2.8621902465820312, 'epoch': 0.14}
{'loss': 0.1751, 'learning_rate': 9.954563824255877e-07, 'rewards/chosen': -1.1169723272323608, 'rewards/rejected': -8.573848724365234, 'rewards/accuracies': 0.96875, 'rewards/margins': 7.456875801086426, 'logps/rejected': -128.0323944091797, 'logps/chosen': -52.480873107910156, 'logits/rejected': -2.8648335933685303, 'logits/chosen': -2.9680306911468506, 'epoch': 0.14}
{'loss': 0.1238, 'learning_rate': 9.94068235036391e-07, 'rewards/chosen': -1.3461151123046875, 'rewards/rejected': -9.302453994750977, 'rewards/accuracies': 0.96875, 'rewards/margins': 7.956339359283447, 'logps/rejected': -135.96517944335938, 'logps/chosen': -54.831626892089844, 'logits/rejected': -2.857797861099243, 'logits/chosen': -2.8016107082366943, 'epoch': 0.15}
{'loss': 0.2053, 'learning_rate': 9.924965614670628e-07, 'rewards/chosen': -1.954337239265442, 'rewards/rejected': -8.003430366516113, 'rewards/accuracies': 0.84375, 'rewards/margins': 6.0490922927856445, 'logps/rejected': -122.13169860839844, 'logps/chosen': -60.32530212402344, 'logits/rejected': -2.9021527767181396, 'logits/chosen': -2.9240870475769043, 'epoch': 0.15}
{'loss': 0.197, 'learning_rate': 9.90741945530174e-07, 'rewards/chosen': -1.8898956775665283, 'rewards/rejected': -8.313040733337402, 'rewards/accuracies': 0.9375, 'rewards/margins': 6.423144340515137, 'logps/rejected': -125.23544311523438, 'logps/chosen': -61.32830810546875, 'logits/rejected': -2.8836653232574463, 'logits/chosen': -2.8759706020355225, 'epoch': 0.16}
{'loss': 0.2308, 'learning_rate': 9.888050389939172e-07, 'rewards/chosen': -2.4391746520996094, 'rewards/rejected': -7.039955139160156, 'rewards/accuracies': 0.78125, 'rewards/margins': 4.600781440734863, 'logps/rejected': -109.57473754882812, 'logps/chosen': -59.450584411621094, 'logits/rejected': -2.9781367778778076, 'logits/chosen': -2.874829053878784, 'epoch': 0.16}
{'loss': 0.3005, 'learning_rate': 9.866865613400006e-07, 'rewards/chosen': -1.3981860876083374, 'rewards/rejected': -8.798704147338867, 'rewards/accuracies': 0.90625, 'rewards/margins': 7.400517463684082, 'logps/rejected': -127.00565338134766, 'logps/chosen': -46.90864181518555, 'logits/rejected': -2.9340388774871826, 'logits/chosen': -2.800189256668091, 'epoch': 0.17}
{'loss': 0.2778, 'learning_rate': 9.843872994963912e-07, 'rewards/chosen': -2.2911391258239746, 'rewards/rejected': -9.475384712219238, 'rewards/accuracies': 0.90625, 'rewards/margins': 7.184246063232422, 'logps/rejected': -134.7058563232422, 'logps/chosen': -65.4933853149414, 'logits/rejected': -2.8697433471679688, 'logits/chosen': -2.9635908603668213, 'epoch': 0.18}
{'loss': 0.191, 'learning_rate': 9.819081075450013e-07, 'rewards/chosen': -0.9759918451309204, 'rewards/rejected': -9.314693450927734, 'rewards/accuracies': 0.9375, 'rewards/margins': 8.338702201843262, 'logps/rejected': -132.0557403564453, 'logps/chosen': -45.83097457885742, 'logits/rejected': -2.999444007873535, 'logits/chosen': -2.857142448425293, 'epoch': 0.18}
{'loss': 0.1543, 'learning_rate': 9.792499064044342e-07, 'rewards/chosen': -1.592629075050354, 'rewards/rejected': -8.463886260986328, 'rewards/accuracies': 0.96875, 'rewards/margins': 6.871257781982422, 'logps/rejected': -131.12242126464844, 'logps/chosen': -48.93707275390625, 'logits/rejected': -3.018486738204956, 'logits/chosen': -2.770348072052002, 'epoch': 0.19}
{'loss': 0.227, 'learning_rate': 9.764136834878985e-07, 'rewards/chosen': -1.2510651350021362, 'rewards/rejected': -6.220252513885498, 'rewards/accuracies': 0.875, 'rewards/margins': 4.9691877365112305, 'logps/rejected': -96.45100402832031, 'logps/chosen': -43.28205490112305, 'logits/rejected': -2.987187385559082, 'logits/chosen': -2.909210443496704, 'epoch': 0.19}
{'loss': 0.2086, 'learning_rate': 9.734004923364256e-07, 'rewards/chosen': -1.2505407333374023, 'rewards/rejected': -7.6255598068237305, 'rewards/accuracies': 0.84375, 'rewards/margins': 6.375018119812012, 'logps/rejected': -112.9426040649414, 'logps/chosen': -50.358699798583984, 'logits/rejected': -2.873487949371338, 'logits/chosen': -3.0070533752441406, 'epoch': 0.2}
{'loss': 0.2113, 'learning_rate': 9.702114522275216e-07, 'rewards/chosen': -1.5855258703231812, 'rewards/rejected': -9.231192588806152, 'rewards/accuracies': 0.90625, 'rewards/margins': 7.645666599273682, 'logps/rejected': -138.41751098632812, 'logps/chosen': -48.793949127197266, 'logits/rejected': -3.036229372024536, 'logits/chosen': -2.782238721847534, 'epoch': 0.2}
{'loss': 0.1851, 'learning_rate': 9.66847747759402e-07, 'rewards/chosen': -2.606070041656494, 'rewards/rejected': -8.22921371459961, 'rewards/accuracies': 0.875, 'rewards/margins': 5.623144149780273, 'logps/rejected': -129.16790771484375, 'logps/chosen': -63.38312530517578, 'logits/rejected': -3.0532431602478027, 'logits/chosen': -2.873647451400757, 'epoch': 0.21}
{'loss': 0.2912, 'learning_rate': 9.63310628410961e-07, 'rewards/chosen': -3.206801652908325, 'rewards/rejected': -9.064425468444824, 'rewards/accuracies': 0.875, 'rewards/margins': 5.857624053955078, 'logps/rejected': -135.69808959960938, 'logps/chosen': -70.80078887939453, 'logits/rejected': -2.9937355518341064, 'logits/chosen': -2.935011386871338, 'epoch': 0.21}
{'loss': 0.3144, 'learning_rate': 9.596014080776421e-07, 'rewards/chosen': -1.7047181129455566, 'rewards/rejected': -8.85274887084961, 'rewards/accuracies': 0.90625, 'rewards/margins': 7.148031234741211, 'logps/rejected': -128.444091796875, 'logps/chosen': -56.23413848876953, 'logits/rejected': -2.885714054107666, 'logits/chosen': -2.935201644897461, 'epoch': 0.22}
{'loss': 0.1524, 'learning_rate': 9.55721464583379e-07, 'rewards/chosen': -1.7183789014816284, 'rewards/rejected': -8.586033821105957, 'rewards/accuracies': 0.875, 'rewards/margins': 6.867654800415039, 'logps/rejected': -127.0437240600586, 'logps/chosen': -61.501712799072266, 'logits/rejected': -2.7998578548431396, 'logits/chosen': -2.9685606956481934, 'epoch': 0.22}
{'loss': 0.123, 'learning_rate': 9.516722391687902e-07, 'rewards/chosen': -1.6645970344543457, 'rewards/rejected': -9.185824394226074, 'rewards/accuracies': 0.9375, 'rewards/margins': 7.521227836608887, 'logps/rejected': -137.42715454101562, 'logps/chosen': -48.7337532043457, 'logits/rejected': -2.9668471813201904, 'logits/chosen': -2.8049819469451904, 'epoch': 0.23}
{'loss': 0.1447, 'learning_rate': 9.474552359558165e-07, 'rewards/chosen': -1.4104784727096558, 'rewards/rejected': -10.21900463104248, 'rewards/accuracies': 0.90625, 'rewards/margins': 8.808526039123535, 'logps/rejected': -150.7098846435547, 'logps/chosen': -53.16627502441406, 'logits/rejected': -2.97232723236084, 'logits/chosen': -2.9338674545288086, 'epoch': 0.24}
{'loss': 0.2046, 'learning_rate': 9.430720213890029e-07, 'rewards/chosen': -2.4837098121643066, 'rewards/rejected': -9.881699562072754, 'rewards/accuracies': 0.9375, 'rewards/margins': 7.397989749908447, 'logps/rejected': -140.0352783203125, 'logps/chosen': -73.46442413330078, 'logits/rejected': -2.8339524269104004, 'logits/chosen': -2.974750518798828, 'epoch': 0.24}
{'loss': 0.2396, 'learning_rate': 9.385242236536259e-07, 'rewards/chosen': -2.042525291442871, 'rewards/rejected': -9.87074089050293, 'rewards/accuracies': 0.8125, 'rewards/margins': 7.828216075897217, 'logps/rejected': -142.21971130371094, 'logps/chosen': -56.6679801940918, 'logits/rejected': -2.9931535720825195, 'logits/chosen': -2.8736958503723145, 'epoch': 0.25}
{'loss': 0.1949, 'learning_rate': 9.338135320708911e-07, 'rewards/chosen': -1.9307103157043457, 'rewards/rejected': -8.730916976928711, 'rewards/accuracies': 0.78125, 'rewards/margins': 6.800206661224365, 'logps/rejected': -128.77027893066406, 'logps/chosen': -56.296260833740234, 'logits/rejected': -2.9486935138702393, 'logits/chosen': -2.8147425651550293, 'epoch': 0.25}
{'loss': 0.2534, 'learning_rate': 9.289416964704185e-07, 'rewards/chosen': -3.4211370944976807, 'rewards/rejected': -10.59366512298584, 'rewards/accuracies': 0.9375, 'rewards/margins': 7.172527313232422, 'logps/rejected': -155.83619689941406, 'logps/chosen': -73.15803527832031, 'logits/rejected': -2.9870262145996094, 'logits/chosen': -2.817012310028076, 'epoch': 0.26}
{'loss': 0.1523, 'learning_rate': 9.239105265402525e-07, 'rewards/chosen': -1.4758214950561523, 'rewards/rejected': -10.644453048706055, 'rewards/accuracies': 0.9375, 'rewards/margins': 9.168631553649902, 'logps/rejected': -145.81080627441406, 'logps/chosen': -53.93885803222656, 'logits/rejected': -2.846402406692505, 'logits/chosen': -2.9880144596099854, 'epoch': 0.26}
{'loss': 0.1197, 'learning_rate': 9.187218911546361e-07, 'rewards/chosen': -1.9723808765411377, 'rewards/rejected': -9.466872215270996, 'rewards/accuracies': 0.96875, 'rewards/margins': 7.4944915771484375, 'logps/rejected': -133.2279052734375, 'logps/chosen': -64.10983276367188, 'logits/rejected': -2.889431953430176, 'logits/chosen': -2.9829840660095215, 'epoch': 0.27}
{'loss': 0.2107, 'learning_rate': 9.133777176798012e-07, 'rewards/chosen': -1.6274404525756836, 'rewards/rejected': -8.23758602142334, 'rewards/accuracies': 0.9375, 'rewards/margins': 6.610145568847656, 'logps/rejected': -131.4805908203125, 'logps/chosen': -57.91270446777344, 'logits/rejected': -2.995306968688965, 'logits/chosen': -2.886091709136963, 'epoch': 0.27}
{'loss': 0.1038, 'learning_rate': 9.078799912580303e-07, 'rewards/chosen': -1.7841260433197021, 'rewards/rejected': -9.857744216918945, 'rewards/accuracies': 0.90625, 'rewards/margins': 8.073617935180664, 'logps/rejected': -141.36619567871094, 'logps/chosen': -55.344303131103516, 'logits/rejected': -2.972867965698242, 'logits/chosen': -2.8500614166259766, 'epoch': 0.28}
{'loss': 0.2276, 'learning_rate': 9.022307540702576e-07, 'rewards/chosen': -1.75443696975708, 'rewards/rejected': -10.349708557128906, 'rewards/accuracies': 0.96875, 'rewards/margins': 8.595271110534668, 'logps/rejected': -145.03616333007812, 'logps/chosen': -55.4041862487793, 'logits/rejected': -2.984595537185669, 'logits/chosen': -2.8819563388824463, 'epoch': 0.28}
{'loss': 0.1338, 'learning_rate': 8.964321045774806e-07, 'rewards/chosen': -2.4374003410339355, 'rewards/rejected': -10.104531288146973, 'rewards/accuracies': 0.90625, 'rewards/margins': 7.667131423950195, 'logps/rejected': -142.88427734375, 'logps/chosen': -65.35740661621094, 'logits/rejected': -2.9272513389587402, 'logits/chosen': -3.003638505935669, 'epoch': 0.29}
{'loss': 0.1214, 'learning_rate': 8.904861967412701e-07, 'rewards/chosen': -2.442608594894409, 'rewards/rejected': -10.087323188781738, 'rewards/accuracies': 1.0, 'rewards/margins': 7.644715309143066, 'logps/rejected': -148.43624877929688, 'logps/chosen': -63.78724670410156, 'logits/rejected': -3.0366110801696777, 'logits/chosen': -2.840101957321167, 'epoch': 0.3}
{'loss': 0.1681, 'learning_rate': 8.843952392236593e-07, 'rewards/chosen': -1.801088809967041, 'rewards/rejected': -10.748258590698242, 'rewards/accuracies': 0.9375, 'rewards/margins': 8.94717025756836, 'logps/rejected': -153.1068878173828, 'logps/chosen': -54.80999755859375, 'logits/rejected': -2.9856441020965576, 'logits/chosen': -2.921762228012085, 'epoch': 0.3}
{'loss': 0.1408, 'learning_rate': 8.781614945667168e-07, 'rewards/chosen': -2.921790599822998, 'rewards/rejected': -11.52787971496582, 'rewards/accuracies': 0.96875, 'rewards/margins': 8.606088638305664, 'logps/rejected': -157.50112915039062, 'logps/chosen': -62.602020263671875, 'logits/rejected': -3.009861946105957, 'logits/chosen': -2.959249496459961, 'epoch': 0.31}
{'loss': 0.1471, 'learning_rate': 8.717872783521047e-07, 'rewards/chosen': -2.0811147689819336, 'rewards/rejected': -9.578069686889648, 'rewards/accuracies': 0.90625, 'rewards/margins': 7.496953964233398, 'logps/rejected': -136.73580932617188, 'logps/chosen': -60.272483825683594, 'logits/rejected': -2.9461185932159424, 'logits/chosen': -2.920693874359131, 'epoch': 0.31}
{'loss': 0.2248, 'learning_rate': 8.652749583409339e-07, 'rewards/chosen': -1.6782833337783813, 'rewards/rejected': -9.508277893066406, 'rewards/accuracies': 0.875, 'rewards/margins': 7.8299946784973145, 'logps/rejected': -138.2588348388672, 'logps/chosen': -56.31590270996094, 'logits/rejected': -2.966461658477783, 'logits/chosen': -2.902557373046875, 'epoch': 0.32}
{'loss': 0.1503, 'learning_rate': 8.586269535942385e-07, 'rewards/chosen': -0.5597066879272461, 'rewards/rejected': -10.016034126281738, 'rewards/accuracies': 0.96875, 'rewards/margins': 9.456327438354492, 'logps/rejected': -145.63970947265625, 'logps/chosen': -38.50838088989258, 'logits/rejected': -3.0168700218200684, 'logits/chosen': -2.87963604927063, 'epoch': 0.32}
{'loss': 0.143, 'learning_rate': 8.518457335743924e-07, 'rewards/chosen': -1.5262682437896729, 'rewards/rejected': -11.409586906433105, 'rewards/accuracies': 0.9375, 'rewards/margins': 9.883316993713379, 'logps/rejected': -154.00094604492188, 'logps/chosen': -56.24977493286133, 'logits/rejected': -2.9138238430023193, 'logits/chosen': -2.963949680328369, 'epoch': 0.33}
{'loss': 0.1555, 'learning_rate': 8.449338172278058e-07, 'rewards/chosen': -1.3960607051849365, 'rewards/rejected': -10.411596298217773, 'rewards/accuracies': 0.96875, 'rewards/margins': 9.015534400939941, 'logps/rejected': -148.4369354248047, 'logps/chosen': -50.769447326660156, 'logits/rejected': -2.982783317565918, 'logits/chosen': -2.9148714542388916, 'epoch': 0.33}
{'loss': 0.1206, 'learning_rate': 8.378937720492383e-07, 'rewards/chosen': -0.9877073168754578, 'rewards/rejected': -9.451664924621582, 'rewards/accuracies': 0.9375, 'rewards/margins': 8.463956832885742, 'logps/rejected': -132.58079528808594, 'logps/chosen': -46.084346771240234, 'logits/rejected': -3.0204873085021973, 'logits/chosen': -2.9414470195770264, 'epoch': 0.34}
{'loss': 0.157, 'learning_rate': 8.307282131280804e-07, 'rewards/chosen': -1.7615711688995361, 'rewards/rejected': -11.67924976348877, 'rewards/accuracies': 0.90625, 'rewards/margins': 9.917678833007812, 'logps/rejected': -157.8376007080078, 'logps/chosen': -60.12236785888672, 'logits/rejected': -2.921013355255127, 'logits/chosen': -3.052096366882324, 'epoch': 0.35}
{'loss': 0.1587, 'learning_rate': 8.23439802176954e-07, 'rewards/chosen': -1.9954833984375, 'rewards/rejected': -11.256831169128418, 'rewards/accuracies': 0.90625, 'rewards/margins': 9.261347770690918, 'logps/rejected': -158.3963623046875, 'logps/chosen': -56.3378791809082, 'logits/rejected': -3.082430839538574, 'logits/chosen': -2.956454277038574, 'epoch': 0.35}
{'loss': 0.1366, 'learning_rate': 8.160312465429952e-07, 'rewards/chosen': -2.9842138290405273, 'rewards/rejected': -11.169163703918457, 'rewards/accuracies': 0.9375, 'rewards/margins': 8.184951782226562, 'logps/rejected': -155.76300048828125, 'logps/chosen': -71.91968536376953, 'logits/rejected': -3.071294069290161, 'logits/chosen': -3.0840415954589844, 'epoch': 0.36}
{'loss': 0.1495, 'learning_rate': 8.085052982021847e-07, 'rewards/chosen': -2.4795479774475098, 'rewards/rejected': -11.221299171447754, 'rewards/accuracies': 0.84375, 'rewards/margins': 8.74174976348877, 'logps/rejected': -151.63711547851562, 'logps/chosen': -65.42160034179688, 'logits/rejected': -3.0341989994049072, 'logits/chosen': -3.0586376190185547, 'epoch': 0.36}
{'loss': 0.1726, 'learning_rate': 8.008647527371022e-07, 'rewards/chosen': -1.4356200695037842, 'rewards/rejected': -13.854412078857422, 'rewards/accuracies': 0.9375, 'rewards/margins': 12.418792724609375, 'logps/rejected': -180.2758026123047, 'logps/chosen': -58.46064758300781, 'logits/rejected': -2.8328514099121094, 'logits/chosen': -3.0432651042938232, 'epoch': 0.37}
{'loss': 0.1438, 'learning_rate': 7.931124482984801e-07, 'rewards/chosen': -2.3300094604492188, 'rewards/rejected': -10.797417640686035, 'rewards/accuracies': 0.9375, 'rewards/margins': 8.467408180236816, 'logps/rejected': -145.5205841064453, 'logps/chosen': -60.1932373046875, 'logits/rejected': -3.0134501457214355, 'logits/chosen': -2.9586236476898193, 'epoch': 0.37}
{'loss': 0.1308, 'learning_rate': 7.85251264550948e-07, 'rewards/chosen': -3.4681389331817627, 'rewards/rejected': -13.24043083190918, 'rewards/accuracies': 0.96875, 'rewards/margins': 9.77229118347168, 'logps/rejected': -178.87002563476562, 'logps/chosen': -68.70397186279297, 'logits/rejected': -3.0773117542266846, 'logits/chosen': -2.9089930057525635, 'epoch': 0.38}
{'loss': 0.1687, 'learning_rate': 7.772841216033532e-07, 'rewards/chosen': -3.5708260536193848, 'rewards/rejected': -13.05575180053711, 'rewards/accuracies': 0.9375, 'rewards/margins': 9.484925270080566, 'logps/rejected': -170.53717041015625, 'logps/chosen': -75.54379272460938, 'logits/rejected': -2.9632883071899414, 'logits/chosen': -2.9121267795562744, 'epoch': 0.38}
{'loss': 0.1365, 'learning_rate': 7.69213978924061e-07, 'rewards/chosen': -2.53474760055542, 'rewards/rejected': -14.166343688964844, 'rewards/accuracies': 0.875, 'rewards/margins': 11.631595611572266, 'logps/rejected': -183.50303649902344, 'logps/chosen': -59.96820068359375, 'logits/rejected': -2.9553475379943848, 'logits/chosen': -2.845637798309326, 'epoch': 0.39}
{'loss': 0.0943, 'learning_rate': 7.610438342416319e-07, 'rewards/chosen': -2.8440330028533936, 'rewards/rejected': -13.146719932556152, 'rewards/accuracies': 0.96875, 'rewards/margins': 10.30268669128418, 'logps/rejected': -180.03811645507812, 'logps/chosen': -72.99568176269531, 'logits/rejected': -3.0019571781158447, 'logits/chosen': -2.9694459438323975, 'epoch': 0.39}
{'loss': 0.209, 'learning_rate': 7.527767224312882e-07, 'rewards/chosen': -5.728074550628662, 'rewards/rejected': -14.724859237670898, 'rewards/accuracies': 0.9375, 'rewards/margins': 8.996786117553711, 'logps/rejected': -183.23133850097656, 'logps/chosen': -101.01353454589844, 'logits/rejected': -2.857055425643921, 'logits/chosen': -3.0362887382507324, 'epoch': 0.4}
{'loss': 0.1638, 'learning_rate': 7.444157143875819e-07, 'rewards/chosen': -3.406740665435791, 'rewards/rejected': -12.830162048339844, 'rewards/accuracies': 0.96875, 'rewards/margins': 9.423420906066895, 'logps/rejected': -170.7490692138672, 'logps/chosen': -79.22225952148438, 'logits/rejected': -2.8163187503814697, 'logits/chosen': -2.9474802017211914, 'epoch': 0.41}
{'loss': 0.1265, 'learning_rate': 7.359639158836827e-07, 'rewards/chosen': -4.459812641143799, 'rewards/rejected': -13.29615306854248, 'rewards/accuracies': 0.90625, 'rewards/margins': 8.83634090423584, 'logps/rejected': -173.35350036621094, 'logps/chosen': -79.6559829711914, 'logits/rejected': -2.979351282119751, 'logits/chosen': -2.8959639072418213, 'epoch': 0.41}
{'loss': 0.0954, 'learning_rate': 7.274244664177097e-07, 'rewards/chosen': -4.4095635414123535, 'rewards/rejected': -11.235629081726074, 'rewards/accuracies': 0.90625, 'rewards/margins': 6.826066017150879, 'logps/rejected': -147.5306396484375, 'logps/chosen': -82.51451110839844, 'logits/rejected': -2.9313182830810547, 'logits/chosen': -3.051271438598633, 'epoch': 0.42}
{'loss': 0.1489, 'learning_rate': 7.188005380465364e-07, 'rewards/chosen': -2.8461601734161377, 'rewards/rejected': -12.843307495117188, 'rewards/accuracies': 0.9375, 'rewards/margins': 9.997146606445312, 'logps/rejected': -166.52859497070312, 'logps/chosen': -75.40641021728516, 'logits/rejected': -2.8209121227264404, 'logits/chosen': -3.001819372177124, 'epoch': 0.42}
{'loss': 0.0992, 'learning_rate': 7.100953342075009e-07, 'rewards/chosen': -2.5331778526306152, 'rewards/rejected': -14.4098539352417, 'rewards/accuracies': 0.96875, 'rewards/margins': 11.876675605773926, 'logps/rejected': -189.21316528320312, 'logps/chosen': -65.7036361694336, 'logits/rejected': -2.9106788635253906, 'logits/chosen': -2.8924920558929443, 'epoch': 0.43}
{'loss': 0.124, 'learning_rate': 7.013120885284598e-07, 'rewards/chosen': -3.2322518825531006, 'rewards/rejected': -12.351563453674316, 'rewards/accuracies': 0.875, 'rewards/margins': 9.119311332702637, 'logps/rejected': -163.11561584472656, 'logps/chosen': -76.2801513671875, 'logits/rejected': -2.8869926929473877, 'logits/chosen': -3.0108933448791504, 'epoch': 0.43}
{'loss': 0.1797, 'learning_rate': 6.924540636266272e-07, 'rewards/chosen': -2.8393211364746094, 'rewards/rejected': -13.83062744140625, 'rewards/accuracies': 0.96875, 'rewards/margins': 10.99130630493164, 'logps/rejected': -174.8843994140625, 'logps/chosen': -68.41098022460938, 'logits/rejected': -2.836928367614746, 'logits/chosen': -2.974194049835205, 'epoch': 0.44}
{'loss': 0.138, 'learning_rate': 6.83524549896646e-07, 'rewards/chosen': -2.1228861808776855, 'rewards/rejected': -12.766290664672852, 'rewards/accuracies': 0.875, 'rewards/margins': 10.643404006958008, 'logps/rejected': -168.9537811279297, 'logps/chosen': -62.238800048828125, 'logits/rejected': -2.889235258102417, 'logits/chosen': -2.938777446746826, 'epoch': 0.44}
{'loss': 0.2613, 'learning_rate': 6.745268642883404e-07, 'rewards/chosen': -3.7706117630004883, 'rewards/rejected': -13.7139892578125, 'rewards/accuracies': 0.96875, 'rewards/margins': 9.943378448486328, 'logps/rejected': -184.8986053466797, 'logps/chosen': -75.44430541992188, 'logits/rejected': -2.9668362140655518, 'logits/chosen': -2.8637614250183105, 'epoch': 0.45}
{'loss': 0.1287, 'learning_rate': 6.654643490746041e-07, 'rewards/chosen': -3.849168300628662, 'rewards/rejected': -13.32081127166748, 'rewards/accuracies': 0.9375, 'rewards/margins': 9.471641540527344, 'logps/rejected': -178.76556396484375, 'logps/chosen': -73.15190124511719, 'logits/rejected': -2.9998180866241455, 'logits/chosen': -2.886906385421753, 'epoch': 0.45}
{'loss': 0.1323, 'learning_rate': 6.563403706098832e-07, 'rewards/chosen': -3.336529016494751, 'rewards/rejected': -14.531319618225098, 'rewards/accuracies': 0.9375, 'rewards/margins': 11.194790840148926, 'logps/rejected': -182.66171264648438, 'logps/chosen': -77.20272064208984, 'logits/rejected': -2.7969727516174316, 'logits/chosen': -3.0025808811187744, 'epoch': 0.46}
{'loss': 0.1031, 'learning_rate': 6.47158318079712e-07, 'rewards/chosen': -2.207468271255493, 'rewards/rejected': -13.001241683959961, 'rewards/accuracies': 1.0, 'rewards/margins': 10.793771743774414, 'logps/rejected': -171.96678161621094, 'logps/chosen': -58.37809371948242, 'logits/rejected': -2.96290922164917, 'logits/chosen': -2.87484073638916, 'epoch': 0.47}
{'loss': 0.1043, 'learning_rate': 6.379216022417695e-07, 'rewards/chosen': -4.048942565917969, 'rewards/rejected': -13.668630599975586, 'rewards/accuracies': 0.90625, 'rewards/margins': 9.6196870803833, 'logps/rejected': -181.68084716796875, 'logps/chosen': -79.74403381347656, 'logits/rejected': -2.9484128952026367, 'logits/chosen': -2.9594128131866455, 'epoch': 0.47}
{'loss': 0.1988, 'learning_rate': 6.286336541589223e-07, 'rewards/chosen': -3.549670934677124, 'rewards/rejected': -11.659189224243164, 'rewards/accuracies': 0.875, 'rewards/margins': 8.109519958496094, 'logps/rejected': -162.67727661132812, 'logps/chosen': -73.384765625, 'logits/rejected': -3.0242815017700195, 'logits/chosen': -2.933122396469116, 'epoch': 0.48}
{'loss': 0.1724, 'learning_rate': 6.192979239247242e-07, 'rewards/chosen': -2.558241844177246, 'rewards/rejected': -12.126136779785156, 'rewards/accuracies': 0.875, 'rewards/margins': 9.56789493560791, 'logps/rejected': -161.01565551757812, 'logps/chosen': -70.55175018310547, 'logits/rejected': -2.82490611076355, 'logits/chosen': -2.982573986053467, 'epoch': 0.48}
{'loss': 0.2723, 'learning_rate': 6.099178793818478e-07, 'rewards/chosen': -2.721881866455078, 'rewards/rejected': -11.360747337341309, 'rewards/accuracies': 0.9375, 'rewards/margins': 8.63886547088623, 'logps/rejected': -160.51107788085938, 'logps/chosen': -70.30911254882812, 'logits/rejected': -3.00097918510437, 'logits/chosen': -2.893052339553833, 'epoch': 0.49}
{'loss': 0.1452, 'learning_rate': 6.004970048339225e-07, 'rewards/chosen': -1.9685699939727783, 'rewards/rejected': -11.778924942016602, 'rewards/accuracies': 0.9375, 'rewards/margins': 9.810355186462402, 'logps/rejected': -157.9058074951172, 'logps/chosen': -63.22426986694336, 'logits/rejected': -2.8270556926727295, 'logits/chosen': -2.94558048248291, 'epoch': 0.49}
{'loss': 0.1084, 'learning_rate': 5.910387997512573e-07, 'rewards/chosen': -2.783973455429077, 'rewards/rejected': -10.875571250915527, 'rewards/accuracies': 0.9375, 'rewards/margins': 8.091597557067871, 'logps/rejected': -154.77743530273438, 'logps/chosen': -67.3849868774414, 'logits/rejected': -3.0117387771606445, 'logits/chosen': -2.9575986862182617, 'epoch': 0.5}
{'loss': 0.1763, 'learning_rate': 5.815467774709313e-07, 'rewards/chosen': -1.1096148490905762, 'rewards/rejected': -14.228719711303711, 'rewards/accuracies': 1.0, 'rewards/margins': 13.11910629272461, 'logps/rejected': -179.06863403320312, 'logps/chosen': -58.53140640258789, 'logits/rejected': -2.7868692874908447, 'logits/chosen': -3.0113027095794678, 'epoch': 0.5}
{'loss': 0.0941, 'learning_rate': 5.720244638917323e-07, 'rewards/chosen': -3.118483543395996, 'rewards/rejected': -12.964238166809082, 'rewards/accuracies': 0.90625, 'rewards/margins': 9.845754623413086, 'logps/rejected': -172.24374389648438, 'logps/chosen': -73.56857299804688, 'logits/rejected': -2.885824203491211, 'logits/chosen': -2.9398014545440674, 'epoch': 0.51}
{'loss': 0.1914, 'learning_rate': 5.624753961644281e-07, 'rewards/chosen': -2.8598580360412598, 'rewards/rejected': -12.778853416442871, 'rewards/accuracies': 0.90625, 'rewards/margins': 9.918994903564453, 'logps/rejected': -177.57003784179688, 'logps/chosen': -71.11990356445312, 'logits/rejected': -3.0050551891326904, 'logits/chosen': -2.8944764137268066, 'epoch': 0.51}
{'loss': 0.1453, 'learning_rate': 5.529031213778614e-07, 'rewards/chosen': -2.265254020690918, 'rewards/rejected': -11.81289291381836, 'rewards/accuracies': 0.96875, 'rewards/margins': 9.547637939453125, 'logps/rejected': -158.48582458496094, 'logps/chosen': -65.13262176513672, 'logits/rejected': -2.8536922931671143, 'logits/chosen': -2.9851584434509277, 'epoch': 0.52}
{'loss': 0.1112, 'learning_rate': 5.433111952413494e-07, 'rewards/chosen': -3.3594613075256348, 'rewards/rejected': -12.606108665466309, 'rewards/accuracies': 0.875, 'rewards/margins': 9.246647834777832, 'logps/rejected': -164.67742919921875, 'logps/chosen': -79.95826721191406, 'logits/rejected': -2.7929279804229736, 'logits/chosen': -2.9977941513061523, 'epoch': 0.53}
{'loss': 0.1362, 'learning_rate': 5.33703180763884e-07, 'rewards/chosen': -4.207202434539795, 'rewards/rejected': -11.913223266601562, 'rewards/accuracies': 0.875, 'rewards/margins': 7.706021308898926, 'logps/rejected': -162.4434051513672, 'logps/chosen': -76.20039367675781, 'logits/rejected': -2.966517448425293, 'logits/chosen': -2.904409170150757, 'epoch': 0.53}
{'loss': 0.1737, 'learning_rate': 5.240826469306186e-07, 'rewards/chosen': -2.4464352130889893, 'rewards/rejected': -12.942145347595215, 'rewards/accuracies': 0.9375, 'rewards/margins': 10.495710372924805, 'logps/rejected': -177.9637908935547, 'logps/chosen': -65.6091079711914, 'logits/rejected': -2.9662587642669678, 'logits/chosen': -2.8185513019561768, 'epoch': 0.54}
{'loss': 0.1106, 'learning_rate': 5.144531673771363e-07, 'rewards/chosen': -3.828787326812744, 'rewards/rejected': -13.351635932922363, 'rewards/accuracies': 0.9375, 'rewards/margins': 9.522848129272461, 'logps/rejected': -170.36813354492188, 'logps/chosen': -76.84185028076172, 'logits/rejected': -2.913902759552002, 'logits/chosen': -2.9396135807037354, 'epoch': 0.54}
{'loss': 0.1452, 'learning_rate': 5.048183190619903e-07, 'rewards/chosen': -2.6373138427734375, 'rewards/rejected': -14.504724502563477, 'rewards/accuracies': 0.9375, 'rewards/margins': 11.867411613464355, 'logps/rejected': -189.9569549560547, 'logps/chosen': -63.21531677246094, 'logits/rejected': -3.0049407482147217, 'logits/chosen': -2.9094905853271484, 'epoch': 0.55}
{'loss': 0.1891, 'learning_rate': 4.951816809380097e-07, 'rewards/chosen': -3.6109514236450195, 'rewards/rejected': -15.141278266906738, 'rewards/accuracies': 0.875, 'rewards/margins': 11.530326843261719, 'logps/rejected': -197.58206176757812, 'logps/chosen': -72.16378784179688, 'logits/rejected': -3.023585796356201, 'logits/chosen': -2.898775577545166, 'epoch': 0.55}
{'loss': 0.21, 'learning_rate': 4.855468326228638e-07, 'rewards/chosen': -2.6618595123291016, 'rewards/rejected': -12.991413116455078, 'rewards/accuracies': 0.90625, 'rewards/margins': 10.329553604125977, 'logps/rejected': -170.6565704345703, 'logps/chosen': -80.4698257446289, 'logits/rejected': -2.7802822589874268, 'logits/chosen': -3.021580934524536, 'epoch': 0.56}
{'loss': 0.111, 'learning_rate': 4.7591735306938134e-07, 'rewards/chosen': -3.4392032623291016, 'rewards/rejected': -17.32233238220215, 'rewards/accuracies': 1.0, 'rewards/margins': 13.883130073547363, 'logps/rejected': -209.17201232910156, 'logps/chosen': -79.76374816894531, 'logits/rejected': -2.7150089740753174, 'logits/chosen': -3.0913589000701904, 'epoch': 0.56}
{'loss': 0.2151, 'learning_rate': 4.6629681923611603e-07, 'rewards/chosen': -3.9219765663146973, 'rewards/rejected': -16.556350708007812, 'rewards/accuracies': 0.90625, 'rewards/margins': 12.634376525878906, 'logps/rejected': -217.6586456298828, 'logps/chosen': -74.76582336425781, 'logits/rejected': -3.045163154602051, 'logits/chosen': -2.8182077407836914, 'epoch': 0.57}
{'loss': 0.1602, 'learning_rate': 4.5668880475865067e-07, 'rewards/chosen': -4.851912975311279, 'rewards/rejected': -13.902549743652344, 'rewards/accuracies': 0.9375, 'rewards/margins': 9.050636291503906, 'logps/rejected': -177.7311553955078, 'logps/chosen': -84.24336242675781, 'logits/rejected': -3.0096635818481445, 'logits/chosen': -2.9664700031280518, 'epoch': 0.58}
{'loss': 0.1991, 'learning_rate': 4.4709687862213864e-07, 'rewards/chosen': -6.7670793533325195, 'rewards/rejected': -17.06258201599121, 'rewards/accuracies': 0.875, 'rewards/margins': 10.295501708984375, 'logps/rejected': -213.08624267578125, 'logps/chosen': -113.1666488647461, 'logits/rejected': -2.8509116172790527, 'logits/chosen': -3.016643524169922, 'epoch': 0.58}
{'loss': 0.0712, 'learning_rate': 4.3752460383557194e-07, 'rewards/chosen': -4.830141544342041, 'rewards/rejected': -15.873435020446777, 'rewards/accuracies': 0.96875, 'rewards/margins': 11.043294906616211, 'logps/rejected': -199.3984832763672, 'logps/chosen': -96.0596923828125, 'logits/rejected': -2.8551101684570312, 'logits/chosen': -2.9826319217681885, 'epoch': 0.59}
{'loss': 0.1949, 'learning_rate': 4.2797553610826797e-07, 'rewards/chosen': -3.9434142112731934, 'rewards/rejected': -16.843782424926758, 'rewards/accuracies': 0.90625, 'rewards/margins': 12.90036678314209, 'logps/rejected': -212.8702392578125, 'logps/chosen': -76.68754577636719, 'logits/rejected': -2.9115846157073975, 'logits/chosen': -2.9362497329711914, 'epoch': 0.59}
{'loss': 0.0964, 'learning_rate': 4.184532225290686e-07, 'rewards/chosen': -4.354364395141602, 'rewards/rejected': -17.09652328491211, 'rewards/accuracies': 0.90625, 'rewards/margins': 12.74216079711914, 'logps/rejected': -212.4780731201172, 'logps/chosen': -80.06437683105469, 'logits/rejected': -2.8799142837524414, 'logits/chosen': -2.8807356357574463, 'epoch': 0.6}
{'loss': 0.1975, 'learning_rate': 4.089612002487428e-07, 'rewards/chosen': -5.408260822296143, 'rewards/rejected': -17.04987335205078, 'rewards/accuracies': 0.9375, 'rewards/margins': 11.64161205291748, 'logps/rejected': -215.37875366210938, 'logps/chosen': -96.42438507080078, 'logits/rejected': -2.9773998260498047, 'logits/chosen': -2.9489376544952393, 'epoch': 0.6}
{'loss': 0.0714, 'learning_rate': 3.995029951660776e-07, 'rewards/chosen': -4.371410369873047, 'rewards/rejected': -18.88283920288086, 'rewards/accuracies': 0.9375, 'rewards/margins': 14.511428833007812, 'logps/rejected': -229.2310028076172, 'logps/chosen': -92.20562744140625, 'logits/rejected': -2.7322094440460205, 'logits/chosen': -2.976929187774658, 'epoch': 0.61}
{'loss': 0.2368, 'learning_rate': 3.9008212061815207e-07, 'rewards/chosen': -5.33445930480957, 'rewards/rejected': -17.00006103515625, 'rewards/accuracies': 0.875, 'rewards/margins': 11.66560173034668, 'logps/rejected': -211.31423950195312, 'logps/chosen': -95.93303680419922, 'logits/rejected': -2.865360736846924, 'logits/chosen': -2.902388095855713, 'epoch': 0.61}
{'loss': 0.1894, 'learning_rate': 3.8070207607527585e-07, 'rewards/chosen': -5.346987724304199, 'rewards/rejected': -17.67363929748535, 'rewards/accuracies': 0.9375, 'rewards/margins': 12.326650619506836, 'logps/rejected': -222.76795959472656, 'logps/chosen': -88.9125747680664, 'logits/rejected': -2.9300434589385986, 'logits/chosen': -2.8350017070770264, 'epoch': 0.62}
{'loss': 0.2021, 'learning_rate': 3.7136634584107783e-07, 'rewards/chosen': -6.830156326293945, 'rewards/rejected': -16.51791763305664, 'rewards/accuracies': 0.90625, 'rewards/margins': 9.687760353088379, 'logps/rejected': -202.38815307617188, 'logps/chosen': -106.94563293457031, 'logits/rejected': -2.8771445751190186, 'logits/chosen': -2.9730207920074463, 'epoch': 0.62}
{'loss': 0.1898, 'learning_rate': 3.6207839775823047e-07, 'rewards/chosen': -5.355047225952148, 'rewards/rejected': -15.744291305541992, 'rewards/accuracies': 0.875, 'rewards/margins': 10.389244079589844, 'logps/rejected': -196.2215118408203, 'logps/chosen': -93.07196044921875, 'logits/rejected': -2.770653009414673, 'logits/chosen': -2.9140141010284424, 'epoch': 0.63}
{'loss': 0.0841, 'learning_rate': 3.5284168192028805e-07, 'rewards/chosen': -5.6758341789245605, 'rewards/rejected': -16.258167266845703, 'rewards/accuracies': 0.90625, 'rewards/margins': 10.582334518432617, 'logps/rejected': -211.43345642089844, 'logps/chosen': -103.36137390136719, 'logits/rejected': -2.938183307647705, 'logits/chosen': -2.8423051834106445, 'epoch': 0.64}
{'loss': 0.1043, 'learning_rate': 3.4365962939011693e-07, 'rewards/chosen': -5.02423620223999, 'rewards/rejected': -16.787921905517578, 'rewards/accuracies': 0.90625, 'rewards/margins': 11.763684272766113, 'logps/rejected': -217.9059295654297, 'logps/chosen': -89.26535034179688, 'logits/rejected': -3.006887912750244, 'logits/chosen': -2.817394733428955, 'epoch': 0.64}
{'loss': 0.1207, 'learning_rate': 3.345356509253958e-07, 'rewards/chosen': -4.057133674621582, 'rewards/rejected': -16.620981216430664, 'rewards/accuracies': 0.9375, 'rewards/margins': 12.563848495483398, 'logps/rejected': -205.3455352783203, 'logps/chosen': -77.3962631225586, 'logits/rejected': -2.8494811058044434, 'logits/chosen': -2.865435838699341, 'epoch': 0.65}
{'loss': 0.138, 'learning_rate': 3.2547313571165967e-07, 'rewards/chosen': -5.388415813446045, 'rewards/rejected': -16.916913986206055, 'rewards/accuracies': 0.96875, 'rewards/margins': 11.528498649597168, 'logps/rejected': -220.23757934570312, 'logps/chosen': -93.48281860351562, 'logits/rejected': -3.0259528160095215, 'logits/chosen': -2.8220815658569336, 'epoch': 0.65}
{'loss': 0.1685, 'learning_rate': 3.1647545010335395e-07, 'rewards/chosen': -4.456033706665039, 'rewards/rejected': -15.336812019348145, 'rewards/accuracies': 0.96875, 'rewards/margins': 10.880779266357422, 'logps/rejected': -195.82147216796875, 'logps/chosen': -85.74957275390625, 'logits/rejected': -2.9577343463897705, 'logits/chosen': -2.9204494953155518, 'epoch': 0.66}
{'loss': 0.1115, 'learning_rate': 3.075459363733727e-07, 'rewards/chosen': -4.593465805053711, 'rewards/rejected': -14.845654487609863, 'rewards/accuracies': 0.9375, 'rewards/margins': 10.25218677520752, 'logps/rejected': -185.1247100830078, 'logps/chosen': -81.1661148071289, 'logits/rejected': -2.964909076690674, 'logits/chosen': -2.957524538040161, 'epoch': 0.66}
{'loss': 0.1934, 'learning_rate': 2.9868791147154025e-07, 'rewards/chosen': -5.470228672027588, 'rewards/rejected': -15.946736335754395, 'rewards/accuracies': 0.90625, 'rewards/margins': 10.476506233215332, 'logps/rejected': -204.22927856445312, 'logps/chosen': -102.13302612304688, 'logits/rejected': -2.8708677291870117, 'logits/chosen': -2.9598116874694824, 'epoch': 0.67}
{'loss': 0.2755, 'learning_rate': 2.8990466579249917e-07, 'rewards/chosen': -5.932669639587402, 'rewards/rejected': -12.856499671936035, 'rewards/accuracies': 1.0, 'rewards/margins': 6.923830032348633, 'logps/rejected': -165.62083435058594, 'logps/chosen': -90.95796203613281, 'logits/rejected': -3.0371294021606445, 'logits/chosen': -2.9587018489837646, 'epoch': 0.67}
{'loss': 0.1118, 'learning_rate': 2.811994619534637e-07, 'rewards/chosen': -5.660139560699463, 'rewards/rejected': -16.35287094116211, 'rewards/accuracies': 0.9375, 'rewards/margins': 10.692733764648438, 'logps/rejected': -207.4868927001953, 'logps/chosen': -94.37903594970703, 'logits/rejected': -3.018864154815674, 'logits/chosen': -2.908029079437256, 'epoch': 0.68}
{'loss': 0.1313, 'learning_rate': 2.725755335822903e-07, 'rewards/chosen': -4.5881571769714355, 'rewards/rejected': -16.37370491027832, 'rewards/accuracies': 0.90625, 'rewards/margins': 11.785547256469727, 'logps/rejected': -209.6299591064453, 'logps/chosen': -84.28057098388672, 'logits/rejected': -2.9421136379241943, 'logits/chosen': -2.914731502532959, 'epoch': 0.68}
{'loss': 0.1255, 'learning_rate': 2.640360841163174e-07, 'rewards/chosen': -6.147734642028809, 'rewards/rejected': -15.20684814453125, 'rewards/accuracies': 0.90625, 'rewards/margins': 9.059113502502441, 'logps/rejected': -192.118896484375, 'logps/chosen': -104.75495147705078, 'logits/rejected': -2.829583168029785, 'logits/chosen': -2.897754192352295, 'epoch': 0.69}
{'loss': 0.2547, 'learning_rate': 2.5558428561241816e-07, 'rewards/chosen': -6.2606072425842285, 'rewards/rejected': -14.40457820892334, 'rewards/accuracies': 0.78125, 'rewards/margins': 8.143969535827637, 'logps/rejected': -185.8000030517578, 'logps/chosen': -100.76055145263672, 'logits/rejected': -2.894495964050293, 'logits/chosen': -2.9009952545166016, 'epoch': 0.7}
{'loss': 0.2008, 'learning_rate': 2.472232775687119e-07, 'rewards/chosen': -4.371880531311035, 'rewards/rejected': -15.330641746520996, 'rewards/accuracies': 0.96875, 'rewards/margins': 10.958759307861328, 'logps/rejected': -193.51809692382812, 'logps/chosen': -82.45849609375, 'logits/rejected': -2.848780870437622, 'logits/chosen': -2.9219770431518555, 'epoch': 0.7}
{'loss': 0.1093, 'learning_rate': 2.3895616575836806e-07, 'rewards/chosen': -4.714917182922363, 'rewards/rejected': -14.779489517211914, 'rewards/accuracies': 0.875, 'rewards/margins': 10.064571380615234, 'logps/rejected': -182.17257690429688, 'logps/chosen': -82.93782806396484, 'logits/rejected': -2.811450242996216, 'logits/chosen': -3.0055830478668213, 'epoch': 0.71}
{'loss': 0.1498, 'learning_rate': 2.3078602107593897e-07, 'rewards/chosen': -3.2049686908721924, 'rewards/rejected': -15.002347946166992, 'rewards/accuracies': 0.96875, 'rewards/margins': 11.797379493713379, 'logps/rejected': -193.48184204101562, 'logps/chosen': -73.08551788330078, 'logits/rejected': -2.833477020263672, 'logits/chosen': -2.863414764404297, 'epoch': 0.71}
{'loss': 0.1712, 'learning_rate': 2.2271587839664668e-07, 'rewards/chosen': -3.7918906211853027, 'rewards/rejected': -16.12441635131836, 'rewards/accuracies': 0.9375, 'rewards/margins': 12.332525253295898, 'logps/rejected': -203.49867248535156, 'logps/chosen': -82.30570983886719, 'logits/rejected': -2.8046789169311523, 'logits/chosen': -2.9350180625915527, 'epoch': 0.72}
{'loss': 0.1442, 'learning_rate': 2.1474873544905203e-07, 'rewards/chosen': -3.2359719276428223, 'rewards/rejected': -16.052888870239258, 'rewards/accuracies': 0.96875, 'rewards/margins': 12.816917419433594, 'logps/rejected': -197.301513671875, 'logps/chosen': -71.43306732177734, 'logits/rejected': -2.8191592693328857, 'logits/chosen': -2.920511245727539, 'epoch': 0.72}
{'loss': 0.1169, 'learning_rate': 2.0688755170151994e-07, 'rewards/chosen': -3.4854302406311035, 'rewards/rejected': -13.64240837097168, 'rewards/accuracies': 0.90625, 'rewards/margins': 10.156978607177734, 'logps/rejected': -180.9715576171875, 'logps/chosen': -77.17818450927734, 'logits/rejected': -2.872899055480957, 'logits/chosen': -2.8979477882385254, 'epoch': 0.73}
{'loss': 0.162, 'learning_rate': 1.991352472628978e-07, 'rewards/chosen': -4.38022518157959, 'rewards/rejected': -15.481281280517578, 'rewards/accuracies': 0.96875, 'rewards/margins': 11.101057052612305, 'logps/rejected': -198.83172607421875, 'logps/chosen': -86.54873657226562, 'logits/rejected': -2.9114437103271484, 'logits/chosen': -2.9029276371002197, 'epoch': 0.73}
{'loss': 0.1838, 'learning_rate': 1.9149470179781529e-07, 'rewards/chosen': -3.2622318267822266, 'rewards/rejected': -14.206230163574219, 'rewards/accuracies': 0.875, 'rewards/margins': 10.943997383117676, 'logps/rejected': -184.72421264648438, 'logps/chosen': -67.08081817626953, 'logits/rejected': -2.9470741748809814, 'logits/chosen': -2.8496253490448, 'epoch': 0.74}
{'loss': 0.1359, 'learning_rate': 1.8396875345700496e-07, 'rewards/chosen': -3.6192448139190674, 'rewards/rejected': -14.375885009765625, 'rewards/accuracies': 0.96875, 'rewards/margins': 10.756641387939453, 'logps/rejected': -188.56668090820312, 'logps/chosen': -79.39131927490234, 'logits/rejected': -2.8858816623687744, 'logits/chosen': -2.8700528144836426, 'epoch': 0.74}
{'loss': 0.1017, 'learning_rate': 1.76560197823046e-07, 'rewards/chosen': -5.06232213973999, 'rewards/rejected': -15.045944213867188, 'rewards/accuracies': 0.90625, 'rewards/margins': 9.983621597290039, 'logps/rejected': -191.10780334472656, 'logps/chosen': -97.45602416992188, 'logits/rejected': -2.853893995285034, 'logits/chosen': -2.95291805267334, 'epoch': 0.75}
{'loss': 0.1359, 'learning_rate': 1.6927178687191952e-07, 'rewards/chosen': -5.118106842041016, 'rewards/rejected': -16.091310501098633, 'rewards/accuracies': 0.90625, 'rewards/margins': 10.973203659057617, 'logps/rejected': -192.669677734375, 'logps/chosen': -92.8539047241211, 'logits/rejected': -2.720574378967285, 'logits/chosen': -2.9964990615844727, 'epoch': 0.76}
{'loss': 0.1202, 'learning_rate': 1.6210622795076167e-07, 'rewards/chosen': -6.336292743682861, 'rewards/rejected': -16.72191619873047, 'rewards/accuracies': 0.8125, 'rewards/margins': 10.385623931884766, 'logps/rejected': -205.07235717773438, 'logps/chosen': -110.30355072021484, 'logits/rejected': -2.822965145111084, 'logits/chosen': -2.9868743419647217, 'epoch': 0.76}
{'loss': 0.1966, 'learning_rate': 1.5506618277219408e-07, 'rewards/chosen': -5.890566825866699, 'rewards/rejected': -15.175149917602539, 'rewards/accuracies': 0.8125, 'rewards/margins': 9.28458309173584, 'logps/rejected': -191.55702209472656, 'logps/chosen': -109.96259307861328, 'logits/rejected': -2.7288215160369873, 'logits/chosen': -3.0363996028900146, 'epoch': 0.77}
{'loss': 0.1678, 'learning_rate': 1.481542664256075e-07, 'rewards/chosen': -5.502312183380127, 'rewards/rejected': -16.15180015563965, 'rewards/accuracies': 0.90625, 'rewards/margins': 10.64948844909668, 'logps/rejected': -201.26234436035156, 'logps/chosen': -92.4837646484375, 'logits/rejected': -2.842036008834839, 'logits/chosen': -2.841524124145508, 'epoch': 0.77}
{'loss': 0.1727, 'learning_rate': 1.413730464057616e-07, 'rewards/chosen': -6.922767162322998, 'rewards/rejected': -19.0379638671875, 'rewards/accuracies': 0.875, 'rewards/margins': 12.115196228027344, 'logps/rejected': -238.06607055664062, 'logps/chosen': -115.03340148925781, 'logits/rejected': -2.902482748031616, 'logits/chosen': -2.8431575298309326, 'epoch': 0.78}
{'loss': 0.1301, 'learning_rate': 1.3472504165906612e-07, 'rewards/chosen': -4.6222004890441895, 'rewards/rejected': -15.990992546081543, 'rewards/accuracies': 0.90625, 'rewards/margins': 11.368791580200195, 'logps/rejected': -203.6190643310547, 'logps/chosen': -87.86248779296875, 'logits/rejected': -2.8775861263275146, 'logits/chosen': -2.8860292434692383, 'epoch': 0.78}
{'loss': 0.2077, 'learning_rate': 1.2821272164789543e-07, 'rewards/chosen': -6.219415664672852, 'rewards/rejected': -18.775224685668945, 'rewards/accuracies': 0.90625, 'rewards/margins': 12.55580997467041, 'logps/rejected': -230.43968200683594, 'logps/chosen': -99.38993072509766, 'logits/rejected': -2.848785877227783, 'logits/chosen': -2.816340208053589, 'epoch': 0.79}
{'loss': 0.0794, 'learning_rate': 1.2183850543328312e-07, 'rewards/chosen': -3.8958516120910645, 'rewards/rejected': -17.959699630737305, 'rewards/accuracies': 0.90625, 'rewards/margins': 14.063849449157715, 'logps/rejected': -215.95750427246094, 'logps/chosen': -77.05245208740234, 'logits/rejected': -2.7992005348205566, 'logits/chosen': -2.909566640853882, 'epoch': 0.79}
{'loss': 0.1286, 'learning_rate': 1.1560476077634069e-07, 'rewards/chosen': -3.9591403007507324, 'rewards/rejected': -18.174606323242188, 'rewards/accuracies': 1.0, 'rewards/margins': 14.215466499328613, 'logps/rejected': -222.0379638671875, 'logps/chosen': -78.27677154541016, 'logits/rejected': -2.7547576427459717, 'logits/chosen': -2.879136085510254, 'epoch': 0.8}
{'loss': 0.1146, 'learning_rate': 1.0951380325872977e-07, 'rewards/chosen': -5.883959770202637, 'rewards/rejected': -18.937885284423828, 'rewards/accuracies': 0.96875, 'rewards/margins': 13.053925514221191, 'logps/rejected': -235.73683166503906, 'logps/chosen': -96.99006652832031, 'logits/rejected': -2.8629307746887207, 'logits/chosen': -2.813556671142578, 'epoch': 0.81}
{'loss': 0.1338, 'learning_rate': 1.0356789542251936e-07, 'rewards/chosen': -6.333212375640869, 'rewards/rejected': -14.575446128845215, 'rewards/accuracies': 0.84375, 'rewards/margins': 8.242233276367188, 'logps/rejected': -187.373779296875, 'logps/chosen': -102.58367156982422, 'logits/rejected': -2.8685550689697266, 'logits/chosen': -2.937837600708008, 'epoch': 0.81}
{'loss': 0.1601, 'learning_rate': 9.776924592974256e-08, 'rewards/chosen': -5.078383922576904, 'rewards/rejected': -17.86359214782715, 'rewards/accuracies': 0.96875, 'rewards/margins': 12.78520679473877, 'logps/rejected': -220.68115234375, 'logps/chosen': -84.66011810302734, 'logits/rejected': -2.865359306335449, 'logits/chosen': -2.8344473838806152, 'epoch': 0.82}
{'loss': 0.1069, 'learning_rate': 9.212000874196952e-08, 'rewards/chosen': -5.5117363929748535, 'rewards/rejected': -16.781450271606445, 'rewards/accuracies': 0.9375, 'rewards/margins': 11.269715309143066, 'logps/rejected': -210.79306030273438, 'logps/chosen': -91.4337387084961, 'logits/rejected': -2.930171489715576, 'logits/chosen': -2.844120740890503, 'epoch': 0.82}
{'loss': 0.1421, 'learning_rate': 8.662228232019875e-08, 'rewards/chosen': -4.163830280303955, 'rewards/rejected': -17.56113052368164, 'rewards/accuracies': 0.90625, 'rewards/margins': 13.397300720214844, 'logps/rejected': -214.95794677734375, 'logps/chosen': -80.60559844970703, 'logits/rejected': -2.83650541305542, 'logits/chosen': -2.8542988300323486, 'epoch': 0.83}
{'loss': 0.1002, 'learning_rate': 8.127810884536402e-08, 'rewards/chosen': -4.533979892730713, 'rewards/rejected': -18.200687408447266, 'rewards/accuracies': 0.9375, 'rewards/margins': 13.666706085205078, 'logps/rejected': -223.70347595214844, 'logps/chosen': -85.768798828125, 'logits/rejected': -2.7365899085998535, 'logits/chosen': -2.8715171813964844, 'epoch': 0.83}
{'loss': 0.0712, 'learning_rate': 7.608947345974759e-08, 'rewards/chosen': -4.5424418449401855, 'rewards/rejected': -17.620723724365234, 'rewards/accuracies': 0.96875, 'rewards/margins': 13.07828140258789, 'logps/rejected': -214.076904296875, 'logps/chosen': -79.868408203125, 'logits/rejected': -2.873843193054199, 'logits/chosen': -2.8373911380767822, 'epoch': 0.84}
{'loss': 0.1325, 'learning_rate': 7.105830352958142e-08, 'rewards/chosen': -4.374966144561768, 'rewards/rejected': -15.210274696350098, 'rewards/accuracies': 0.96875, 'rewards/margins': 10.835309028625488, 'logps/rejected': -197.30340576171875, 'logps/chosen': -78.1419906616211, 'logits/rejected': -2.9412896633148193, 'logits/chosen': -2.7639832496643066, 'epoch': 0.84}
{'loss': 0.1001, 'learning_rate': 6.618646792910893e-08, 'rewards/chosen': -5.423169136047363, 'rewards/rejected': -17.699630737304688, 'rewards/accuracies': 0.90625, 'rewards/margins': 12.276461601257324, 'logps/rejected': -221.31056213378906, 'logps/chosen': -101.54608917236328, 'logits/rejected': -2.8066818714141846, 'logits/chosen': -2.883984088897705, 'epoch': 0.85}
{'loss': 0.0921, 'learning_rate': 6.147577634637413e-08, 'rewards/chosen': -5.220734596252441, 'rewards/rejected': -17.047870635986328, 'rewards/accuracies': 0.96875, 'rewards/margins': 11.82713508605957, 'logps/rejected': -209.60858154296875, 'logps/chosen': -91.39564514160156, 'logits/rejected': -2.856473207473755, 'logits/chosen': -2.9000213146209717, 'epoch': 0.85}
{'loss': 0.1276, 'learning_rate': 5.692797861099718e-08, 'rewards/chosen': -5.204183101654053, 'rewards/rejected': -14.694631576538086, 'rewards/accuracies': 0.875, 'rewards/margins': 9.490447998046875, 'logps/rejected': -181.9112091064453, 'logps/chosen': -93.31898498535156, 'logits/rejected': -2.7683253288269043, 'logits/chosen': -2.9073119163513184, 'epoch': 0.86}
{'loss': 0.1605, 'learning_rate': 5.25447640441834e-08, 'rewards/chosen': -5.3880791664123535, 'rewards/rejected': -19.865196228027344, 'rewards/accuracies': 0.90625, 'rewards/margins': 14.477119445800781, 'logps/rejected': -243.41073608398438, 'logps/chosen': -89.97187805175781, 'logits/rejected': -2.8406403064727783, 'logits/chosen': -2.791682720184326, 'epoch': 0.87}
{'loss': 0.1083, 'learning_rate': 4.832776083120982e-08, 'rewards/chosen': -5.585572242736816, 'rewards/rejected': -15.343931198120117, 'rewards/accuracies': 0.96875, 'rewards/margins': 9.7583589553833, 'logps/rejected': -190.42330932617188, 'logps/chosen': -89.72473907470703, 'logits/rejected': -2.876119375228882, 'logits/chosen': -2.825570583343506, 'epoch': 0.87}
{'loss': 0.2034, 'learning_rate': 4.427853541662091e-08, 'rewards/chosen': -5.149082183837891, 'rewards/rejected': -18.364824295043945, 'rewards/accuracies': 0.96875, 'rewards/margins': 13.215741157531738, 'logps/rejected': -224.8389892578125, 'logps/chosen': -90.33815002441406, 'logits/rejected': -2.9062366485595703, 'logits/chosen': -2.862866163253784, 'epoch': 0.88}
{'loss': 0.1036, 'learning_rate': 4.039859192235778e-08, 'rewards/chosen': -3.9062414169311523, 'rewards/rejected': -15.836467742919922, 'rewards/accuracies': 0.96875, 'rewards/margins': 11.930227279663086, 'logps/rejected': -192.54080200195312, 'logps/chosen': -84.74839782714844, 'logits/rejected': -2.649568796157837, 'logits/chosen': -2.903578996658325, 'epoch': 0.88}
{'loss': 0.2097, 'learning_rate': 3.668937158903901e-08, 'rewards/chosen': -5.287538528442383, 'rewards/rejected': -16.127614974975586, 'rewards/accuracies': 0.9375, 'rewards/margins': 10.840076446533203, 'logps/rejected': -203.8147430419922, 'logps/chosen': -95.14997100830078, 'logits/rejected': -2.891413688659668, 'logits/chosen': -2.844403028488159, 'epoch': 0.89}
{'loss': 0.1761, 'learning_rate': 3.3152252240598086e-08, 'rewards/chosen': -4.515913963317871, 'rewards/rejected': -16.50152587890625, 'rewards/accuracies': 0.96875, 'rewards/margins': 11.985613822937012, 'logps/rejected': -211.15585327148438, 'logps/chosen': -85.73604583740234, 'logits/rejected': -2.867110252380371, 'logits/chosen': -2.840183734893799, 'epoch': 0.89}
{'loss': 0.2446, 'learning_rate': 2.978854777247841e-08, 'rewards/chosen': -4.96103572845459, 'rewards/rejected': -15.44719123840332, 'rewards/accuracies': 0.96875, 'rewards/margins': 10.48615550994873, 'logps/rejected': -190.09933471679688, 'logps/chosen': -93.2418441772461, 'logits/rejected': -2.775596857070923, 'logits/chosen': -2.9839696884155273, 'epoch': 0.9}
{'loss': 0.1016, 'learning_rate': 2.6599507663574384e-08, 'rewards/chosen': -4.675827503204346, 'rewards/rejected': -16.016420364379883, 'rewards/accuracies': 0.9375, 'rewards/margins': 11.340593338012695, 'logps/rejected': -199.98980712890625, 'logps/chosen': -80.11344146728516, 'logits/rejected': -2.900606870651245, 'logits/chosen': -2.816269636154175, 'epoch': 0.9}
{'loss': 0.2793, 'learning_rate': 2.358631651210141e-08, 'rewards/chosen': -4.259451866149902, 'rewards/rejected': -16.613025665283203, 'rewards/accuracies': 0.90625, 'rewards/margins': 12.353572845458984, 'logps/rejected': -205.65243530273438, 'logps/chosen': -82.99085998535156, 'logits/rejected': -2.784773349761963, 'logits/chosen': -2.9037070274353027, 'epoch': 0.91}
{'loss': 0.1486, 'learning_rate': 2.0750093595565733e-08, 'rewards/chosen': -6.382651329040527, 'rewards/rejected': -17.668760299682617, 'rewards/accuracies': 0.875, 'rewards/margins': 11.28610897064209, 'logps/rejected': -215.84039306640625, 'logps/chosen': -112.4203109741211, 'logits/rejected': -2.7138915061950684, 'logits/chosen': -2.9284636974334717, 'epoch': 0.91}
{'loss': 0.2363, 'learning_rate': 1.8091892454998593e-08, 'rewards/chosen': -5.642513275146484, 'rewards/rejected': -16.738590240478516, 'rewards/accuracies': 0.9375, 'rewards/margins': 11.096076965332031, 'logps/rejected': -209.56863403320312, 'logps/chosen': -95.8603744506836, 'logits/rejected': -2.8770978450775146, 'logits/chosen': -2.8984787464141846, 'epoch': 0.92}
{'loss': 0.1386, 'learning_rate': 1.5612700503608967e-08, 'rewards/chosen': -5.697845458984375, 'rewards/rejected': -15.77602767944336, 'rewards/accuracies': 0.84375, 'rewards/margins': 10.0781831741333, 'logps/rejected': -195.80960083007812, 'logps/chosen': -91.43413543701172, 'logits/rejected': -2.8542587757110596, 'logits/chosen': -2.8967642784118652, 'epoch': 0.93}
{'loss': 0.0798, 'learning_rate': 1.3313438659999399e-08, 'rewards/chosen': -3.7579662799835205, 'rewards/rejected': -16.422061920166016, 'rewards/accuracies': 0.96875, 'rewards/margins': 12.664094924926758, 'logps/rejected': -206.4977264404297, 'logps/chosen': -82.86642456054688, 'logits/rejected': -2.7626285552978516, 'logits/chosen': -2.973280191421509, 'epoch': 0.93}
{'loss': 0.146, 'learning_rate': 1.119496100608297e-08, 'rewards/chosen': -6.90280818939209, 'rewards/rejected': -16.951526641845703, 'rewards/accuracies': 0.875, 'rewards/margins': 10.048717498779297, 'logps/rejected': -204.99935913085938, 'logps/chosen': -103.97461700439453, 'logits/rejected': -2.8267321586608887, 'logits/chosen': -2.920869827270508, 'epoch': 0.94}
{'loss': 0.2315, 'learning_rate': 9.258054469825972e-09, 'rewards/chosen': -3.3686294555664062, 'rewards/rejected': -18.26939582824707, 'rewards/accuracies': 0.96875, 'rewards/margins': 14.900766372680664, 'logps/rejected': -228.03273010253906, 'logps/chosen': -70.323974609375, 'logits/rejected': -2.8357644081115723, 'logits/chosen': -2.8465065956115723, 'epoch': 0.94}
{'loss': 0.1052, 'learning_rate': 7.503438532937168e-09, 'rewards/chosen': -4.467584609985352, 'rewards/rejected': -18.419954299926758, 'rewards/accuracies': 0.90625, 'rewards/margins': 13.952369689941406, 'logps/rejected': -226.10696411132812, 'logps/chosen': -82.19880676269531, 'logits/rejected': -2.829169273376465, 'logits/chosen': -2.8050758838653564, 'epoch': 0.95}
{'loss': 0.1559, 'learning_rate': 5.931764963608865e-09, 'rewards/chosen': -6.046236515045166, 'rewards/rejected': -14.805253028869629, 'rewards/accuracies': 0.875, 'rewards/margins': 8.759016990661621, 'logps/rejected': -194.08511352539062, 'logps/chosen': -108.8910903930664, 'logits/rejected': -2.807429313659668, 'logits/chosen': -2.9310834407806396, 'epoch': 0.95}
{'loss': 0.1426, 'learning_rate': 4.543617574412184e-09, 'rewards/chosen': -4.564765453338623, 'rewards/rejected': -17.720561981201172, 'rewards/accuracies': 0.875, 'rewards/margins': 13.155797958374023, 'logps/rejected': -220.7517852783203, 'logps/chosen': -91.29264831542969, 'logits/rejected': -2.753657579421997, 'logits/chosen': -2.8891119956970215, 'epoch': 0.96}
{'loss': 0.1141, 'learning_rate': 3.3395120054343086e-09, 'rewards/chosen': -5.603168964385986, 'rewards/rejected': -17.72842025756836, 'rewards/accuracies': 1.0, 'rewards/margins': 12.125249862670898, 'logps/rejected': -217.86521911621094, 'logps/chosen': -100.70924377441406, 'logits/rejected': -2.7598605155944824, 'logits/chosen': -2.9236512184143066, 'epoch': 0.96}
{'loss': 0.2434, 'learning_rate': 2.3198955327393686e-09, 'rewards/chosen': -5.575316429138184, 'rewards/rejected': -18.569950103759766, 'rewards/accuracies': 0.9375, 'rewards/margins': 12.994634628295898, 'logps/rejected': -231.69451904296875, 'logps/chosen': -103.56982421875, 'logits/rejected': -2.774653673171997, 'logits/chosen': -2.9414398670196533, 'epoch': 0.97}
{'loss': 0.0793, 'learning_rate': 1.4851469022233997e-09, 'rewards/chosen': -5.121294975280762, 'rewards/rejected': -15.206660270690918, 'rewards/accuracies': 0.90625, 'rewards/margins': 10.08536434173584, 'logps/rejected': -195.41290283203125, 'logps/chosen': -94.31959533691406, 'logits/rejected': -2.8349525928497314, 'logits/chosen': -2.9479331970214844, 'epoch': 0.98}
{'loss': 0.1311, 'learning_rate': 8.35576188926046e-10, 'rewards/chosen': -3.7060883045196533, 'rewards/rejected': -17.728313446044922, 'rewards/accuracies': 0.96875, 'rewards/margins': 14.022224426269531, 'logps/rejected': -215.31736755371094, 'logps/chosen': -75.19193267822266, 'logits/rejected': -2.885300874710083, 'logits/chosen': -2.900944948196411, 'epoch': 0.98}
{'loss': 0.1415, 'learning_rate': 3.71424681850141e-10, 'rewards/chosen': -5.269098281860352, 'rewards/rejected': -18.331857681274414, 'rewards/accuracies': 0.96875, 'rewards/margins': 13.06275749206543, 'logps/rejected': -231.79615783691406, 'logps/chosen': -90.4036636352539, 'logits/rejected': -2.871584177017212, 'logits/chosen': -2.7785537242889404, 'epoch': 0.99}
{'loss': 0.1881, 'learning_rate': 9.286479433257e-11, 'rewards/chosen': -5.4723615646362305, 'rewards/rejected': -17.093975067138672, 'rewards/accuracies': 0.96875, 'rewards/margins': 11.621612548828125, 'logps/rejected': -215.10610961914062, 'logps/chosen': -96.62193298339844, 'logits/rejected': -2.8482184410095215, 'logits/chosen': -2.8473916053771973, 'epoch': 0.99}
{'loss': 0.1447, 'learning_rate': 0.0, 'rewards/chosen': -4.591931343078613, 'rewards/rejected': -15.854385375976562, 'rewards/accuracies': 0.90625, 'rewards/margins': 11.262455940246582, 'logps/rejected': -193.7966766357422, 'logps/chosen': -84.35151672363281, 'logits/rejected': -2.7438182830810547, 'logits/chosen': -2.9200148582458496, 'epoch': 1.0}
