[2024-03-08 11:42:51,236] torch.distributed.run: [WARNING] 
[2024-03-08 11:42:51,236] torch.distributed.run: [WARNING] *****************************************
[2024-03-08 11:42:51,236] torch.distributed.run: [WARNING] Setting OMP_NUM_THREADS environment variable for each process to be 1 in default, to avoid your system being overloaded, please further tune the variable for optimal performance in your application as needed. 
[2024-03-08 11:42:51,236] torch.distributed.run: [WARNING] *****************************************
/scr/jphilipp/miniconda3/envs/scai-tuning/lib/python3.10/site-packages/hydra/_internal/defaults_list.py:251: UserWarning: In 'train_pragpo': Defaults list is missing `_self_`. See https://hydra.cc/docs/1.2/upgrades/1.0_to_1.1/default_composition_order for more information
  warnings.warn(msg, UserWarning)
/scr/jphilipp/miniconda3/envs/scai-tuning/lib/python3.10/site-packages/hydra/_internal/defaults_list.py:251: UserWarning: In 'train_pragpo': Defaults list is missing `_self_`. See https://hydra.cc/docs/1.2/upgrades/1.0_to_1.1/default_composition_order for more information
  warnings.warn(msg, UserWarning)
/scr/jphilipp/miniconda3/envs/scai-tuning/lib/python3.10/site-packages/hydra/_internal/defaults_list.py:251: UserWarning: In 'train_pragpo': Defaults list is missing `_self_`. See https://hydra.cc/docs/1.2/upgrades/1.0_to_1.1/default_composition_order for more information
  warnings.warn(msg, UserWarning)
/scr/jphilipp/miniconda3/envs/scai-tuning/lib/python3.10/site-packages/hydra/_internal/defaults_list.py:251: UserWarning: In 'train_pragpo': Defaults list is missing `_self_`. See https://hydra.cc/docs/1.2/upgrades/1.0_to_1.1/default_composition_order for more information
  warnings.warn(msg, UserWarning)
wandb: Currently logged in as: janphilipp-franken. Use `wandb login --relogin` to force relogin
wandb: Currently logged in as: janphilipp-franken. Use `wandb login --relogin` to force relogin
wandb: Currently logged in as: janphilipp-franken. Use `wandb login --relogin` to force relogin
wandb: Currently logged in as: janphilipp-franken. Use `wandb login --relogin` to force relogin
wandb: wandb version 0.16.4 is available!  To upgrade, please run:
wandb:  $ pip install wandb --upgrade
wandb: Tracking run with wandb version 0.16.0
wandb: Run data is saved locally in /sailhome/jphilipp/research_projects/scai-tuning/pragmalign/wandb/run-20240308_114255-7gmacgnm
wandb: Run `wandb offline` to turn off syncing.
wandb: Syncing run typo-beta-0.1-iteration-2
wandb: ⭐️ View project at https://wandb.ai/janphilipp-franken/hh-rlhf-typo-multiple-iterations
wandb: 🚀 View run at https://wandb.ai/janphilipp-franken/hh-rlhf-typo-multiple-iterations/runs/7gmacgnm
wandb: wandb version 0.16.4 is available!  To upgrade, please run:
wandb:  $ pip install wandb --upgrade
wandb: Tracking run with wandb version 0.16.0
wandb: Run data is saved locally in /sailhome/jphilipp/research_projects/scai-tuning/pragmalign/wandb/run-20240308_114255-0vj5rmin
wandb: Run `wandb offline` to turn off syncing.
wandb: Syncing run typo-beta-0.1-iteration-2
wandb: ⭐️ View project at https://wandb.ai/janphilipp-franken/hh-rlhf-typo-multiple-iterations
wandb: 🚀 View run at https://wandb.ai/janphilipp-franken/hh-rlhf-typo-multiple-iterations/runs/0vj5rmin
wandb: wandb version 0.16.4 is available!  To upgrade, please run:
wandb:  $ pip install wandb --upgrade
wandb: Tracking run with wandb version 0.16.0
wandb: Run data is saved locally in /sailhome/jphilipp/research_projects/scai-tuning/pragmalign/wandb/run-20240308_114255-5fgetxn1
wandb: Run `wandb offline` to turn off syncing.
wandb: Syncing run typo-beta-0.1-iteration-2
wandb: ⭐️ View project at https://wandb.ai/janphilipp-franken/hh-rlhf-typo-multiple-iterations
wandb: 🚀 View run at https://wandb.ai/janphilipp-franken/hh-rlhf-typo-multiple-iterations/runs/5fgetxn1
wandb: wandb version 0.16.4 is available!  To upgrade, please run:
wandb:  $ pip install wandb --upgrade
wandb: Tracking run with wandb version 0.16.0
wandb: Run data is saved locally in /sailhome/jphilipp/research_projects/scai-tuning/pragmalign/wandb/run-20240308_114255-oufdw27o
wandb: Run `wandb offline` to turn off syncing.
wandb: Syncing run typo-beta-0.1-iteration-2
wandb: ⭐️ View project at https://wandb.ai/janphilipp-franken/hh-rlhf-typo-multiple-iterations
wandb: 🚀 View run at https://wandb.ai/janphilipp-franken/hh-rlhf-typo-multiple-iterations/runs/oufdw27o
Loading checkpoint shards:   0%|          | 0/2 [00:00<?, ?it/s]Loading checkpoint shards:   0%|          | 0/2 [00:00<?, ?it/s]Loading checkpoint shards:   0%|          | 0/2 [00:00<?, ?it/s]Loading checkpoint shards:   0%|          | 0/2 [00:00<?, ?it/s]Loading checkpoint shards:  50%|█████     | 1/2 [00:06<00:06,  6.57s/it]